CRITICAL - 2023-02-16 15:40:08 --> Call to undefined method CodeIgniter\Session\Session::userdata()
#0 C:\xampp\htdocs\hotott1\system\View\View.php(246): include()
#1 C:\xampp\htdocs\hotott1\system\Common.php(1119): CodeIgniter\View\View->render('admin/dashboard', Array, true)
#2 C:\xampp\htdocs\hotott1\app\Libraries\Template.php(15): view('admin/dashboard', Array)
#3 C:\xampp\htdocs\hotott1\app\Controllers\Admin.php(119): App\Libraries\Template->render('admintemplate', 'contents', 'admin/dashboard', Array)
#4 C:\xampp\htdocs\hotott1\system\CodeIgniter.php(918): App\Controllers\Admin->dashboard()
#5 C:\xampp\htdocs\hotott1\system\CodeIgniter.php(404): CodeIgniter\CodeIgniter->runController(Object(App\Controllers\Admin))
#6 C:\xampp\htdocs\hotott1\system\CodeIgniter.php(312): CodeIgniter\CodeIgniter->handleRequest(NULL, Object(Config\Cache), false)
#7 C:\xampp\htdocs\hotott1\public\index.php(45): CodeIgniter\CodeIgniter->run()
#8 {main}
CRITICAL - 2023-02-16 16:17:16 --> Unable to connect to the database.
#0 C:\xampp\htdocs\hotott1\system\Database\BaseConnection.php(646): CodeIgniter\Database\BaseConnection->initialize()
#1 C:\xampp\htdocs\hotott1\system\Database\BaseBuilder.php(1860): CodeIgniter\Database\BaseConnection->query('SELECT *\nFROM `...', Array, false)
#2 C:\xampp\htdocs\hotott1\system\Model.php(506): CodeIgniter\Database\BaseBuilder->get()
#3 C:\xampp\htdocs\hotott1\app\Models\AdminModel.php(118): CodeIgniter\Model->first()
#4 C:\xampp\htdocs\hotott1\app\Controllers\Admin.php(103): App\Models\AdminModel->LoginID()
#5 C:\xampp\htdocs\hotott1\system\CodeIgniter.php(918): App\Controllers\Admin->dashboard()
#6 C:\xampp\htdocs\hotott1\system\CodeIgniter.php(404): CodeIgniter\CodeIgniter->runController(Object(App\Controllers\Admin))
#7 C:\xampp\htdocs\hotott1\system\CodeIgniter.php(312): CodeIgniter\CodeIgniter->handleRequest(NULL, Object(Config\Cache), false)
#8 C:\xampp\htdocs\hotott1\public\index.php(45): CodeIgniter\CodeIgniter->run()
#9 {main}
CRITICAL - 2023-02-16 16:17:20 --> Unable to connect to the database.
#0 C:\xampp\htdocs\hotott1\system\Database\BaseConnection.php(646): CodeIgniter\Database\BaseConnection->initialize()
#1 C:\xampp\htdocs\hotott1\system\Database\BaseBuilder.php(1860): CodeIgniter\Database\BaseConnection->query('SELECT *\nFROM `...', Array, false)
#2 C:\xampp\htdocs\hotott1\system\Model.php(506): CodeIgniter\Database\BaseBuilder->get()
#3 C:\xampp\htdocs\hotott1\app\Models\AdminModel.php(118): CodeIgniter\Model->first()
#4 C:\xampp\htdocs\hotott1\app\Controllers\Admin.php(103): App\Models\AdminModel->LoginID()
#5 C:\xampp\htdocs\hotott1\system\CodeIgniter.php(918): App\Controllers\Admin->dashboard()
#6 C:\xampp\htdocs\hotott1\system\CodeIgniter.php(404): CodeIgniter\CodeIgniter->runController(Object(App\Controllers\Admin))
#7 C:\xampp\htdocs\hotott1\system\CodeIgniter.php(312): CodeIgniter\CodeIgniter->handleRequest(NULL, Object(Config\Cache), false)
#8 C:\xampp\htdocs\hotott1\public\index.php(45): CodeIgniter\CodeIgniter->run()
#9 {main}
CRITICAL - 2023-02-16 18:18:53 --> syntax error, unexpected 'if' (T_IF)
#0 C:\xampp\htdocs\hotott1\system\Autoloader\Autoloader.php(296): CodeIgniter\Autoloader\Autoloader->requireFile('C:\\xampp\\htdocs...')
#1 C:\xampp\htdocs\hotott1\system\Autoloader\Autoloader.php(258): CodeIgniter\Autoloader\Autoloader->loadInNamespace('App\\Controllers...')
#2 [internal function]: CodeIgniter\Autoloader\Autoloader->loadClass('App\\Controllers...')
#3 [internal function]: spl_autoload_call('App\\Controllers...')
#4 C:\xampp\htdocs\hotott1\system\CodeIgniter.php(869): class_exists('\\App\\Controller...', true)
#5 C:\xampp\htdocs\hotott1\system\CodeIgniter.php(394): CodeIgniter\CodeIgniter->startController()
#6 C:\xampp\htdocs\hotott1\system\CodeIgniter.php(312): CodeIgniter\CodeIgniter->handleRequest(NULL, Object(Config\Cache), false)
#7 C:\xampp\htdocs\hotott1\public\index.php(45): CodeIgniter\CodeIgniter->run()
#8 {main}
