CRITICAL - 2023-04-06 16:24:43 --> syntax error, unexpected 'public' (T_PUBLIC)
#0 C:\xampp\htdocs\hotott\system\Common.php(1119): CodeIgniter\View\View->render('otp', Array, true)
#1 C:\xampp\htdocs\hotott\app\Controllers\Admin.php(66): view('otp')
#2 C:\xampp\htdocs\hotott\system\CodeIgniter.php(918): App\Controllers\Admin->index()
#3 C:\xampp\htdocs\hotott\system\CodeIgniter.php(404): CodeIgniter\CodeIgniter->runController(Object(App\Controllers\Admin))
#4 C:\xampp\htdocs\hotott\system\CodeIgniter.php(312): CodeIgniter\CodeIgniter->handleRequest(NULL, Object(Config\Cache), false)
#5 C:\xampp\htdocs\hotott\public\index.php(45): CodeIgniter\CodeIgniter->run()
#6 {main}
CRITICAL - 2023-04-06 17:15:15 --> syntax error, unexpected 'return' (T_RETURN), expecting function (T_FUNCTION) or const (T_CONST)
#0 C:\xampp\htdocs\hotott\system\Autoloader\Autoloader.php(296): CodeIgniter\Autoloader\Autoloader->requireFile('C:\\xampp\\htdocs...')
#1 C:\xampp\htdocs\hotott\system\Autoloader\Autoloader.php(258): CodeIgniter\Autoloader\Autoloader->loadInNamespace('App\\Models\\User...')
#2 [internal function]: CodeIgniter\Autoloader\Autoloader->loadClass('App\\Models\\User...')
#3 C:\xampp\htdocs\hotott\app\Controllers\Admin.php(58): spl_autoload_call('App\\Models\\User...')
#4 C:\xampp\htdocs\hotott\system\CodeIgniter.php(918): App\Controllers\Admin->index()
#5 C:\xampp\htdocs\hotott\system\CodeIgniter.php(404): CodeIgniter\CodeIgniter->runController(Object(App\Controllers\Admin))
#6 C:\xampp\htdocs\hotott\system\CodeIgniter.php(312): CodeIgniter\CodeIgniter->handleRequest(NULL, Object(Config\Cache), false)
#7 C:\xampp\htdocs\hotott\public\index.php(45): CodeIgniter\CodeIgniter->run()
#8 {main}
CRITICAL - 2023-04-06 17:15:16 --> syntax error, unexpected 'return' (T_RETURN), expecting function (T_FUNCTION) or const (T_CONST)
#0 C:\xampp\htdocs\hotott\system\Autoloader\Autoloader.php(296): CodeIgniter\Autoloader\Autoloader->requireFile('C:\\xampp\\htdocs...')
#1 C:\xampp\htdocs\hotott\system\Autoloader\Autoloader.php(258): CodeIgniter\Autoloader\Autoloader->loadInNamespace('App\\Models\\User...')
#2 [internal function]: CodeIgniter\Autoloader\Autoloader->loadClass('App\\Models\\User...')
#3 C:\xampp\htdocs\hotott\app\Controllers\Admin.php(58): spl_autoload_call('App\\Models\\User...')
#4 C:\xampp\htdocs\hotott\system\CodeIgniter.php(918): App\Controllers\Admin->index()
#5 C:\xampp\htdocs\hotott\system\CodeIgniter.php(404): CodeIgniter\CodeIgniter->runController(Object(App\Controllers\Admin))
#6 C:\xampp\htdocs\hotott\system\CodeIgniter.php(312): CodeIgniter\CodeIgniter->handleRequest(NULL, Object(Config\Cache), false)
#7 C:\xampp\htdocs\hotott\public\index.php(45): CodeIgniter\CodeIgniter->run()
#8 {main}
CRITICAL - 2023-04-06 17:15:32 --> syntax error, unexpected 'public' (T_PUBLIC), expecting end of file
#0 C:\xampp\htdocs\hotott\system\Autoloader\Autoloader.php(296): CodeIgniter\Autoloader\Autoloader->requireFile('C:\\xampp\\htdocs...')
#1 C:\xampp\htdocs\hotott\system\Autoloader\Autoloader.php(258): CodeIgniter\Autoloader\Autoloader->loadInNamespace('App\\Models\\User...')
#2 [internal function]: CodeIgniter\Autoloader\Autoloader->loadClass('App\\Models\\User...')
#3 C:\xampp\htdocs\hotott\app\Controllers\Admin.php(58): spl_autoload_call('App\\Models\\User...')
#4 C:\xampp\htdocs\hotott\system\CodeIgniter.php(918): App\Controllers\Admin->index()
#5 C:\xampp\htdocs\hotott\system\CodeIgniter.php(404): CodeIgniter\CodeIgniter->runController(Object(App\Controllers\Admin))
#6 C:\xampp\htdocs\hotott\system\CodeIgniter.php(312): CodeIgniter\CodeIgniter->handleRequest(NULL, Object(Config\Cache), false)
#7 C:\xampp\htdocs\hotott\public\index.php(45): CodeIgniter\CodeIgniter->run()
#8 {main}
CRITICAL - 2023-04-06 17:15:33 --> syntax error, unexpected 'public' (T_PUBLIC), expecting end of file
#0 C:\xampp\htdocs\hotott\system\Autoloader\Autoloader.php(296): CodeIgniter\Autoloader\Autoloader->requireFile('C:\\xampp\\htdocs...')
#1 C:\xampp\htdocs\hotott\system\Autoloader\Autoloader.php(258): CodeIgniter\Autoloader\Autoloader->loadInNamespace('App\\Models\\User...')
#2 [internal function]: CodeIgniter\Autoloader\Autoloader->loadClass('App\\Models\\User...')
#3 C:\xampp\htdocs\hotott\app\Controllers\Admin.php(58): spl_autoload_call('App\\Models\\User...')
#4 C:\xampp\htdocs\hotott\system\CodeIgniter.php(918): App\Controllers\Admin->index()
#5 C:\xampp\htdocs\hotott\system\CodeIgniter.php(404): CodeIgniter\CodeIgniter->runController(Object(App\Controllers\Admin))
#6 C:\xampp\htdocs\hotott\system\CodeIgniter.php(312): CodeIgniter\CodeIgniter->handleRequest(NULL, Object(Config\Cache), false)
#7 C:\xampp\htdocs\hotott\public\index.php(45): CodeIgniter\CodeIgniter->run()
#8 {main}
CRITICAL - 2023-04-06 17:33:23 --> Cannot use object of type stdClass as array
#0 C:\xampp\htdocs\hotott\system\CodeIgniter.php(918): App\Controllers\Admin->index()
#1 C:\xampp\htdocs\hotott\system\CodeIgniter.php(404): CodeIgniter\CodeIgniter->runController(Object(App\Controllers\Admin))
#2 C:\xampp\htdocs\hotott\system\CodeIgniter.php(312): CodeIgniter\CodeIgniter->handleRequest(NULL, Object(Config\Cache), false)
#3 C:\xampp\htdocs\hotott\public\index.php(45): CodeIgniter\CodeIgniter->run()
#4 {main}
CRITICAL - 2023-04-06 18:01:18 --> Call to a member function setFlashdata() on null
#0 C:\xampp\htdocs\hotott\system\CodeIgniter.php(918): App\Controllers\Admin->logincheck()
#1 C:\xampp\htdocs\hotott\system\CodeIgniter.php(404): CodeIgniter\CodeIgniter->runController(Object(App\Controllers\Admin))
#2 C:\xampp\htdocs\hotott\system\CodeIgniter.php(312): CodeIgniter\CodeIgniter->handleRequest(NULL, Object(Config\Cache), false)
#3 C:\xampp\htdocs\hotott\public\index.php(45): CodeIgniter\CodeIgniter->run()
#4 {main}
CRITICAL - 2023-04-06 18:01:18 --> Call to a member function setFlashdata() on null
#0 C:\xampp\htdocs\hotott\system\CodeIgniter.php(918): App\Controllers\Admin->logincheck()
#1 C:\xampp\htdocs\hotott\system\CodeIgniter.php(404): CodeIgniter\CodeIgniter->runController(Object(App\Controllers\Admin))
#2 C:\xampp\htdocs\hotott\system\CodeIgniter.php(312): CodeIgniter\CodeIgniter->handleRequest(NULL, Object(Config\Cache), false)
#3 C:\xampp\htdocs\hotott\public\index.php(45): CodeIgniter\CodeIgniter->run()
#4 {main}
