CRITICAL - 2023-03-06 11:35:36 --> Class 'App\Models\Removebg' not found
#0 C:\xampp\htdocs\jewelnet\system\CodeIgniter.php(920): App\Controllers\NecklaceController->saveDataImg()
#1 C:\xampp\htdocs\jewelnet\system\CodeIgniter.php(406): CodeIgniter\CodeIgniter->runController(Object(App\Controllers\NecklaceController))
#2 C:\xampp\htdocs\jewelnet\system\CodeIgniter.php(314): CodeIgniter\CodeIgniter->handleRequest(NULL, Object(Config\Cache), false)
#3 C:\xampp\htdocs\jewelnet\public\index.php(50): CodeIgniter\CodeIgniter->run()
#4 {main}
CRITICAL - 2023-03-06 11:35:37 --> Class 'App\Models\Removebg' not found
#0 C:\xampp\htdocs\jewelnet\system\CodeIgniter.php(920): App\Controllers\NecklaceController->saveDataImg()
#1 C:\xampp\htdocs\jewelnet\system\CodeIgniter.php(406): CodeIgniter\CodeIgniter->runController(Object(App\Controllers\NecklaceController))
#2 C:\xampp\htdocs\jewelnet\system\CodeIgniter.php(314): CodeIgniter\CodeIgniter->handleRequest(NULL, Object(Config\Cache), false)
#3 C:\xampp\htdocs\jewelnet\public\index.php(50): CodeIgniter\CodeIgniter->run()
#4 {main}
CRITICAL - 2023-03-06 11:36:38 --> Too few arguments to function App\Libraries\Removebg::__construct(), 0 passed in C:\xampp\htdocs\jewelnet\app\Controllers\NecklaceController.php on line 287 and exactly 1 expected
#0 C:\xampp\htdocs\jewelnet\app\Controllers\NecklaceController.php(287): App\Libraries\Removebg->__construct()
#1 C:\xampp\htdocs\jewelnet\system\CodeIgniter.php(920): App\Controllers\NecklaceController->saveDataImg()
#2 C:\xampp\htdocs\jewelnet\system\CodeIgniter.php(406): CodeIgniter\CodeIgniter->runController(Object(App\Controllers\NecklaceController))
#3 C:\xampp\htdocs\jewelnet\system\CodeIgniter.php(314): CodeIgniter\CodeIgniter->handleRequest(NULL, Object(Config\Cache), false)
#4 C:\xampp\htdocs\jewelnet\public\index.php(50): CodeIgniter\CodeIgniter->run()
#5 {main}
CRITICAL - 2023-03-06 11:36:39 --> Too few arguments to function App\Libraries\Removebg::__construct(), 0 passed in C:\xampp\htdocs\jewelnet\app\Controllers\NecklaceController.php on line 287 and exactly 1 expected
#0 C:\xampp\htdocs\jewelnet\app\Controllers\NecklaceController.php(287): App\Libraries\Removebg->__construct()
#1 C:\xampp\htdocs\jewelnet\system\CodeIgniter.php(920): App\Controllers\NecklaceController->saveDataImg()
#2 C:\xampp\htdocs\jewelnet\system\CodeIgniter.php(406): CodeIgniter\CodeIgniter->runController(Object(App\Controllers\NecklaceController))
#3 C:\xampp\htdocs\jewelnet\system\CodeIgniter.php(314): CodeIgniter\CodeIgniter->handleRequest(NULL, Object(Config\Cache), false)
#4 C:\xampp\htdocs\jewelnet\public\index.php(50): CodeIgniter\CodeIgniter->run()
#5 {main}
CRITICAL - 2023-03-06 11:37:22 --> syntax error, unexpected ''mxqcr6q2DeKKPAKArXKELSRP'' (T_CONSTANT_ENCAPSED_STRING), expecting variable (T_VARIABLE)
#0 C:\xampp\htdocs\jewelnet\system\Autoloader\Autoloader.php(296): CodeIgniter\Autoloader\Autoloader->requireFile('C:\\xampp\\htdocs...')
#1 C:\xampp\htdocs\jewelnet\system\Autoloader\Autoloader.php(258): CodeIgniter\Autoloader\Autoloader->loadInNamespace('App\\Libraries\\R...')
#2 [internal function]: CodeIgniter\Autoloader\Autoloader->loadClass('App\\Libraries\\R...')
#3 C:\xampp\htdocs\jewelnet\app\Controllers\NecklaceController.php(287): spl_autoload_call('App\\Libraries\\R...')
#4 C:\xampp\htdocs\jewelnet\system\CodeIgniter.php(920): App\Controllers\NecklaceController->saveDataImg()
#5 C:\xampp\htdocs\jewelnet\system\CodeIgniter.php(406): CodeIgniter\CodeIgniter->runController(Object(App\Controllers\NecklaceController))
#6 C:\xampp\htdocs\jewelnet\system\CodeIgniter.php(314): CodeIgniter\CodeIgniter->handleRequest(NULL, Object(Config\Cache), false)
#7 C:\xampp\htdocs\jewelnet\public\index.php(50): CodeIgniter\CodeIgniter->run()
#8 {main}
CRITICAL - 2023-03-06 11:37:24 --> syntax error, unexpected ''mxqcr6q2DeKKPAKArXKELSRP'' (T_CONSTANT_ENCAPSED_STRING), expecting variable (T_VARIABLE)
#0 C:\xampp\htdocs\jewelnet\system\Autoloader\Autoloader.php(296): CodeIgniter\Autoloader\Autoloader->requireFile('C:\\xampp\\htdocs...')
#1 C:\xampp\htdocs\jewelnet\system\Autoloader\Autoloader.php(258): CodeIgniter\Autoloader\Autoloader->loadInNamespace('App\\Libraries\\R...')
#2 [internal function]: CodeIgniter\Autoloader\Autoloader->loadClass('App\\Libraries\\R...')
#3 C:\xampp\htdocs\jewelnet\app\Controllers\NecklaceController.php(287): spl_autoload_call('App\\Libraries\\R...')
#4 C:\xampp\htdocs\jewelnet\system\CodeIgniter.php(920): App\Controllers\NecklaceController->saveDataImg()
#5 C:\xampp\htdocs\jewelnet\system\CodeIgniter.php(406): CodeIgniter\CodeIgniter->runController(Object(App\Controllers\NecklaceController))
#6 C:\xampp\htdocs\jewelnet\system\CodeIgniter.php(314): CodeIgniter\CodeIgniter->handleRequest(NULL, Object(Config\Cache), false)
#7 C:\xampp\htdocs\jewelnet\public\index.php(50): CodeIgniter\CodeIgniter->run()
#8 {main}
CRITICAL - 2023-03-06 11:37:52 --> Too few arguments to function App\Libraries\Removebg::__construct(), 0 passed in C:\xampp\htdocs\jewelnet\app\Controllers\NecklaceController.php on line 287 and exactly 1 expected
#0 C:\xampp\htdocs\jewelnet\app\Controllers\NecklaceController.php(287): App\Libraries\Removebg->__construct()
#1 C:\xampp\htdocs\jewelnet\system\CodeIgniter.php(920): App\Controllers\NecklaceController->saveDataImg()
#2 C:\xampp\htdocs\jewelnet\system\CodeIgniter.php(406): CodeIgniter\CodeIgniter->runController(Object(App\Controllers\NecklaceController))
#3 C:\xampp\htdocs\jewelnet\system\CodeIgniter.php(314): CodeIgniter\CodeIgniter->handleRequest(NULL, Object(Config\Cache), false)
#4 C:\xampp\htdocs\jewelnet\public\index.php(50): CodeIgniter\CodeIgniter->run()
#5 {main}
CRITICAL - 2023-03-06 11:37:53 --> Too few arguments to function App\Libraries\Removebg::__construct(), 0 passed in C:\xampp\htdocs\jewelnet\app\Controllers\NecklaceController.php on line 287 and exactly 1 expected
#0 C:\xampp\htdocs\jewelnet\app\Controllers\NecklaceController.php(287): App\Libraries\Removebg->__construct()
#1 C:\xampp\htdocs\jewelnet\system\CodeIgniter.php(920): App\Controllers\NecklaceController->saveDataImg()
#2 C:\xampp\htdocs\jewelnet\system\CodeIgniter.php(406): CodeIgniter\CodeIgniter->runController(Object(App\Controllers\NecklaceController))
#3 C:\xampp\htdocs\jewelnet\system\CodeIgniter.php(314): CodeIgniter\CodeIgniter->handleRequest(NULL, Object(Config\Cache), false)
#4 C:\xampp\htdocs\jewelnet\public\index.php(50): CodeIgniter\CodeIgniter->run()
#5 {main}
CRITICAL - 2023-03-06 11:37:54 --> Too few arguments to function App\Libraries\Removebg::__construct(), 0 passed in C:\xampp\htdocs\jewelnet\app\Controllers\NecklaceController.php on line 287 and exactly 1 expected
#0 C:\xampp\htdocs\jewelnet\app\Controllers\NecklaceController.php(287): App\Libraries\Removebg->__construct()
#1 C:\xampp\htdocs\jewelnet\system\CodeIgniter.php(920): App\Controllers\NecklaceController->saveDataImg()
#2 C:\xampp\htdocs\jewelnet\system\CodeIgniter.php(406): CodeIgniter\CodeIgniter->runController(Object(App\Controllers\NecklaceController))
#3 C:\xampp\htdocs\jewelnet\system\CodeIgniter.php(314): CodeIgniter\CodeIgniter->handleRequest(NULL, Object(Config\Cache), false)
#4 C:\xampp\htdocs\jewelnet\public\index.php(50): CodeIgniter\CodeIgniter->run()
#5 {main}
CRITICAL - 2023-03-06 11:37:55 --> Too few arguments to function App\Libraries\Removebg::__construct(), 0 passed in C:\xampp\htdocs\jewelnet\app\Controllers\NecklaceController.php on line 287 and exactly 1 expected
#0 C:\xampp\htdocs\jewelnet\app\Controllers\NecklaceController.php(287): App\Libraries\Removebg->__construct()
#1 C:\xampp\htdocs\jewelnet\system\CodeIgniter.php(920): App\Controllers\NecklaceController->saveDataImg()
#2 C:\xampp\htdocs\jewelnet\system\CodeIgniter.php(406): CodeIgniter\CodeIgniter->runController(Object(App\Controllers\NecklaceController))
#3 C:\xampp\htdocs\jewelnet\system\CodeIgniter.php(314): CodeIgniter\CodeIgniter->handleRequest(NULL, Object(Config\Cache), false)
#4 C:\xampp\htdocs\jewelnet\public\index.php(50): CodeIgniter\CodeIgniter->run()
#5 {main}
CRITICAL - 2023-03-06 11:48:47 --> Call to a member function removeBackground() on null
#0 C:\xampp\htdocs\jewelnet\system\CodeIgniter.php(920): App\Controllers\NecklaceController->saveDataImg()
#1 C:\xampp\htdocs\jewelnet\system\CodeIgniter.php(406): CodeIgniter\CodeIgniter->runController(Object(App\Controllers\NecklaceController))
#2 C:\xampp\htdocs\jewelnet\system\CodeIgniter.php(314): CodeIgniter\CodeIgniter->handleRequest(NULL, Object(Config\Cache), false)
#3 C:\xampp\htdocs\jewelnet\public\index.php(50): CodeIgniter\CodeIgniter->run()
#4 {main}
CRITICAL - 2023-03-06 11:48:48 --> Argument 1 passed to CodeIgniter\HTTP\RedirectResponse::to() must be of the type string, null given, called in C:\xampp\htdocs\jewelnet\app\Controllers\NecklaceController.php on line 318
#0 C:\xampp\htdocs\jewelnet\app\Controllers\NecklaceController.php(318): CodeIgniter\HTTP\RedirectResponse->to(NULL)
#1 C:\xampp\htdocs\jewelnet\system\CodeIgniter.php(920): App\Controllers\NecklaceController->saveDataImg()
#2 C:\xampp\htdocs\jewelnet\system\CodeIgniter.php(406): CodeIgniter\CodeIgniter->runController(Object(App\Controllers\NecklaceController))
#3 C:\xampp\htdocs\jewelnet\system\CodeIgniter.php(314): CodeIgniter\CodeIgniter->handleRequest(NULL, Object(Config\Cache), false)
#4 C:\xampp\htdocs\jewelnet\public\index.php(50): CodeIgniter\CodeIgniter->run()
#5 {main}
CRITICAL - 2023-03-06 11:54:09 --> Argument 1 passed to CodeIgniter\HTTP\RedirectResponse::to() must be of the type string, null given, called in C:\xampp\htdocs\jewelnet\app\Controllers\NecklaceController.php on line 319
#0 C:\xampp\htdocs\jewelnet\app\Controllers\NecklaceController.php(319): CodeIgniter\HTTP\RedirectResponse->to(NULL)
#1 C:\xampp\htdocs\jewelnet\system\CodeIgniter.php(920): App\Controllers\NecklaceController->saveDataImg()
#2 C:\xampp\htdocs\jewelnet\system\CodeIgniter.php(406): CodeIgniter\CodeIgniter->runController(Object(App\Controllers\NecklaceController))
#3 C:\xampp\htdocs\jewelnet\system\CodeIgniter.php(314): CodeIgniter\CodeIgniter->handleRequest(NULL, Object(Config\Cache), false)
#4 C:\xampp\htdocs\jewelnet\public\index.php(50): CodeIgniter\CodeIgniter->run()
#5 {main}
CRITICAL - 2023-03-06 11:54:44 --> Call to a member function removeBackground() on null
#0 C:\xampp\htdocs\jewelnet\system\CodeIgniter.php(920): App\Controllers\NecklaceController->saveDataImg()
#1 C:\xampp\htdocs\jewelnet\system\CodeIgniter.php(406): CodeIgniter\CodeIgniter->runController(Object(App\Controllers\NecklaceController))
#2 C:\xampp\htdocs\jewelnet\system\CodeIgniter.php(314): CodeIgniter\CodeIgniter->handleRequest(NULL, Object(Config\Cache), false)
#3 C:\xampp\htdocs\jewelnet\public\index.php(50): CodeIgniter\CodeIgniter->run()
#4 {main}
CRITICAL - 2023-03-06 11:54:52 --> Argument 1 passed to CodeIgniter\HTTP\RedirectResponse::to() must be of the type string, null given, called in C:\xampp\htdocs\jewelnet\app\Controllers\NecklaceController.php on line 319
#0 C:\xampp\htdocs\jewelnet\app\Controllers\NecklaceController.php(319): CodeIgniter\HTTP\RedirectResponse->to(NULL)
#1 C:\xampp\htdocs\jewelnet\system\CodeIgniter.php(920): App\Controllers\NecklaceController->saveDataImg()
#2 C:\xampp\htdocs\jewelnet\system\CodeIgniter.php(406): CodeIgniter\CodeIgniter->runController(Object(App\Controllers\NecklaceController))
#3 C:\xampp\htdocs\jewelnet\system\CodeIgniter.php(314): CodeIgniter\CodeIgniter->handleRequest(NULL, Object(Config\Cache), false)
#4 C:\xampp\htdocs\jewelnet\public\index.php(50): CodeIgniter\CodeIgniter->run()
#5 {main}
CRITICAL - 2023-03-06 11:55:51 --> Class 'GuzzleHttp\Client' not found
#0 C:\xampp\htdocs\jewelnet\app\Controllers\NecklaceController.php(310): App\Libraries\Removebg->removeBackground('C:\\xampp\\htdocs...', 'path/to/new/ima...', '#ffffff', 'regular', 'auto')
#1 C:\xampp\htdocs\jewelnet\system\CodeIgniter.php(920): App\Controllers\NecklaceController->saveDataImg()
#2 C:\xampp\htdocs\jewelnet\system\CodeIgniter.php(406): CodeIgniter\CodeIgniter->runController(Object(App\Controllers\NecklaceController))
#3 C:\xampp\htdocs\jewelnet\system\CodeIgniter.php(314): CodeIgniter\CodeIgniter->handleRequest(NULL, Object(Config\Cache), false)
#4 C:\xampp\htdocs\jewelnet\public\index.php(50): CodeIgniter\CodeIgniter->run()
#5 {main}
CRITICAL - 2023-03-06 11:55:52 --> Argument 1 passed to CodeIgniter\HTTP\RedirectResponse::to() must be of the type string, null given, called in C:\xampp\htdocs\jewelnet\app\Controllers\NecklaceController.php on line 319
#0 C:\xampp\htdocs\jewelnet\app\Controllers\NecklaceController.php(319): CodeIgniter\HTTP\RedirectResponse->to(NULL)
#1 C:\xampp\htdocs\jewelnet\system\CodeIgniter.php(920): App\Controllers\NecklaceController->saveDataImg()
#2 C:\xampp\htdocs\jewelnet\system\CodeIgniter.php(406): CodeIgniter\CodeIgniter->runController(Object(App\Controllers\NecklaceController))
#3 C:\xampp\htdocs\jewelnet\system\CodeIgniter.php(314): CodeIgniter\CodeIgniter->handleRequest(NULL, Object(Config\Cache), false)
#4 C:\xampp\htdocs\jewelnet\public\index.php(50): CodeIgniter\CodeIgniter->run()
#5 {main}
CRITICAL - 2023-03-06 12:05:46 --> Class 'GuzzleHttp\Client' not found
#0 C:\xampp\htdocs\jewelnet\app\Controllers\NecklaceController.php(310): App\Libraries\Removebg->removeBackground('C:\\xampp\\htdocs...', 'path/to/new/ima...', '#ffffff', 'regular', 'auto')
#1 C:\xampp\htdocs\jewelnet\system\CodeIgniter.php(920): App\Controllers\NecklaceController->saveDataImg()
#2 C:\xampp\htdocs\jewelnet\system\CodeIgniter.php(406): CodeIgniter\CodeIgniter->runController(Object(App\Controllers\NecklaceController))
#3 C:\xampp\htdocs\jewelnet\system\CodeIgniter.php(314): CodeIgniter\CodeIgniter->handleRequest(NULL, Object(Config\Cache), false)
#4 C:\xampp\htdocs\jewelnet\public\index.php(50): CodeIgniter\CodeIgniter->run()
#5 {main}
CRITICAL - 2023-03-06 12:05:46 --> Argument 1 passed to CodeIgniter\HTTP\RedirectResponse::to() must be of the type string, null given, called in C:\xampp\htdocs\jewelnet\app\Controllers\NecklaceController.php on line 319
#0 C:\xampp\htdocs\jewelnet\app\Controllers\NecklaceController.php(319): CodeIgniter\HTTP\RedirectResponse->to(NULL)
#1 C:\xampp\htdocs\jewelnet\system\CodeIgniter.php(920): App\Controllers\NecklaceController->saveDataImg()
#2 C:\xampp\htdocs\jewelnet\system\CodeIgniter.php(406): CodeIgniter\CodeIgniter->runController(Object(App\Controllers\NecklaceController))
#3 C:\xampp\htdocs\jewelnet\system\CodeIgniter.php(314): CodeIgniter\CodeIgniter->handleRequest(NULL, Object(Config\Cache), false)
#4 C:\xampp\htdocs\jewelnet\public\index.php(50): CodeIgniter\CodeIgniter->run()
#5 {main}
CRITICAL - 2023-03-06 12:06:04 --> Class 'GuzzleHttp\Client' not found
#0 C:\xampp\htdocs\jewelnet\app\Controllers\NecklaceController.php(310): App\Libraries\Removebg->removeBackground('C:\\xampp\\htdocs...', 'path/to/new/ima...', '#ffffff', 'regular', 'auto')
#1 C:\xampp\htdocs\jewelnet\system\CodeIgniter.php(920): App\Controllers\NecklaceController->saveDataImg()
#2 C:\xampp\htdocs\jewelnet\system\CodeIgniter.php(406): CodeIgniter\CodeIgniter->runController(Object(App\Controllers\NecklaceController))
#3 C:\xampp\htdocs\jewelnet\system\CodeIgniter.php(314): CodeIgniter\CodeIgniter->handleRequest(NULL, Object(Config\Cache), false)
#4 C:\xampp\htdocs\jewelnet\public\index.php(50): CodeIgniter\CodeIgniter->run()
#5 {main}
CRITICAL - 2023-03-06 12:06:05 --> Argument 1 passed to CodeIgniter\HTTP\RedirectResponse::to() must be of the type string, null given, called in C:\xampp\htdocs\jewelnet\app\Controllers\NecklaceController.php on line 319
#0 C:\xampp\htdocs\jewelnet\app\Controllers\NecklaceController.php(319): CodeIgniter\HTTP\RedirectResponse->to(NULL)
#1 C:\xampp\htdocs\jewelnet\system\CodeIgniter.php(920): App\Controllers\NecklaceController->saveDataImg()
#2 C:\xampp\htdocs\jewelnet\system\CodeIgniter.php(406): CodeIgniter\CodeIgniter->runController(Object(App\Controllers\NecklaceController))
#3 C:\xampp\htdocs\jewelnet\system\CodeIgniter.php(314): CodeIgniter\CodeIgniter->handleRequest(NULL, Object(Config\Cache), false)
#4 C:\xampp\htdocs\jewelnet\public\index.php(50): CodeIgniter\CodeIgniter->run()
#5 {main}
CRITICAL - 2023-03-06 12:10:04 --> Interface 'GuzzleHttp\ClientInterface' not found
#0 C:\xampp\htdocs\jewelnet\system\Autoloader\Autoloader.php(365): require_once()
#1 C:\xampp\htdocs\jewelnet\system\Autoloader\Autoloader.php(296): CodeIgniter\Autoloader\Autoloader->requireFile('C:\\xampp\\htdocs...')
#2 C:\xampp\htdocs\jewelnet\system\Autoloader\Autoloader.php(258): CodeIgniter\Autoloader\Autoloader->loadInNamespace('App\\Libraries\\C...')
#3 [internal function]: CodeIgniter\Autoloader\Autoloader->loadClass('App\\Libraries\\C...')
#4 C:\xampp\htdocs\jewelnet\app\Libraries\Removebg.php(18): spl_autoload_call('App\\Libraries\\C...')
#5 C:\xampp\htdocs\jewelnet\app\Controllers\NecklaceController.php(310): App\Libraries\Removebg->removeBackground('C:\\xampp\\htdocs...', 'path/to/new/ima...', '#ffffff', 'regular', 'auto')
#6 C:\xampp\htdocs\jewelnet\system\CodeIgniter.php(920): App\Controllers\NecklaceController->saveDataImg()
#7 C:\xampp\htdocs\jewelnet\system\CodeIgniter.php(406): CodeIgniter\CodeIgniter->runController(Object(App\Controllers\NecklaceController))
#8 C:\xampp\htdocs\jewelnet\system\CodeIgniter.php(314): CodeIgniter\CodeIgniter->handleRequest(NULL, Object(Config\Cache), false)
#9 C:\xampp\htdocs\jewelnet\public\index.php(50): CodeIgniter\CodeIgniter->run()
#10 {main}
CRITICAL - 2023-03-06 12:10:05 --> Argument 1 passed to CodeIgniter\HTTP\RedirectResponse::to() must be of the type string, null given, called in C:\xampp\htdocs\jewelnet\app\Controllers\NecklaceController.php on line 319
#0 C:\xampp\htdocs\jewelnet\app\Controllers\NecklaceController.php(319): CodeIgniter\HTTP\RedirectResponse->to(NULL)
#1 C:\xampp\htdocs\jewelnet\system\CodeIgniter.php(920): App\Controllers\NecklaceController->saveDataImg()
#2 C:\xampp\htdocs\jewelnet\system\CodeIgniter.php(406): CodeIgniter\CodeIgniter->runController(Object(App\Controllers\NecklaceController))
#3 C:\xampp\htdocs\jewelnet\system\CodeIgniter.php(314): CodeIgniter\CodeIgniter->handleRequest(NULL, Object(Config\Cache), false)
#4 C:\xampp\htdocs\jewelnet\public\index.php(50): CodeIgniter\CodeIgniter->run()
#5 {main}
CRITICAL - 2023-03-06 12:48:31 --> Interface 'App\Libraries\ClientInterface' not found
#0 C:\xampp\htdocs\jewelnet\system\Autoloader\Autoloader.php(365): require_once()
#1 C:\xampp\htdocs\jewelnet\system\Autoloader\Autoloader.php(296): CodeIgniter\Autoloader\Autoloader->requireFile('C:\\xampp\\htdocs...')
#2 C:\xampp\htdocs\jewelnet\system\Autoloader\Autoloader.php(258): CodeIgniter\Autoloader\Autoloader->loadInNamespace('App\\Libraries\\C...')
#3 [internal function]: CodeIgniter\Autoloader\Autoloader->loadClass('App\\Libraries\\C...')
#4 C:\xampp\htdocs\jewelnet\app\Libraries\Removebg.php(18): spl_autoload_call('App\\Libraries\\C...')
#5 C:\xampp\htdocs\jewelnet\app\Controllers\NecklaceController.php(310): App\Libraries\Removebg->removeBackground('C:\\xampp\\htdocs...', 'path/to/new/ima...', '#ffffff', 'regular', 'auto')
#6 C:\xampp\htdocs\jewelnet\system\CodeIgniter.php(920): App\Controllers\NecklaceController->saveDataImg()
#7 C:\xampp\htdocs\jewelnet\system\CodeIgniter.php(406): CodeIgniter\CodeIgniter->runController(Object(App\Controllers\NecklaceController))
#8 C:\xampp\htdocs\jewelnet\system\CodeIgniter.php(314): CodeIgniter\CodeIgniter->handleRequest(NULL, Object(Config\Cache), false)
#9 C:\xampp\htdocs\jewelnet\public\index.php(50): CodeIgniter\CodeIgniter->run()
#10 {main}
CRITICAL - 2023-03-06 12:48:32 --> Argument 1 passed to CodeIgniter\HTTP\RedirectResponse::to() must be of the type string, null given, called in C:\xampp\htdocs\jewelnet\app\Controllers\NecklaceController.php on line 319
#0 C:\xampp\htdocs\jewelnet\app\Controllers\NecklaceController.php(319): CodeIgniter\HTTP\RedirectResponse->to(NULL)
#1 C:\xampp\htdocs\jewelnet\system\CodeIgniter.php(920): App\Controllers\NecklaceController->saveDataImg()
#2 C:\xampp\htdocs\jewelnet\system\CodeIgniter.php(406): CodeIgniter\CodeIgniter->runController(Object(App\Controllers\NecklaceController))
#3 C:\xampp\htdocs\jewelnet\system\CodeIgniter.php(314): CodeIgniter\CodeIgniter->handleRequest(NULL, Object(Config\Cache), false)
#4 C:\xampp\htdocs\jewelnet\public\index.php(50): CodeIgniter\CodeIgniter->run()
#5 {main}
CRITICAL - 2023-03-06 12:50:26 --> Interface 'App\Libraries\ClientInterface' not found
#0 C:\xampp\htdocs\jewelnet\system\Autoloader\Autoloader.php(365): require_once()
#1 C:\xampp\htdocs\jewelnet\system\Autoloader\Autoloader.php(296): CodeIgniter\Autoloader\Autoloader->requireFile('C:\\xampp\\htdocs...')
#2 C:\xampp\htdocs\jewelnet\system\Autoloader\Autoloader.php(258): CodeIgniter\Autoloader\Autoloader->loadInNamespace('App\\Libraries\\C...')
#3 [internal function]: CodeIgniter\Autoloader\Autoloader->loadClass('App\\Libraries\\C...')
#4 C:\xampp\htdocs\jewelnet\app\Libraries\Removebg.php(18): spl_autoload_call('App\\Libraries\\C...')
#5 C:\xampp\htdocs\jewelnet\app\Controllers\NecklaceController.php(310): App\Libraries\Removebg->removeBackground('C:\\xampp\\htdocs...', 'path/to/new/ima...', '#ffffff', 'regular', 'auto')
#6 C:\xampp\htdocs\jewelnet\system\CodeIgniter.php(920): App\Controllers\NecklaceController->saveDataImg()
#7 C:\xampp\htdocs\jewelnet\system\CodeIgniter.php(406): CodeIgniter\CodeIgniter->runController(Object(App\Controllers\NecklaceController))
#8 C:\xampp\htdocs\jewelnet\system\CodeIgniter.php(314): CodeIgniter\CodeIgniter->handleRequest(NULL, Object(Config\Cache), false)
#9 C:\xampp\htdocs\jewelnet\public\index.php(50): CodeIgniter\CodeIgniter->run()
#10 {main}
CRITICAL - 2023-03-06 12:50:28 --> Argument 1 passed to CodeIgniter\HTTP\RedirectResponse::to() must be of the type string, null given, called in C:\xampp\htdocs\jewelnet\app\Controllers\NecklaceController.php on line 319
#0 C:\xampp\htdocs\jewelnet\app\Controllers\NecklaceController.php(319): CodeIgniter\HTTP\RedirectResponse->to(NULL)
#1 C:\xampp\htdocs\jewelnet\system\CodeIgniter.php(920): App\Controllers\NecklaceController->saveDataImg()
#2 C:\xampp\htdocs\jewelnet\system\CodeIgniter.php(406): CodeIgniter\CodeIgniter->runController(Object(App\Controllers\NecklaceController))
#3 C:\xampp\htdocs\jewelnet\system\CodeIgniter.php(314): CodeIgniter\CodeIgniter->handleRequest(NULL, Object(Config\Cache), false)
#4 C:\xampp\htdocs\jewelnet\public\index.php(50): CodeIgniter\CodeIgniter->run()
#5 {main}
CRITICAL - 2023-03-06 12:51:28 --> Trait 'App\Libraries\ClientTrait' not found
#0 [internal function]: CodeIgniter\Debug\Exceptions->shutdownHandler()
#1 {main}
CRITICAL - 2023-03-06 12:51:30 --> Argument 1 passed to CodeIgniter\HTTP\RedirectResponse::to() must be of the type string, null given, called in C:\xampp\htdocs\jewelnet\app\Controllers\NecklaceController.php on line 319
#0 C:\xampp\htdocs\jewelnet\app\Controllers\NecklaceController.php(319): CodeIgniter\HTTP\RedirectResponse->to(NULL)
#1 C:\xampp\htdocs\jewelnet\system\CodeIgniter.php(920): App\Controllers\NecklaceController->saveDataImg()
#2 C:\xampp\htdocs\jewelnet\system\CodeIgniter.php(406): CodeIgniter\CodeIgniter->runController(Object(App\Controllers\NecklaceController))
#3 C:\xampp\htdocs\jewelnet\system\CodeIgniter.php(314): CodeIgniter\CodeIgniter->handleRequest(NULL, Object(Config\Cache), false)
#4 C:\xampp\htdocs\jewelnet\public\index.php(50): CodeIgniter\CodeIgniter->run()
#5 {main}
CRITICAL - 2023-03-06 12:52:47 --> Class 'App\Libraries\HandlerStack' not found
#0 C:\xampp\htdocs\jewelnet\app\Libraries\Removebg.php(18): App\Libraries\Client->__construct()
#1 C:\xampp\htdocs\jewelnet\app\Controllers\NecklaceController.php(310): App\Libraries\Removebg->removeBackground('C:\\xampp\\htdocs...', 'path/to/new/ima...', '#ffffff', 'regular', 'auto')
#2 C:\xampp\htdocs\jewelnet\system\CodeIgniter.php(920): App\Controllers\NecklaceController->saveDataImg()
#3 C:\xampp\htdocs\jewelnet\system\CodeIgniter.php(406): CodeIgniter\CodeIgniter->runController(Object(App\Controllers\NecklaceController))
#4 C:\xampp\htdocs\jewelnet\system\CodeIgniter.php(314): CodeIgniter\CodeIgniter->handleRequest(NULL, Object(Config\Cache), false)
#5 C:\xampp\htdocs\jewelnet\public\index.php(50): CodeIgniter\CodeIgniter->run()
#6 {main}
CRITICAL - 2023-03-06 12:52:48 --> Argument 1 passed to CodeIgniter\HTTP\RedirectResponse::to() must be of the type string, null given, called in C:\xampp\htdocs\jewelnet\app\Controllers\NecklaceController.php on line 319
#0 C:\xampp\htdocs\jewelnet\app\Controllers\NecklaceController.php(319): CodeIgniter\HTTP\RedirectResponse->to(NULL)
#1 C:\xampp\htdocs\jewelnet\system\CodeIgniter.php(920): App\Controllers\NecklaceController->saveDataImg()
#2 C:\xampp\htdocs\jewelnet\system\CodeIgniter.php(406): CodeIgniter\CodeIgniter->runController(Object(App\Controllers\NecklaceController))
#3 C:\xampp\htdocs\jewelnet\system\CodeIgniter.php(314): CodeIgniter\CodeIgniter->handleRequest(NULL, Object(Config\Cache), false)
#4 C:\xampp\htdocs\jewelnet\public\index.php(50): CodeIgniter\CodeIgniter->run()
#5 {main}
CRITICAL - 2023-03-06 12:57:10 --> Class 'App\Libraries\HandlerStack' not found
#0 C:\xampp\htdocs\jewelnet\app\Libraries\Removebg.php(18): App\Libraries\Client->__construct()
#1 C:\xampp\htdocs\jewelnet\app\Controllers\NecklaceController.php(310): App\Libraries\Removebg->removeBackground('C:\\xampp\\htdocs...', 'path/to/new/ima...', '#ffffff', 'regular', 'auto')
#2 C:\xampp\htdocs\jewelnet\system\CodeIgniter.php(920): App\Controllers\NecklaceController->saveDataImg()
#3 C:\xampp\htdocs\jewelnet\system\CodeIgniter.php(406): CodeIgniter\CodeIgniter->runController(Object(App\Controllers\NecklaceController))
#4 C:\xampp\htdocs\jewelnet\system\CodeIgniter.php(314): CodeIgniter\CodeIgniter->handleRequest(NULL, Object(Config\Cache), false)
#5 C:\xampp\htdocs\jewelnet\public\index.php(50): CodeIgniter\CodeIgniter->run()
#6 {main}
CRITICAL - 2023-03-06 12:57:11 --> Argument 1 passed to CodeIgniter\HTTP\RedirectResponse::to() must be of the type string, null given, called in C:\xampp\htdocs\jewelnet\app\Controllers\NecklaceController.php on line 319
#0 C:\xampp\htdocs\jewelnet\app\Controllers\NecklaceController.php(319): CodeIgniter\HTTP\RedirectResponse->to(NULL)
#1 C:\xampp\htdocs\jewelnet\system\CodeIgniter.php(920): App\Controllers\NecklaceController->saveDataImg()
#2 C:\xampp\htdocs\jewelnet\system\CodeIgniter.php(406): CodeIgniter\CodeIgniter->runController(Object(App\Controllers\NecklaceController))
#3 C:\xampp\htdocs\jewelnet\system\CodeIgniter.php(314): CodeIgniter\CodeIgniter->handleRequest(NULL, Object(Config\Cache), false)
#4 C:\xampp\htdocs\jewelnet\public\index.php(50): CodeIgniter\CodeIgniter->run()
#5 {main}
CRITICAL - 2023-03-06 12:58:18 --> Class 'App\Libraries\HandlerStack' not found
#0 C:\xampp\htdocs\jewelnet\app\Libraries\Removebg.php(18): App\Libraries\Client->__construct()
#1 C:\xampp\htdocs\jewelnet\app\Controllers\NecklaceController.php(310): App\Libraries\Removebg->removeBackground('C:\\xampp\\htdocs...', 'path/to/new/ima...', '#ffffff', 'regular', 'auto')
#2 C:\xampp\htdocs\jewelnet\system\CodeIgniter.php(920): App\Controllers\NecklaceController->saveDataImg()
#3 C:\xampp\htdocs\jewelnet\system\CodeIgniter.php(406): CodeIgniter\CodeIgniter->runController(Object(App\Controllers\NecklaceController))
#4 C:\xampp\htdocs\jewelnet\system\CodeIgniter.php(314): CodeIgniter\CodeIgniter->handleRequest(NULL, Object(Config\Cache), false)
#5 C:\xampp\htdocs\jewelnet\public\index.php(50): CodeIgniter\CodeIgniter->run()
#6 {main}
CRITICAL - 2023-03-06 12:58:20 --> Argument 1 passed to CodeIgniter\HTTP\RedirectResponse::to() must be of the type string, null given, called in C:\xampp\htdocs\jewelnet\app\Controllers\NecklaceController.php on line 319
#0 C:\xampp\htdocs\jewelnet\app\Controllers\NecklaceController.php(319): CodeIgniter\HTTP\RedirectResponse->to(NULL)
#1 C:\xampp\htdocs\jewelnet\system\CodeIgniter.php(920): App\Controllers\NecklaceController->saveDataImg()
#2 C:\xampp\htdocs\jewelnet\system\CodeIgniter.php(406): CodeIgniter\CodeIgniter->runController(Object(App\Controllers\NecklaceController))
#3 C:\xampp\htdocs\jewelnet\system\CodeIgniter.php(314): CodeIgniter\CodeIgniter->handleRequest(NULL, Object(Config\Cache), false)
#4 C:\xampp\htdocs\jewelnet\public\index.php(50): CodeIgniter\CodeIgniter->run()
#5 {main}
CRITICAL - 2023-03-06 13:00:29 --> Class 'App\Libraries\Utils' not found
#0 C:\xampp\htdocs\jewelnet\app\Libraries\Client.php(61): App\Libraries\HandlerStack::create()
#1 C:\xampp\htdocs\jewelnet\app\Libraries\Removebg.php(18): App\Libraries\Client->__construct()
#2 C:\xampp\htdocs\jewelnet\app\Controllers\NecklaceController.php(310): App\Libraries\Removebg->removeBackground('C:\\xampp\\htdocs...', 'path/to/new/ima...', '#ffffff', 'regular', 'auto')
#3 C:\xampp\htdocs\jewelnet\system\CodeIgniter.php(920): App\Controllers\NecklaceController->saveDataImg()
#4 C:\xampp\htdocs\jewelnet\system\CodeIgniter.php(406): CodeIgniter\CodeIgniter->runController(Object(App\Controllers\NecklaceController))
#5 C:\xampp\htdocs\jewelnet\system\CodeIgniter.php(314): CodeIgniter\CodeIgniter->handleRequest(NULL, Object(Config\Cache), false)
#6 C:\xampp\htdocs\jewelnet\public\index.php(50): CodeIgniter\CodeIgniter->run()
#7 {main}
CRITICAL - 2023-03-06 13:00:31 --> Argument 1 passed to CodeIgniter\HTTP\RedirectResponse::to() must be of the type string, null given, called in C:\xampp\htdocs\jewelnet\app\Controllers\NecklaceController.php on line 319
#0 C:\xampp\htdocs\jewelnet\app\Controllers\NecklaceController.php(319): CodeIgniter\HTTP\RedirectResponse->to(NULL)
#1 C:\xampp\htdocs\jewelnet\system\CodeIgniter.php(920): App\Controllers\NecklaceController->saveDataImg()
#2 C:\xampp\htdocs\jewelnet\system\CodeIgniter.php(406): CodeIgniter\CodeIgniter->runController(Object(App\Controllers\NecklaceController))
#3 C:\xampp\htdocs\jewelnet\system\CodeIgniter.php(314): CodeIgniter\CodeIgniter->handleRequest(NULL, Object(Config\Cache), false)
#4 C:\xampp\htdocs\jewelnet\public\index.php(50): CodeIgniter\CodeIgniter->run()
#5 {main}
CRITICAL - 2023-03-06 13:01:15 --> Class 'App\Libraries\Utils' not found
#0 C:\xampp\htdocs\jewelnet\app\Libraries\Client.php(61): App\Libraries\HandlerStack::create()
#1 C:\xampp\htdocs\jewelnet\app\Libraries\Removebg.php(18): App\Libraries\Client->__construct()
#2 C:\xampp\htdocs\jewelnet\app\Controllers\NecklaceController.php(310): App\Libraries\Removebg->removeBackground('C:\\xampp\\htdocs...', 'path/to/new/ima...', '#ffffff', 'regular', 'auto')
#3 C:\xampp\htdocs\jewelnet\system\CodeIgniter.php(920): App\Controllers\NecklaceController->saveDataImg()
#4 C:\xampp\htdocs\jewelnet\system\CodeIgniter.php(406): CodeIgniter\CodeIgniter->runController(Object(App\Controllers\NecklaceController))
#5 C:\xampp\htdocs\jewelnet\system\CodeIgniter.php(314): CodeIgniter\CodeIgniter->handleRequest(NULL, Object(Config\Cache), false)
#6 C:\xampp\htdocs\jewelnet\public\index.php(50): CodeIgniter\CodeIgniter->run()
#7 {main}
CRITICAL - 2023-03-06 13:01:17 --> Argument 1 passed to CodeIgniter\HTTP\RedirectResponse::to() must be of the type string, null given, called in C:\xampp\htdocs\jewelnet\app\Controllers\NecklaceController.php on line 319
#0 C:\xampp\htdocs\jewelnet\app\Controllers\NecklaceController.php(319): CodeIgniter\HTTP\RedirectResponse->to(NULL)
#1 C:\xampp\htdocs\jewelnet\system\CodeIgniter.php(920): App\Controllers\NecklaceController->saveDataImg()
#2 C:\xampp\htdocs\jewelnet\system\CodeIgniter.php(406): CodeIgniter\CodeIgniter->runController(Object(App\Controllers\NecklaceController))
#3 C:\xampp\htdocs\jewelnet\system\CodeIgniter.php(314): CodeIgniter\CodeIgniter->handleRequest(NULL, Object(Config\Cache), false)
#4 C:\xampp\htdocs\jewelnet\public\index.php(50): CodeIgniter\CodeIgniter->run()
#5 {main}
CRITICAL - 2023-03-06 13:01:34 --> Class 'GuzzleHttp\Handler\Proxy' not found
#0 C:\xampp\htdocs\jewelnet\app\Libraries\HandlerStack.php(48): App\Libraries\Utils::chooseHandler()
#1 C:\xampp\htdocs\jewelnet\app\Libraries\Client.php(61): App\Libraries\HandlerStack::create()
#2 C:\xampp\htdocs\jewelnet\app\Libraries\Removebg.php(18): App\Libraries\Client->__construct()
#3 C:\xampp\htdocs\jewelnet\app\Controllers\NecklaceController.php(310): App\Libraries\Removebg->removeBackground('C:\\xampp\\htdocs...', 'path/to/new/ima...', '#ffffff', 'regular', 'auto')
#4 C:\xampp\htdocs\jewelnet\system\CodeIgniter.php(920): App\Controllers\NecklaceController->saveDataImg()
#5 C:\xampp\htdocs\jewelnet\system\CodeIgniter.php(406): CodeIgniter\CodeIgniter->runController(Object(App\Controllers\NecklaceController))
#6 C:\xampp\htdocs\jewelnet\system\CodeIgniter.php(314): CodeIgniter\CodeIgniter->handleRequest(NULL, Object(Config\Cache), false)
#7 C:\xampp\htdocs\jewelnet\public\index.php(50): CodeIgniter\CodeIgniter->run()
#8 {main}
CRITICAL - 2023-03-06 13:01:35 --> Argument 1 passed to CodeIgniter\HTTP\RedirectResponse::to() must be of the type string, null given, called in C:\xampp\htdocs\jewelnet\app\Controllers\NecklaceController.php on line 319
#0 C:\xampp\htdocs\jewelnet\app\Controllers\NecklaceController.php(319): CodeIgniter\HTTP\RedirectResponse->to(NULL)
#1 C:\xampp\htdocs\jewelnet\system\CodeIgniter.php(920): App\Controllers\NecklaceController->saveDataImg()
#2 C:\xampp\htdocs\jewelnet\system\CodeIgniter.php(406): CodeIgniter\CodeIgniter->runController(Object(App\Controllers\NecklaceController))
#3 C:\xampp\htdocs\jewelnet\system\CodeIgniter.php(314): CodeIgniter\CodeIgniter->handleRequest(NULL, Object(Config\Cache), false)
#4 C:\xampp\htdocs\jewelnet\public\index.php(50): CodeIgniter\CodeIgniter->run()
#5 {main}
CRITICAL - 2023-03-06 13:02:40 --> Class 'GuzzleHttp\Handler\Proxy' not found
#0 C:\xampp\htdocs\jewelnet\app\Libraries\HandlerStack.php(49): App\Libraries\Utils::chooseHandler()
#1 C:\xampp\htdocs\jewelnet\app\Libraries\Client.php(61): App\Libraries\HandlerStack::create()
#2 C:\xampp\htdocs\jewelnet\app\Libraries\Removebg.php(18): App\Libraries\Client->__construct()
#3 C:\xampp\htdocs\jewelnet\app\Controllers\NecklaceController.php(310): App\Libraries\Removebg->removeBackground('C:\\xampp\\htdocs...', 'path/to/new/ima...', '#ffffff', 'regular', 'auto')
#4 C:\xampp\htdocs\jewelnet\system\CodeIgniter.php(920): App\Controllers\NecklaceController->saveDataImg()
#5 C:\xampp\htdocs\jewelnet\system\CodeIgniter.php(406): CodeIgniter\CodeIgniter->runController(Object(App\Controllers\NecklaceController))
#6 C:\xampp\htdocs\jewelnet\system\CodeIgniter.php(314): CodeIgniter\CodeIgniter->handleRequest(NULL, Object(Config\Cache), false)
#7 C:\xampp\htdocs\jewelnet\public\index.php(50): CodeIgniter\CodeIgniter->run()
#8 {main}
CRITICAL - 2023-03-06 13:02:41 --> Argument 1 passed to CodeIgniter\HTTP\RedirectResponse::to() must be of the type string, null given, called in C:\xampp\htdocs\jewelnet\app\Controllers\NecklaceController.php on line 319
#0 C:\xampp\htdocs\jewelnet\app\Controllers\NecklaceController.php(319): CodeIgniter\HTTP\RedirectResponse->to(NULL)
#1 C:\xampp\htdocs\jewelnet\system\CodeIgniter.php(920): App\Controllers\NecklaceController->saveDataImg()
#2 C:\xampp\htdocs\jewelnet\system\CodeIgniter.php(406): CodeIgniter\CodeIgniter->runController(Object(App\Controllers\NecklaceController))
#3 C:\xampp\htdocs\jewelnet\system\CodeIgniter.php(314): CodeIgniter\CodeIgniter->handleRequest(NULL, Object(Config\Cache), false)
#4 C:\xampp\htdocs\jewelnet\public\index.php(50): CodeIgniter\CodeIgniter->run()
#5 {main}
CRITICAL - 2023-03-06 13:02:44 --> Class 'GuzzleHttp\Handler\Proxy' not found
#0 C:\xampp\htdocs\jewelnet\app\Libraries\HandlerStack.php(49): App\Libraries\Utils::chooseHandler()
#1 C:\xampp\htdocs\jewelnet\app\Libraries\Client.php(61): App\Libraries\HandlerStack::create()
#2 C:\xampp\htdocs\jewelnet\app\Libraries\Removebg.php(18): App\Libraries\Client->__construct()
#3 C:\xampp\htdocs\jewelnet\app\Controllers\NecklaceController.php(310): App\Libraries\Removebg->removeBackground('C:\\xampp\\htdocs...', 'path/to/new/ima...', '#ffffff', 'regular', 'auto')
#4 C:\xampp\htdocs\jewelnet\system\CodeIgniter.php(920): App\Controllers\NecklaceController->saveDataImg()
#5 C:\xampp\htdocs\jewelnet\system\CodeIgniter.php(406): CodeIgniter\CodeIgniter->runController(Object(App\Controllers\NecklaceController))
#6 C:\xampp\htdocs\jewelnet\system\CodeIgniter.php(314): CodeIgniter\CodeIgniter->handleRequest(NULL, Object(Config\Cache), false)
#7 C:\xampp\htdocs\jewelnet\public\index.php(50): CodeIgniter\CodeIgniter->run()
#8 {main}
CRITICAL - 2023-03-06 13:02:44 --> Argument 1 passed to CodeIgniter\HTTP\RedirectResponse::to() must be of the type string, null given, called in C:\xampp\htdocs\jewelnet\app\Controllers\NecklaceController.php on line 319
#0 C:\xampp\htdocs\jewelnet\app\Controllers\NecklaceController.php(319): CodeIgniter\HTTP\RedirectResponse->to(NULL)
#1 C:\xampp\htdocs\jewelnet\system\CodeIgniter.php(920): App\Controllers\NecklaceController->saveDataImg()
#2 C:\xampp\htdocs\jewelnet\system\CodeIgniter.php(406): CodeIgniter\CodeIgniter->runController(Object(App\Controllers\NecklaceController))
#3 C:\xampp\htdocs\jewelnet\system\CodeIgniter.php(314): CodeIgniter\CodeIgniter->handleRequest(NULL, Object(Config\Cache), false)
#4 C:\xampp\htdocs\jewelnet\public\index.php(50): CodeIgniter\CodeIgniter->run()
#5 {main}
CRITICAL - 2023-03-06 13:03:25 --> Class 'GuzzleHttp\Handler\Proxy' not found
#0 C:\xampp\htdocs\jewelnet\app\Libraries\HandlerStack.php(49): App\Libraries\Utils::chooseHandler()
#1 C:\xampp\htdocs\jewelnet\app\Libraries\Client.php(61): App\Libraries\HandlerStack::create()
#2 C:\xampp\htdocs\jewelnet\app\Libraries\Removebg.php(18): App\Libraries\Client->__construct()
#3 C:\xampp\htdocs\jewelnet\app\Controllers\NecklaceController.php(310): App\Libraries\Removebg->removeBackground('C:\\xampp\\htdocs...', 'path/to/new/ima...', '#ffffff', 'regular', 'auto')
#4 C:\xampp\htdocs\jewelnet\system\CodeIgniter.php(920): App\Controllers\NecklaceController->saveDataImg()
#5 C:\xampp\htdocs\jewelnet\system\CodeIgniter.php(406): CodeIgniter\CodeIgniter->runController(Object(App\Controllers\NecklaceController))
#6 C:\xampp\htdocs\jewelnet\system\CodeIgniter.php(314): CodeIgniter\CodeIgniter->handleRequest(NULL, Object(Config\Cache), false)
#7 C:\xampp\htdocs\jewelnet\public\index.php(50): CodeIgniter\CodeIgniter->run()
#8 {main}
CRITICAL - 2023-03-06 13:03:26 --> Argument 1 passed to CodeIgniter\HTTP\RedirectResponse::to() must be of the type string, null given, called in C:\xampp\htdocs\jewelnet\app\Controllers\NecklaceController.php on line 319
#0 C:\xampp\htdocs\jewelnet\app\Controllers\NecklaceController.php(319): CodeIgniter\HTTP\RedirectResponse->to(NULL)
#1 C:\xampp\htdocs\jewelnet\system\CodeIgniter.php(920): App\Controllers\NecklaceController->saveDataImg()
#2 C:\xampp\htdocs\jewelnet\system\CodeIgniter.php(406): CodeIgniter\CodeIgniter->runController(Object(App\Controllers\NecklaceController))
#3 C:\xampp\htdocs\jewelnet\system\CodeIgniter.php(314): CodeIgniter\CodeIgniter->handleRequest(NULL, Object(Config\Cache), false)
#4 C:\xampp\htdocs\jewelnet\public\index.php(50): CodeIgniter\CodeIgniter->run()
#5 {main}
CRITICAL - 2023-03-06 13:05:28 --> Class 'App\Libraries\Handler\Proxy' not found
#0 C:\xampp\htdocs\jewelnet\app\Libraries\HandlerStack.php(49): App\Libraries\Utils::chooseHandler()
#1 C:\xampp\htdocs\jewelnet\app\Libraries\Client.php(61): App\Libraries\HandlerStack::create()
#2 C:\xampp\htdocs\jewelnet\app\Libraries\Removebg.php(18): App\Libraries\Client->__construct()
#3 C:\xampp\htdocs\jewelnet\app\Controllers\NecklaceController.php(310): App\Libraries\Removebg->removeBackground('C:\\xampp\\htdocs...', 'path/to/new/ima...', '#ffffff', 'regular', 'auto')
#4 C:\xampp\htdocs\jewelnet\system\CodeIgniter.php(920): App\Controllers\NecklaceController->saveDataImg()
#5 C:\xampp\htdocs\jewelnet\system\CodeIgniter.php(406): CodeIgniter\CodeIgniter->runController(Object(App\Controllers\NecklaceController))
#6 C:\xampp\htdocs\jewelnet\system\CodeIgniter.php(314): CodeIgniter\CodeIgniter->handleRequest(NULL, Object(Config\Cache), false)
#7 C:\xampp\htdocs\jewelnet\public\index.php(50): CodeIgniter\CodeIgniter->run()
#8 {main}
CRITICAL - 2023-03-06 13:05:29 --> Argument 1 passed to CodeIgniter\HTTP\RedirectResponse::to() must be of the type string, null given, called in C:\xampp\htdocs\jewelnet\app\Controllers\NecklaceController.php on line 319
#0 C:\xampp\htdocs\jewelnet\app\Controllers\NecklaceController.php(319): CodeIgniter\HTTP\RedirectResponse->to(NULL)
#1 C:\xampp\htdocs\jewelnet\system\CodeIgniter.php(920): App\Controllers\NecklaceController->saveDataImg()
#2 C:\xampp\htdocs\jewelnet\system\CodeIgniter.php(406): CodeIgniter\CodeIgniter->runController(Object(App\Controllers\NecklaceController))
#3 C:\xampp\htdocs\jewelnet\system\CodeIgniter.php(314): CodeIgniter\CodeIgniter->handleRequest(NULL, Object(Config\Cache), false)
#4 C:\xampp\htdocs\jewelnet\public\index.php(50): CodeIgniter\CodeIgniter->run()
#5 {main}
CRITICAL - 2023-03-06 13:06:45 --> Class 'App\Libraries\Handler\Proxy' not found
#0 C:\xampp\htdocs\jewelnet\app\Libraries\HandlerStack.php(49): App\Libraries\Utils::chooseHandler()
#1 C:\xampp\htdocs\jewelnet\app\Libraries\Client.php(61): App\Libraries\HandlerStack::create()
#2 C:\xampp\htdocs\jewelnet\app\Libraries\Removebg.php(18): App\Libraries\Client->__construct()
#3 C:\xampp\htdocs\jewelnet\app\Controllers\NecklaceController.php(310): App\Libraries\Removebg->removeBackground('C:\\xampp\\htdocs...', 'path/to/new/ima...', '#ffffff', 'regular', 'auto')
#4 C:\xampp\htdocs\jewelnet\system\CodeIgniter.php(920): App\Controllers\NecklaceController->saveDataImg()
#5 C:\xampp\htdocs\jewelnet\system\CodeIgniter.php(406): CodeIgniter\CodeIgniter->runController(Object(App\Controllers\NecklaceController))
#6 C:\xampp\htdocs\jewelnet\system\CodeIgniter.php(314): CodeIgniter\CodeIgniter->handleRequest(NULL, Object(Config\Cache), false)
#7 C:\xampp\htdocs\jewelnet\public\index.php(50): CodeIgniter\CodeIgniter->run()
#8 {main}
CRITICAL - 2023-03-06 13:06:47 --> Argument 1 passed to CodeIgniter\HTTP\RedirectResponse::to() must be of the type string, null given, called in C:\xampp\htdocs\jewelnet\app\Controllers\NecklaceController.php on line 319
#0 C:\xampp\htdocs\jewelnet\app\Controllers\NecklaceController.php(319): CodeIgniter\HTTP\RedirectResponse->to(NULL)
#1 C:\xampp\htdocs\jewelnet\system\CodeIgniter.php(920): App\Controllers\NecklaceController->saveDataImg()
#2 C:\xampp\htdocs\jewelnet\system\CodeIgniter.php(406): CodeIgniter\CodeIgniter->runController(Object(App\Controllers\NecklaceController))
#3 C:\xampp\htdocs\jewelnet\system\CodeIgniter.php(314): CodeIgniter\CodeIgniter->handleRequest(NULL, Object(Config\Cache), false)
#4 C:\xampp\htdocs\jewelnet\public\index.php(50): CodeIgniter\CodeIgniter->run()
#5 {main}
CRITICAL - 2023-03-06 13:06:48 --> Class 'App\Libraries\Handler\Proxy' not found
#0 C:\xampp\htdocs\jewelnet\app\Libraries\HandlerStack.php(49): App\Libraries\Utils::chooseHandler()
#1 C:\xampp\htdocs\jewelnet\app\Libraries\Client.php(61): App\Libraries\HandlerStack::create()
#2 C:\xampp\htdocs\jewelnet\app\Libraries\Removebg.php(18): App\Libraries\Client->__construct()
#3 C:\xampp\htdocs\jewelnet\app\Controllers\NecklaceController.php(310): App\Libraries\Removebg->removeBackground('C:\\xampp\\htdocs...', 'path/to/new/ima...', '#ffffff', 'regular', 'auto')
#4 C:\xampp\htdocs\jewelnet\system\CodeIgniter.php(920): App\Controllers\NecklaceController->saveDataImg()
#5 C:\xampp\htdocs\jewelnet\system\CodeIgniter.php(406): CodeIgniter\CodeIgniter->runController(Object(App\Controllers\NecklaceController))
#6 C:\xampp\htdocs\jewelnet\system\CodeIgniter.php(314): CodeIgniter\CodeIgniter->handleRequest(NULL, Object(Config\Cache), false)
#7 C:\xampp\htdocs\jewelnet\public\index.php(50): CodeIgniter\CodeIgniter->run()
#8 {main}
CRITICAL - 2023-03-06 13:06:49 --> Argument 1 passed to CodeIgniter\HTTP\RedirectResponse::to() must be of the type string, null given, called in C:\xampp\htdocs\jewelnet\app\Controllers\NecklaceController.php on line 319
#0 C:\xampp\htdocs\jewelnet\app\Controllers\NecklaceController.php(319): CodeIgniter\HTTP\RedirectResponse->to(NULL)
#1 C:\xampp\htdocs\jewelnet\system\CodeIgniter.php(920): App\Controllers\NecklaceController->saveDataImg()
#2 C:\xampp\htdocs\jewelnet\system\CodeIgniter.php(406): CodeIgniter\CodeIgniter->runController(Object(App\Controllers\NecklaceController))
#3 C:\xampp\htdocs\jewelnet\system\CodeIgniter.php(314): CodeIgniter\CodeIgniter->handleRequest(NULL, Object(Config\Cache), false)
#4 C:\xampp\htdocs\jewelnet\public\index.php(50): CodeIgniter\CodeIgniter->run()
#5 {main}
CRITICAL - 2023-03-06 13:10:33 --> Class 'App\Libraries\Handler\Proxy' not found
#0 C:\xampp\htdocs\jewelnet\app\Libraries\HandlerStack.php(49): App\Libraries\Utils::chooseHandler()
#1 C:\xampp\htdocs\jewelnet\app\Libraries\Client.php(61): App\Libraries\HandlerStack::create()
#2 C:\xampp\htdocs\jewelnet\app\Libraries\Removebg.php(18): App\Libraries\Client->__construct()
#3 C:\xampp\htdocs\jewelnet\app\Controllers\NecklaceController.php(310): App\Libraries\Removebg->removeBackground('C:\\xampp\\htdocs...', 'path/to/new/ima...', '#ffffff', 'regular', 'auto')
#4 C:\xampp\htdocs\jewelnet\system\CodeIgniter.php(920): App\Controllers\NecklaceController->saveDataImg()
#5 C:\xampp\htdocs\jewelnet\system\CodeIgniter.php(406): CodeIgniter\CodeIgniter->runController(Object(App\Controllers\NecklaceController))
#6 C:\xampp\htdocs\jewelnet\system\CodeIgniter.php(314): CodeIgniter\CodeIgniter->handleRequest(NULL, Object(Config\Cache), false)
#7 C:\xampp\htdocs\jewelnet\public\index.php(50): CodeIgniter\CodeIgniter->run()
#8 {main}
CRITICAL - 2023-03-06 13:10:34 --> Argument 1 passed to CodeIgniter\HTTP\RedirectResponse::to() must be of the type string, null given, called in C:\xampp\htdocs\jewelnet\app\Controllers\NecklaceController.php on line 319
#0 C:\xampp\htdocs\jewelnet\app\Controllers\NecklaceController.php(319): CodeIgniter\HTTP\RedirectResponse->to(NULL)
#1 C:\xampp\htdocs\jewelnet\system\CodeIgniter.php(920): App\Controllers\NecklaceController->saveDataImg()
#2 C:\xampp\htdocs\jewelnet\system\CodeIgniter.php(406): CodeIgniter\CodeIgniter->runController(Object(App\Controllers\NecklaceController))
#3 C:\xampp\htdocs\jewelnet\system\CodeIgniter.php(314): CodeIgniter\CodeIgniter->handleRequest(NULL, Object(Config\Cache), false)
#4 C:\xampp\htdocs\jewelnet\public\index.php(50): CodeIgniter\CodeIgniter->run()
#5 {main}
CRITICAL - 2023-03-06 13:10:36 --> Class 'App\Libraries\Handler\Proxy' not found
#0 C:\xampp\htdocs\jewelnet\app\Libraries\HandlerStack.php(49): App\Libraries\Utils::chooseHandler()
#1 C:\xampp\htdocs\jewelnet\app\Libraries\Client.php(61): App\Libraries\HandlerStack::create()
#2 C:\xampp\htdocs\jewelnet\app\Libraries\Removebg.php(18): App\Libraries\Client->__construct()
#3 C:\xampp\htdocs\jewelnet\app\Controllers\NecklaceController.php(310): App\Libraries\Removebg->removeBackground('C:\\xampp\\htdocs...', 'path/to/new/ima...', '#ffffff', 'regular', 'auto')
#4 C:\xampp\htdocs\jewelnet\system\CodeIgniter.php(920): App\Controllers\NecklaceController->saveDataImg()
#5 C:\xampp\htdocs\jewelnet\system\CodeIgniter.php(406): CodeIgniter\CodeIgniter->runController(Object(App\Controllers\NecklaceController))
#6 C:\xampp\htdocs\jewelnet\system\CodeIgniter.php(314): CodeIgniter\CodeIgniter->handleRequest(NULL, Object(Config\Cache), false)
#7 C:\xampp\htdocs\jewelnet\public\index.php(50): CodeIgniter\CodeIgniter->run()
#8 {main}
CRITICAL - 2023-03-06 13:10:37 --> Argument 1 passed to CodeIgniter\HTTP\RedirectResponse::to() must be of the type string, null given, called in C:\xampp\htdocs\jewelnet\app\Controllers\NecklaceController.php on line 319
#0 C:\xampp\htdocs\jewelnet\app\Controllers\NecklaceController.php(319): CodeIgniter\HTTP\RedirectResponse->to(NULL)
#1 C:\xampp\htdocs\jewelnet\system\CodeIgniter.php(920): App\Controllers\NecklaceController->saveDataImg()
#2 C:\xampp\htdocs\jewelnet\system\CodeIgniter.php(406): CodeIgniter\CodeIgniter->runController(Object(App\Controllers\NecklaceController))
#3 C:\xampp\htdocs\jewelnet\system\CodeIgniter.php(314): CodeIgniter\CodeIgniter->handleRequest(NULL, Object(Config\Cache), false)
#4 C:\xampp\htdocs\jewelnet\public\index.php(50): CodeIgniter\CodeIgniter->run()
#5 {main}
CRITICAL - 2023-03-06 13:25:54 --> Argument 1 passed to CodeIgniter\HTTP\RedirectResponse::to() must be of the type string, null given, called in C:\xampp\htdocs\jewelnet\app\Controllers\NecklaceController.php on line 338
#0 C:\xampp\htdocs\jewelnet\app\Controllers\NecklaceController.php(338): CodeIgniter\HTTP\RedirectResponse->to(NULL)
#1 C:\xampp\htdocs\jewelnet\system\CodeIgniter.php(920): App\Controllers\NecklaceController->saveDataImg()
#2 C:\xampp\htdocs\jewelnet\system\CodeIgniter.php(406): CodeIgniter\CodeIgniter->runController(Object(App\Controllers\NecklaceController))
#3 C:\xampp\htdocs\jewelnet\system\CodeIgniter.php(314): CodeIgniter\CodeIgniter->handleRequest(NULL, Object(Config\Cache), false)
#4 C:\xampp\htdocs\jewelnet\public\index.php(50): CodeIgniter\CodeIgniter->run()
#5 {main}
CRITICAL - 2023-03-06 13:26:19 --> Argument 1 passed to CodeIgniter\HTTP\RedirectResponse::to() must be of the type string, null given, called in C:\xampp\htdocs\jewelnet\app\Controllers\NecklaceController.php on line 338
#0 C:\xampp\htdocs\jewelnet\app\Controllers\NecklaceController.php(338): CodeIgniter\HTTP\RedirectResponse->to(NULL)
#1 C:\xampp\htdocs\jewelnet\system\CodeIgniter.php(920): App\Controllers\NecklaceController->saveDataImg()
#2 C:\xampp\htdocs\jewelnet\system\CodeIgniter.php(406): CodeIgniter\CodeIgniter->runController(Object(App\Controllers\NecklaceController))
#3 C:\xampp\htdocs\jewelnet\system\CodeIgniter.php(314): CodeIgniter\CodeIgniter->handleRequest(NULL, Object(Config\Cache), false)
#4 C:\xampp\htdocs\jewelnet\public\index.php(50): CodeIgniter\CodeIgniter->run()
#5 {main}
CRITICAL - 2023-03-06 13:38:18 --> fopen() expects at least 2 parameters, 1 given
#0 [internal function]: CodeIgniter\Debug\Exceptions->errorHandler(2, 'fopen() expects...', 'C:\\xampp\\htdocs...', 331, Array)
#1 C:\xampp\htdocs\jewelnet\app\Controllers\NecklaceController.php(331): fopen('output.png')
#2 C:\xampp\htdocs\jewelnet\system\CodeIgniter.php(920): App\Controllers\NecklaceController->saveDataImg()
#3 C:\xampp\htdocs\jewelnet\system\CodeIgniter.php(406): CodeIgniter\CodeIgniter->runController(Object(App\Controllers\NecklaceController))
#4 C:\xampp\htdocs\jewelnet\system\CodeIgniter.php(314): CodeIgniter\CodeIgniter->handleRequest(NULL, Object(Config\Cache), false)
#5 C:\xampp\htdocs\jewelnet\public\index.php(50): CodeIgniter\CodeIgniter->run()
#6 {main}
CRITICAL - 2023-03-06 13:38:19 --> Argument 1 passed to CodeIgniter\HTTP\RedirectResponse::to() must be of the type string, null given, called in C:\xampp\htdocs\jewelnet\app\Controllers\NecklaceController.php on line 343
#0 C:\xampp\htdocs\jewelnet\app\Controllers\NecklaceController.php(343): CodeIgniter\HTTP\RedirectResponse->to(NULL)
#1 C:\xampp\htdocs\jewelnet\system\CodeIgniter.php(920): App\Controllers\NecklaceController->saveDataImg()
#2 C:\xampp\htdocs\jewelnet\system\CodeIgniter.php(406): CodeIgniter\CodeIgniter->runController(Object(App\Controllers\NecklaceController))
#3 C:\xampp\htdocs\jewelnet\system\CodeIgniter.php(314): CodeIgniter\CodeIgniter->handleRequest(NULL, Object(Config\Cache), false)
#4 C:\xampp\htdocs\jewelnet\public\index.php(50): CodeIgniter\CodeIgniter->run()
#5 {main}
CRITICAL - 2023-03-06 13:44:47 --> Argument 1 passed to CodeIgniter\HTTP\RedirectResponse::to() must be of the type string, null given, called in C:\xampp\htdocs\jewelnet\app\Controllers\NecklaceController.php on line 344
#0 C:\xampp\htdocs\jewelnet\app\Controllers\NecklaceController.php(344): CodeIgniter\HTTP\RedirectResponse->to(NULL)
#1 C:\xampp\htdocs\jewelnet\system\CodeIgniter.php(920): App\Controllers\NecklaceController->saveDataImg()
#2 C:\xampp\htdocs\jewelnet\system\CodeIgniter.php(406): CodeIgniter\CodeIgniter->runController(Object(App\Controllers\NecklaceController))
#3 C:\xampp\htdocs\jewelnet\system\CodeIgniter.php(314): CodeIgniter\CodeIgniter->handleRequest(NULL, Object(Config\Cache), false)
#4 C:\xampp\htdocs\jewelnet\public\index.php(50): CodeIgniter\CodeIgniter->run()
#5 {main}
CRITICAL - 2023-03-06 13:46:14 --> Argument 1 passed to CodeIgniter\HTTP\RedirectResponse::to() must be of the type string, null given, called in C:\xampp\htdocs\jewelnet\app\Controllers\NecklaceController.php on line 346
#0 C:\xampp\htdocs\jewelnet\app\Controllers\NecklaceController.php(346): CodeIgniter\HTTP\RedirectResponse->to(NULL)
#1 C:\xampp\htdocs\jewelnet\system\CodeIgniter.php(920): App\Controllers\NecklaceController->saveDataImg()
#2 C:\xampp\htdocs\jewelnet\system\CodeIgniter.php(406): CodeIgniter\CodeIgniter->runController(Object(App\Controllers\NecklaceController))
#3 C:\xampp\htdocs\jewelnet\system\CodeIgniter.php(314): CodeIgniter\CodeIgniter->handleRequest(NULL, Object(Config\Cache), false)
#4 C:\xampp\htdocs\jewelnet\public\index.php(50): CodeIgniter\CodeIgniter->run()
#5 {main}
CRITICAL - 2023-03-06 13:46:33 --> Argument 1 passed to CodeIgniter\HTTP\RedirectResponse::to() must be of the type string, null given, called in C:\xampp\htdocs\jewelnet\app\Controllers\NecklaceController.php on line 346
#0 C:\xampp\htdocs\jewelnet\app\Controllers\NecklaceController.php(346): CodeIgniter\HTTP\RedirectResponse->to(NULL)
#1 C:\xampp\htdocs\jewelnet\system\CodeIgniter.php(920): App\Controllers\NecklaceController->saveDataImg()
#2 C:\xampp\htdocs\jewelnet\system\CodeIgniter.php(406): CodeIgniter\CodeIgniter->runController(Object(App\Controllers\NecklaceController))
#3 C:\xampp\htdocs\jewelnet\system\CodeIgniter.php(314): CodeIgniter\CodeIgniter->handleRequest(NULL, Object(Config\Cache), false)
#4 C:\xampp\htdocs\jewelnet\public\index.php(50): CodeIgniter\CodeIgniter->run()
#5 {main}
CRITICAL - 2023-03-06 13:46:53 --> Argument 1 passed to CodeIgniter\HTTP\RedirectResponse::to() must be of the type string, null given, called in C:\xampp\htdocs\jewelnet\app\Controllers\NecklaceController.php on line 346
#0 C:\xampp\htdocs\jewelnet\app\Controllers\NecklaceController.php(346): CodeIgniter\HTTP\RedirectResponse->to(NULL)
#1 C:\xampp\htdocs\jewelnet\system\CodeIgniter.php(920): App\Controllers\NecklaceController->saveDataImg()
#2 C:\xampp\htdocs\jewelnet\system\CodeIgniter.php(406): CodeIgniter\CodeIgniter->runController(Object(App\Controllers\NecklaceController))
#3 C:\xampp\htdocs\jewelnet\system\CodeIgniter.php(314): CodeIgniter\CodeIgniter->handleRequest(NULL, Object(Config\Cache), false)
#4 C:\xampp\htdocs\jewelnet\public\index.php(50): CodeIgniter\CodeIgniter->run()
#5 {main}
CRITICAL - 2023-03-06 13:48:14 --> Argument 1 passed to CodeIgniter\HTTP\RedirectResponse::to() must be of the type string, null given, called in C:\xampp\htdocs\jewelnet\app\Controllers\NecklaceController.php on line 348
#0 C:\xampp\htdocs\jewelnet\app\Controllers\NecklaceController.php(348): CodeIgniter\HTTP\RedirectResponse->to(NULL)
#1 C:\xampp\htdocs\jewelnet\system\CodeIgniter.php(920): App\Controllers\NecklaceController->saveDataImg()
#2 C:\xampp\htdocs\jewelnet\system\CodeIgniter.php(406): CodeIgniter\CodeIgniter->runController(Object(App\Controllers\NecklaceController))
#3 C:\xampp\htdocs\jewelnet\system\CodeIgniter.php(314): CodeIgniter\CodeIgniter->handleRequest(NULL, Object(Config\Cache), false)
#4 C:\xampp\htdocs\jewelnet\public\index.php(50): CodeIgniter\CodeIgniter->run()
#5 {main}
CRITICAL - 2023-03-06 13:50:47 --> Argument 1 passed to CodeIgniter\HTTP\RedirectResponse::to() must be of the type string, null given, called in C:\xampp\htdocs\jewelnet\app\Controllers\NecklaceController.php on line 348
#0 C:\xampp\htdocs\jewelnet\app\Controllers\NecklaceController.php(348): CodeIgniter\HTTP\RedirectResponse->to(NULL)
#1 C:\xampp\htdocs\jewelnet\system\CodeIgniter.php(920): App\Controllers\NecklaceController->saveDataImg()
#2 C:\xampp\htdocs\jewelnet\system\CodeIgniter.php(406): CodeIgniter\CodeIgniter->runController(Object(App\Controllers\NecklaceController))
#3 C:\xampp\htdocs\jewelnet\system\CodeIgniter.php(314): CodeIgniter\CodeIgniter->handleRequest(NULL, Object(Config\Cache), false)
#4 C:\xampp\htdocs\jewelnet\public\index.php(50): CodeIgniter\CodeIgniter->run()
#5 {main}
CRITICAL - 2023-03-06 13:54:15 --> Argument 1 passed to CodeIgniter\HTTP\RedirectResponse::to() must be of the type string, null given, called in C:\xampp\htdocs\jewelnet\app\Controllers\NecklaceController.php on line 348
#0 C:\xampp\htdocs\jewelnet\app\Controllers\NecklaceController.php(348): CodeIgniter\HTTP\RedirectResponse->to(NULL)
#1 C:\xampp\htdocs\jewelnet\system\CodeIgniter.php(920): App\Controllers\NecklaceController->saveDataImg()
#2 C:\xampp\htdocs\jewelnet\system\CodeIgniter.php(406): CodeIgniter\CodeIgniter->runController(Object(App\Controllers\NecklaceController))
#3 C:\xampp\htdocs\jewelnet\system\CodeIgniter.php(314): CodeIgniter\CodeIgniter->handleRequest(NULL, Object(Config\Cache), false)
#4 C:\xampp\htdocs\jewelnet\public\index.php(50): CodeIgniter\CodeIgniter->run()
#5 {main}
CRITICAL - 2023-03-06 13:57:50 --> Argument 1 passed to CodeIgniter\HTTP\RedirectResponse::to() must be of the type string, null given, called in C:\xampp\htdocs\jewelnet\app\Controllers\NecklaceController.php on line 349
#0 C:\xampp\htdocs\jewelnet\app\Controllers\NecklaceController.php(349): CodeIgniter\HTTP\RedirectResponse->to(NULL)
#1 C:\xampp\htdocs\jewelnet\system\CodeIgniter.php(920): App\Controllers\NecklaceController->saveDataImg()
#2 C:\xampp\htdocs\jewelnet\system\CodeIgniter.php(406): CodeIgniter\CodeIgniter->runController(Object(App\Controllers\NecklaceController))
#3 C:\xampp\htdocs\jewelnet\system\CodeIgniter.php(314): CodeIgniter\CodeIgniter->handleRequest(NULL, Object(Config\Cache), false)
#4 C:\xampp\htdocs\jewelnet\public\index.php(50): CodeIgniter\CodeIgniter->run()
#5 {main}
CRITICAL - 2023-03-06 14:02:10 --> Argument 1 passed to CodeIgniter\HTTP\RedirectResponse::to() must be of the type string, null given, called in C:\xampp\htdocs\jewelnet\app\Controllers\NecklaceController.php on line 349
#0 C:\xampp\htdocs\jewelnet\app\Controllers\NecklaceController.php(349): CodeIgniter\HTTP\RedirectResponse->to(NULL)
#1 C:\xampp\htdocs\jewelnet\system\CodeIgniter.php(920): App\Controllers\NecklaceController->saveDataImg()
#2 C:\xampp\htdocs\jewelnet\system\CodeIgniter.php(406): CodeIgniter\CodeIgniter->runController(Object(App\Controllers\NecklaceController))
#3 C:\xampp\htdocs\jewelnet\system\CodeIgniter.php(314): CodeIgniter\CodeIgniter->handleRequest(NULL, Object(Config\Cache), false)
#4 C:\xampp\htdocs\jewelnet\public\index.php(50): CodeIgniter\CodeIgniter->run()
#5 {main}
CRITICAL - 2023-03-06 14:02:47 --> Argument 1 passed to CodeIgniter\HTTP\RedirectResponse::to() must be of the type string, null given, called in C:\xampp\htdocs\jewelnet\app\Controllers\NecklaceController.php on line 349
#0 C:\xampp\htdocs\jewelnet\app\Controllers\NecklaceController.php(349): CodeIgniter\HTTP\RedirectResponse->to(NULL)
#1 C:\xampp\htdocs\jewelnet\system\CodeIgniter.php(920): App\Controllers\NecklaceController->saveDataImg()
#2 C:\xampp\htdocs\jewelnet\system\CodeIgniter.php(406): CodeIgniter\CodeIgniter->runController(Object(App\Controllers\NecklaceController))
#3 C:\xampp\htdocs\jewelnet\system\CodeIgniter.php(314): CodeIgniter\CodeIgniter->handleRequest(NULL, Object(Config\Cache), false)
#4 C:\xampp\htdocs\jewelnet\public\index.php(50): CodeIgniter\CodeIgniter->run()
#5 {main}
CRITICAL - 2023-03-06 15:12:19 --> Argument 1 passed to CodeIgniter\HTTP\RedirectResponse::to() must be of the type string, null given, called in C:\xampp\htdocs\jewelnet\app\Controllers\NecklaceController.php on line 349
#0 C:\xampp\htdocs\jewelnet\app\Controllers\NecklaceController.php(349): CodeIgniter\HTTP\RedirectResponse->to(NULL)
#1 C:\xampp\htdocs\jewelnet\system\CodeIgniter.php(920): App\Controllers\NecklaceController->saveDataImg()
#2 C:\xampp\htdocs\jewelnet\system\CodeIgniter.php(406): CodeIgniter\CodeIgniter->runController(Object(App\Controllers\NecklaceController))
#3 C:\xampp\htdocs\jewelnet\system\CodeIgniter.php(314): CodeIgniter\CodeIgniter->handleRequest(NULL, Object(Config\Cache), false)
#4 C:\xampp\htdocs\jewelnet\public\index.php(50): CodeIgniter\CodeIgniter->run()
#5 {main}
CRITICAL - 2023-03-06 15:14:17 --> Argument 1 passed to CodeIgniter\HTTP\RedirectResponse::to() must be of the type string, null given, called in C:\xampp\htdocs\jewelnet\app\Controllers\NecklaceController.php on line 349
#0 C:\xampp\htdocs\jewelnet\app\Controllers\NecklaceController.php(349): CodeIgniter\HTTP\RedirectResponse->to(NULL)
#1 C:\xampp\htdocs\jewelnet\system\CodeIgniter.php(920): App\Controllers\NecklaceController->saveDataImg()
#2 C:\xampp\htdocs\jewelnet\system\CodeIgniter.php(406): CodeIgniter\CodeIgniter->runController(Object(App\Controllers\NecklaceController))
#3 C:\xampp\htdocs\jewelnet\system\CodeIgniter.php(314): CodeIgniter\CodeIgniter->handleRequest(NULL, Object(Config\Cache), false)
#4 C:\xampp\htdocs\jewelnet\public\index.php(50): CodeIgniter\CodeIgniter->run()
#5 {main}
CRITICAL - 2023-03-06 15:15:27 --> Argument 1 passed to CodeIgniter\HTTP\RedirectResponse::to() must be of the type string, null given, called in C:\xampp\htdocs\jewelnet\app\Controllers\NecklaceController.php on line 349
#0 C:\xampp\htdocs\jewelnet\app\Controllers\NecklaceController.php(349): CodeIgniter\HTTP\RedirectResponse->to(NULL)
#1 C:\xampp\htdocs\jewelnet\system\CodeIgniter.php(920): App\Controllers\NecklaceController->saveDataImg()
#2 C:\xampp\htdocs\jewelnet\system\CodeIgniter.php(406): CodeIgniter\CodeIgniter->runController(Object(App\Controllers\NecklaceController))
#3 C:\xampp\htdocs\jewelnet\system\CodeIgniter.php(314): CodeIgniter\CodeIgniter->handleRequest(NULL, Object(Config\Cache), false)
#4 C:\xampp\htdocs\jewelnet\public\index.php(50): CodeIgniter\CodeIgniter->run()
#5 {main}
CRITICAL - 2023-03-06 15:17:02 --> Argument 1 passed to CodeIgniter\HTTP\RedirectResponse::to() must be of the type string, null given, called in C:\xampp\htdocs\jewelnet\app\Controllers\NecklaceController.php on line 349
#0 C:\xampp\htdocs\jewelnet\app\Controllers\NecklaceController.php(349): CodeIgniter\HTTP\RedirectResponse->to(NULL)
#1 C:\xampp\htdocs\jewelnet\system\CodeIgniter.php(920): App\Controllers\NecklaceController->saveDataImg()
#2 C:\xampp\htdocs\jewelnet\system\CodeIgniter.php(406): CodeIgniter\CodeIgniter->runController(Object(App\Controllers\NecklaceController))
#3 C:\xampp\htdocs\jewelnet\system\CodeIgniter.php(314): CodeIgniter\CodeIgniter->handleRequest(NULL, Object(Config\Cache), false)
#4 C:\xampp\htdocs\jewelnet\public\index.php(50): CodeIgniter\CodeIgniter->run()
#5 {main}
CRITICAL - 2023-03-06 15:18:43 --> Argument 1 passed to CodeIgniter\HTTP\RedirectResponse::to() must be of the type string, null given, called in C:\xampp\htdocs\jewelnet\app\Controllers\NecklaceController.php on line 349
#0 C:\xampp\htdocs\jewelnet\app\Controllers\NecklaceController.php(349): CodeIgniter\HTTP\RedirectResponse->to(NULL)
#1 C:\xampp\htdocs\jewelnet\system\CodeIgniter.php(920): App\Controllers\NecklaceController->saveDataImg()
#2 C:\xampp\htdocs\jewelnet\system\CodeIgniter.php(406): CodeIgniter\CodeIgniter->runController(Object(App\Controllers\NecklaceController))
#3 C:\xampp\htdocs\jewelnet\system\CodeIgniter.php(314): CodeIgniter\CodeIgniter->handleRequest(NULL, Object(Config\Cache), false)
#4 C:\xampp\htdocs\jewelnet\public\index.php(50): CodeIgniter\CodeIgniter->run()
#5 {main}
CRITICAL - 2023-03-06 15:19:09 --> Argument 1 passed to CodeIgniter\HTTP\RedirectResponse::to() must be of the type string, null given, called in C:\xampp\htdocs\jewelnet\app\Controllers\NecklaceController.php on line 349
#0 C:\xampp\htdocs\jewelnet\app\Controllers\NecklaceController.php(349): CodeIgniter\HTTP\RedirectResponse->to(NULL)
#1 C:\xampp\htdocs\jewelnet\system\CodeIgniter.php(920): App\Controllers\NecklaceController->saveDataImg()
#2 C:\xampp\htdocs\jewelnet\system\CodeIgniter.php(406): CodeIgniter\CodeIgniter->runController(Object(App\Controllers\NecklaceController))
#3 C:\xampp\htdocs\jewelnet\system\CodeIgniter.php(314): CodeIgniter\CodeIgniter->handleRequest(NULL, Object(Config\Cache), false)
#4 C:\xampp\htdocs\jewelnet\public\index.php(50): CodeIgniter\CodeIgniter->run()
#5 {main}
CRITICAL - 2023-03-06 15:19:30 --> Argument 1 passed to CodeIgniter\HTTP\RedirectResponse::to() must be of the type string, null given, called in C:\xampp\htdocs\jewelnet\app\Controllers\NecklaceController.php on line 349
#0 C:\xampp\htdocs\jewelnet\app\Controllers\NecklaceController.php(349): CodeIgniter\HTTP\RedirectResponse->to(NULL)
#1 C:\xampp\htdocs\jewelnet\system\CodeIgniter.php(920): App\Controllers\NecklaceController->saveDataImg()
#2 C:\xampp\htdocs\jewelnet\system\CodeIgniter.php(406): CodeIgniter\CodeIgniter->runController(Object(App\Controllers\NecklaceController))
#3 C:\xampp\htdocs\jewelnet\system\CodeIgniter.php(314): CodeIgniter\CodeIgniter->handleRequest(NULL, Object(Config\Cache), false)
#4 C:\xampp\htdocs\jewelnet\public\index.php(50): CodeIgniter\CodeIgniter->run()
#5 {main}
CRITICAL - 2023-03-06 15:19:52 --> Argument 1 passed to CodeIgniter\HTTP\RedirectResponse::to() must be of the type string, null given, called in C:\xampp\htdocs\jewelnet\app\Controllers\NecklaceController.php on line 349
#0 C:\xampp\htdocs\jewelnet\app\Controllers\NecklaceController.php(349): CodeIgniter\HTTP\RedirectResponse->to(NULL)
#1 C:\xampp\htdocs\jewelnet\system\CodeIgniter.php(920): App\Controllers\NecklaceController->saveDataImg()
#2 C:\xampp\htdocs\jewelnet\system\CodeIgniter.php(406): CodeIgniter\CodeIgniter->runController(Object(App\Controllers\NecklaceController))
#3 C:\xampp\htdocs\jewelnet\system\CodeIgniter.php(314): CodeIgniter\CodeIgniter->handleRequest(NULL, Object(Config\Cache), false)
#4 C:\xampp\htdocs\jewelnet\public\index.php(50): CodeIgniter\CodeIgniter->run()
#5 {main}
CRITICAL - 2023-03-06 15:20:20 --> Argument 1 passed to CodeIgniter\HTTP\RedirectResponse::to() must be of the type string, null given, called in C:\xampp\htdocs\jewelnet\app\Controllers\NecklaceController.php on line 349
#0 C:\xampp\htdocs\jewelnet\app\Controllers\NecklaceController.php(349): CodeIgniter\HTTP\RedirectResponse->to(NULL)
#1 C:\xampp\htdocs\jewelnet\system\CodeIgniter.php(920): App\Controllers\NecklaceController->saveDataImg()
#2 C:\xampp\htdocs\jewelnet\system\CodeIgniter.php(406): CodeIgniter\CodeIgniter->runController(Object(App\Controllers\NecklaceController))
#3 C:\xampp\htdocs\jewelnet\system\CodeIgniter.php(314): CodeIgniter\CodeIgniter->handleRequest(NULL, Object(Config\Cache), false)
#4 C:\xampp\htdocs\jewelnet\public\index.php(50): CodeIgniter\CodeIgniter->run()
#5 {main}
CRITICAL - 2023-03-06 15:23:28 --> syntax error, unexpected ','
#0 C:\xampp\htdocs\jewelnet\system\Router\Router.php(195): CodeIgniter\Router\Router->autoRoute('NecklaceControl...')
#1 C:\xampp\htdocs\jewelnet\system\CodeIgniter.php(795): CodeIgniter\Router\Router->handle('NecklaceControl...')
#2 C:\xampp\htdocs\jewelnet\system\CodeIgniter.php(366): CodeIgniter\CodeIgniter->tryToRouteIt(Object(CodeIgniter\Router\RouteCollection))
#3 C:\xampp\htdocs\jewelnet\system\CodeIgniter.php(314): CodeIgniter\CodeIgniter->handleRequest(NULL, Object(Config\Cache), false)
#4 C:\xampp\htdocs\jewelnet\public\index.php(50): CodeIgniter\CodeIgniter->run()
#5 {main}
CRITICAL - 2023-03-06 15:23:29 --> syntax error, unexpected ','
#0 C:\xampp\htdocs\jewelnet\system\Router\Router.php(195): CodeIgniter\Router\Router->autoRoute('NecklaceControl...')
#1 C:\xampp\htdocs\jewelnet\system\CodeIgniter.php(795): CodeIgniter\Router\Router->handle('NecklaceControl...')
#2 C:\xampp\htdocs\jewelnet\system\CodeIgniter.php(366): CodeIgniter\CodeIgniter->tryToRouteIt(Object(CodeIgniter\Router\RouteCollection))
#3 C:\xampp\htdocs\jewelnet\system\CodeIgniter.php(314): CodeIgniter\CodeIgniter->handleRequest(NULL, Object(Config\Cache), false)
#4 C:\xampp\htdocs\jewelnet\public\index.php(50): CodeIgniter\CodeIgniter->run()
#5 {main}
CRITICAL - 2023-03-06 15:26:24 --> Argument 1 passed to CodeIgniter\HTTP\RedirectResponse::to() must be of the type string, null given, called in C:\xampp\htdocs\jewelnet\app\Controllers\NecklaceController.php on line 350
#0 C:\xampp\htdocs\jewelnet\app\Controllers\NecklaceController.php(350): CodeIgniter\HTTP\RedirectResponse->to(NULL)
#1 C:\xampp\htdocs\jewelnet\system\CodeIgniter.php(920): App\Controllers\NecklaceController->saveDataImg()
#2 C:\xampp\htdocs\jewelnet\system\CodeIgniter.php(406): CodeIgniter\CodeIgniter->runController(Object(App\Controllers\NecklaceController))
#3 C:\xampp\htdocs\jewelnet\system\CodeIgniter.php(314): CodeIgniter\CodeIgniter->handleRequest(NULL, Object(Config\Cache), false)
#4 C:\xampp\htdocs\jewelnet\public\index.php(50): CodeIgniter\CodeIgniter->run()
#5 {main}
CRITICAL - 2023-03-06 15:26:29 --> Argument 1 passed to CodeIgniter\HTTP\RedirectResponse::to() must be of the type string, null given, called in C:\xampp\htdocs\jewelnet\app\Controllers\NecklaceController.php on line 350
#0 C:\xampp\htdocs\jewelnet\app\Controllers\NecklaceController.php(350): CodeIgniter\HTTP\RedirectResponse->to(NULL)
#1 C:\xampp\htdocs\jewelnet\system\CodeIgniter.php(920): App\Controllers\NecklaceController->saveDataImg()
#2 C:\xampp\htdocs\jewelnet\system\CodeIgniter.php(406): CodeIgniter\CodeIgniter->runController(Object(App\Controllers\NecklaceController))
#3 C:\xampp\htdocs\jewelnet\system\CodeIgniter.php(314): CodeIgniter\CodeIgniter->handleRequest(NULL, Object(Config\Cache), false)
#4 C:\xampp\htdocs\jewelnet\public\index.php(50): CodeIgniter\CodeIgniter->run()
#5 {main}
CRITICAL - 2023-03-06 15:26:44 --> Argument 1 passed to CodeIgniter\HTTP\RedirectResponse::to() must be of the type string, null given, called in C:\xampp\htdocs\jewelnet\app\Controllers\NecklaceController.php on line 350
#0 C:\xampp\htdocs\jewelnet\app\Controllers\NecklaceController.php(350): CodeIgniter\HTTP\RedirectResponse->to(NULL)
#1 C:\xampp\htdocs\jewelnet\system\CodeIgniter.php(920): App\Controllers\NecklaceController->saveDataImg()
#2 C:\xampp\htdocs\jewelnet\system\CodeIgniter.php(406): CodeIgniter\CodeIgniter->runController(Object(App\Controllers\NecklaceController))
#3 C:\xampp\htdocs\jewelnet\system\CodeIgniter.php(314): CodeIgniter\CodeIgniter->handleRequest(NULL, Object(Config\Cache), false)
#4 C:\xampp\htdocs\jewelnet\public\index.php(50): CodeIgniter\CodeIgniter->run()
#5 {main}
CRITICAL - 2023-03-06 15:28:57 --> Argument 1 passed to CodeIgniter\HTTP\RedirectResponse::to() must be of the type string, null given, called in C:\xampp\htdocs\jewelnet\app\Controllers\NecklaceController.php on line 350
#0 C:\xampp\htdocs\jewelnet\app\Controllers\NecklaceController.php(350): CodeIgniter\HTTP\RedirectResponse->to(NULL)
#1 C:\xampp\htdocs\jewelnet\system\CodeIgniter.php(920): App\Controllers\NecklaceController->saveDataImg()
#2 C:\xampp\htdocs\jewelnet\system\CodeIgniter.php(406): CodeIgniter\CodeIgniter->runController(Object(App\Controllers\NecklaceController))
#3 C:\xampp\htdocs\jewelnet\system\CodeIgniter.php(314): CodeIgniter\CodeIgniter->handleRequest(NULL, Object(Config\Cache), false)
#4 C:\xampp\htdocs\jewelnet\public\index.php(50): CodeIgniter\CodeIgniter->run()
#5 {main}
CRITICAL - 2023-03-06 15:29:37 --> Argument 1 passed to CodeIgniter\HTTP\RedirectResponse::to() must be of the type string, null given, called in C:\xampp\htdocs\jewelnet\app\Controllers\NecklaceController.php on line 351
#0 C:\xampp\htdocs\jewelnet\app\Controllers\NecklaceController.php(351): CodeIgniter\HTTP\RedirectResponse->to(NULL)
#1 C:\xampp\htdocs\jewelnet\system\CodeIgniter.php(920): App\Controllers\NecklaceController->saveDataImg()
#2 C:\xampp\htdocs\jewelnet\system\CodeIgniter.php(406): CodeIgniter\CodeIgniter->runController(Object(App\Controllers\NecklaceController))
#3 C:\xampp\htdocs\jewelnet\system\CodeIgniter.php(314): CodeIgniter\CodeIgniter->handleRequest(NULL, Object(Config\Cache), false)
#4 C:\xampp\htdocs\jewelnet\public\index.php(50): CodeIgniter\CodeIgniter->run()
#5 {main}
CRITICAL - 2023-03-06 15:29:59 --> Argument 1 passed to CodeIgniter\HTTP\RedirectResponse::to() must be of the type string, null given, called in C:\xampp\htdocs\jewelnet\app\Controllers\NecklaceController.php on line 351
#0 C:\xampp\htdocs\jewelnet\app\Controllers\NecklaceController.php(351): CodeIgniter\HTTP\RedirectResponse->to(NULL)
#1 C:\xampp\htdocs\jewelnet\system\CodeIgniter.php(920): App\Controllers\NecklaceController->saveDataImg()
#2 C:\xampp\htdocs\jewelnet\system\CodeIgniter.php(406): CodeIgniter\CodeIgniter->runController(Object(App\Controllers\NecklaceController))
#3 C:\xampp\htdocs\jewelnet\system\CodeIgniter.php(314): CodeIgniter\CodeIgniter->handleRequest(NULL, Object(Config\Cache), false)
#4 C:\xampp\htdocs\jewelnet\public\index.php(50): CodeIgniter\CodeIgniter->run()
#5 {main}
CRITICAL - 2023-03-06 15:30:27 --> Argument 1 passed to CodeIgniter\HTTP\RedirectResponse::to() must be of the type string, null given, called in C:\xampp\htdocs\jewelnet\app\Controllers\NecklaceController.php on line 351
#0 C:\xampp\htdocs\jewelnet\app\Controllers\NecklaceController.php(351): CodeIgniter\HTTP\RedirectResponse->to(NULL)
#1 C:\xampp\htdocs\jewelnet\system\CodeIgniter.php(920): App\Controllers\NecklaceController->saveDataImg()
#2 C:\xampp\htdocs\jewelnet\system\CodeIgniter.php(406): CodeIgniter\CodeIgniter->runController(Object(App\Controllers\NecklaceController))
#3 C:\xampp\htdocs\jewelnet\system\CodeIgniter.php(314): CodeIgniter\CodeIgniter->handleRequest(NULL, Object(Config\Cache), false)
#4 C:\xampp\htdocs\jewelnet\public\index.php(50): CodeIgniter\CodeIgniter->run()
#5 {main}
CRITICAL - 2023-03-06 15:33:26 --> Argument 1 passed to CodeIgniter\HTTP\RedirectResponse::to() must be of the type string, null given, called in C:\xampp\htdocs\jewelnet\app\Controllers\NecklaceController.php on line 351
#0 C:\xampp\htdocs\jewelnet\app\Controllers\NecklaceController.php(351): CodeIgniter\HTTP\RedirectResponse->to(NULL)
#1 C:\xampp\htdocs\jewelnet\system\CodeIgniter.php(920): App\Controllers\NecklaceController->saveDataImg()
#2 C:\xampp\htdocs\jewelnet\system\CodeIgniter.php(406): CodeIgniter\CodeIgniter->runController(Object(App\Controllers\NecklaceController))
#3 C:\xampp\htdocs\jewelnet\system\CodeIgniter.php(314): CodeIgniter\CodeIgniter->handleRequest(NULL, Object(Config\Cache), false)
#4 C:\xampp\htdocs\jewelnet\public\index.php(50): CodeIgniter\CodeIgniter->run()
#5 {main}
CRITICAL - 2023-03-06 15:33:55 --> Argument 1 passed to CodeIgniter\HTTP\RedirectResponse::to() must be of the type string, null given, called in C:\xampp\htdocs\jewelnet\app\Controllers\NecklaceController.php on line 351
#0 C:\xampp\htdocs\jewelnet\app\Controllers\NecklaceController.php(351): CodeIgniter\HTTP\RedirectResponse->to(NULL)
#1 C:\xampp\htdocs\jewelnet\system\CodeIgniter.php(920): App\Controllers\NecklaceController->saveDataImg()
#2 C:\xampp\htdocs\jewelnet\system\CodeIgniter.php(406): CodeIgniter\CodeIgniter->runController(Object(App\Controllers\NecklaceController))
#3 C:\xampp\htdocs\jewelnet\system\CodeIgniter.php(314): CodeIgniter\CodeIgniter->handleRequest(NULL, Object(Config\Cache), false)
#4 C:\xampp\htdocs\jewelnet\public\index.php(50): CodeIgniter\CodeIgniter->run()
#5 {main}
CRITICAL - 2023-03-06 15:35:44 --> Argument 1 passed to CodeIgniter\HTTP\RedirectResponse::to() must be of the type string, null given, called in C:\xampp\htdocs\jewelnet\app\Controllers\NecklaceController.php on line 351
#0 C:\xampp\htdocs\jewelnet\app\Controllers\NecklaceController.php(351): CodeIgniter\HTTP\RedirectResponse->to(NULL)
#1 C:\xampp\htdocs\jewelnet\system\CodeIgniter.php(920): App\Controllers\NecklaceController->saveDataImg()
#2 C:\xampp\htdocs\jewelnet\system\CodeIgniter.php(406): CodeIgniter\CodeIgniter->runController(Object(App\Controllers\NecklaceController))
#3 C:\xampp\htdocs\jewelnet\system\CodeIgniter.php(314): CodeIgniter\CodeIgniter->handleRequest(NULL, Object(Config\Cache), false)
#4 C:\xampp\htdocs\jewelnet\public\index.php(50): CodeIgniter\CodeIgniter->run()
#5 {main}
CRITICAL - 2023-03-06 15:36:21 --> Argument 1 passed to CodeIgniter\HTTP\RedirectResponse::to() must be of the type string, null given, called in C:\xampp\htdocs\jewelnet\app\Controllers\NecklaceController.php on line 351
#0 C:\xampp\htdocs\jewelnet\app\Controllers\NecklaceController.php(351): CodeIgniter\HTTP\RedirectResponse->to(NULL)
#1 C:\xampp\htdocs\jewelnet\system\CodeIgniter.php(920): App\Controllers\NecklaceController->saveDataImg()
#2 C:\xampp\htdocs\jewelnet\system\CodeIgniter.php(406): CodeIgniter\CodeIgniter->runController(Object(App\Controllers\NecklaceController))
#3 C:\xampp\htdocs\jewelnet\system\CodeIgniter.php(314): CodeIgniter\CodeIgniter->handleRequest(NULL, Object(Config\Cache), false)
#4 C:\xampp\htdocs\jewelnet\public\index.php(50): CodeIgniter\CodeIgniter->run()
#5 {main}
CRITICAL - 2023-03-06 15:37:52 --> Argument 1 passed to CodeIgniter\HTTP\RedirectResponse::to() must be of the type string, null given, called in C:\xampp\htdocs\jewelnet\app\Controllers\NecklaceController.php on line 351
#0 C:\xampp\htdocs\jewelnet\app\Controllers\NecklaceController.php(351): CodeIgniter\HTTP\RedirectResponse->to(NULL)
#1 C:\xampp\htdocs\jewelnet\system\CodeIgniter.php(920): App\Controllers\NecklaceController->saveDataImg()
#2 C:\xampp\htdocs\jewelnet\system\CodeIgniter.php(406): CodeIgniter\CodeIgniter->runController(Object(App\Controllers\NecklaceController))
#3 C:\xampp\htdocs\jewelnet\system\CodeIgniter.php(314): CodeIgniter\CodeIgniter->handleRequest(NULL, Object(Config\Cache), false)
#4 C:\xampp\htdocs\jewelnet\public\index.php(50): CodeIgniter\CodeIgniter->run()
#5 {main}
CRITICAL - 2023-03-06 15:38:25 --> Argument 1 passed to CodeIgniter\HTTP\RedirectResponse::to() must be of the type string, null given, called in C:\xampp\htdocs\jewelnet\app\Controllers\NecklaceController.php on line 351
#0 C:\xampp\htdocs\jewelnet\app\Controllers\NecklaceController.php(351): CodeIgniter\HTTP\RedirectResponse->to(NULL)
#1 C:\xampp\htdocs\jewelnet\system\CodeIgniter.php(920): App\Controllers\NecklaceController->saveDataImg()
#2 C:\xampp\htdocs\jewelnet\system\CodeIgniter.php(406): CodeIgniter\CodeIgniter->runController(Object(App\Controllers\NecklaceController))
#3 C:\xampp\htdocs\jewelnet\system\CodeIgniter.php(314): CodeIgniter\CodeIgniter->handleRequest(NULL, Object(Config\Cache), false)
#4 C:\xampp\htdocs\jewelnet\public\index.php(50): CodeIgniter\CodeIgniter->run()
#5 {main}
CRITICAL - 2023-03-06 15:45:18 --> Argument 1 passed to CodeIgniter\HTTP\RedirectResponse::to() must be of the type string, null given, called in C:\xampp\htdocs\jewelnet\app\Controllers\NecklaceController.php on line 351
#0 C:\xampp\htdocs\jewelnet\app\Controllers\NecklaceController.php(351): CodeIgniter\HTTP\RedirectResponse->to(NULL)
#1 C:\xampp\htdocs\jewelnet\system\CodeIgniter.php(920): App\Controllers\NecklaceController->saveDataImg()
#2 C:\xampp\htdocs\jewelnet\system\CodeIgniter.php(406): CodeIgniter\CodeIgniter->runController(Object(App\Controllers\NecklaceController))
#3 C:\xampp\htdocs\jewelnet\system\CodeIgniter.php(314): CodeIgniter\CodeIgniter->handleRequest(NULL, Object(Config\Cache), false)
#4 C:\xampp\htdocs\jewelnet\public\index.php(50): CodeIgniter\CodeIgniter->run()
#5 {main}
CRITICAL - 2023-03-06 15:47:53 --> Argument 1 passed to CodeIgniter\HTTP\RedirectResponse::to() must be of the type string, null given, called in C:\xampp\htdocs\jewelnet\app\Controllers\NecklaceController.php on line 351
#0 C:\xampp\htdocs\jewelnet\app\Controllers\NecklaceController.php(351): CodeIgniter\HTTP\RedirectResponse->to(NULL)
#1 C:\xampp\htdocs\jewelnet\system\CodeIgniter.php(920): App\Controllers\NecklaceController->saveDataImg()
#2 C:\xampp\htdocs\jewelnet\system\CodeIgniter.php(406): CodeIgniter\CodeIgniter->runController(Object(App\Controllers\NecklaceController))
#3 C:\xampp\htdocs\jewelnet\system\CodeIgniter.php(314): CodeIgniter\CodeIgniter->handleRequest(NULL, Object(Config\Cache), false)
#4 C:\xampp\htdocs\jewelnet\public\index.php(50): CodeIgniter\CodeIgniter->run()
#5 {main}
CRITICAL - 2023-03-06 16:05:08 --> Argument 1 passed to CodeIgniter\HTTP\RedirectResponse::to() must be of the type string, null given, called in C:\xampp\htdocs\jewelnet\app\Controllers\NecklaceController.php on line 350
#0 C:\xampp\htdocs\jewelnet\app\Controllers\NecklaceController.php(350): CodeIgniter\HTTP\RedirectResponse->to(NULL)
#1 C:\xampp\htdocs\jewelnet\system\CodeIgniter.php(920): App\Controllers\NecklaceController->saveDataImg()
#2 C:\xampp\htdocs\jewelnet\system\CodeIgniter.php(406): CodeIgniter\CodeIgniter->runController(Object(App\Controllers\NecklaceController))
#3 C:\xampp\htdocs\jewelnet\system\CodeIgniter.php(314): CodeIgniter\CodeIgniter->handleRequest(NULL, Object(Config\Cache), false)
#4 C:\xampp\htdocs\jewelnet\public\index.php(50): CodeIgniter\CodeIgniter->run()
#5 {main}
CRITICAL - 2023-03-06 16:13:38 --> syntax error, unexpected ','
#0 C:\xampp\htdocs\jewelnet\system\Autoloader\Autoloader.php(296): CodeIgniter\Autoloader\Autoloader->requireFile('C:\\xampp\\htdocs...')
#1 C:\xampp\htdocs\jewelnet\system\Autoloader\Autoloader.php(258): CodeIgniter\Autoloader\Autoloader->loadInNamespace('App\\Controllers...')
#2 [internal function]: CodeIgniter\Autoloader\Autoloader->loadClass('App\\Controllers...')
#3 [internal function]: spl_autoload_call('App\\Controllers...')
#4 C:\xampp\htdocs\jewelnet\system\CodeIgniter.php(871): class_exists('\\App\\Controller...', true)
#5 C:\xampp\htdocs\jewelnet\system\CodeIgniter.php(396): CodeIgniter\CodeIgniter->startController()
#6 C:\xampp\htdocs\jewelnet\system\CodeIgniter.php(314): CodeIgniter\CodeIgniter->handleRequest(NULL, Object(Config\Cache), false)
#7 C:\xampp\htdocs\jewelnet\public\index.php(50): CodeIgniter\CodeIgniter->run()
#8 {main}
CRITICAL - 2023-03-06 16:13:39 --> syntax error, unexpected ','
#0 C:\xampp\htdocs\jewelnet\system\Autoloader\Autoloader.php(296): CodeIgniter\Autoloader\Autoloader->requireFile('C:\\xampp\\htdocs...')
#1 C:\xampp\htdocs\jewelnet\system\Autoloader\Autoloader.php(258): CodeIgniter\Autoloader\Autoloader->loadInNamespace('App\\Controllers...')
#2 [internal function]: CodeIgniter\Autoloader\Autoloader->loadClass('App\\Controllers...')
#3 [internal function]: spl_autoload_call('App\\Controllers...')
#4 C:\xampp\htdocs\jewelnet\system\CodeIgniter.php(871): class_exists('\\App\\Controller...', true)
#5 C:\xampp\htdocs\jewelnet\system\CodeIgniter.php(396): CodeIgniter\CodeIgniter->startController()
#6 C:\xampp\htdocs\jewelnet\system\CodeIgniter.php(314): CodeIgniter\CodeIgniter->handleRequest(NULL, Object(Config\Cache), false)
#7 C:\xampp\htdocs\jewelnet\public\index.php(50): CodeIgniter\CodeIgniter->run()
#8 {main}
CRITICAL - 2023-03-06 16:14:02 --> syntax error, unexpected ','
#0 C:\xampp\htdocs\jewelnet\system\Autoloader\Autoloader.php(296): CodeIgniter\Autoloader\Autoloader->requireFile('C:\\xampp\\htdocs...')
#1 C:\xampp\htdocs\jewelnet\system\Autoloader\Autoloader.php(258): CodeIgniter\Autoloader\Autoloader->loadInNamespace('App\\Controllers...')
#2 [internal function]: CodeIgniter\Autoloader\Autoloader->loadClass('App\\Controllers...')
#3 [internal function]: spl_autoload_call('App\\Controllers...')
#4 C:\xampp\htdocs\jewelnet\system\CodeIgniter.php(871): class_exists('\\App\\Controller...', true)
#5 C:\xampp\htdocs\jewelnet\system\CodeIgniter.php(396): CodeIgniter\CodeIgniter->startController()
#6 C:\xampp\htdocs\jewelnet\system\CodeIgniter.php(314): CodeIgniter\CodeIgniter->handleRequest(NULL, Object(Config\Cache), false)
#7 C:\xampp\htdocs\jewelnet\public\index.php(50): CodeIgniter\CodeIgniter->run()
#8 {main}
CRITICAL - 2023-03-06 16:15:21 --> Argument 1 passed to CodeIgniter\HTTP\RedirectResponse::to() must be of the type string, null given, called in C:\xampp\htdocs\jewelnet\app\Controllers\NecklaceController.php on line 351
#0 C:\xampp\htdocs\jewelnet\app\Controllers\NecklaceController.php(351): CodeIgniter\HTTP\RedirectResponse->to(NULL)
#1 C:\xampp\htdocs\jewelnet\system\CodeIgniter.php(920): App\Controllers\NecklaceController->saveDataImg()
#2 C:\xampp\htdocs\jewelnet\system\CodeIgniter.php(406): CodeIgniter\CodeIgniter->runController(Object(App\Controllers\NecklaceController))
#3 C:\xampp\htdocs\jewelnet\system\CodeIgniter.php(314): CodeIgniter\CodeIgniter->handleRequest(NULL, Object(Config\Cache), false)
#4 C:\xampp\htdocs\jewelnet\public\index.php(50): CodeIgniter\CodeIgniter->run()
#5 {main}
CRITICAL - 2023-03-06 16:22:20 --> Argument 1 passed to CodeIgniter\HTTP\RedirectResponse::to() must be of the type string, null given, called in C:\xampp\htdocs\jewelnet\app\Controllers\NecklaceController.php on line 351
#0 C:\xampp\htdocs\jewelnet\app\Controllers\NecklaceController.php(351): CodeIgniter\HTTP\RedirectResponse->to(NULL)
#1 C:\xampp\htdocs\jewelnet\system\CodeIgniter.php(920): App\Controllers\NecklaceController->saveDataImg()
#2 C:\xampp\htdocs\jewelnet\system\CodeIgniter.php(406): CodeIgniter\CodeIgniter->runController(Object(App\Controllers\NecklaceController))
#3 C:\xampp\htdocs\jewelnet\system\CodeIgniter.php(314): CodeIgniter\CodeIgniter->handleRequest(NULL, Object(Config\Cache), false)
#4 C:\xampp\htdocs\jewelnet\public\index.php(50): CodeIgniter\CodeIgniter->run()
#5 {main}
CRITICAL - 2023-03-06 16:25:02 --> Argument 1 passed to CodeIgniter\HTTP\RedirectResponse::to() must be of the type string, null given, called in C:\xampp\htdocs\jewelnet\app\Controllers\NecklaceController.php on line 351
#0 C:\xampp\htdocs\jewelnet\app\Controllers\NecklaceController.php(351): CodeIgniter\HTTP\RedirectResponse->to(NULL)
#1 C:\xampp\htdocs\jewelnet\system\CodeIgniter.php(920): App\Controllers\NecklaceController->saveDataImg()
#2 C:\xampp\htdocs\jewelnet\system\CodeIgniter.php(406): CodeIgniter\CodeIgniter->runController(Object(App\Controllers\NecklaceController))
#3 C:\xampp\htdocs\jewelnet\system\CodeIgniter.php(314): CodeIgniter\CodeIgniter->handleRequest(NULL, Object(Config\Cache), false)
#4 C:\xampp\htdocs\jewelnet\public\index.php(50): CodeIgniter\CodeIgniter->run()
#5 {main}
CRITICAL - 2023-03-06 16:35:34 --> fopen(): Filename cannot be empty
#0 [internal function]: CodeIgniter\Debug\Exceptions->errorHandler(2, 'fopen(): Filena...', 'C:\\xampp\\htdocs...', 338, Array)
#1 C:\xampp\htdocs\jewelnet\app\Controllers\NecklaceController.php(338): fopen('', 'wb')
#2 C:\xampp\htdocs\jewelnet\system\CodeIgniter.php(920): App\Controllers\NecklaceController->saveDataImg()
#3 C:\xampp\htdocs\jewelnet\system\CodeIgniter.php(406): CodeIgniter\CodeIgniter->runController(Object(App\Controllers\NecklaceController))
#4 C:\xampp\htdocs\jewelnet\system\CodeIgniter.php(314): CodeIgniter\CodeIgniter->handleRequest(NULL, Object(Config\Cache), false)
#5 C:\xampp\htdocs\jewelnet\public\index.php(50): CodeIgniter\CodeIgniter->run()
#6 {main}
CRITICAL - 2023-03-06 16:35:35 --> Argument 1 passed to CodeIgniter\HTTP\RedirectResponse::to() must be of the type string, null given, called in C:\xampp\htdocs\jewelnet\app\Controllers\NecklaceController.php on line 351
#0 C:\xampp\htdocs\jewelnet\app\Controllers\NecklaceController.php(351): CodeIgniter\HTTP\RedirectResponse->to(NULL)
#1 C:\xampp\htdocs\jewelnet\system\CodeIgniter.php(920): App\Controllers\NecklaceController->saveDataImg()
#2 C:\xampp\htdocs\jewelnet\system\CodeIgniter.php(406): CodeIgniter\CodeIgniter->runController(Object(App\Controllers\NecklaceController))
#3 C:\xampp\htdocs\jewelnet\system\CodeIgniter.php(314): CodeIgniter\CodeIgniter->handleRequest(NULL, Object(Config\Cache), false)
#4 C:\xampp\htdocs\jewelnet\public\index.php(50): CodeIgniter\CodeIgniter->run()
#5 {main}
CRITICAL - 2023-03-06 17:26:04 --> The supplied file is not a supported image type.
#0 C:\xampp\htdocs\jewelnet\system\Images\Image.php(143): CodeIgniter\Images\Exceptions\ImageException::forFileNotSupported()
#1 C:\xampp\htdocs\jewelnet\system\Images\Handlers\BaseHandler.php(173): CodeIgniter\Images\Image->getProperties(false)
#2 C:\xampp\htdocs\jewelnet\app\Controllers\NecklaceController.php(345): CodeIgniter\Images\Handlers\BaseHandler->withFile('uploads/nkbg/be...')
#3 C:\xampp\htdocs\jewelnet\system\CodeIgniter.php(920): App\Controllers\NecklaceController->saveDataImg()
#4 C:\xampp\htdocs\jewelnet\system\CodeIgniter.php(406): CodeIgniter\CodeIgniter->runController(Object(App\Controllers\NecklaceController))
#5 C:\xampp\htdocs\jewelnet\system\CodeIgniter.php(314): CodeIgniter\CodeIgniter->handleRequest(NULL, Object(Config\Cache), false)
#6 C:\xampp\htdocs\jewelnet\public\index.php(50): CodeIgniter\CodeIgniter->run()
#7 {main}
CRITICAL - 2023-03-06 17:26:04 --> Argument 1 passed to CodeIgniter\HTTP\RedirectResponse::to() must be of the type string, null given, called in C:\xampp\htdocs\jewelnet\app\Controllers\NecklaceController.php on line 358
#0 C:\xampp\htdocs\jewelnet\app\Controllers\NecklaceController.php(358): CodeIgniter\HTTP\RedirectResponse->to(NULL)
#1 C:\xampp\htdocs\jewelnet\system\CodeIgniter.php(920): App\Controllers\NecklaceController->saveDataImg()
#2 C:\xampp\htdocs\jewelnet\system\CodeIgniter.php(406): CodeIgniter\CodeIgniter->runController(Object(App\Controllers\NecklaceController))
#3 C:\xampp\htdocs\jewelnet\system\CodeIgniter.php(314): CodeIgniter\CodeIgniter->handleRequest(NULL, Object(Config\Cache), false)
#4 C:\xampp\htdocs\jewelnet\public\index.php(50): CodeIgniter\CodeIgniter->run()
#5 {main}
CRITICAL - 2023-03-06 17:26:47 --> Argument 1 passed to CodeIgniter\HTTP\RedirectResponse::to() must be of the type string, null given, called in C:\xampp\htdocs\jewelnet\app\Controllers\NecklaceController.php on line 359
#0 C:\xampp\htdocs\jewelnet\app\Controllers\NecklaceController.php(359): CodeIgniter\HTTP\RedirectResponse->to(NULL)
#1 C:\xampp\htdocs\jewelnet\system\CodeIgniter.php(920): App\Controllers\NecklaceController->saveDataImg()
#2 C:\xampp\htdocs\jewelnet\system\CodeIgniter.php(406): CodeIgniter\CodeIgniter->runController(Object(App\Controllers\NecklaceController))
#3 C:\xampp\htdocs\jewelnet\system\CodeIgniter.php(314): CodeIgniter\CodeIgniter->handleRequest(NULL, Object(Config\Cache), false)
#4 C:\xampp\htdocs\jewelnet\public\index.php(50): CodeIgniter\CodeIgniter->run()
#5 {main}
CRITICAL - 2023-03-06 17:29:33 --> The supplied file is not a supported image type.
#0 C:\xampp\htdocs\jewelnet\system\Images\Image.php(143): CodeIgniter\Images\Exceptions\ImageException::forFileNotSupported()
#1 C:\xampp\htdocs\jewelnet\system\Images\Handlers\BaseHandler.php(173): CodeIgniter\Images\Image->getProperties(false)
#2 C:\xampp\htdocs\jewelnet\app\Controllers\NecklaceController.php(346): CodeIgniter\Images\Handlers\BaseHandler->withFile('uploads/nkbg/be...')
#3 C:\xampp\htdocs\jewelnet\system\CodeIgniter.php(920): App\Controllers\NecklaceController->saveDataImg()
#4 C:\xampp\htdocs\jewelnet\system\CodeIgniter.php(406): CodeIgniter\CodeIgniter->runController(Object(App\Controllers\NecklaceController))
#5 C:\xampp\htdocs\jewelnet\system\CodeIgniter.php(314): CodeIgniter\CodeIgniter->handleRequest(NULL, Object(Config\Cache), false)
#6 C:\xampp\htdocs\jewelnet\public\index.php(50): CodeIgniter\CodeIgniter->run()
#7 {main}
CRITICAL - 2023-03-06 17:29:33 --> Argument 1 passed to CodeIgniter\HTTP\RedirectResponse::to() must be of the type string, null given, called in C:\xampp\htdocs\jewelnet\app\Controllers\NecklaceController.php on line 359
#0 C:\xampp\htdocs\jewelnet\app\Controllers\NecklaceController.php(359): CodeIgniter\HTTP\RedirectResponse->to(NULL)
#1 C:\xampp\htdocs\jewelnet\system\CodeIgniter.php(920): App\Controllers\NecklaceController->saveDataImg()
#2 C:\xampp\htdocs\jewelnet\system\CodeIgniter.php(406): CodeIgniter\CodeIgniter->runController(Object(App\Controllers\NecklaceController))
#3 C:\xampp\htdocs\jewelnet\system\CodeIgniter.php(314): CodeIgniter\CodeIgniter->handleRequest(NULL, Object(Config\Cache), false)
#4 C:\xampp\htdocs\jewelnet\public\index.php(50): CodeIgniter\CodeIgniter->run()
#5 {main}
CRITICAL - 2023-03-06 17:31:28 --> The supplied file is not a supported image type.
#0 C:\xampp\htdocs\jewelnet\system\Images\Image.php(143): CodeIgniter\Images\Exceptions\ImageException::forFileNotSupported()
#1 C:\xampp\htdocs\jewelnet\system\Images\Handlers\BaseHandler.php(173): CodeIgniter\Images\Image->getProperties(false)
#2 C:\xampp\htdocs\jewelnet\app\Controllers\NecklaceController.php(346): CodeIgniter\Images\Handlers\BaseHandler->withFile('uploads/nkbg/ea...')
#3 C:\xampp\htdocs\jewelnet\system\CodeIgniter.php(920): App\Controllers\NecklaceController->saveDataImg()
#4 C:\xampp\htdocs\jewelnet\system\CodeIgniter.php(406): CodeIgniter\CodeIgniter->runController(Object(App\Controllers\NecklaceController))
#5 C:\xampp\htdocs\jewelnet\system\CodeIgniter.php(314): CodeIgniter\CodeIgniter->handleRequest(NULL, Object(Config\Cache), false)
#6 C:\xampp\htdocs\jewelnet\public\index.php(50): CodeIgniter\CodeIgniter->run()
#7 {main}
CRITICAL - 2023-03-06 17:31:29 --> Argument 1 passed to CodeIgniter\HTTP\RedirectResponse::to() must be of the type string, null given, called in C:\xampp\htdocs\jewelnet\app\Controllers\NecklaceController.php on line 359
#0 C:\xampp\htdocs\jewelnet\app\Controllers\NecklaceController.php(359): CodeIgniter\HTTP\RedirectResponse->to(NULL)
#1 C:\xampp\htdocs\jewelnet\system\CodeIgniter.php(920): App\Controllers\NecklaceController->saveDataImg()
#2 C:\xampp\htdocs\jewelnet\system\CodeIgniter.php(406): CodeIgniter\CodeIgniter->runController(Object(App\Controllers\NecklaceController))
#3 C:\xampp\htdocs\jewelnet\system\CodeIgniter.php(314): CodeIgniter\CodeIgniter->handleRequest(NULL, Object(Config\Cache), false)
#4 C:\xampp\htdocs\jewelnet\public\index.php(50): CodeIgniter\CodeIgniter->run()
#5 {main}
CRITICAL - 2023-03-06 18:49:49 --> Argument 1 passed to CodeIgniter\HTTP\RedirectResponse::to() must be of the type string, null given, called in C:\xampp\htdocs\jewelnet\app\Controllers\NecklaceController.php on line 387
#0 C:\xampp\htdocs\jewelnet\app\Controllers\NecklaceController.php(387): CodeIgniter\HTTP\RedirectResponse->to(NULL)
#1 C:\xampp\htdocs\jewelnet\system\CodeIgniter.php(920): App\Controllers\NecklaceController->saveDataImg()
#2 C:\xampp\htdocs\jewelnet\system\CodeIgniter.php(406): CodeIgniter\CodeIgniter->runController(Object(App\Controllers\NecklaceController))
#3 C:\xampp\htdocs\jewelnet\system\CodeIgniter.php(314): CodeIgniter\CodeIgniter->handleRequest(NULL, Object(Config\Cache), false)
#4 C:\xampp\htdocs\jewelnet\public\index.php(50): CodeIgniter\CodeIgniter->run()
#5 {main}
CRITICAL - 2023-03-06 18:53:50 --> Argument 1 passed to CodeIgniter\HTTP\RedirectResponse::to() must be of the type string, null given, called in C:\xampp\htdocs\jewelnet\app\Controllers\NecklaceController.php on line 387
#0 C:\xampp\htdocs\jewelnet\app\Controllers\NecklaceController.php(387): CodeIgniter\HTTP\RedirectResponse->to(NULL)
#1 C:\xampp\htdocs\jewelnet\system\CodeIgniter.php(920): App\Controllers\NecklaceController->saveDataImg()
#2 C:\xampp\htdocs\jewelnet\system\CodeIgniter.php(406): CodeIgniter\CodeIgniter->runController(Object(App\Controllers\NecklaceController))
#3 C:\xampp\htdocs\jewelnet\system\CodeIgniter.php(314): CodeIgniter\CodeIgniter->handleRequest(NULL, Object(Config\Cache), false)
#4 C:\xampp\htdocs\jewelnet\public\index.php(50): CodeIgniter\CodeIgniter->run()
#5 {main}
