CRITICAL - 2022-09-07 00:34:28 --> Maximum execution time of 30 seconds exceeded
#0 [internal function]: CodeIgniter\Debug\Exceptions->shutdownHandler()
#1 {main}
CRITICAL - 2022-09-07 01:22:24 --> Maximum execution time of 30 seconds exceeded
#0 [internal function]: CodeIgniter\Debug\Exceptions->shutdownHandler()
#1 {main}
CRITICAL - 2022-09-07 01:23:40 --> Maximum execution time of 30 seconds exceeded
#0 [internal function]: CodeIgniter\Debug\Exceptions->shutdownHandler()
#1 {main}
CRITICAL - 2022-09-07 07:39:38 --> A non-numeric value encountered
#0 /var/www/html/app/Controllers/ApiAdvertise.php(169): CodeIgniter\Debug\Exceptions->errorHandler(2, 'A non-numeric v...', '/var/www/html/a...', 169, Array)
#1 /var/www/html/system/CodeIgniter.php(918): App\Controllers\ApiAdvertise->bannerCount()
#2 /var/www/html/system/CodeIgniter.php(404): CodeIgniter\CodeIgniter->runController(Object(App\Controllers\ApiAdvertise))
#3 /var/www/html/system/CodeIgniter.php(312): CodeIgniter\CodeIgniter->handleRequest(NULL, Object(Config\Cache), false)
#4 /var/www/html/public/index.php(45): CodeIgniter\CodeIgniter->run()
#5 {main}
CRITICAL - 2022-09-07 12:28:30 --> A non-numeric value encountered
#0 /var/www/html/app/Controllers/ApiAdvertise.php(169): CodeIgniter\Debug\Exceptions->errorHandler(2, 'A non-numeric v...', '/var/www/html/a...', 169, Array)
#1 /var/www/html/system/CodeIgniter.php(918): App\Controllers\ApiAdvertise->bannerCount()
#2 /var/www/html/system/CodeIgniter.php(404): CodeIgniter\CodeIgniter->runController(Object(App\Controllers\ApiAdvertise))
#3 /var/www/html/system/CodeIgniter.php(312): CodeIgniter\CodeIgniter->handleRequest(NULL, Object(Config\Cache), false)
#4 /var/www/html/public/index.php(45): CodeIgniter\CodeIgniter->run()
#5 {main}
CRITICAL - 2022-09-07 18:04:47 --> Maximum execution time of 30 seconds exceeded
#0 [internal function]: CodeIgniter\Debug\Exceptions->shutdownHandler()
#1 {main}
CRITICAL - 2022-09-07 18:10:43 --> A non-numeric value encountered
#0 /var/www/html/app/Controllers/ApiAdvertise.php(169): CodeIgniter\Debug\Exceptions->errorHandler(2, 'A non-numeric v...', '/var/www/html/a...', 169, Array)
#1 /var/www/html/system/CodeIgniter.php(918): App\Controllers\ApiAdvertise->bannerCount()
#2 /var/www/html/system/CodeIgniter.php(404): CodeIgniter\CodeIgniter->runController(Object(App\Controllers\ApiAdvertise))
#3 /var/www/html/system/CodeIgniter.php(312): CodeIgniter\CodeIgniter->handleRequest(NULL, Object(Config\Cache), false)
#4 /var/www/html/public/index.php(45): CodeIgniter\CodeIgniter->run()
#5 {main}
CRITICAL - 2022-09-07 19:11:25 --> A non-numeric value encountered
#0 /var/www/html/app/Controllers/ApiAdvertise.php(169): CodeIgniter\Debug\Exceptions->errorHandler(2, 'A non-numeric v...', '/var/www/html/a...', 169, Array)
#1 /var/www/html/system/CodeIgniter.php(918): App\Controllers\ApiAdvertise->bannerCount()
#2 /var/www/html/system/CodeIgniter.php(404): CodeIgniter\CodeIgniter->runController(Object(App\Controllers\ApiAdvertise))
#3 /var/www/html/system/CodeIgniter.php(312): CodeIgniter\CodeIgniter->handleRequest(NULL, Object(Config\Cache), false)
#4 /var/www/html/public/index.php(45): CodeIgniter\CodeIgniter->run()
#5 {main}
CRITICAL - 2022-09-07 19:17:57 --> A non-numeric value encountered
#0 /var/www/html/app/Controllers/ApiAdvertise.php(169): CodeIgniter\Debug\Exceptions->errorHandler(2, 'A non-numeric v...', '/var/www/html/a...', 169, Array)
#1 /var/www/html/system/CodeIgniter.php(918): App\Controllers\ApiAdvertise->bannerCount()
#2 /var/www/html/system/CodeIgniter.php(404): CodeIgniter\CodeIgniter->runController(Object(App\Controllers\ApiAdvertise))
#3 /var/www/html/system/CodeIgniter.php(312): CodeIgniter\CodeIgniter->handleRequest(NULL, Object(Config\Cache), false)
#4 /var/www/html/public/index.php(45): CodeIgniter\CodeIgniter->run()
#5 {main}
CRITICAL - 2022-09-07 21:34:04 --> A non-numeric value encountered
#0 /var/www/html/app/Controllers/ApiAdvertise.php(169): CodeIgniter\Debug\Exceptions->errorHandler(2, 'A non-numeric v...', '/var/www/html/a...', 169, Array)
#1 /var/www/html/system/CodeIgniter.php(918): App\Controllers\ApiAdvertise->bannerCount()
#2 /var/www/html/system/CodeIgniter.php(404): CodeIgniter\CodeIgniter->runController(Object(App\Controllers\ApiAdvertise))
#3 /var/www/html/system/CodeIgniter.php(312): CodeIgniter\CodeIgniter->handleRequest(NULL, Object(Config\Cache), false)
#4 /var/www/html/public/index.php(45): CodeIgniter\CodeIgniter->run()
#5 {main}
