CRITICAL - 2022-12-24 18:23:09 --> syntax error, unexpected end of file
#0 /var/www/html/system/Autoloader/Autoloader.php(296): CodeIgniter\Autoloader\Autoloader->requireFile('/var/www/html/a...')
#1 /var/www/html/system/Autoloader/Autoloader.php(258): CodeIgniter\Autoloader\Autoloader->loadInNamespace('App\\Controllers...')
#2 [internal function]: CodeIgniter\Autoloader\Autoloader->loadClass('App\\Controllers...')
#3 [internal function]: spl_autoload_call('App\\Controllers...')
#4 /var/www/html/system/CodeIgniter.php(869): class_exists('\\App\\Controller...', true)
#5 /var/www/html/system/CodeIgniter.php(394): CodeIgniter\CodeIgniter->startController()
#6 /var/www/html/system/CodeIgniter.php(312): CodeIgniter\CodeIgniter->handleRequest(NULL, Object(Config\Cache), false)
#7 /var/www/html/public/index.php(45): CodeIgniter\CodeIgniter->run()
#8 {main}
CRITICAL - 2022-12-24 18:57:52 --> Class 'App\Controllers\coupon_purchase' not found
#0 /var/www/html/system/CodeIgniter.php(918): App\Controllers\ReportController->clist()
#1 /var/www/html/system/CodeIgniter.php(404): CodeIgniter\CodeIgniter->runController(Object(App\Controllers\ReportController))
#2 /var/www/html/system/CodeIgniter.php(312): CodeIgniter\CodeIgniter->handleRequest(NULL, Object(Config\Cache), false)
#3 /var/www/html/public/index.php(45): CodeIgniter\CodeIgniter->run()
#4 {main}
CRITICAL - 2022-12-24 18:58:39 --> Use of undefined constant data - assumed 'data' (this will throw an Error in a future version of PHP)
#0 /var/www/html/app/Controllers/ReportController.php(1239): CodeIgniter\Debug\Exceptions->errorHandler(2, 'Use of undefine...', '/var/www/html/a...', 1239, Array)
#1 /var/www/html/system/CodeIgniter.php(918): App\Controllers\ReportController->clist()
#2 /var/www/html/system/CodeIgniter.php(404): CodeIgniter\CodeIgniter->runController(Object(App\Controllers\ReportController))
#3 /var/www/html/system/CodeIgniter.php(312): CodeIgniter\CodeIgniter->handleRequest(NULL, Object(Config\Cache), false)
#4 /var/www/html/public/index.php(45): CodeIgniter\CodeIgniter->run()
#5 {main}
CRITICAL - 2022-12-24 18:58:43 --> Use of undefined constant data - assumed 'data' (this will throw an Error in a future version of PHP)
#0 /var/www/html/app/Controllers/ReportController.php(1239): CodeIgniter\Debug\Exceptions->errorHandler(2, 'Use of undefine...', '/var/www/html/a...', 1239, Array)
#1 /var/www/html/system/CodeIgniter.php(918): App\Controllers\ReportController->clist()
#2 /var/www/html/system/CodeIgniter.php(404): CodeIgniter\CodeIgniter->runController(Object(App\Controllers\ReportController))
#3 /var/www/html/system/CodeIgniter.php(312): CodeIgniter\CodeIgniter->handleRequest(NULL, Object(Config\Cache), false)
#4 /var/www/html/public/index.php(45): CodeIgniter\CodeIgniter->run()
#5 {main}
CRITICAL - 2022-12-24 18:59:25 --> Use of undefined constant data - assumed 'data' (this will throw an Error in a future version of PHP)
#0 /var/www/html/app/Controllers/ReportController.php(1239): CodeIgniter\Debug\Exceptions->errorHandler(2, 'Use of undefine...', '/var/www/html/a...', 1239, Array)
#1 /var/www/html/system/CodeIgniter.php(918): App\Controllers\ReportController->clist()
#2 /var/www/html/system/CodeIgniter.php(404): CodeIgniter\CodeIgniter->runController(Object(App\Controllers\ReportController))
#3 /var/www/html/system/CodeIgniter.php(312): CodeIgniter\CodeIgniter->handleRequest(NULL, Object(Config\Cache), false)
#4 /var/www/html/public/index.php(45): CodeIgniter\CodeIgniter->run()
#5 {main}
CRITICAL - 2022-12-24 18:59:27 --> Use of undefined constant data - assumed 'data' (this will throw an Error in a future version of PHP)
#0 /var/www/html/app/Controllers/ReportController.php(1239): CodeIgniter\Debug\Exceptions->errorHandler(2, 'Use of undefine...', '/var/www/html/a...', 1239, Array)
#1 /var/www/html/system/CodeIgniter.php(918): App\Controllers\ReportController->clist()
#2 /var/www/html/system/CodeIgniter.php(404): CodeIgniter\CodeIgniter->runController(Object(App\Controllers\ReportController))
#3 /var/www/html/system/CodeIgniter.php(312): CodeIgniter\CodeIgniter->handleRequest(NULL, Object(Config\Cache), false)
#4 /var/www/html/public/index.php(45): CodeIgniter\CodeIgniter->run()
#5 {main}
CRITICAL - 2022-12-24 19:06:38 --> A non-numeric value encountered
#0 /var/www/html/app/Views/admin/OnlineShopping/orderlist.php(283): CodeIgniter\Debug\Exceptions->errorHandler(2, 'A non-numeric v...', '/var/www/html/a...', 283, Array)
#1 /var/www/html/system/View/View.php(246): include('/var/www/html/a...')
#2 /var/www/html/system/Common.php(1119): CodeIgniter\View\View->render('admin/OnlineSho...', Array, true)
#3 /var/www/html/app/Libraries/Template.php(15): view('admin/OnlineSho...', Array)
#4 /var/www/html/app/Controllers/OnlineShopping.php(116): App\Libraries\Template->render('admintemplate', 'contents', 'admin/OnlineSho...', Array)
#5 /var/www/html/system/CodeIgniter.php(918): App\Controllers\OnlineShopping->index()
#6 /var/www/html/system/CodeIgniter.php(404): CodeIgniter\CodeIgniter->runController(Object(App\Controllers\OnlineShopping))
#7 /var/www/html/system/CodeIgniter.php(312): CodeIgniter\CodeIgniter->handleRequest(NULL, Object(Config\Cache), false)
#8 /var/www/html/public/index.php(45): CodeIgniter\CodeIgniter->run()
#9 {main}
CRITICAL - 2022-12-24 19:06:57 --> A non-numeric value encountered
#0 /var/www/html/app/Views/admin/OnlineShopping/orderlist.php(283): CodeIgniter\Debug\Exceptions->errorHandler(2, 'A non-numeric v...', '/var/www/html/a...', 283, Array)
#1 /var/www/html/system/View/View.php(246): include('/var/www/html/a...')
#2 /var/www/html/system/Common.php(1119): CodeIgniter\View\View->render('admin/OnlineSho...', Array, true)
#3 /var/www/html/app/Libraries/Template.php(15): view('admin/OnlineSho...', Array)
#4 /var/www/html/app/Controllers/OnlineShopping.php(116): App\Libraries\Template->render('admintemplate', 'contents', 'admin/OnlineSho...', Array)
#5 /var/www/html/system/CodeIgniter.php(918): App\Controllers\OnlineShopping->index()
#6 /var/www/html/system/CodeIgniter.php(404): CodeIgniter\CodeIgniter->runController(Object(App\Controllers\OnlineShopping))
#7 /var/www/html/system/CodeIgniter.php(312): CodeIgniter\CodeIgniter->handleRequest(NULL, Object(Config\Cache), false)
#8 /var/www/html/public/index.php(45): CodeIgniter\CodeIgniter->run()
#9 {main}
CRITICAL - 2022-12-24 19:11:17 --> A non-numeric value encountered
#0 /var/www/html/app/Views/admin/OnlineShopping/orderlist.php(283): CodeIgniter\Debug\Exceptions->errorHandler(2, 'A non-numeric v...', '/var/www/html/a...', 283, Array)
#1 /var/www/html/system/View/View.php(246): include('/var/www/html/a...')
#2 /var/www/html/system/Common.php(1119): CodeIgniter\View\View->render('admin/OnlineSho...', Array, true)
#3 /var/www/html/app/Libraries/Template.php(15): view('admin/OnlineSho...', Array)
#4 /var/www/html/app/Controllers/OnlineShopping.php(116): App\Libraries\Template->render('admintemplate', 'contents', 'admin/OnlineSho...', Array)
#5 /var/www/html/system/CodeIgniter.php(918): App\Controllers\OnlineShopping->index()
#6 /var/www/html/system/CodeIgniter.php(404): CodeIgniter\CodeIgniter->runController(Object(App\Controllers\OnlineShopping))
#7 /var/www/html/system/CodeIgniter.php(312): CodeIgniter\CodeIgniter->handleRequest(NULL, Object(Config\Cache), false)
#8 /var/www/html/public/index.php(45): CodeIgniter\CodeIgniter->run()
#9 {main}
CRITICAL - 2022-12-24 19:40:44 --> syntax error, unexpected 'else' (T_ELSE)
#0 /var/www/html/system/Common.php(1119): CodeIgniter\View\View->render('admin/report/co...', Array, true)
#1 /var/www/html/app/Libraries/Template.php(15): view('admin/report/co...', Array)
#2 /var/www/html/app/Controllers/ReportController.php(1241): App\Libraries\Template->render('admintemplate', 'contents', 'admin/report/co...', Array)
#3 /var/www/html/system/CodeIgniter.php(918): App\Controllers\ReportController->clist()
#4 /var/www/html/system/CodeIgniter.php(404): CodeIgniter\CodeIgniter->runController(Object(App\Controllers\ReportController))
#5 /var/www/html/system/CodeIgniter.php(312): CodeIgniter\CodeIgniter->handleRequest(NULL, Object(Config\Cache), false)
#6 /var/www/html/public/index.php(45): CodeIgniter\CodeIgniter->run()
#7 {main}
