CRITICAL - 2023-04-14 12:06:29 --> Access denied for user 'genie'@'localhost' (using password: YES)
#0 C:\xampp\htdocs\hotott\app\Views\admin\transaction\preview.php(52): mysqli_connect('localhost', 'genie', 'Genie@20', 'ott_mlm')
#1 C:\xampp\htdocs\hotott\system\View\View.php(246): include('C:\\xampp\\htdocs...')
#2 C:\xampp\htdocs\hotott\system\Common.php(1119): CodeIgniter\View\View->render('admin/transacti...', Array, true)
#3 C:\xampp\htdocs\hotott\app\Libraries\Template.php(15): view('admin/transacti...', Array)
#4 C:\xampp\htdocs\hotott\app\Controllers\TransactionController.php(118): App\Libraries\Template->render('admintemplate', 'contents', 'admin/transacti...', Array)
#5 C:\xampp\htdocs\hotott\system\CodeIgniter.php(918): App\Controllers\TransactionController->preview()
#6 C:\xampp\htdocs\hotott\system\CodeIgniter.php(404): CodeIgniter\CodeIgniter->runController(Object(App\Controllers\TransactionController))
#7 C:\xampp\htdocs\hotott\system\CodeIgniter.php(312): CodeIgniter\CodeIgniter->handleRequest(NULL, Object(Config\Cache), false)
#8 C:\xampp\htdocs\hotott\public\index.php(45): CodeIgniter\CodeIgniter->run()
#9 {main}
CRITICAL - 2023-04-14 12:06:29 --> Access denied for user 'genie'@'localhost' (using password: YES)
#0 C:\xampp\htdocs\hotott\app\Views\admin\transaction\preview.php(52): mysqli_connect('localhost', 'genie', 'Genie@20', 'ott_mlm')
#1 C:\xampp\htdocs\hotott\system\View\View.php(246): include('C:\\xampp\\htdocs...')
#2 C:\xampp\htdocs\hotott\system\Common.php(1119): CodeIgniter\View\View->render('admin/transacti...', Array, true)
#3 C:\xampp\htdocs\hotott\app\Libraries\Template.php(15): view('admin/transacti...', Array)
#4 C:\xampp\htdocs\hotott\app\Controllers\TransactionController.php(118): App\Libraries\Template->render('admintemplate', 'contents', 'admin/transacti...', Array)
#5 C:\xampp\htdocs\hotott\system\CodeIgniter.php(918): App\Controllers\TransactionController->preview()
#6 C:\xampp\htdocs\hotott\system\CodeIgniter.php(404): CodeIgniter\CodeIgniter->runController(Object(App\Controllers\TransactionController))
#7 C:\xampp\htdocs\hotott\system\CodeIgniter.php(312): CodeIgniter\CodeIgniter->handleRequest(NULL, Object(Config\Cache), false)
#8 C:\xampp\htdocs\hotott\public\index.php(45): CodeIgniter\CodeIgniter->run()
#9 {main}
CRITICAL - 2023-04-14 12:06:42 --> Access denied for user 'genie'@'localhost' (using password: YES)
#0 C:\xampp\htdocs\hotott\app\Views\admin\transaction\preview.php(52): mysqli_connect('localhost', 'genie', 'Genie@20', 'ott_mlm')
#1 C:\xampp\htdocs\hotott\system\View\View.php(246): include('C:\\xampp\\htdocs...')
#2 C:\xampp\htdocs\hotott\system\Common.php(1119): CodeIgniter\View\View->render('admin/transacti...', Array, true)
#3 C:\xampp\htdocs\hotott\app\Libraries\Template.php(15): view('admin/transacti...', Array)
#4 C:\xampp\htdocs\hotott\app\Controllers\TransactionController.php(118): App\Libraries\Template->render('admintemplate', 'contents', 'admin/transacti...', Array)
#5 C:\xampp\htdocs\hotott\system\CodeIgniter.php(918): App\Controllers\TransactionController->preview()
#6 C:\xampp\htdocs\hotott\system\CodeIgniter.php(404): CodeIgniter\CodeIgniter->runController(Object(App\Controllers\TransactionController))
#7 C:\xampp\htdocs\hotott\system\CodeIgniter.php(312): CodeIgniter\CodeIgniter->handleRequest(NULL, Object(Config\Cache), false)
#8 C:\xampp\htdocs\hotott\public\index.php(45): CodeIgniter\CodeIgniter->run()
#9 {main}
CRITICAL - 2023-04-14 12:06:54 --> Access denied for user 'genie'@'localhost' (using password: YES)
#0 C:\xampp\htdocs\hotott\app\Views\admin\transaction\preview.php(52): mysqli_connect('localhost', 'genie', 'Genie@20', 'ott_mlm')
#1 C:\xampp\htdocs\hotott\system\View\View.php(246): include('C:\\xampp\\htdocs...')
#2 C:\xampp\htdocs\hotott\system\Common.php(1119): CodeIgniter\View\View->render('admin/transacti...', Array, true)
#3 C:\xampp\htdocs\hotott\app\Libraries\Template.php(15): view('admin/transacti...', Array)
#4 C:\xampp\htdocs\hotott\app\Controllers\TransactionController.php(118): App\Libraries\Template->render('admintemplate', 'contents', 'admin/transacti...', Array)
#5 C:\xampp\htdocs\hotott\system\CodeIgniter.php(918): App\Controllers\TransactionController->preview()
#6 C:\xampp\htdocs\hotott\system\CodeIgniter.php(404): CodeIgniter\CodeIgniter->runController(Object(App\Controllers\TransactionController))
#7 C:\xampp\htdocs\hotott\system\CodeIgniter.php(312): CodeIgniter\CodeIgniter->handleRequest(NULL, Object(Config\Cache), false)
#8 C:\xampp\htdocs\hotott\public\index.php(45): CodeIgniter\CodeIgniter->run()
#9 {main}
CRITICAL - 2023-04-14 13:08:22 --> Argument 2 passed to view() must be of the type array, bool given, called in C:\xampp\htdocs\hotott\app\Controllers\IdentityController.php on line 127
#0 C:\xampp\htdocs\hotott\app\Controllers\IdentityController.php(127): view('admin/IdentityC...', true)
#1 C:\xampp\htdocs\hotott\system\CodeIgniter.php(918): App\Controllers\IdentityController->idcard()
#2 C:\xampp\htdocs\hotott\system\CodeIgniter.php(404): CodeIgniter\CodeIgniter->runController(Object(App\Controllers\IdentityController))
#3 C:\xampp\htdocs\hotott\system\CodeIgniter.php(312): CodeIgniter\CodeIgniter->handleRequest(NULL, Object(Config\Cache), false)
#4 C:\xampp\htdocs\hotott\public\index.php(45): CodeIgniter\CodeIgniter->run()
#5 {main}
CRITICAL - 2023-04-14 13:08:23 --> Argument 2 passed to view() must be of the type array, bool given, called in C:\xampp\htdocs\hotott\app\Controllers\IdentityController.php on line 127
#0 C:\xampp\htdocs\hotott\app\Controllers\IdentityController.php(127): view('admin/IdentityC...', true)
#1 C:\xampp\htdocs\hotott\system\CodeIgniter.php(918): App\Controllers\IdentityController->idcard()
#2 C:\xampp\htdocs\hotott\system\CodeIgniter.php(404): CodeIgniter\CodeIgniter->runController(Object(App\Controllers\IdentityController))
#3 C:\xampp\htdocs\hotott\system\CodeIgniter.php(312): CodeIgniter\CodeIgniter->handleRequest(NULL, Object(Config\Cache), false)
#4 C:\xampp\htdocs\hotott\public\index.php(45): CodeIgniter\CodeIgniter->run()
#5 {main}
CRITICAL - 2023-04-14 17:59:36 --> Call to a member function where() on null
#0 C:\xampp\htdocs\hotott\system\CodeIgniter.php(918): App\Controllers\PinController->adminpinTranferSave()
#1 C:\xampp\htdocs\hotott\system\CodeIgniter.php(404): CodeIgniter\CodeIgniter->runController(Object(App\Controllers\PinController))
#2 C:\xampp\htdocs\hotott\system\CodeIgniter.php(312): CodeIgniter\CodeIgniter->handleRequest(NULL, Object(Config\Cache), false)
#3 C:\xampp\htdocs\hotott\public\index.php(45): CodeIgniter\CodeIgniter->run()
#4 {main}
CRITICAL - 2023-04-14 17:59:38 --> Call to a member function where() on null
#0 C:\xampp\htdocs\hotott\system\CodeIgniter.php(918): App\Controllers\PinController->adminpinTranferSave()
#1 C:\xampp\htdocs\hotott\system\CodeIgniter.php(404): CodeIgniter\CodeIgniter->runController(Object(App\Controllers\PinController))
#2 C:\xampp\htdocs\hotott\system\CodeIgniter.php(312): CodeIgniter\CodeIgniter->handleRequest(NULL, Object(Config\Cache), false)
#3 C:\xampp\htdocs\hotott\public\index.php(45): CodeIgniter\CodeIgniter->run()
#4 {main}
CRITICAL - 2023-04-14 18:29:27 --> syntax error, unexpected 'first' (T_STRING)
#0 C:\xampp\htdocs\hotott\system\Autoloader\Autoloader.php(296): CodeIgniter\Autoloader\Autoloader->requireFile('C:\\xampp\\htdocs...')
#1 C:\xampp\htdocs\hotott\system\Autoloader\Autoloader.php(258): CodeIgniter\Autoloader\Autoloader->loadInNamespace('App\\Controllers...')
#2 [internal function]: CodeIgniter\Autoloader\Autoloader->loadClass('App\\Controllers...')
#3 [internal function]: spl_autoload_call('App\\Controllers...')
#4 C:\xampp\htdocs\hotott\system\CodeIgniter.php(869): class_exists('\\App\\Controller...', true)
#5 C:\xampp\htdocs\hotott\system\CodeIgniter.php(394): CodeIgniter\CodeIgniter->startController()
#6 C:\xampp\htdocs\hotott\system\CodeIgniter.php(312): CodeIgniter\CodeIgniter->handleRequest(NULL, Object(Config\Cache), false)
#7 C:\xampp\htdocs\hotott\public\index.php(45): CodeIgniter\CodeIgniter->run()
#8 {main}
CRITICAL - 2023-04-14 18:29:28 --> syntax error, unexpected 'first' (T_STRING)
#0 C:\xampp\htdocs\hotott\system\Autoloader\Autoloader.php(296): CodeIgniter\Autoloader\Autoloader->requireFile('C:\\xampp\\htdocs...')
#1 C:\xampp\htdocs\hotott\system\Autoloader\Autoloader.php(258): CodeIgniter\Autoloader\Autoloader->loadInNamespace('App\\Controllers...')
#2 [internal function]: CodeIgniter\Autoloader\Autoloader->loadClass('App\\Controllers...')
#3 [internal function]: spl_autoload_call('App\\Controllers...')
#4 C:\xampp\htdocs\hotott\system\CodeIgniter.php(869): class_exists('\\App\\Controller...', true)
#5 C:\xampp\htdocs\hotott\system\CodeIgniter.php(394): CodeIgniter\CodeIgniter->startController()
#6 C:\xampp\htdocs\hotott\system\CodeIgniter.php(312): CodeIgniter\CodeIgniter->handleRequest(NULL, Object(Config\Cache), false)
#7 C:\xampp\htdocs\hotott\public\index.php(45): CodeIgniter\CodeIgniter->run()
#8 {main}
CRITICAL - 2023-04-14 18:29:29 --> syntax error, unexpected 'first' (T_STRING)
#0 C:\xampp\htdocs\hotott\system\Autoloader\Autoloader.php(296): CodeIgniter\Autoloader\Autoloader->requireFile('C:\\xampp\\htdocs...')
#1 C:\xampp\htdocs\hotott\system\Autoloader\Autoloader.php(258): CodeIgniter\Autoloader\Autoloader->loadInNamespace('App\\Controllers...')
#2 [internal function]: CodeIgniter\Autoloader\Autoloader->loadClass('App\\Controllers...')
#3 [internal function]: spl_autoload_call('App\\Controllers...')
#4 C:\xampp\htdocs\hotott\system\CodeIgniter.php(869): class_exists('\\App\\Controller...', true)
#5 C:\xampp\htdocs\hotott\system\CodeIgniter.php(394): CodeIgniter\CodeIgniter->startController()
#6 C:\xampp\htdocs\hotott\system\CodeIgniter.php(312): CodeIgniter\CodeIgniter->handleRequest(NULL, Object(Config\Cache), false)
#7 C:\xampp\htdocs\hotott\public\index.php(45): CodeIgniter\CodeIgniter->run()
#8 {main}
CRITICAL - 2023-04-14 18:29:29 --> syntax error, unexpected 'first' (T_STRING)
#0 C:\xampp\htdocs\hotott\system\Autoloader\Autoloader.php(296): CodeIgniter\Autoloader\Autoloader->requireFile('C:\\xampp\\htdocs...')
#1 C:\xampp\htdocs\hotott\system\Autoloader\Autoloader.php(258): CodeIgniter\Autoloader\Autoloader->loadInNamespace('App\\Controllers...')
#2 [internal function]: CodeIgniter\Autoloader\Autoloader->loadClass('App\\Controllers...')
#3 [internal function]: spl_autoload_call('App\\Controllers...')
#4 C:\xampp\htdocs\hotott\system\CodeIgniter.php(869): class_exists('\\App\\Controller...', true)
#5 C:\xampp\htdocs\hotott\system\CodeIgniter.php(394): CodeIgniter\CodeIgniter->startController()
#6 C:\xampp\htdocs\hotott\system\CodeIgniter.php(312): CodeIgniter\CodeIgniter->handleRequest(NULL, Object(Config\Cache), false)
#7 C:\xampp\htdocs\hotott\public\index.php(45): CodeIgniter\CodeIgniter->run()
#8 {main}
CRITICAL - 2023-04-14 18:30:28 --> Cannot use object of type App\Models\AdminModel as array
#0 C:\xampp\htdocs\hotott\system\CodeIgniter.php(918): App\Controllers\PinController->adminpinTranferSave()
#1 C:\xampp\htdocs\hotott\system\CodeIgniter.php(404): CodeIgniter\CodeIgniter->runController(Object(App\Controllers\PinController))
#2 C:\xampp\htdocs\hotott\system\CodeIgniter.php(312): CodeIgniter\CodeIgniter->handleRequest(NULL, Object(Config\Cache), false)
#3 C:\xampp\htdocs\hotott\public\index.php(45): CodeIgniter\CodeIgniter->run()
#4 {main}
CRITICAL - 2023-04-14 18:30:28 --> Cannot use object of type App\Models\AdminModel as array
#0 C:\xampp\htdocs\hotott\system\CodeIgniter.php(918): App\Controllers\PinController->adminpinTranferSave()
#1 C:\xampp\htdocs\hotott\system\CodeIgniter.php(404): CodeIgniter\CodeIgniter->runController(Object(App\Controllers\PinController))
#2 C:\xampp\htdocs\hotott\system\CodeIgniter.php(312): CodeIgniter\CodeIgniter->handleRequest(NULL, Object(Config\Cache), false)
#3 C:\xampp\htdocs\hotott\public\index.php(45): CodeIgniter\CodeIgniter->run()
#4 {main}
CRITICAL - 2023-04-14 18:32:11 --> Argument 1 passed to CodeIgniter\HTTP\RedirectResponse::to() must be of the type string, null given, called in C:\xampp\htdocs\hotott\app\Controllers\PinController.php on line 1411
#0 C:\xampp\htdocs\hotott\app\Controllers\PinController.php(1411): CodeIgniter\HTTP\RedirectResponse->to(NULL)
#1 C:\xampp\htdocs\hotott\system\CodeIgniter.php(918): App\Controllers\PinController->adminpinTranferSave()
#2 C:\xampp\htdocs\hotott\system\CodeIgniter.php(404): CodeIgniter\CodeIgniter->runController(Object(App\Controllers\PinController))
#3 C:\xampp\htdocs\hotott\system\CodeIgniter.php(312): CodeIgniter\CodeIgniter->handleRequest(NULL, Object(Config\Cache), false)
#4 C:\xampp\htdocs\hotott\public\index.php(45): CodeIgniter\CodeIgniter->run()
#5 {main}
