CRITICAL - 2022-10-22 00:18:02 --> Maximum execution time of 30 seconds exceeded
#0 [internal function]: CodeIgniter\Debug\Exceptions->shutdownHandler()
#1 {main}
CRITICAL - 2022-10-22 03:12:53 --> Maximum execution time of 30 seconds exceeded
#0 [internal function]: CodeIgniter\Debug\Exceptions->shutdownHandler()
#1 {main}
CRITICAL - 2022-10-22 15:55:46 --> Maximum execution time of 30 seconds exceeded
#0 [internal function]: CodeIgniter\Debug\Exceptions->shutdownHandler()
#1 {main}
CRITICAL - 2022-10-22 15:57:03 --> Maximum execution time of 30 seconds exceeded
#0 [internal function]: CodeIgniter\Debug\Exceptions->shutdownHandler()
#1 {main}
CRITICAL - 2022-10-22 18:17:54 --> A non-numeric value encountered
#0 /var/www/html/app/Controllers/ApiUsers.php(2371): CodeIgniter\Debug\Exceptions->errorHandler(2, 'A non-numeric v...', '/var/www/html/a...', 2371, Array)
#1 /var/www/html/system/CodeIgniter.php(918): App\Controllers\ApiUsers->productPrice()
#2 /var/www/html/system/CodeIgniter.php(404): CodeIgniter\CodeIgniter->runController(Object(App\Controllers\ApiUsers))
#3 /var/www/html/system/CodeIgniter.php(312): CodeIgniter\CodeIgniter->handleRequest(NULL, Object(Config\Cache), false)
#4 /var/www/html/public/index.php(45): CodeIgniter\CodeIgniter->run()
#5 {main}
CRITICAL - 2022-10-22 18:17:54 --> A non-numeric value encountered
#0 /var/www/html/app/Controllers/ApiUsers.php(2371): CodeIgniter\Debug\Exceptions->errorHandler(2, 'A non-numeric v...', '/var/www/html/a...', 2371, Array)
#1 /var/www/html/system/CodeIgniter.php(918): App\Controllers\ApiUsers->productPrice()
#2 /var/www/html/system/CodeIgniter.php(404): CodeIgniter\CodeIgniter->runController(Object(App\Controllers\ApiUsers))
#3 /var/www/html/system/CodeIgniter.php(312): CodeIgniter\CodeIgniter->handleRequest(NULL, Object(Config\Cache), false)
#4 /var/www/html/public/index.php(45): CodeIgniter\CodeIgniter->run()
#5 {main}
CRITICAL - 2022-10-22 18:18:00 --> A non-numeric value encountered
#0 /var/www/html/app/Controllers/ApiUsers.php(2371): CodeIgniter\Debug\Exceptions->errorHandler(2, 'A non-numeric v...', '/var/www/html/a...', 2371, Array)
#1 /var/www/html/system/CodeIgniter.php(918): App\Controllers\ApiUsers->productPrice()
#2 /var/www/html/system/CodeIgniter.php(404): CodeIgniter\CodeIgniter->runController(Object(App\Controllers\ApiUsers))
#3 /var/www/html/system/CodeIgniter.php(312): CodeIgniter\CodeIgniter->handleRequest(NULL, Object(Config\Cache), false)
#4 /var/www/html/public/index.php(45): CodeIgniter\CodeIgniter->run()
#5 {main}
CRITICAL - 2022-10-22 18:18:04 --> A non-numeric value encountered
#0 /var/www/html/app/Controllers/ApiUsers.php(2371): CodeIgniter\Debug\Exceptions->errorHandler(2, 'A non-numeric v...', '/var/www/html/a...', 2371, Array)
#1 /var/www/html/system/CodeIgniter.php(918): App\Controllers\ApiUsers->productPrice()
#2 /var/www/html/system/CodeIgniter.php(404): CodeIgniter\CodeIgniter->runController(Object(App\Controllers\ApiUsers))
#3 /var/www/html/system/CodeIgniter.php(312): CodeIgniter\CodeIgniter->handleRequest(NULL, Object(Config\Cache), false)
#4 /var/www/html/public/index.php(45): CodeIgniter\CodeIgniter->run()
#5 {main}
CRITICAL - 2022-10-22 18:18:32 --> A non-numeric value encountered
#0 /var/www/html/app/Controllers/ApiUsers.php(2371): CodeIgniter\Debug\Exceptions->errorHandler(2, 'A non-numeric v...', '/var/www/html/a...', 2371, Array)
#1 /var/www/html/system/CodeIgniter.php(918): App\Controllers\ApiUsers->productPrice()
#2 /var/www/html/system/CodeIgniter.php(404): CodeIgniter\CodeIgniter->runController(Object(App\Controllers\ApiUsers))
#3 /var/www/html/system/CodeIgniter.php(312): CodeIgniter\CodeIgniter->handleRequest(NULL, Object(Config\Cache), false)
#4 /var/www/html/public/index.php(45): CodeIgniter\CodeIgniter->run()
#5 {main}
CRITICAL - 2022-10-22 18:18:33 --> A non-numeric value encountered
#0 /var/www/html/app/Controllers/ApiUsers.php(2371): CodeIgniter\Debug\Exceptions->errorHandler(2, 'A non-numeric v...', '/var/www/html/a...', 2371, Array)
#1 /var/www/html/system/CodeIgniter.php(918): App\Controllers\ApiUsers->productPrice()
#2 /var/www/html/system/CodeIgniter.php(404): CodeIgniter\CodeIgniter->runController(Object(App\Controllers\ApiUsers))
#3 /var/www/html/system/CodeIgniter.php(312): CodeIgniter\CodeIgniter->handleRequest(NULL, Object(Config\Cache), false)
#4 /var/www/html/public/index.php(45): CodeIgniter\CodeIgniter->run()
#5 {main}
CRITICAL - 2022-10-22 18:18:38 --> A non-numeric value encountered
#0 /var/www/html/app/Controllers/ApiUsers.php(2371): CodeIgniter\Debug\Exceptions->errorHandler(2, 'A non-numeric v...', '/var/www/html/a...', 2371, Array)
#1 /var/www/html/system/CodeIgniter.php(918): App\Controllers\ApiUsers->productPrice()
#2 /var/www/html/system/CodeIgniter.php(404): CodeIgniter\CodeIgniter->runController(Object(App\Controllers\ApiUsers))
#3 /var/www/html/system/CodeIgniter.php(312): CodeIgniter\CodeIgniter->handleRequest(NULL, Object(Config\Cache), false)
#4 /var/www/html/public/index.php(45): CodeIgniter\CodeIgniter->run()
#5 {main}
CRITICAL - 2022-10-22 18:18:41 --> A non-numeric value encountered
#0 /var/www/html/app/Controllers/ApiUsers.php(2371): CodeIgniter\Debug\Exceptions->errorHandler(2, 'A non-numeric v...', '/var/www/html/a...', 2371, Array)
#1 /var/www/html/system/CodeIgniter.php(918): App\Controllers\ApiUsers->productPrice()
#2 /var/www/html/system/CodeIgniter.php(404): CodeIgniter\CodeIgniter->runController(Object(App\Controllers\ApiUsers))
#3 /var/www/html/system/CodeIgniter.php(312): CodeIgniter\CodeIgniter->handleRequest(NULL, Object(Config\Cache), false)
#4 /var/www/html/public/index.php(45): CodeIgniter\CodeIgniter->run()
#5 {main}
CRITICAL - 2022-10-22 18:18:43 --> A non-numeric value encountered
#0 /var/www/html/app/Controllers/ApiUsers.php(2371): CodeIgniter\Debug\Exceptions->errorHandler(2, 'A non-numeric v...', '/var/www/html/a...', 2371, Array)
#1 /var/www/html/system/CodeIgniter.php(918): App\Controllers\ApiUsers->productPrice()
#2 /var/www/html/system/CodeIgniter.php(404): CodeIgniter\CodeIgniter->runController(Object(App\Controllers\ApiUsers))
#3 /var/www/html/system/CodeIgniter.php(312): CodeIgniter\CodeIgniter->handleRequest(NULL, Object(Config\Cache), false)
#4 /var/www/html/public/index.php(45): CodeIgniter\CodeIgniter->run()
#5 {main}
CRITICAL - 2022-10-22 18:18:48 --> A non-numeric value encountered
#0 /var/www/html/app/Controllers/ApiUsers.php(2371): CodeIgniter\Debug\Exceptions->errorHandler(2, 'A non-numeric v...', '/var/www/html/a...', 2371, Array)
#1 /var/www/html/system/CodeIgniter.php(918): App\Controllers\ApiUsers->productPrice()
#2 /var/www/html/system/CodeIgniter.php(404): CodeIgniter\CodeIgniter->runController(Object(App\Controllers\ApiUsers))
#3 /var/www/html/system/CodeIgniter.php(312): CodeIgniter\CodeIgniter->handleRequest(NULL, Object(Config\Cache), false)
#4 /var/www/html/public/index.php(45): CodeIgniter\CodeIgniter->run()
#5 {main}
CRITICAL - 2022-10-22 18:18:50 --> A non-numeric value encountered
#0 /var/www/html/app/Controllers/ApiUsers.php(2371): CodeIgniter\Debug\Exceptions->errorHandler(2, 'A non-numeric v...', '/var/www/html/a...', 2371, Array)
#1 /var/www/html/system/CodeIgniter.php(918): App\Controllers\ApiUsers->productPrice()
#2 /var/www/html/system/CodeIgniter.php(404): CodeIgniter\CodeIgniter->runController(Object(App\Controllers\ApiUsers))
#3 /var/www/html/system/CodeIgniter.php(312): CodeIgniter\CodeIgniter->handleRequest(NULL, Object(Config\Cache), false)
#4 /var/www/html/public/index.php(45): CodeIgniter\CodeIgniter->run()
#5 {main}
CRITICAL - 2022-10-22 18:18:57 --> A non-numeric value encountered
#0 /var/www/html/app/Controllers/ApiUsers.php(2371): CodeIgniter\Debug\Exceptions->errorHandler(2, 'A non-numeric v...', '/var/www/html/a...', 2371, Array)
#1 /var/www/html/system/CodeIgniter.php(918): App\Controllers\ApiUsers->productPrice()
#2 /var/www/html/system/CodeIgniter.php(404): CodeIgniter\CodeIgniter->runController(Object(App\Controllers\ApiUsers))
#3 /var/www/html/system/CodeIgniter.php(312): CodeIgniter\CodeIgniter->handleRequest(NULL, Object(Config\Cache), false)
#4 /var/www/html/public/index.php(45): CodeIgniter\CodeIgniter->run()
#5 {main}
CRITICAL - 2022-10-22 18:18:58 --> A non-numeric value encountered
#0 /var/www/html/app/Controllers/ApiUsers.php(2371): CodeIgniter\Debug\Exceptions->errorHandler(2, 'A non-numeric v...', '/var/www/html/a...', 2371, Array)
#1 /var/www/html/system/CodeIgniter.php(918): App\Controllers\ApiUsers->productPrice()
#2 /var/www/html/system/CodeIgniter.php(404): CodeIgniter\CodeIgniter->runController(Object(App\Controllers\ApiUsers))
#3 /var/www/html/system/CodeIgniter.php(312): CodeIgniter\CodeIgniter->handleRequest(NULL, Object(Config\Cache), false)
#4 /var/www/html/public/index.php(45): CodeIgniter\CodeIgniter->run()
#5 {main}
CRITICAL - 2022-10-22 18:19:17 --> A non-numeric value encountered
#0 /var/www/html/app/Controllers/ApiUsers.php(2371): CodeIgniter\Debug\Exceptions->errorHandler(2, 'A non-numeric v...', '/var/www/html/a...', 2371, Array)
#1 /var/www/html/system/CodeIgniter.php(918): App\Controllers\ApiUsers->productPrice()
#2 /var/www/html/system/CodeIgniter.php(404): CodeIgniter\CodeIgniter->runController(Object(App\Controllers\ApiUsers))
#3 /var/www/html/system/CodeIgniter.php(312): CodeIgniter\CodeIgniter->handleRequest(NULL, Object(Config\Cache), false)
#4 /var/www/html/public/index.php(45): CodeIgniter\CodeIgniter->run()
#5 {main}
CRITICAL - 2022-10-22 18:19:18 --> A non-numeric value encountered
#0 /var/www/html/app/Controllers/ApiUsers.php(2371): CodeIgniter\Debug\Exceptions->errorHandler(2, 'A non-numeric v...', '/var/www/html/a...', 2371, Array)
#1 /var/www/html/system/CodeIgniter.php(918): App\Controllers\ApiUsers->productPrice()
#2 /var/www/html/system/CodeIgniter.php(404): CodeIgniter\CodeIgniter->runController(Object(App\Controllers\ApiUsers))
#3 /var/www/html/system/CodeIgniter.php(312): CodeIgniter\CodeIgniter->handleRequest(NULL, Object(Config\Cache), false)
#4 /var/www/html/public/index.php(45): CodeIgniter\CodeIgniter->run()
#5 {main}
CRITICAL - 2022-10-22 18:19:39 --> A non-numeric value encountered
#0 /var/www/html/app/Controllers/ApiUsers.php(2371): CodeIgniter\Debug\Exceptions->errorHandler(2, 'A non-numeric v...', '/var/www/html/a...', 2371, Array)
#1 /var/www/html/system/CodeIgniter.php(918): App\Controllers\ApiUsers->productPrice()
#2 /var/www/html/system/CodeIgniter.php(404): CodeIgniter\CodeIgniter->runController(Object(App\Controllers\ApiUsers))
#3 /var/www/html/system/CodeIgniter.php(312): CodeIgniter\CodeIgniter->handleRequest(NULL, Object(Config\Cache), false)
#4 /var/www/html/public/index.php(45): CodeIgniter\CodeIgniter->run()
#5 {main}
CRITICAL - 2022-10-22 18:20:06 --> A non-numeric value encountered
#0 /var/www/html/app/Controllers/ApiUsers.php(2371): CodeIgniter\Debug\Exceptions->errorHandler(2, 'A non-numeric v...', '/var/www/html/a...', 2371, Array)
#1 /var/www/html/system/CodeIgniter.php(918): App\Controllers\ApiUsers->productPrice()
#2 /var/www/html/system/CodeIgniter.php(404): CodeIgniter\CodeIgniter->runController(Object(App\Controllers\ApiUsers))
#3 /var/www/html/system/CodeIgniter.php(312): CodeIgniter\CodeIgniter->handleRequest(NULL, Object(Config\Cache), false)
#4 /var/www/html/public/index.php(45): CodeIgniter\CodeIgniter->run()
#5 {main}
CRITICAL - 2022-10-22 18:20:25 --> A non-numeric value encountered
#0 /var/www/html/app/Controllers/ApiUsers.php(2371): CodeIgniter\Debug\Exceptions->errorHandler(2, 'A non-numeric v...', '/var/www/html/a...', 2371, Array)
#1 /var/www/html/system/CodeIgniter.php(918): App\Controllers\ApiUsers->productPrice()
#2 /var/www/html/system/CodeIgniter.php(404): CodeIgniter\CodeIgniter->runController(Object(App\Controllers\ApiUsers))
#3 /var/www/html/system/CodeIgniter.php(312): CodeIgniter\CodeIgniter->handleRequest(NULL, Object(Config\Cache), false)
#4 /var/www/html/public/index.php(45): CodeIgniter\CodeIgniter->run()
#5 {main}
CRITICAL - 2022-10-22 18:20:27 --> A non-numeric value encountered
#0 /var/www/html/app/Controllers/ApiUsers.php(2371): CodeIgniter\Debug\Exceptions->errorHandler(2, 'A non-numeric v...', '/var/www/html/a...', 2371, Array)
#1 /var/www/html/system/CodeIgniter.php(918): App\Controllers\ApiUsers->productPrice()
#2 /var/www/html/system/CodeIgniter.php(404): CodeIgniter\CodeIgniter->runController(Object(App\Controllers\ApiUsers))
#3 /var/www/html/system/CodeIgniter.php(312): CodeIgniter\CodeIgniter->handleRequest(NULL, Object(Config\Cache), false)
#4 /var/www/html/public/index.php(45): CodeIgniter\CodeIgniter->run()
#5 {main}
CRITICAL - 2022-10-22 18:20:29 --> A non-numeric value encountered
#0 /var/www/html/app/Controllers/ApiUsers.php(2371): CodeIgniter\Debug\Exceptions->errorHandler(2, 'A non-numeric v...', '/var/www/html/a...', 2371, Array)
#1 /var/www/html/system/CodeIgniter.php(918): App\Controllers\ApiUsers->productPrice()
#2 /var/www/html/system/CodeIgniter.php(404): CodeIgniter\CodeIgniter->runController(Object(App\Controllers\ApiUsers))
#3 /var/www/html/system/CodeIgniter.php(312): CodeIgniter\CodeIgniter->handleRequest(NULL, Object(Config\Cache), false)
#4 /var/www/html/public/index.php(45): CodeIgniter\CodeIgniter->run()
#5 {main}
CRITICAL - 2022-10-22 18:20:31 --> A non-numeric value encountered
#0 /var/www/html/app/Controllers/ApiUsers.php(2371): CodeIgniter\Debug\Exceptions->errorHandler(2, 'A non-numeric v...', '/var/www/html/a...', 2371, Array)
#1 /var/www/html/system/CodeIgniter.php(918): App\Controllers\ApiUsers->productPrice()
#2 /var/www/html/system/CodeIgniter.php(404): CodeIgniter\CodeIgniter->runController(Object(App\Controllers\ApiUsers))
#3 /var/www/html/system/CodeIgniter.php(312): CodeIgniter\CodeIgniter->handleRequest(NULL, Object(Config\Cache), false)
#4 /var/www/html/public/index.php(45): CodeIgniter\CodeIgniter->run()
#5 {main}
CRITICAL - 2022-10-22 18:20:37 --> A non-numeric value encountered
#0 /var/www/html/app/Controllers/ApiUsers.php(2371): CodeIgniter\Debug\Exceptions->errorHandler(2, 'A non-numeric v...', '/var/www/html/a...', 2371, Array)
#1 /var/www/html/system/CodeIgniter.php(918): App\Controllers\ApiUsers->productPrice()
#2 /var/www/html/system/CodeIgniter.php(404): CodeIgniter\CodeIgniter->runController(Object(App\Controllers\ApiUsers))
#3 /var/www/html/system/CodeIgniter.php(312): CodeIgniter\CodeIgniter->handleRequest(NULL, Object(Config\Cache), false)
#4 /var/www/html/public/index.php(45): CodeIgniter\CodeIgniter->run()
#5 {main}
CRITICAL - 2022-10-22 18:20:50 --> A non-numeric value encountered
#0 /var/www/html/app/Controllers/ApiUsers.php(2371): CodeIgniter\Debug\Exceptions->errorHandler(2, 'A non-numeric v...', '/var/www/html/a...', 2371, Array)
#1 /var/www/html/system/CodeIgniter.php(918): App\Controllers\ApiUsers->productPrice()
#2 /var/www/html/system/CodeIgniter.php(404): CodeIgniter\CodeIgniter->runController(Object(App\Controllers\ApiUsers))
#3 /var/www/html/system/CodeIgniter.php(312): CodeIgniter\CodeIgniter->handleRequest(NULL, Object(Config\Cache), false)
#4 /var/www/html/public/index.php(45): CodeIgniter\CodeIgniter->run()
#5 {main}
CRITICAL - 2022-10-22 18:20:50 --> A non-numeric value encountered
#0 /var/www/html/app/Controllers/ApiUsers.php(2371): CodeIgniter\Debug\Exceptions->errorHandler(2, 'A non-numeric v...', '/var/www/html/a...', 2371, Array)
#1 /var/www/html/system/CodeIgniter.php(918): App\Controllers\ApiUsers->productPrice()
#2 /var/www/html/system/CodeIgniter.php(404): CodeIgniter\CodeIgniter->runController(Object(App\Controllers\ApiUsers))
#3 /var/www/html/system/CodeIgniter.php(312): CodeIgniter\CodeIgniter->handleRequest(NULL, Object(Config\Cache), false)
#4 /var/www/html/public/index.php(45): CodeIgniter\CodeIgniter->run()
#5 {main}
CRITICAL - 2022-10-22 18:20:51 --> A non-numeric value encountered
#0 /var/www/html/app/Controllers/ApiUsers.php(2371): CodeIgniter\Debug\Exceptions->errorHandler(2, 'A non-numeric v...', '/var/www/html/a...', 2371, Array)
#1 /var/www/html/system/CodeIgniter.php(918): App\Controllers\ApiUsers->productPrice()
#2 /var/www/html/system/CodeIgniter.php(404): CodeIgniter\CodeIgniter->runController(Object(App\Controllers\ApiUsers))
#3 /var/www/html/system/CodeIgniter.php(312): CodeIgniter\CodeIgniter->handleRequest(NULL, Object(Config\Cache), false)
#4 /var/www/html/public/index.php(45): CodeIgniter\CodeIgniter->run()
#5 {main}
CRITICAL - 2022-10-22 18:20:52 --> A non-numeric value encountered
#0 /var/www/html/app/Controllers/ApiUsers.php(2371): CodeIgniter\Debug\Exceptions->errorHandler(2, 'A non-numeric v...', '/var/www/html/a...', 2371, Array)
#1 /var/www/html/system/CodeIgniter.php(918): App\Controllers\ApiUsers->productPrice()
#2 /var/www/html/system/CodeIgniter.php(404): CodeIgniter\CodeIgniter->runController(Object(App\Controllers\ApiUsers))
#3 /var/www/html/system/CodeIgniter.php(312): CodeIgniter\CodeIgniter->handleRequest(NULL, Object(Config\Cache), false)
#4 /var/www/html/public/index.php(45): CodeIgniter\CodeIgniter->run()
#5 {main}
CRITICAL - 2022-10-22 18:20:58 --> A non-numeric value encountered
#0 /var/www/html/app/Controllers/ApiUsers.php(2371): CodeIgniter\Debug\Exceptions->errorHandler(2, 'A non-numeric v...', '/var/www/html/a...', 2371, Array)
#1 /var/www/html/system/CodeIgniter.php(918): App\Controllers\ApiUsers->productPrice()
#2 /var/www/html/system/CodeIgniter.php(404): CodeIgniter\CodeIgniter->runController(Object(App\Controllers\ApiUsers))
#3 /var/www/html/system/CodeIgniter.php(312): CodeIgniter\CodeIgniter->handleRequest(NULL, Object(Config\Cache), false)
#4 /var/www/html/public/index.php(45): CodeIgniter\CodeIgniter->run()
#5 {main}
CRITICAL - 2022-10-22 18:21:01 --> A non-numeric value encountered
#0 /var/www/html/app/Controllers/ApiUsers.php(2371): CodeIgniter\Debug\Exceptions->errorHandler(2, 'A non-numeric v...', '/var/www/html/a...', 2371, Array)
#1 /var/www/html/system/CodeIgniter.php(918): App\Controllers\ApiUsers->productPrice()
#2 /var/www/html/system/CodeIgniter.php(404): CodeIgniter\CodeIgniter->runController(Object(App\Controllers\ApiUsers))
#3 /var/www/html/system/CodeIgniter.php(312): CodeIgniter\CodeIgniter->handleRequest(NULL, Object(Config\Cache), false)
#4 /var/www/html/public/index.php(45): CodeIgniter\CodeIgniter->run()
#5 {main}
CRITICAL - 2022-10-22 18:21:07 --> A non-numeric value encountered
#0 /var/www/html/app/Controllers/ApiUsers.php(2371): CodeIgniter\Debug\Exceptions->errorHandler(2, 'A non-numeric v...', '/var/www/html/a...', 2371, Array)
#1 /var/www/html/system/CodeIgniter.php(918): App\Controllers\ApiUsers->productPrice()
#2 /var/www/html/system/CodeIgniter.php(404): CodeIgniter\CodeIgniter->runController(Object(App\Controllers\ApiUsers))
#3 /var/www/html/system/CodeIgniter.php(312): CodeIgniter\CodeIgniter->handleRequest(NULL, Object(Config\Cache), false)
#4 /var/www/html/public/index.php(45): CodeIgniter\CodeIgniter->run()
#5 {main}
CRITICAL - 2022-10-22 18:21:14 --> A non-numeric value encountered
#0 /var/www/html/app/Controllers/ApiUsers.php(2371): CodeIgniter\Debug\Exceptions->errorHandler(2, 'A non-numeric v...', '/var/www/html/a...', 2371, Array)
#1 /var/www/html/system/CodeIgniter.php(918): App\Controllers\ApiUsers->productPrice()
#2 /var/www/html/system/CodeIgniter.php(404): CodeIgniter\CodeIgniter->runController(Object(App\Controllers\ApiUsers))
#3 /var/www/html/system/CodeIgniter.php(312): CodeIgniter\CodeIgniter->handleRequest(NULL, Object(Config\Cache), false)
#4 /var/www/html/public/index.php(45): CodeIgniter\CodeIgniter->run()
#5 {main}
CRITICAL - 2022-10-22 18:21:16 --> A non-numeric value encountered
#0 /var/www/html/app/Controllers/ApiUsers.php(2371): CodeIgniter\Debug\Exceptions->errorHandler(2, 'A non-numeric v...', '/var/www/html/a...', 2371, Array)
#1 /var/www/html/system/CodeIgniter.php(918): App\Controllers\ApiUsers->productPrice()
#2 /var/www/html/system/CodeIgniter.php(404): CodeIgniter\CodeIgniter->runController(Object(App\Controllers\ApiUsers))
#3 /var/www/html/system/CodeIgniter.php(312): CodeIgniter\CodeIgniter->handleRequest(NULL, Object(Config\Cache), false)
#4 /var/www/html/public/index.php(45): CodeIgniter\CodeIgniter->run()
#5 {main}
CRITICAL - 2022-10-22 18:21:43 --> A non-numeric value encountered
#0 /var/www/html/app/Controllers/ApiUsers.php(2371): CodeIgniter\Debug\Exceptions->errorHandler(2, 'A non-numeric v...', '/var/www/html/a...', 2371, Array)
#1 /var/www/html/system/CodeIgniter.php(918): App\Controllers\ApiUsers->productPrice()
#2 /var/www/html/system/CodeIgniter.php(404): CodeIgniter\CodeIgniter->runController(Object(App\Controllers\ApiUsers))
#3 /var/www/html/system/CodeIgniter.php(312): CodeIgniter\CodeIgniter->handleRequest(NULL, Object(Config\Cache), false)
#4 /var/www/html/public/index.php(45): CodeIgniter\CodeIgniter->run()
#5 {main}
CRITICAL - 2022-10-22 18:22:32 --> A non-numeric value encountered
#0 /var/www/html/app/Controllers/ApiUsers.php(2371): CodeIgniter\Debug\Exceptions->errorHandler(2, 'A non-numeric v...', '/var/www/html/a...', 2371, Array)
#1 /var/www/html/system/CodeIgniter.php(918): App\Controllers\ApiUsers->productPrice()
#2 /var/www/html/system/CodeIgniter.php(404): CodeIgniter\CodeIgniter->runController(Object(App\Controllers\ApiUsers))
#3 /var/www/html/system/CodeIgniter.php(312): CodeIgniter\CodeIgniter->handleRequest(NULL, Object(Config\Cache), false)
#4 /var/www/html/public/index.php(45): CodeIgniter\CodeIgniter->run()
#5 {main}
CRITICAL - 2022-10-22 18:24:13 --> A non-numeric value encountered
#0 /var/www/html/app/Controllers/ApiUsers.php(2371): CodeIgniter\Debug\Exceptions->errorHandler(2, 'A non-numeric v...', '/var/www/html/a...', 2371, Array)
#1 /var/www/html/system/CodeIgniter.php(918): App\Controllers\ApiUsers->productPrice()
#2 /var/www/html/system/CodeIgniter.php(404): CodeIgniter\CodeIgniter->runController(Object(App\Controllers\ApiUsers))
#3 /var/www/html/system/CodeIgniter.php(312): CodeIgniter\CodeIgniter->handleRequest(NULL, Object(Config\Cache), false)
#4 /var/www/html/public/index.php(45): CodeIgniter\CodeIgniter->run()
#5 {main}
CRITICAL - 2022-10-22 18:24:51 --> A non-numeric value encountered
#0 /var/www/html/app/Controllers/ApiUsers.php(2371): CodeIgniter\Debug\Exceptions->errorHandler(2, 'A non-numeric v...', '/var/www/html/a...', 2371, Array)
#1 /var/www/html/system/CodeIgniter.php(918): App\Controllers\ApiUsers->productPrice()
#2 /var/www/html/system/CodeIgniter.php(404): CodeIgniter\CodeIgniter->runController(Object(App\Controllers\ApiUsers))
#3 /var/www/html/system/CodeIgniter.php(312): CodeIgniter\CodeIgniter->handleRequest(NULL, Object(Config\Cache), false)
#4 /var/www/html/public/index.php(45): CodeIgniter\CodeIgniter->run()
#5 {main}
CRITICAL - 2022-10-22 18:26:17 --> A non-numeric value encountered
#0 /var/www/html/app/Controllers/ApiUsers.php(2371): CodeIgniter\Debug\Exceptions->errorHandler(2, 'A non-numeric v...', '/var/www/html/a...', 2371, Array)
#1 /var/www/html/system/CodeIgniter.php(918): App\Controllers\ApiUsers->productPrice()
#2 /var/www/html/system/CodeIgniter.php(404): CodeIgniter\CodeIgniter->runController(Object(App\Controllers\ApiUsers))
#3 /var/www/html/system/CodeIgniter.php(312): CodeIgniter\CodeIgniter->handleRequest(NULL, Object(Config\Cache), false)
#4 /var/www/html/public/index.php(45): CodeIgniter\CodeIgniter->run()
#5 {main}
CRITICAL - 2022-10-22 18:26:26 --> A non-numeric value encountered
#0 /var/www/html/app/Controllers/ApiUsers.php(2371): CodeIgniter\Debug\Exceptions->errorHandler(2, 'A non-numeric v...', '/var/www/html/a...', 2371, Array)
#1 /var/www/html/system/CodeIgniter.php(918): App\Controllers\ApiUsers->productPrice()
#2 /var/www/html/system/CodeIgniter.php(404): CodeIgniter\CodeIgniter->runController(Object(App\Controllers\ApiUsers))
#3 /var/www/html/system/CodeIgniter.php(312): CodeIgniter\CodeIgniter->handleRequest(NULL, Object(Config\Cache), false)
#4 /var/www/html/public/index.php(45): CodeIgniter\CodeIgniter->run()
#5 {main}
CRITICAL - 2022-10-22 20:11:49 --> Maximum execution time of 30 seconds exceeded
#0 [internal function]: CodeIgniter\Debug\Exceptions->shutdownHandler()
#1 {main}
CRITICAL - 2022-10-22 20:18:34 --> Maximum execution time of 30 seconds exceeded
#0 [internal function]: CodeIgniter\Debug\Exceptions->shutdownHandler()
#1 {main}
CRITICAL - 2022-10-22 20:19:04 --> Maximum execution time of 30 seconds exceeded
#0 [internal function]: CodeIgniter\Debug\Exceptions->shutdownHandler()
#1 {main}
CRITICAL - 2022-10-22 20:24:48 --> Maximum execution time of 30 seconds exceeded
#0 [internal function]: CodeIgniter\Debug\Exceptions->shutdownHandler()
#1 {main}
CRITICAL - 2022-10-22 20:42:19 --> Maximum execution time of 30 seconds exceeded
#0 [internal function]: CodeIgniter\Debug\Exceptions->shutdownHandler()
#1 {main}
CRITICAL - 2022-10-22 20:46:54 --> Maximum execution time of 30 seconds exceeded
#0 [internal function]: CodeIgniter\Debug\Exceptions->shutdownHandler()
#1 {main}
CRITICAL - 2022-10-22 21:19:13 --> Maximum execution time of 30 seconds exceeded
#0 [internal function]: CodeIgniter\Debug\Exceptions->shutdownHandler()
#1 {main}
CRITICAL - 2022-10-22 21:20:07 --> Maximum execution time of 30 seconds exceeded
#0 [internal function]: CodeIgniter\Debug\Exceptions->shutdownHandler()
#1 {main}
CRITICAL - 2022-10-22 21:22:54 --> Maximum execution time of 30 seconds exceeded
#0 [internal function]: CodeIgniter\Debug\Exceptions->shutdownHandler()
#1 {main}
CRITICAL - 2022-10-22 21:23:06 --> Maximum execution time of 30 seconds exceeded
#0 [internal function]: CodeIgniter\Debug\Exceptions->shutdownHandler()
#1 {main}
CRITICAL - 2022-10-22 22:30:13 --> Maximum execution time of 30 seconds exceeded
#0 [internal function]: CodeIgniter\Debug\Exceptions->shutdownHandler()
#1 {main}
CRITICAL - 2022-10-22 23:34:46 --> Maximum execution time of 30 seconds exceeded
#0 [internal function]: CodeIgniter\Debug\Exceptions->shutdownHandler()
#1 {main}
