CRITICAL - 2022-09-24 13:01:17 --> syntax error, unexpected '?>', expecting '('
#0 /var/www/html/system/Common.php(1119): CodeIgniter\View\View->render('admin/loginTpl', Array, true)
#1 /var/www/html/app/Libraries/Template.php(15): view('admin/loginTpl', Array)
#2 /var/www/html/app/Controllers/Admin.php(122): App\Libraries\Template->render('admintemplate', 'contents', 'admin/loginTpl', Array)
#3 /var/www/html/system/CodeIgniter.php(918): App\Controllers\Admin->index()
#4 /var/www/html/system/CodeIgniter.php(404): CodeIgniter\CodeIgniter->runController(Object(App\Controllers\Admin))
#5 /var/www/html/system/CodeIgniter.php(312): CodeIgniter\CodeIgniter->handleRequest(NULL, Object(Config\Cache), false)
#6 /var/www/html/public/index.php(45): CodeIgniter\CodeIgniter->run()
#7 {main}
CRITICAL - 2022-09-24 13:08:06 --> Maximum execution time of 30 seconds exceeded
#0 [internal function]: CodeIgniter\Debug\Exceptions->shutdownHandler()
#1 {main}
CRITICAL - 2022-09-24 16:12:48 --> A non-numeric value encountered
#0 /var/www/html/app/Controllers/ApiAdvertise.php(169): CodeIgniter\Debug\Exceptions->errorHandler(2, 'A non-numeric v...', '/var/www/html/a...', 169, Array)
#1 /var/www/html/system/CodeIgniter.php(918): App\Controllers\ApiAdvertise->bannerCount()
#2 /var/www/html/system/CodeIgniter.php(404): CodeIgniter\CodeIgniter->runController(Object(App\Controllers\ApiAdvertise))
#3 /var/www/html/system/CodeIgniter.php(312): CodeIgniter\CodeIgniter->handleRequest(NULL, Object(Config\Cache), false)
#4 /var/www/html/public/index.php(45): CodeIgniter\CodeIgniter->run()
#5 {main}
CRITICAL - 2022-09-24 16:13:56 --> A non-numeric value encountered
#0 /var/www/html/app/Controllers/ApiAdvertise.php(169): CodeIgniter\Debug\Exceptions->errorHandler(2, 'A non-numeric v...', '/var/www/html/a...', 169, Array)
#1 /var/www/html/system/CodeIgniter.php(918): App\Controllers\ApiAdvertise->bannerCount()
#2 /var/www/html/system/CodeIgniter.php(404): CodeIgniter\CodeIgniter->runController(Object(App\Controllers\ApiAdvertise))
#3 /var/www/html/system/CodeIgniter.php(312): CodeIgniter\CodeIgniter->handleRequest(NULL, Object(Config\Cache), false)
#4 /var/www/html/public/index.php(45): CodeIgniter\CodeIgniter->run()
#5 {main}
CRITICAL - 2022-09-24 18:47:15 --> A non-numeric value encountered
#0 /var/www/html/app/Controllers/ApiAdvertise.php(169): CodeIgniter\Debug\Exceptions->errorHandler(2, 'A non-numeric v...', '/var/www/html/a...', 169, Array)
#1 /var/www/html/system/CodeIgniter.php(918): App\Controllers\ApiAdvertise->bannerCount()
#2 /var/www/html/system/CodeIgniter.php(404): CodeIgniter\CodeIgniter->runController(Object(App\Controllers\ApiAdvertise))
#3 /var/www/html/system/CodeIgniter.php(312): CodeIgniter\CodeIgniter->handleRequest(NULL, Object(Config\Cache), false)
#4 /var/www/html/public/index.php(45): CodeIgniter\CodeIgniter->run()
#5 {main}
CRITICAL - 2022-09-24 20:08:49 --> Maximum execution time of 30 seconds exceeded
#0 [internal function]: CodeIgniter\Debug\Exceptions->shutdownHandler()
#1 {main}
CRITICAL - 2022-09-24 20:13:26 --> A non-numeric value encountered
#0 /var/www/html/app/Controllers/ApiAdvertise.php(169): CodeIgniter\Debug\Exceptions->errorHandler(2, 'A non-numeric v...', '/var/www/html/a...', 169, Array)
#1 /var/www/html/system/CodeIgniter.php(918): App\Controllers\ApiAdvertise->bannerCount()
#2 /var/www/html/system/CodeIgniter.php(404): CodeIgniter\CodeIgniter->runController(Object(App\Controllers\ApiAdvertise))
#3 /var/www/html/system/CodeIgniter.php(312): CodeIgniter\CodeIgniter->handleRequest(NULL, Object(Config\Cache), false)
#4 /var/www/html/public/index.php(45): CodeIgniter\CodeIgniter->run()
#5 {main}
CRITICAL - 2022-09-24 22:29:42 --> Maximum execution time of 30 seconds exceeded
#0 [internal function]: CodeIgniter\Debug\Exceptions->shutdownHandler()
#1 {main}
CRITICAL - 2022-09-24 22:36:35 --> A non-numeric value encountered
#0 /var/www/html/app/Controllers/ApiAdvertise.php(169): CodeIgniter\Debug\Exceptions->errorHandler(2, 'A non-numeric v...', '/var/www/html/a...', 169, Array)
#1 /var/www/html/system/CodeIgniter.php(918): App\Controllers\ApiAdvertise->bannerCount()
#2 /var/www/html/system/CodeIgniter.php(404): CodeIgniter\CodeIgniter->runController(Object(App\Controllers\ApiAdvertise))
#3 /var/www/html/system/CodeIgniter.php(312): CodeIgniter\CodeIgniter->handleRequest(NULL, Object(Config\Cache), false)
#4 /var/www/html/public/index.php(45): CodeIgniter\CodeIgniter->run()
#5 {main}
