CRITICAL - 2022-09-05 16:31:56 --> {0} : {1}
#0 /var/www/html/system/HTTP/CURLRequest.php(821): CodeIgniter\HTTP\Exceptions\HTTPException::forCurlError('22', 'The requested U...')
#1 /var/www/html/system/HTTP/CURLRequest.php(449): CodeIgniter\HTTP\CURLRequest->sendRequest(Array)
#2 /var/www/html/system/HTTP/CURLRequest.php(158): CodeIgniter\HTTP\CURLRequest->send('GET', 'https://www.ism...')
#3 /var/www/html/app/Libraries/EmailSms.php(115): CodeIgniter\HTTP\CURLRequest->request('GET', 'https://www.ism...')
#4 /var/www/html/app/Controllers/ApiUsers.php(540): App\Libraries\EmailSms->send_sms('96825252525', 'Your verificati...', NULL)
#5 /var/www/html/system/CodeIgniter.php(918): App\Controllers\ApiUsers->getotp()
#6 /var/www/html/system/CodeIgniter.php(404): CodeIgniter\CodeIgniter->runController(Object(App\Controllers\ApiUsers))
#7 /var/www/html/system/CodeIgniter.php(312): CodeIgniter\CodeIgniter->handleRequest(NULL, Object(Config\Cache), false)
#8 /var/www/html/public/index.php(45): CodeIgniter\CodeIgniter->run()
#9 {main}
CRITICAL - 2022-09-05 16:32:02 --> {0} : {1}
#0 /var/www/html/system/HTTP/CURLRequest.php(821): CodeIgniter\HTTP\Exceptions\HTTPException::forCurlError('22', 'The requested U...')
#1 /var/www/html/system/HTTP/CURLRequest.php(449): CodeIgniter\HTTP\CURLRequest->sendRequest(Array)
#2 /var/www/html/system/HTTP/CURLRequest.php(158): CodeIgniter\HTTP\CURLRequest->send('GET', 'https://www.ism...')
#3 /var/www/html/app/Libraries/EmailSms.php(115): CodeIgniter\HTTP\CURLRequest->request('GET', 'https://www.ism...')
#4 /var/www/html/app/Controllers/ApiUsers.php(540): App\Libraries\EmailSms->send_sms('96825252525', 'Your verificati...', NULL)
#5 /var/www/html/system/CodeIgniter.php(918): App\Controllers\ApiUsers->getotp()
#6 /var/www/html/system/CodeIgniter.php(404): CodeIgniter\CodeIgniter->runController(Object(App\Controllers\ApiUsers))
#7 /var/www/html/system/CodeIgniter.php(312): CodeIgniter\CodeIgniter->handleRequest(NULL, Object(Config\Cache), false)
#8 /var/www/html/public/index.php(45): CodeIgniter\CodeIgniter->run()
#9 {main}
CRITICAL - 2022-09-05 16:32:12 --> {0} : {1}
#0 /var/www/html/system/HTTP/CURLRequest.php(821): CodeIgniter\HTTP\Exceptions\HTTPException::forCurlError('22', 'The requested U...')
#1 /var/www/html/system/HTTP/CURLRequest.php(449): CodeIgniter\HTTP\CURLRequest->sendRequest(Array)
#2 /var/www/html/system/HTTP/CURLRequest.php(158): CodeIgniter\HTTP\CURLRequest->send('GET', 'https://www.ism...')
#3 /var/www/html/app/Libraries/EmailSms.php(115): CodeIgniter\HTTP\CURLRequest->request('GET', 'https://www.ism...')
#4 /var/www/html/app/Controllers/ApiUsers.php(540): App\Libraries\EmailSms->send_sms('96825252525', 'Your verificati...', NULL)
#5 /var/www/html/system/CodeIgniter.php(918): App\Controllers\ApiUsers->getotp()
#6 /var/www/html/system/CodeIgniter.php(404): CodeIgniter\CodeIgniter->runController(Object(App\Controllers\ApiUsers))
#7 /var/www/html/system/CodeIgniter.php(312): CodeIgniter\CodeIgniter->handleRequest(NULL, Object(Config\Cache), false)
#8 /var/www/html/public/index.php(45): CodeIgniter\CodeIgniter->run()
#9 {main}
CRITICAL - 2022-09-05 16:32:23 --> {0} : {1}
#0 /var/www/html/system/HTTP/CURLRequest.php(821): CodeIgniter\HTTP\Exceptions\HTTPException::forCurlError('22', 'The requested U...')
#1 /var/www/html/system/HTTP/CURLRequest.php(449): CodeIgniter\HTTP\CURLRequest->sendRequest(Array)
#2 /var/www/html/system/HTTP/CURLRequest.php(158): CodeIgniter\HTTP\CURLRequest->send('GET', 'https://www.ism...')
#3 /var/www/html/app/Libraries/EmailSms.php(115): CodeIgniter\HTTP\CURLRequest->request('GET', 'https://www.ism...')
#4 /var/www/html/app/Controllers/ApiUsers.php(540): App\Libraries\EmailSms->send_sms('96825252525', 'Your verificati...', NULL)
#5 /var/www/html/system/CodeIgniter.php(918): App\Controllers\ApiUsers->getotp()
#6 /var/www/html/system/CodeIgniter.php(404): CodeIgniter\CodeIgniter->runController(Object(App\Controllers\ApiUsers))
#7 /var/www/html/system/CodeIgniter.php(312): CodeIgniter\CodeIgniter->handleRequest(NULL, Object(Config\Cache), false)
#8 /var/www/html/public/index.php(45): CodeIgniter\CodeIgniter->run()
#9 {main}
CRITICAL - 2022-09-05 16:32:48 --> {0} : {1}
#0 /var/www/html/system/HTTP/CURLRequest.php(821): CodeIgniter\HTTP\Exceptions\HTTPException::forCurlError('22', 'The requested U...')
#1 /var/www/html/system/HTTP/CURLRequest.php(449): CodeIgniter\HTTP\CURLRequest->sendRequest(Array)
#2 /var/www/html/system/HTTP/CURLRequest.php(158): CodeIgniter\HTTP\CURLRequest->send('GET', 'https://www.ism...')
#3 /var/www/html/app/Libraries/EmailSms.php(115): CodeIgniter\HTTP\CURLRequest->request('GET', 'https://www.ism...')
#4 /var/www/html/app/Controllers/ApiUsers.php(540): App\Libraries\EmailSms->send_sms('96825252525', 'Your verificati...', NULL)
#5 /var/www/html/system/CodeIgniter.php(918): App\Controllers\ApiUsers->getotp()
#6 /var/www/html/system/CodeIgniter.php(404): CodeIgniter\CodeIgniter->runController(Object(App\Controllers\ApiUsers))
#7 /var/www/html/system/CodeIgniter.php(312): CodeIgniter\CodeIgniter->handleRequest(NULL, Object(Config\Cache), false)
#8 /var/www/html/public/index.php(45): CodeIgniter\CodeIgniter->run()
#9 {main}
CRITICAL - 2022-09-05 16:33:26 --> {0} : {1}
#0 /var/www/html/system/HTTP/CURLRequest.php(821): CodeIgniter\HTTP\Exceptions\HTTPException::forCurlError('22', 'The requested U...')
#1 /var/www/html/system/HTTP/CURLRequest.php(449): CodeIgniter\HTTP\CURLRequest->sendRequest(Array)
#2 /var/www/html/system/HTTP/CURLRequest.php(158): CodeIgniter\HTTP\CURLRequest->send('GET', 'https://www.ism...')
#3 /var/www/html/app/Libraries/EmailSms.php(115): CodeIgniter\HTTP\CURLRequest->request('GET', 'https://www.ism...')
#4 /var/www/html/app/Controllers/ApiUsers.php(540): App\Libraries\EmailSms->send_sms('96825252525', 'Your verificati...', NULL)
#5 /var/www/html/system/CodeIgniter.php(918): App\Controllers\ApiUsers->getotp()
#6 /var/www/html/system/CodeIgniter.php(404): CodeIgniter\CodeIgniter->runController(Object(App\Controllers\ApiUsers))
#7 /var/www/html/system/CodeIgniter.php(312): CodeIgniter\CodeIgniter->handleRequest(NULL, Object(Config\Cache), false)
#8 /var/www/html/public/index.php(45): CodeIgniter\CodeIgniter->run()
#9 {main}
CRITICAL - 2022-09-05 16:33:36 --> {0} : {1}
#0 /var/www/html/system/HTTP/CURLRequest.php(821): CodeIgniter\HTTP\Exceptions\HTTPException::forCurlError('22', 'The requested U...')
#1 /var/www/html/system/HTTP/CURLRequest.php(449): CodeIgniter\HTTP\CURLRequest->sendRequest(Array)
#2 /var/www/html/system/HTTP/CURLRequest.php(158): CodeIgniter\HTTP\CURLRequest->send('GET', 'https://www.ism...')
#3 /var/www/html/app/Libraries/EmailSms.php(115): CodeIgniter\HTTP\CURLRequest->request('GET', 'https://www.ism...')
#4 /var/www/html/app/Controllers/ApiUsers.php(540): App\Libraries\EmailSms->send_sms('96825252525', 'Your verificati...', NULL)
#5 /var/www/html/system/CodeIgniter.php(918): App\Controllers\ApiUsers->getotp()
#6 /var/www/html/system/CodeIgniter.php(404): CodeIgniter\CodeIgniter->runController(Object(App\Controllers\ApiUsers))
#7 /var/www/html/system/CodeIgniter.php(312): CodeIgniter\CodeIgniter->handleRequest(NULL, Object(Config\Cache), false)
#8 /var/www/html/public/index.php(45): CodeIgniter\CodeIgniter->run()
#9 {main}
CRITICAL - 2022-09-05 16:33:39 --> {0} : {1}
#0 /var/www/html/system/HTTP/CURLRequest.php(821): CodeIgniter\HTTP\Exceptions\HTTPException::forCurlError('22', 'The requested U...')
#1 /var/www/html/system/HTTP/CURLRequest.php(449): CodeIgniter\HTTP\CURLRequest->sendRequest(Array)
#2 /var/www/html/system/HTTP/CURLRequest.php(158): CodeIgniter\HTTP\CURLRequest->send('GET', 'https://www.ism...')
#3 /var/www/html/app/Libraries/EmailSms.php(115): CodeIgniter\HTTP\CURLRequest->request('GET', 'https://www.ism...')
#4 /var/www/html/app/Controllers/ApiUsers.php(540): App\Libraries\EmailSms->send_sms('96825252525', 'Your verificati...', NULL)
#5 /var/www/html/system/CodeIgniter.php(918): App\Controllers\ApiUsers->getotp()
#6 /var/www/html/system/CodeIgniter.php(404): CodeIgniter\CodeIgniter->runController(Object(App\Controllers\ApiUsers))
#7 /var/www/html/system/CodeIgniter.php(312): CodeIgniter\CodeIgniter->handleRequest(NULL, Object(Config\Cache), false)
#8 /var/www/html/public/index.php(45): CodeIgniter\CodeIgniter->run()
#9 {main}
CRITICAL - 2022-09-05 16:33:41 --> {0} : {1}
#0 /var/www/html/system/HTTP/CURLRequest.php(821): CodeIgniter\HTTP\Exceptions\HTTPException::forCurlError('22', 'The requested U...')
#1 /var/www/html/system/HTTP/CURLRequest.php(449): CodeIgniter\HTTP\CURLRequest->sendRequest(Array)
#2 /var/www/html/system/HTTP/CURLRequest.php(158): CodeIgniter\HTTP\CURLRequest->send('GET', 'https://www.ism...')
#3 /var/www/html/app/Libraries/EmailSms.php(115): CodeIgniter\HTTP\CURLRequest->request('GET', 'https://www.ism...')
#4 /var/www/html/app/Controllers/ApiUsers.php(540): App\Libraries\EmailSms->send_sms('96825252525', 'Your verificati...', NULL)
#5 /var/www/html/system/CodeIgniter.php(918): App\Controllers\ApiUsers->getotp()
#6 /var/www/html/system/CodeIgniter.php(404): CodeIgniter\CodeIgniter->runController(Object(App\Controllers\ApiUsers))
#7 /var/www/html/system/CodeIgniter.php(312): CodeIgniter\CodeIgniter->handleRequest(NULL, Object(Config\Cache), false)
#8 /var/www/html/public/index.php(45): CodeIgniter\CodeIgniter->run()
#9 {main}
CRITICAL - 2022-09-05 16:34:08 --> {0} : {1}
#0 /var/www/html/system/HTTP/CURLRequest.php(821): CodeIgniter\HTTP\Exceptions\HTTPException::forCurlError('22', 'The requested U...')
#1 /var/www/html/system/HTTP/CURLRequest.php(449): CodeIgniter\HTTP\CURLRequest->sendRequest(Array)
#2 /var/www/html/system/HTTP/CURLRequest.php(158): CodeIgniter\HTTP\CURLRequest->send('GET', 'https://www.ism...')
#3 /var/www/html/app/Libraries/EmailSms.php(115): CodeIgniter\HTTP\CURLRequest->request('GET', 'https://www.ism...')
#4 /var/www/html/app/Controllers/ApiUsers.php(540): App\Libraries\EmailSms->send_sms('96825252525', 'Your verificati...', NULL)
#5 /var/www/html/system/CodeIgniter.php(918): App\Controllers\ApiUsers->getotp()
#6 /var/www/html/system/CodeIgniter.php(404): CodeIgniter\CodeIgniter->runController(Object(App\Controllers\ApiUsers))
#7 /var/www/html/system/CodeIgniter.php(312): CodeIgniter\CodeIgniter->handleRequest(NULL, Object(Config\Cache), false)
#8 /var/www/html/public/index.php(45): CodeIgniter\CodeIgniter->run()
#9 {main}
CRITICAL - 2022-09-05 16:34:11 --> {0} : {1}
#0 /var/www/html/system/HTTP/CURLRequest.php(821): CodeIgniter\HTTP\Exceptions\HTTPException::forCurlError('22', 'The requested U...')
#1 /var/www/html/system/HTTP/CURLRequest.php(449): CodeIgniter\HTTP\CURLRequest->sendRequest(Array)
#2 /var/www/html/system/HTTP/CURLRequest.php(158): CodeIgniter\HTTP\CURLRequest->send('GET', 'https://www.ism...')
#3 /var/www/html/app/Libraries/EmailSms.php(115): CodeIgniter\HTTP\CURLRequest->request('GET', 'https://www.ism...')
#4 /var/www/html/app/Controllers/ApiUsers.php(540): App\Libraries\EmailSms->send_sms('96825252525', 'Your verificati...', NULL)
#5 /var/www/html/system/CodeIgniter.php(918): App\Controllers\ApiUsers->getotp()
#6 /var/www/html/system/CodeIgniter.php(404): CodeIgniter\CodeIgniter->runController(Object(App\Controllers\ApiUsers))
#7 /var/www/html/system/CodeIgniter.php(312): CodeIgniter\CodeIgniter->handleRequest(NULL, Object(Config\Cache), false)
#8 /var/www/html/public/index.php(45): CodeIgniter\CodeIgniter->run()
#9 {main}
CRITICAL - 2022-09-05 16:35:01 --> {0} : {1}
#0 /var/www/html/system/HTTP/CURLRequest.php(821): CodeIgniter\HTTP\Exceptions\HTTPException::forCurlError('22', 'The requested U...')
#1 /var/www/html/system/HTTP/CURLRequest.php(449): CodeIgniter\HTTP\CURLRequest->sendRequest(Array)
#2 /var/www/html/system/HTTP/CURLRequest.php(158): CodeIgniter\HTTP\CURLRequest->send('GET', 'https://www.ism...')
#3 /var/www/html/app/Libraries/EmailSms.php(115): CodeIgniter\HTTP\CURLRequest->request('GET', 'https://www.ism...')
#4 /var/www/html/app/Controllers/ApiUsers.php(540): App\Libraries\EmailSms->send_sms('96825252525', 'Your verificati...', NULL)
#5 /var/www/html/system/CodeIgniter.php(918): App\Controllers\ApiUsers->getotp()
#6 /var/www/html/system/CodeIgniter.php(404): CodeIgniter\CodeIgniter->runController(Object(App\Controllers\ApiUsers))
#7 /var/www/html/system/CodeIgniter.php(312): CodeIgniter\CodeIgniter->handleRequest(NULL, Object(Config\Cache), false)
#8 /var/www/html/public/index.php(45): CodeIgniter\CodeIgniter->run()
#9 {main}
CRITICAL - 2022-09-05 16:35:04 --> {0} : {1}
#0 /var/www/html/system/HTTP/CURLRequest.php(821): CodeIgniter\HTTP\Exceptions\HTTPException::forCurlError('22', 'The requested U...')
#1 /var/www/html/system/HTTP/CURLRequest.php(449): CodeIgniter\HTTP\CURLRequest->sendRequest(Array)
#2 /var/www/html/system/HTTP/CURLRequest.php(158): CodeIgniter\HTTP\CURLRequest->send('GET', 'https://www.ism...')
#3 /var/www/html/app/Libraries/EmailSms.php(115): CodeIgniter\HTTP\CURLRequest->request('GET', 'https://www.ism...')
#4 /var/www/html/app/Controllers/ApiUsers.php(540): App\Libraries\EmailSms->send_sms('96825252525', 'Your verificati...', NULL)
#5 /var/www/html/system/CodeIgniter.php(918): App\Controllers\ApiUsers->getotp()
#6 /var/www/html/system/CodeIgniter.php(404): CodeIgniter\CodeIgniter->runController(Object(App\Controllers\ApiUsers))
#7 /var/www/html/system/CodeIgniter.php(312): CodeIgniter\CodeIgniter->handleRequest(NULL, Object(Config\Cache), false)
#8 /var/www/html/public/index.php(45): CodeIgniter\CodeIgniter->run()
#9 {main}
CRITICAL - 2022-09-05 16:35:06 --> {0} : {1}
#0 /var/www/html/system/HTTP/CURLRequest.php(821): CodeIgniter\HTTP\Exceptions\HTTPException::forCurlError('22', 'The requested U...')
#1 /var/www/html/system/HTTP/CURLRequest.php(449): CodeIgniter\HTTP\CURLRequest->sendRequest(Array)
#2 /var/www/html/system/HTTP/CURLRequest.php(158): CodeIgniter\HTTP\CURLRequest->send('GET', 'https://www.ism...')
#3 /var/www/html/app/Libraries/EmailSms.php(115): CodeIgniter\HTTP\CURLRequest->request('GET', 'https://www.ism...')
#4 /var/www/html/app/Controllers/ApiUsers.php(540): App\Libraries\EmailSms->send_sms('96825252525', 'Your verificati...', NULL)
#5 /var/www/html/system/CodeIgniter.php(918): App\Controllers\ApiUsers->getotp()
#6 /var/www/html/system/CodeIgniter.php(404): CodeIgniter\CodeIgniter->runController(Object(App\Controllers\ApiUsers))
#7 /var/www/html/system/CodeIgniter.php(312): CodeIgniter\CodeIgniter->handleRequest(NULL, Object(Config\Cache), false)
#8 /var/www/html/public/index.php(45): CodeIgniter\CodeIgniter->run()
#9 {main}
CRITICAL - 2022-09-05 16:35:10 --> {0} : {1}
#0 /var/www/html/system/HTTP/CURLRequest.php(821): CodeIgniter\HTTP\Exceptions\HTTPException::forCurlError('22', 'The requested U...')
#1 /var/www/html/system/HTTP/CURLRequest.php(449): CodeIgniter\HTTP\CURLRequest->sendRequest(Array)
#2 /var/www/html/system/HTTP/CURLRequest.php(158): CodeIgniter\HTTP\CURLRequest->send('GET', 'https://www.ism...')
#3 /var/www/html/app/Libraries/EmailSms.php(115): CodeIgniter\HTTP\CURLRequest->request('GET', 'https://www.ism...')
#4 /var/www/html/app/Controllers/ApiUsers.php(540): App\Libraries\EmailSms->send_sms('96825252525', 'Your verificati...', NULL)
#5 /var/www/html/system/CodeIgniter.php(918): App\Controllers\ApiUsers->getotp()
#6 /var/www/html/system/CodeIgniter.php(404): CodeIgniter\CodeIgniter->runController(Object(App\Controllers\ApiUsers))
#7 /var/www/html/system/CodeIgniter.php(312): CodeIgniter\CodeIgniter->handleRequest(NULL, Object(Config\Cache), false)
#8 /var/www/html/public/index.php(45): CodeIgniter\CodeIgniter->run()
#9 {main}
CRITICAL - 2022-09-05 16:35:13 --> {0} : {1}
#0 /var/www/html/system/HTTP/CURLRequest.php(821): CodeIgniter\HTTP\Exceptions\HTTPException::forCurlError('22', 'The requested U...')
#1 /var/www/html/system/HTTP/CURLRequest.php(449): CodeIgniter\HTTP\CURLRequest->sendRequest(Array)
#2 /var/www/html/system/HTTP/CURLRequest.php(158): CodeIgniter\HTTP\CURLRequest->send('GET', 'https://www.ism...')
#3 /var/www/html/app/Libraries/EmailSms.php(115): CodeIgniter\HTTP\CURLRequest->request('GET', 'https://www.ism...')
#4 /var/www/html/app/Controllers/ApiUsers.php(540): App\Libraries\EmailSms->send_sms('96825252525', 'Your verificati...', NULL)
#5 /var/www/html/system/CodeIgniter.php(918): App\Controllers\ApiUsers->getotp()
#6 /var/www/html/system/CodeIgniter.php(404): CodeIgniter\CodeIgniter->runController(Object(App\Controllers\ApiUsers))
#7 /var/www/html/system/CodeIgniter.php(312): CodeIgniter\CodeIgniter->handleRequest(NULL, Object(Config\Cache), false)
#8 /var/www/html/public/index.php(45): CodeIgniter\CodeIgniter->run()
#9 {main}
CRITICAL - 2022-09-05 16:35:18 --> {0} : {1}
#0 /var/www/html/system/HTTP/CURLRequest.php(821): CodeIgniter\HTTP\Exceptions\HTTPException::forCurlError('22', 'The requested U...')
#1 /var/www/html/system/HTTP/CURLRequest.php(449): CodeIgniter\HTTP\CURLRequest->sendRequest(Array)
#2 /var/www/html/system/HTTP/CURLRequest.php(158): CodeIgniter\HTTP\CURLRequest->send('GET', 'https://www.ism...')
#3 /var/www/html/app/Libraries/EmailSms.php(115): CodeIgniter\HTTP\CURLRequest->request('GET', 'https://www.ism...')
#4 /var/www/html/app/Controllers/ApiUsers.php(540): App\Libraries\EmailSms->send_sms('96825252525', 'Your verificati...', NULL)
#5 /var/www/html/system/CodeIgniter.php(918): App\Controllers\ApiUsers->getotp()
#6 /var/www/html/system/CodeIgniter.php(404): CodeIgniter\CodeIgniter->runController(Object(App\Controllers\ApiUsers))
#7 /var/www/html/system/CodeIgniter.php(312): CodeIgniter\CodeIgniter->handleRequest(NULL, Object(Config\Cache), false)
#8 /var/www/html/public/index.php(45): CodeIgniter\CodeIgniter->run()
#9 {main}
CRITICAL - 2022-09-05 16:36:04 --> {0} : {1}
#0 /var/www/html/system/HTTP/CURLRequest.php(821): CodeIgniter\HTTP\Exceptions\HTTPException::forCurlError('22', 'The requested U...')
#1 /var/www/html/system/HTTP/CURLRequest.php(449): CodeIgniter\HTTP\CURLRequest->sendRequest(Array)
#2 /var/www/html/system/HTTP/CURLRequest.php(158): CodeIgniter\HTTP\CURLRequest->send('GET', 'https://www.ism...')
#3 /var/www/html/app/Libraries/EmailSms.php(115): CodeIgniter\HTTP\CURLRequest->request('GET', 'https://www.ism...')
#4 /var/www/html/app/Controllers/ApiUsers.php(540): App\Libraries\EmailSms->send_sms('96825252525', 'Your verificati...', NULL)
#5 /var/www/html/system/CodeIgniter.php(918): App\Controllers\ApiUsers->getotp()
#6 /var/www/html/system/CodeIgniter.php(404): CodeIgniter\CodeIgniter->runController(Object(App\Controllers\ApiUsers))
#7 /var/www/html/system/CodeIgniter.php(312): CodeIgniter\CodeIgniter->handleRequest(NULL, Object(Config\Cache), false)
#8 /var/www/html/public/index.php(45): CodeIgniter\CodeIgniter->run()
#9 {main}
CRITICAL - 2022-09-05 16:36:31 --> {0} : {1}
#0 /var/www/html/system/HTTP/CURLRequest.php(821): CodeIgniter\HTTP\Exceptions\HTTPException::forCurlError('22', 'The requested U...')
#1 /var/www/html/system/HTTP/CURLRequest.php(449): CodeIgniter\HTTP\CURLRequest->sendRequest(Array)
#2 /var/www/html/system/HTTP/CURLRequest.php(158): CodeIgniter\HTTP\CURLRequest->send('GET', 'https://www.ism...')
#3 /var/www/html/app/Libraries/EmailSms.php(115): CodeIgniter\HTTP\CURLRequest->request('GET', 'https://www.ism...')
#4 /var/www/html/app/Controllers/ApiUsers.php(540): App\Libraries\EmailSms->send_sms('96825252525', 'Your verificati...', NULL)
#5 /var/www/html/system/CodeIgniter.php(918): App\Controllers\ApiUsers->getotp()
#6 /var/www/html/system/CodeIgniter.php(404): CodeIgniter\CodeIgniter->runController(Object(App\Controllers\ApiUsers))
#7 /var/www/html/system/CodeIgniter.php(312): CodeIgniter\CodeIgniter->handleRequest(NULL, Object(Config\Cache), false)
#8 /var/www/html/public/index.php(45): CodeIgniter\CodeIgniter->run()
#9 {main}
CRITICAL - 2022-09-05 16:36:34 --> {0} : {1}
#0 /var/www/html/system/HTTP/CURLRequest.php(821): CodeIgniter\HTTP\Exceptions\HTTPException::forCurlError('22', 'The requested U...')
#1 /var/www/html/system/HTTP/CURLRequest.php(449): CodeIgniter\HTTP\CURLRequest->sendRequest(Array)
#2 /var/www/html/system/HTTP/CURLRequest.php(158): CodeIgniter\HTTP\CURLRequest->send('GET', 'https://www.ism...')
#3 /var/www/html/app/Libraries/EmailSms.php(115): CodeIgniter\HTTP\CURLRequest->request('GET', 'https://www.ism...')
#4 /var/www/html/app/Controllers/ApiUsers.php(540): App\Libraries\EmailSms->send_sms('96825252525', 'Your verificati...', NULL)
#5 /var/www/html/system/CodeIgniter.php(918): App\Controllers\ApiUsers->getotp()
#6 /var/www/html/system/CodeIgniter.php(404): CodeIgniter\CodeIgniter->runController(Object(App\Controllers\ApiUsers))
#7 /var/www/html/system/CodeIgniter.php(312): CodeIgniter\CodeIgniter->handleRequest(NULL, Object(Config\Cache), false)
#8 /var/www/html/public/index.php(45): CodeIgniter\CodeIgniter->run()
#9 {main}
CRITICAL - 2022-09-05 16:36:39 --> {0} : {1}
#0 /var/www/html/system/HTTP/CURLRequest.php(821): CodeIgniter\HTTP\Exceptions\HTTPException::forCurlError('22', 'The requested U...')
#1 /var/www/html/system/HTTP/CURLRequest.php(449): CodeIgniter\HTTP\CURLRequest->sendRequest(Array)
#2 /var/www/html/system/HTTP/CURLRequest.php(158): CodeIgniter\HTTP\CURLRequest->send('GET', 'https://www.ism...')
#3 /var/www/html/app/Libraries/EmailSms.php(115): CodeIgniter\HTTP\CURLRequest->request('GET', 'https://www.ism...')
#4 /var/www/html/app/Controllers/ApiUsers.php(540): App\Libraries\EmailSms->send_sms('96825252525', 'Your verificati...', NULL)
#5 /var/www/html/system/CodeIgniter.php(918): App\Controllers\ApiUsers->getotp()
#6 /var/www/html/system/CodeIgniter.php(404): CodeIgniter\CodeIgniter->runController(Object(App\Controllers\ApiUsers))
#7 /var/www/html/system/CodeIgniter.php(312): CodeIgniter\CodeIgniter->handleRequest(NULL, Object(Config\Cache), false)
#8 /var/www/html/public/index.php(45): CodeIgniter\CodeIgniter->run()
#9 {main}
CRITICAL - 2022-09-05 16:36:41 --> {0} : {1}
#0 /var/www/html/system/HTTP/CURLRequest.php(821): CodeIgniter\HTTP\Exceptions\HTTPException::forCurlError('22', 'The requested U...')
#1 /var/www/html/system/HTTP/CURLRequest.php(449): CodeIgniter\HTTP\CURLRequest->sendRequest(Array)
#2 /var/www/html/system/HTTP/CURLRequest.php(158): CodeIgniter\HTTP\CURLRequest->send('GET', 'https://www.ism...')
#3 /var/www/html/app/Libraries/EmailSms.php(115): CodeIgniter\HTTP\CURLRequest->request('GET', 'https://www.ism...')
#4 /var/www/html/app/Controllers/ApiUsers.php(540): App\Libraries\EmailSms->send_sms('96825252525', 'Your verificati...', NULL)
#5 /var/www/html/system/CodeIgniter.php(918): App\Controllers\ApiUsers->getotp()
#6 /var/www/html/system/CodeIgniter.php(404): CodeIgniter\CodeIgniter->runController(Object(App\Controllers\ApiUsers))
#7 /var/www/html/system/CodeIgniter.php(312): CodeIgniter\CodeIgniter->handleRequest(NULL, Object(Config\Cache), false)
#8 /var/www/html/public/index.php(45): CodeIgniter\CodeIgniter->run()
#9 {main}
CRITICAL - 2022-09-05 16:37:09 --> {0} : {1}
#0 /var/www/html/system/HTTP/CURLRequest.php(821): CodeIgniter\HTTP\Exceptions\HTTPException::forCurlError('22', 'The requested U...')
#1 /var/www/html/system/HTTP/CURLRequest.php(449): CodeIgniter\HTTP\CURLRequest->sendRequest(Array)
#2 /var/www/html/system/HTTP/CURLRequest.php(158): CodeIgniter\HTTP\CURLRequest->send('GET', 'https://www.ism...')
#3 /var/www/html/app/Libraries/EmailSms.php(115): CodeIgniter\HTTP\CURLRequest->request('GET', 'https://www.ism...')
#4 /var/www/html/app/Controllers/ApiUsers.php(540): App\Libraries\EmailSms->send_sms('96825252525', 'Your verificati...', NULL)
#5 /var/www/html/system/CodeIgniter.php(918): App\Controllers\ApiUsers->getotp()
#6 /var/www/html/system/CodeIgniter.php(404): CodeIgniter\CodeIgniter->runController(Object(App\Controllers\ApiUsers))
#7 /var/www/html/system/CodeIgniter.php(312): CodeIgniter\CodeIgniter->handleRequest(NULL, Object(Config\Cache), false)
#8 /var/www/html/public/index.php(45): CodeIgniter\CodeIgniter->run()
#9 {main}
CRITICAL - 2022-09-05 16:37:18 --> {0} : {1}
#0 /var/www/html/system/HTTP/CURLRequest.php(821): CodeIgniter\HTTP\Exceptions\HTTPException::forCurlError('22', 'The requested U...')
#1 /var/www/html/system/HTTP/CURLRequest.php(449): CodeIgniter\HTTP\CURLRequest->sendRequest(Array)
#2 /var/www/html/system/HTTP/CURLRequest.php(158): CodeIgniter\HTTP\CURLRequest->send('GET', 'https://www.ism...')
#3 /var/www/html/app/Libraries/EmailSms.php(115): CodeIgniter\HTTP\CURLRequest->request('GET', 'https://www.ism...')
#4 /var/www/html/app/Controllers/ApiUsers.php(540): App\Libraries\EmailSms->send_sms('96825252525', 'Your verificati...', NULL)
#5 /var/www/html/system/CodeIgniter.php(918): App\Controllers\ApiUsers->getotp()
#6 /var/www/html/system/CodeIgniter.php(404): CodeIgniter\CodeIgniter->runController(Object(App\Controllers\ApiUsers))
#7 /var/www/html/system/CodeIgniter.php(312): CodeIgniter\CodeIgniter->handleRequest(NULL, Object(Config\Cache), false)
#8 /var/www/html/public/index.php(45): CodeIgniter\CodeIgniter->run()
#9 {main}
CRITICAL - 2022-09-05 16:37:53 --> {0} : {1}
#0 /var/www/html/system/HTTP/CURLRequest.php(821): CodeIgniter\HTTP\Exceptions\HTTPException::forCurlError('22', 'The requested U...')
#1 /var/www/html/system/HTTP/CURLRequest.php(449): CodeIgniter\HTTP\CURLRequest->sendRequest(Array)
#2 /var/www/html/system/HTTP/CURLRequest.php(158): CodeIgniter\HTTP\CURLRequest->send('GET', 'https://www.ism...')
#3 /var/www/html/app/Libraries/EmailSms.php(115): CodeIgniter\HTTP\CURLRequest->request('GET', 'https://www.ism...')
#4 /var/www/html/app/Controllers/ApiUsers.php(540): App\Libraries\EmailSms->send_sms('96825252525', 'Your verificati...', NULL)
#5 /var/www/html/system/CodeIgniter.php(918): App\Controllers\ApiUsers->getotp()
#6 /var/www/html/system/CodeIgniter.php(404): CodeIgniter\CodeIgniter->runController(Object(App\Controllers\ApiUsers))
#7 /var/www/html/system/CodeIgniter.php(312): CodeIgniter\CodeIgniter->handleRequest(NULL, Object(Config\Cache), false)
#8 /var/www/html/public/index.php(45): CodeIgniter\CodeIgniter->run()
#9 {main}
CRITICAL - 2022-09-05 16:37:56 --> {0} : {1}
#0 /var/www/html/system/HTTP/CURLRequest.php(821): CodeIgniter\HTTP\Exceptions\HTTPException::forCurlError('22', 'The requested U...')
#1 /var/www/html/system/HTTP/CURLRequest.php(449): CodeIgniter\HTTP\CURLRequest->sendRequest(Array)
#2 /var/www/html/system/HTTP/CURLRequest.php(158): CodeIgniter\HTTP\CURLRequest->send('GET', 'https://www.ism...')
#3 /var/www/html/app/Libraries/EmailSms.php(115): CodeIgniter\HTTP\CURLRequest->request('GET', 'https://www.ism...')
#4 /var/www/html/app/Controllers/ApiUsers.php(540): App\Libraries\EmailSms->send_sms('96825252525', 'Your verificati...', NULL)
#5 /var/www/html/system/CodeIgniter.php(918): App\Controllers\ApiUsers->getotp()
#6 /var/www/html/system/CodeIgniter.php(404): CodeIgniter\CodeIgniter->runController(Object(App\Controllers\ApiUsers))
#7 /var/www/html/system/CodeIgniter.php(312): CodeIgniter\CodeIgniter->handleRequest(NULL, Object(Config\Cache), false)
#8 /var/www/html/public/index.php(45): CodeIgniter\CodeIgniter->run()
#9 {main}
CRITICAL - 2022-09-05 16:38:03 --> {0} : {1}
#0 /var/www/html/system/HTTP/CURLRequest.php(821): CodeIgniter\HTTP\Exceptions\HTTPException::forCurlError('22', 'The requested U...')
#1 /var/www/html/system/HTTP/CURLRequest.php(449): CodeIgniter\HTTP\CURLRequest->sendRequest(Array)
#2 /var/www/html/system/HTTP/CURLRequest.php(158): CodeIgniter\HTTP\CURLRequest->send('GET', 'https://www.ism...')
#3 /var/www/html/app/Libraries/EmailSms.php(115): CodeIgniter\HTTP\CURLRequest->request('GET', 'https://www.ism...')
#4 /var/www/html/app/Controllers/ApiUsers.php(540): App\Libraries\EmailSms->send_sms('96825252525', 'Your verificati...', NULL)
#5 /var/www/html/system/CodeIgniter.php(918): App\Controllers\ApiUsers->getotp()
#6 /var/www/html/system/CodeIgniter.php(404): CodeIgniter\CodeIgniter->runController(Object(App\Controllers\ApiUsers))
#7 /var/www/html/system/CodeIgniter.php(312): CodeIgniter\CodeIgniter->handleRequest(NULL, Object(Config\Cache), false)
#8 /var/www/html/public/index.php(45): CodeIgniter\CodeIgniter->run()
#9 {main}
CRITICAL - 2022-09-05 16:38:24 --> {0} : {1}
#0 /var/www/html/system/HTTP/CURLRequest.php(821): CodeIgniter\HTTP\Exceptions\HTTPException::forCurlError('22', 'The requested U...')
#1 /var/www/html/system/HTTP/CURLRequest.php(449): CodeIgniter\HTTP\CURLRequest->sendRequest(Array)
#2 /var/www/html/system/HTTP/CURLRequest.php(158): CodeIgniter\HTTP\CURLRequest->send('GET', 'https://www.ism...')
#3 /var/www/html/app/Libraries/EmailSms.php(115): CodeIgniter\HTTP\CURLRequest->request('GET', 'https://www.ism...')
#4 /var/www/html/app/Controllers/ApiUsers.php(540): App\Libraries\EmailSms->send_sms('96825252525', 'Your verificati...', NULL)
#5 /var/www/html/system/CodeIgniter.php(918): App\Controllers\ApiUsers->getotp()
#6 /var/www/html/system/CodeIgniter.php(404): CodeIgniter\CodeIgniter->runController(Object(App\Controllers\ApiUsers))
#7 /var/www/html/system/CodeIgniter.php(312): CodeIgniter\CodeIgniter->handleRequest(NULL, Object(Config\Cache), false)
#8 /var/www/html/public/index.php(45): CodeIgniter\CodeIgniter->run()
#9 {main}
CRITICAL - 2022-09-05 16:38:27 --> {0} : {1}
#0 /var/www/html/system/HTTP/CURLRequest.php(821): CodeIgniter\HTTP\Exceptions\HTTPException::forCurlError('22', 'The requested U...')
#1 /var/www/html/system/HTTP/CURLRequest.php(449): CodeIgniter\HTTP\CURLRequest->sendRequest(Array)
#2 /var/www/html/system/HTTP/CURLRequest.php(158): CodeIgniter\HTTP\CURLRequest->send('GET', 'https://www.ism...')
#3 /var/www/html/app/Libraries/EmailSms.php(115): CodeIgniter\HTTP\CURLRequest->request('GET', 'https://www.ism...')
#4 /var/www/html/app/Controllers/ApiUsers.php(540): App\Libraries\EmailSms->send_sms('96825252525', 'Your verificati...', NULL)
#5 /var/www/html/system/CodeIgniter.php(918): App\Controllers\ApiUsers->getotp()
#6 /var/www/html/system/CodeIgniter.php(404): CodeIgniter\CodeIgniter->runController(Object(App\Controllers\ApiUsers))
#7 /var/www/html/system/CodeIgniter.php(312): CodeIgniter\CodeIgniter->handleRequest(NULL, Object(Config\Cache), false)
#8 /var/www/html/public/index.php(45): CodeIgniter\CodeIgniter->run()
#9 {main}
CRITICAL - 2022-09-05 16:39:53 --> {0} : {1}
#0 /var/www/html/system/HTTP/CURLRequest.php(821): CodeIgniter\HTTP\Exceptions\HTTPException::forCurlError('22', 'The requested U...')
#1 /var/www/html/system/HTTP/CURLRequest.php(449): CodeIgniter\HTTP\CURLRequest->sendRequest(Array)
#2 /var/www/html/system/HTTP/CURLRequest.php(158): CodeIgniter\HTTP\CURLRequest->send('GET', 'https://www.ism...')
#3 /var/www/html/app/Libraries/EmailSms.php(115): CodeIgniter\HTTP\CURLRequest->request('GET', 'https://www.ism...')
#4 /var/www/html/app/Controllers/ApiUsers.php(540): App\Libraries\EmailSms->send_sms('96825252525', 'Your verificati...', NULL)
#5 /var/www/html/system/CodeIgniter.php(918): App\Controllers\ApiUsers->getotp()
#6 /var/www/html/system/CodeIgniter.php(404): CodeIgniter\CodeIgniter->runController(Object(App\Controllers\ApiUsers))
#7 /var/www/html/system/CodeIgniter.php(312): CodeIgniter\CodeIgniter->handleRequest(NULL, Object(Config\Cache), false)
#8 /var/www/html/public/index.php(45): CodeIgniter\CodeIgniter->run()
#9 {main}
CRITICAL - 2022-09-05 16:39:54 --> {0} : {1}
#0 /var/www/html/system/HTTP/CURLRequest.php(821): CodeIgniter\HTTP\Exceptions\HTTPException::forCurlError('22', 'The requested U...')
#1 /var/www/html/system/HTTP/CURLRequest.php(449): CodeIgniter\HTTP\CURLRequest->sendRequest(Array)
#2 /var/www/html/system/HTTP/CURLRequest.php(158): CodeIgniter\HTTP\CURLRequest->send('GET', 'https://www.ism...')
#3 /var/www/html/app/Libraries/EmailSms.php(115): CodeIgniter\HTTP\CURLRequest->request('GET', 'https://www.ism...')
#4 /var/www/html/app/Controllers/ApiUsers.php(540): App\Libraries\EmailSms->send_sms('96825252525', 'Your verificati...', NULL)
#5 /var/www/html/system/CodeIgniter.php(918): App\Controllers\ApiUsers->getotp()
#6 /var/www/html/system/CodeIgniter.php(404): CodeIgniter\CodeIgniter->runController(Object(App\Controllers\ApiUsers))
#7 /var/www/html/system/CodeIgniter.php(312): CodeIgniter\CodeIgniter->handleRequest(NULL, Object(Config\Cache), false)
#8 /var/www/html/public/index.php(45): CodeIgniter\CodeIgniter->run()
#9 {main}
CRITICAL - 2022-09-05 16:43:14 --> {0} : {1}
#0 /var/www/html/system/HTTP/CURLRequest.php(821): CodeIgniter\HTTP\Exceptions\HTTPException::forCurlError('22', 'The requested U...')
#1 /var/www/html/system/HTTP/CURLRequest.php(449): CodeIgniter\HTTP\CURLRequest->sendRequest(Array)
#2 /var/www/html/system/HTTP/CURLRequest.php(158): CodeIgniter\HTTP\CURLRequest->send('GET', 'https://www.ism...')
#3 /var/www/html/app/Libraries/EmailSms.php(115): CodeIgniter\HTTP\CURLRequest->request('GET', 'https://www.ism...')
#4 /var/www/html/app/Controllers/ApiUsers.php(540): App\Libraries\EmailSms->send_sms('96825252525', 'Your verificati...', NULL)
#5 /var/www/html/system/CodeIgniter.php(918): App\Controllers\ApiUsers->getotp()
#6 /var/www/html/system/CodeIgniter.php(404): CodeIgniter\CodeIgniter->runController(Object(App\Controllers\ApiUsers))
#7 /var/www/html/system/CodeIgniter.php(312): CodeIgniter\CodeIgniter->handleRequest(NULL, Object(Config\Cache), false)
#8 /var/www/html/public/index.php(45): CodeIgniter\CodeIgniter->run()
#9 {main}
CRITICAL - 2022-09-05 16:43:15 --> {0} : {1}
#0 /var/www/html/system/HTTP/CURLRequest.php(821): CodeIgniter\HTTP\Exceptions\HTTPException::forCurlError('22', 'The requested U...')
#1 /var/www/html/system/HTTP/CURLRequest.php(449): CodeIgniter\HTTP\CURLRequest->sendRequest(Array)
#2 /var/www/html/system/HTTP/CURLRequest.php(158): CodeIgniter\HTTP\CURLRequest->send('GET', 'https://www.ism...')
#3 /var/www/html/app/Libraries/EmailSms.php(115): CodeIgniter\HTTP\CURLRequest->request('GET', 'https://www.ism...')
#4 /var/www/html/app/Controllers/ApiUsers.php(540): App\Libraries\EmailSms->send_sms('96825252525', 'Your verificati...', NULL)
#5 /var/www/html/system/CodeIgniter.php(918): App\Controllers\ApiUsers->getotp()
#6 /var/www/html/system/CodeIgniter.php(404): CodeIgniter\CodeIgniter->runController(Object(App\Controllers\ApiUsers))
#7 /var/www/html/system/CodeIgniter.php(312): CodeIgniter\CodeIgniter->handleRequest(NULL, Object(Config\Cache), false)
#8 /var/www/html/public/index.php(45): CodeIgniter\CodeIgniter->run()
#9 {main}
CRITICAL - 2022-09-05 16:43:15 --> {0} : {1}
#0 /var/www/html/system/HTTP/CURLRequest.php(821): CodeIgniter\HTTP\Exceptions\HTTPException::forCurlError('22', 'The requested U...')
#1 /var/www/html/system/HTTP/CURLRequest.php(449): CodeIgniter\HTTP\CURLRequest->sendRequest(Array)
#2 /var/www/html/system/HTTP/CURLRequest.php(158): CodeIgniter\HTTP\CURLRequest->send('GET', 'https://www.ism...')
#3 /var/www/html/app/Libraries/EmailSms.php(115): CodeIgniter\HTTP\CURLRequest->request('GET', 'https://www.ism...')
#4 /var/www/html/app/Controllers/ApiUsers.php(540): App\Libraries\EmailSms->send_sms('96825252525', 'Your verificati...', NULL)
#5 /var/www/html/system/CodeIgniter.php(918): App\Controllers\ApiUsers->getotp()
#6 /var/www/html/system/CodeIgniter.php(404): CodeIgniter\CodeIgniter->runController(Object(App\Controllers\ApiUsers))
#7 /var/www/html/system/CodeIgniter.php(312): CodeIgniter\CodeIgniter->handleRequest(NULL, Object(Config\Cache), false)
#8 /var/www/html/public/index.php(45): CodeIgniter\CodeIgniter->run()
#9 {main}
CRITICAL - 2022-09-05 16:43:15 --> {0} : {1}
#0 /var/www/html/system/HTTP/CURLRequest.php(821): CodeIgniter\HTTP\Exceptions\HTTPException::forCurlError('22', 'The requested U...')
#1 /var/www/html/system/HTTP/CURLRequest.php(449): CodeIgniter\HTTP\CURLRequest->sendRequest(Array)
#2 /var/www/html/system/HTTP/CURLRequest.php(158): CodeIgniter\HTTP\CURLRequest->send('GET', 'https://www.ism...')
#3 /var/www/html/app/Libraries/EmailSms.php(115): CodeIgniter\HTTP\CURLRequest->request('GET', 'https://www.ism...')
#4 /var/www/html/app/Controllers/ApiUsers.php(540): App\Libraries\EmailSms->send_sms('96825252525', 'Your verificati...', NULL)
#5 /var/www/html/system/CodeIgniter.php(918): App\Controllers\ApiUsers->getotp()
#6 /var/www/html/system/CodeIgniter.php(404): CodeIgniter\CodeIgniter->runController(Object(App\Controllers\ApiUsers))
#7 /var/www/html/system/CodeIgniter.php(312): CodeIgniter\CodeIgniter->handleRequest(NULL, Object(Config\Cache), false)
#8 /var/www/html/public/index.php(45): CodeIgniter\CodeIgniter->run()
#9 {main}
CRITICAL - 2022-09-05 16:43:33 --> {0} : {1}
#0 /var/www/html/system/HTTP/CURLRequest.php(821): CodeIgniter\HTTP\Exceptions\HTTPException::forCurlError('22', 'The requested U...')
#1 /var/www/html/system/HTTP/CURLRequest.php(449): CodeIgniter\HTTP\CURLRequest->sendRequest(Array)
#2 /var/www/html/system/HTTP/CURLRequest.php(158): CodeIgniter\HTTP\CURLRequest->send('GET', 'https://www.ism...')
#3 /var/www/html/app/Libraries/EmailSms.php(115): CodeIgniter\HTTP\CURLRequest->request('GET', 'https://www.ism...')
#4 /var/www/html/app/Controllers/ApiUsers.php(540): App\Libraries\EmailSms->send_sms('96825252525', 'Your verificati...', NULL)
#5 /var/www/html/system/CodeIgniter.php(918): App\Controllers\ApiUsers->getotp()
#6 /var/www/html/system/CodeIgniter.php(404): CodeIgniter\CodeIgniter->runController(Object(App\Controllers\ApiUsers))
#7 /var/www/html/system/CodeIgniter.php(312): CodeIgniter\CodeIgniter->handleRequest(NULL, Object(Config\Cache), false)
#8 /var/www/html/public/index.php(45): CodeIgniter\CodeIgniter->run()
#9 {main}
CRITICAL - 2022-09-05 16:43:33 --> {0} : {1}
#0 /var/www/html/system/HTTP/CURLRequest.php(821): CodeIgniter\HTTP\Exceptions\HTTPException::forCurlError('22', 'The requested U...')
#1 /var/www/html/system/HTTP/CURLRequest.php(449): CodeIgniter\HTTP\CURLRequest->sendRequest(Array)
#2 /var/www/html/system/HTTP/CURLRequest.php(158): CodeIgniter\HTTP\CURLRequest->send('GET', 'https://www.ism...')
#3 /var/www/html/app/Libraries/EmailSms.php(115): CodeIgniter\HTTP\CURLRequest->request('GET', 'https://www.ism...')
#4 /var/www/html/app/Controllers/ApiUsers.php(540): App\Libraries\EmailSms->send_sms('96825252525', 'Your verificati...', NULL)
#5 /var/www/html/system/CodeIgniter.php(918): App\Controllers\ApiUsers->getotp()
#6 /var/www/html/system/CodeIgniter.php(404): CodeIgniter\CodeIgniter->runController(Object(App\Controllers\ApiUsers))
#7 /var/www/html/system/CodeIgniter.php(312): CodeIgniter\CodeIgniter->handleRequest(NULL, Object(Config\Cache), false)
#8 /var/www/html/public/index.php(45): CodeIgniter\CodeIgniter->run()
#9 {main}
CRITICAL - 2022-09-05 16:43:33 --> {0} : {1}
#0 /var/www/html/system/HTTP/CURLRequest.php(821): CodeIgniter\HTTP\Exceptions\HTTPException::forCurlError('22', 'The requested U...')
#1 /var/www/html/system/HTTP/CURLRequest.php(449): CodeIgniter\HTTP\CURLRequest->sendRequest(Array)
#2 /var/www/html/system/HTTP/CURLRequest.php(158): CodeIgniter\HTTP\CURLRequest->send('GET', 'https://www.ism...')
#3 /var/www/html/app/Libraries/EmailSms.php(115): CodeIgniter\HTTP\CURLRequest->request('GET', 'https://www.ism...')
#4 /var/www/html/app/Controllers/ApiUsers.php(540): App\Libraries\EmailSms->send_sms('96825252525', 'Your verificati...', NULL)
#5 /var/www/html/system/CodeIgniter.php(918): App\Controllers\ApiUsers->getotp()
#6 /var/www/html/system/CodeIgniter.php(404): CodeIgniter\CodeIgniter->runController(Object(App\Controllers\ApiUsers))
#7 /var/www/html/system/CodeIgniter.php(312): CodeIgniter\CodeIgniter->handleRequest(NULL, Object(Config\Cache), false)
#8 /var/www/html/public/index.php(45): CodeIgniter\CodeIgniter->run()
#9 {main}
CRITICAL - 2022-09-05 16:45:42 --> {0} : {1}
#0 /var/www/html/system/HTTP/CURLRequest.php(821): CodeIgniter\HTTP\Exceptions\HTTPException::forCurlError('22', 'The requested U...')
#1 /var/www/html/system/HTTP/CURLRequest.php(449): CodeIgniter\HTTP\CURLRequest->sendRequest(Array)
#2 /var/www/html/system/HTTP/CURLRequest.php(158): CodeIgniter\HTTP\CURLRequest->send('GET', 'https://www.ism...')
#3 /var/www/html/app/Libraries/EmailSms.php(115): CodeIgniter\HTTP\CURLRequest->request('GET', 'https://www.ism...')
#4 /var/www/html/app/Controllers/ApiUsers.php(540): App\Libraries\EmailSms->send_sms('96825252525', 'Your verificati...', NULL)
#5 /var/www/html/system/CodeIgniter.php(918): App\Controllers\ApiUsers->getotp()
#6 /var/www/html/system/CodeIgniter.php(404): CodeIgniter\CodeIgniter->runController(Object(App\Controllers\ApiUsers))
#7 /var/www/html/system/CodeIgniter.php(312): CodeIgniter\CodeIgniter->handleRequest(NULL, Object(Config\Cache), false)
#8 /var/www/html/public/index.php(45): CodeIgniter\CodeIgniter->run()
#9 {main}
CRITICAL - 2022-09-05 16:46:24 --> {0} : {1}
#0 /var/www/html/system/HTTP/CURLRequest.php(821): CodeIgniter\HTTP\Exceptions\HTTPException::forCurlError('22', 'The requested U...')
#1 /var/www/html/system/HTTP/CURLRequest.php(449): CodeIgniter\HTTP\CURLRequest->sendRequest(Array)
#2 /var/www/html/system/HTTP/CURLRequest.php(158): CodeIgniter\HTTP\CURLRequest->send('GET', 'https://www.ism...')
#3 /var/www/html/app/Libraries/EmailSms.php(115): CodeIgniter\HTTP\CURLRequest->request('GET', 'https://www.ism...')
#4 /var/www/html/app/Controllers/ApiUsers.php(540): App\Libraries\EmailSms->send_sms('96825252525', 'Your verificati...', NULL)
#5 /var/www/html/system/CodeIgniter.php(918): App\Controllers\ApiUsers->getotp()
#6 /var/www/html/system/CodeIgniter.php(404): CodeIgniter\CodeIgniter->runController(Object(App\Controllers\ApiUsers))
#7 /var/www/html/system/CodeIgniter.php(312): CodeIgniter\CodeIgniter->handleRequest(NULL, Object(Config\Cache), false)
#8 /var/www/html/public/index.php(45): CodeIgniter\CodeIgniter->run()
#9 {main}
CRITICAL - 2022-09-05 16:46:36 --> {0} : {1}
#0 /var/www/html/system/HTTP/CURLRequest.php(821): CodeIgniter\HTTP\Exceptions\HTTPException::forCurlError('22', 'The requested U...')
#1 /var/www/html/system/HTTP/CURLRequest.php(449): CodeIgniter\HTTP\CURLRequest->sendRequest(Array)
#2 /var/www/html/system/HTTP/CURLRequest.php(158): CodeIgniter\HTTP\CURLRequest->send('GET', 'https://www.ism...')
#3 /var/www/html/app/Libraries/EmailSms.php(115): CodeIgniter\HTTP\CURLRequest->request('GET', 'https://www.ism...')
#4 /var/www/html/app/Controllers/ApiUsers.php(540): App\Libraries\EmailSms->send_sms('96825252525', 'Your verificati...', NULL)
#5 /var/www/html/system/CodeIgniter.php(918): App\Controllers\ApiUsers->getotp()
#6 /var/www/html/system/CodeIgniter.php(404): CodeIgniter\CodeIgniter->runController(Object(App\Controllers\ApiUsers))
#7 /var/www/html/system/CodeIgniter.php(312): CodeIgniter\CodeIgniter->handleRequest(NULL, Object(Config\Cache), false)
#8 /var/www/html/public/index.php(45): CodeIgniter\CodeIgniter->run()
#9 {main}
CRITICAL - 2022-09-05 19:08:55 --> {0} : {1}
#0 /var/www/html/system/HTTP/CURLRequest.php(821): CodeIgniter\HTTP\Exceptions\HTTPException::forCurlError('7', 'Failed to conne...')
#1 /var/www/html/system/HTTP/CURLRequest.php(449): CodeIgniter\HTTP\CURLRequest->sendRequest(Array)
#2 /var/www/html/system/HTTP/CURLRequest.php(158): CodeIgniter\HTTP\CURLRequest->send('GET', 'https://www.ism...')
#3 /var/www/html/app/Libraries/EmailSms.php(115): CodeIgniter\HTTP\CURLRequest->request('GET', 'https://www.ism...')
#4 /var/www/html/app/Controllers/ApiUsers.php(540): App\Libraries\EmailSms->send_sms('96891757794', 'Your verificati...', NULL)
#5 /var/www/html/system/CodeIgniter.php(918): App\Controllers\ApiUsers->getotp()
#6 /var/www/html/system/CodeIgniter.php(404): CodeIgniter\CodeIgniter->runController(Object(App\Controllers\ApiUsers))
#7 /var/www/html/system/CodeIgniter.php(312): CodeIgniter\CodeIgniter->handleRequest(NULL, Object(Config\Cache), false)
#8 /var/www/html/public/index.php(45): CodeIgniter\CodeIgniter->run()
#9 {main}
CRITICAL - 2022-09-05 19:09:00 --> {0} : {1}
#0 /var/www/html/system/HTTP/CURLRequest.php(821): CodeIgniter\HTTP\Exceptions\HTTPException::forCurlError('7', 'Failed to conne...')
#1 /var/www/html/system/HTTP/CURLRequest.php(449): CodeIgniter\HTTP\CURLRequest->sendRequest(Array)
#2 /var/www/html/system/HTTP/CURLRequest.php(158): CodeIgniter\HTTP\CURLRequest->send('GET', 'https://www.ism...')
#3 /var/www/html/app/Libraries/EmailSms.php(115): CodeIgniter\HTTP\CURLRequest->request('GET', 'https://www.ism...')
#4 /var/www/html/app/Controllers/ApiUsers.php(540): App\Libraries\EmailSms->send_sms('96891757794', 'Your verificati...', NULL)
#5 /var/www/html/system/CodeIgniter.php(918): App\Controllers\ApiUsers->getotp()
#6 /var/www/html/system/CodeIgniter.php(404): CodeIgniter\CodeIgniter->runController(Object(App\Controllers\ApiUsers))
#7 /var/www/html/system/CodeIgniter.php(312): CodeIgniter\CodeIgniter->handleRequest(NULL, Object(Config\Cache), false)
#8 /var/www/html/public/index.php(45): CodeIgniter\CodeIgniter->run()
#9 {main}
CRITICAL - 2022-09-05 19:09:09 --> {0} : {1}
#0 /var/www/html/system/HTTP/CURLRequest.php(821): CodeIgniter\HTTP\Exceptions\HTTPException::forCurlError('7', 'Failed to conne...')
#1 /var/www/html/system/HTTP/CURLRequest.php(449): CodeIgniter\HTTP\CURLRequest->sendRequest(Array)
#2 /var/www/html/system/HTTP/CURLRequest.php(158): CodeIgniter\HTTP\CURLRequest->send('GET', 'https://www.ism...')
#3 /var/www/html/app/Libraries/EmailSms.php(115): CodeIgniter\HTTP\CURLRequest->request('GET', 'https://www.ism...')
#4 /var/www/html/app/Controllers/ApiUsers.php(540): App\Libraries\EmailSms->send_sms('96891757794', 'Your verificati...', NULL)
#5 /var/www/html/system/CodeIgniter.php(918): App\Controllers\ApiUsers->getotp()
#6 /var/www/html/system/CodeIgniter.php(404): CodeIgniter\CodeIgniter->runController(Object(App\Controllers\ApiUsers))
#7 /var/www/html/system/CodeIgniter.php(312): CodeIgniter\CodeIgniter->handleRequest(NULL, Object(Config\Cache), false)
#8 /var/www/html/public/index.php(45): CodeIgniter\CodeIgniter->run()
#9 {main}
CRITICAL - 2022-09-05 19:09:49 --> {0} : {1}
#0 /var/www/html/system/HTTP/CURLRequest.php(821): CodeIgniter\HTTP\Exceptions\HTTPException::forCurlError('7', 'Failed to conne...')
#1 /var/www/html/system/HTTP/CURLRequest.php(449): CodeIgniter\HTTP\CURLRequest->sendRequest(Array)
#2 /var/www/html/system/HTTP/CURLRequest.php(158): CodeIgniter\HTTP\CURLRequest->send('GET', 'https://www.ism...')
#3 /var/www/html/app/Libraries/EmailSms.php(115): CodeIgniter\HTTP\CURLRequest->request('GET', 'https://www.ism...')
#4 /var/www/html/app/Controllers/ApiUsers.php(540): App\Libraries\EmailSms->send_sms('96891757794', 'Your verificati...', NULL)
#5 /var/www/html/system/CodeIgniter.php(918): App\Controllers\ApiUsers->getotp()
#6 /var/www/html/system/CodeIgniter.php(404): CodeIgniter\CodeIgniter->runController(Object(App\Controllers\ApiUsers))
#7 /var/www/html/system/CodeIgniter.php(312): CodeIgniter\CodeIgniter->handleRequest(NULL, Object(Config\Cache), false)
#8 /var/www/html/public/index.php(45): CodeIgniter\CodeIgniter->run()
#9 {main}
CRITICAL - 2022-09-05 19:11:39 --> {0} : {1}
#0 /var/www/html/system/HTTP/CURLRequest.php(821): CodeIgniter\HTTP\Exceptions\HTTPException::forCurlError('7', 'Failed to conne...')
#1 /var/www/html/system/HTTP/CURLRequest.php(449): CodeIgniter\HTTP\CURLRequest->sendRequest(Array)
#2 /var/www/html/system/HTTP/CURLRequest.php(158): CodeIgniter\HTTP\CURLRequest->send('GET', 'https://www.ism...')
#3 /var/www/html/app/Libraries/EmailSms.php(115): CodeIgniter\HTTP\CURLRequest->request('GET', 'https://www.ism...')
#4 /var/www/html/app/Controllers/ApiUsers.php(540): App\Libraries\EmailSms->send_sms('96891757794', 'Your verificati...', NULL)
#5 /var/www/html/system/CodeIgniter.php(918): App\Controllers\ApiUsers->getotp()
#6 /var/www/html/system/CodeIgniter.php(404): CodeIgniter\CodeIgniter->runController(Object(App\Controllers\ApiUsers))
#7 /var/www/html/system/CodeIgniter.php(312): CodeIgniter\CodeIgniter->handleRequest(NULL, Object(Config\Cache), false)
#8 /var/www/html/public/index.php(45): CodeIgniter\CodeIgniter->run()
#9 {main}
CRITICAL - 2022-09-05 23:01:22 --> A non-numeric value encountered
#0 /var/www/html/app/Controllers/ApiAdvertise.php(169): CodeIgniter\Debug\Exceptions->errorHandler(2, 'A non-numeric v...', '/var/www/html/a...', 169, Array)
#1 /var/www/html/system/CodeIgniter.php(918): App\Controllers\ApiAdvertise->bannerCount()
#2 /var/www/html/system/CodeIgniter.php(404): CodeIgniter\CodeIgniter->runController(Object(App\Controllers\ApiAdvertise))
#3 /var/www/html/system/CodeIgniter.php(312): CodeIgniter\CodeIgniter->handleRequest(NULL, Object(Config\Cache), false)
#4 /var/www/html/public/index.php(45): CodeIgniter\CodeIgniter->run()
#5 {main}
CRITICAL - 2022-09-05 23:25:55 --> Maximum execution time of 30 seconds exceeded
#0 [internal function]: CodeIgniter\Debug\Exceptions->shutdownHandler()
#1 {main}
