CRITICAL - 2022-10-29 11:37:14 --> Call to a member function get() on null
#0 /var/www/html/app/Controllers/ProductController.php(81): App\Models\ProductModel->getAll(Array, '', '', '1')
#1 /var/www/html/system/CodeIgniter.php(918): App\Controllers\ProductController->index()
#2 /var/www/html/system/CodeIgniter.php(404): CodeIgniter\CodeIgniter->runController(Object(App\Controllers\ProductController))
#3 /var/www/html/system/CodeIgniter.php(312): CodeIgniter\CodeIgniter->handleRequest(NULL, Object(Config\Cache), false)
#4 /var/www/html/public/index.php(45): CodeIgniter\CodeIgniter->run()
#5 {main}
CRITICAL - 2022-10-29 11:38:29 --> Call to a member function get() on null
#0 /var/www/html/app/Controllers/ProductController.php(81): App\Models\ProductModel->getAll(Array, '', '', '1')
#1 /var/www/html/system/CodeIgniter.php(918): App\Controllers\ProductController->index()
#2 /var/www/html/system/CodeIgniter.php(404): CodeIgniter\CodeIgniter->runController(Object(App\Controllers\ProductController))
#3 /var/www/html/system/CodeIgniter.php(312): CodeIgniter\CodeIgniter->handleRequest(NULL, Object(Config\Cache), false)
#4 /var/www/html/public/index.php(45): CodeIgniter\CodeIgniter->run()
#5 {main}
CRITICAL - 2022-10-29 11:39:51 --> Call to a member function get() on null
#0 /var/www/html/app/Controllers/ProductController.php(81): App\Models\ProductModel->getAll(Array, '', '', '1')
#1 /var/www/html/system/CodeIgniter.php(918): App\Controllers\ProductController->index()
#2 /var/www/html/system/CodeIgniter.php(404): CodeIgniter\CodeIgniter->runController(Object(App\Controllers\ProductController))
#3 /var/www/html/system/CodeIgniter.php(312): CodeIgniter\CodeIgniter->handleRequest(NULL, Object(Config\Cache), false)
#4 /var/www/html/public/index.php(45): CodeIgniter\CodeIgniter->run()
#5 {main}
CRITICAL - 2022-10-29 11:39:54 --> Call to a member function get() on null
#0 /var/www/html/app/Controllers/ProductController.php(81): App\Models\ProductModel->getAll(Array, '', '', '1')
#1 /var/www/html/system/CodeIgniter.php(918): App\Controllers\ProductController->index()
#2 /var/www/html/system/CodeIgniter.php(404): CodeIgniter\CodeIgniter->runController(Object(App\Controllers\ProductController))
#3 /var/www/html/system/CodeIgniter.php(312): CodeIgniter\CodeIgniter->handleRequest(NULL, Object(Config\Cache), false)
#4 /var/www/html/public/index.php(45): CodeIgniter\CodeIgniter->run()
#5 {main}
CRITICAL - 2022-10-29 11:43:36 --> Call to a member function get() on null
#0 /var/www/html/app/Controllers/ProductController.php(81): App\Models\ProductModel->getAll(Array, '', '', '1')
#1 /var/www/html/system/CodeIgniter.php(918): App\Controllers\ProductController->index()
#2 /var/www/html/system/CodeIgniter.php(404): CodeIgniter\CodeIgniter->runController(Object(App\Controllers\ProductController))
#3 /var/www/html/system/CodeIgniter.php(312): CodeIgniter\CodeIgniter->handleRequest(NULL, Object(Config\Cache), false)
#4 /var/www/html/public/index.php(45): CodeIgniter\CodeIgniter->run()
#5 {main}
CRITICAL - 2022-10-29 13:01:24 --> Maximum execution time of 30 seconds exceeded
#0 [internal function]: CodeIgniter\Debug\Exceptions->shutdownHandler()
#1 {main}
CRITICAL - 2022-10-29 13:21:45 --> Call to a member function get() on null
#0 /var/www/html/app/Controllers/ProductController.php(81): App\Models\ProductModel->getAll(Array, '', '', '1')
#1 /var/www/html/system/CodeIgniter.php(918): App\Controllers\ProductController->index()
#2 /var/www/html/system/CodeIgniter.php(404): CodeIgniter\CodeIgniter->runController(Object(App\Controllers\ProductController))
#3 /var/www/html/system/CodeIgniter.php(312): CodeIgniter\CodeIgniter->handleRequest(NULL, Object(Config\Cache), false)
#4 /var/www/html/public/index.php(45): CodeIgniter\CodeIgniter->run()
#5 {main}
CRITICAL - 2022-10-29 13:23:06 --> Call to a member function get() on null
#0 /var/www/html/app/Controllers/ProductController.php(81): App\Models\ProductModel->getAll(Array, '', '', '1')
#1 /var/www/html/system/CodeIgniter.php(918): App\Controllers\ProductController->index()
#2 /var/www/html/system/CodeIgniter.php(404): CodeIgniter\CodeIgniter->runController(Object(App\Controllers\ProductController))
#3 /var/www/html/system/CodeIgniter.php(312): CodeIgniter\CodeIgniter->handleRequest(NULL, Object(Config\Cache), false)
#4 /var/www/html/public/index.php(45): CodeIgniter\CodeIgniter->run()
#5 {main}
CRITICAL - 2022-10-29 13:23:08 --> Call to a member function get() on null
#0 /var/www/html/app/Controllers/ProductController.php(81): App\Models\ProductModel->getAll(Array, '', '', '1')
#1 /var/www/html/system/CodeIgniter.php(918): App\Controllers\ProductController->index()
#2 /var/www/html/system/CodeIgniter.php(404): CodeIgniter\CodeIgniter->runController(Object(App\Controllers\ProductController))
#3 /var/www/html/system/CodeIgniter.php(312): CodeIgniter\CodeIgniter->handleRequest(NULL, Object(Config\Cache), false)
#4 /var/www/html/public/index.php(45): CodeIgniter\CodeIgniter->run()
#5 {main}
CRITICAL - 2022-10-29 13:23:10 --> Call to a member function get() on null
#0 /var/www/html/app/Controllers/ProductController.php(81): App\Models\ProductModel->getAll(Array, '', '', '1')
#1 /var/www/html/system/CodeIgniter.php(918): App\Controllers\ProductController->index()
#2 /var/www/html/system/CodeIgniter.php(404): CodeIgniter\CodeIgniter->runController(Object(App\Controllers\ProductController))
#3 /var/www/html/system/CodeIgniter.php(312): CodeIgniter\CodeIgniter->handleRequest(NULL, Object(Config\Cache), false)
#4 /var/www/html/public/index.php(45): CodeIgniter\CodeIgniter->run()
#5 {main}
CRITICAL - 2022-10-29 13:23:12 --> Call to a member function get() on null
#0 /var/www/html/app/Controllers/ProductController.php(81): App\Models\ProductModel->getAll(Array, '', '', '1')
#1 /var/www/html/system/CodeIgniter.php(918): App\Controllers\ProductController->index()
#2 /var/www/html/system/CodeIgniter.php(404): CodeIgniter\CodeIgniter->runController(Object(App\Controllers\ProductController))
#3 /var/www/html/system/CodeIgniter.php(312): CodeIgniter\CodeIgniter->handleRequest(NULL, Object(Config\Cache), false)
#4 /var/www/html/public/index.php(45): CodeIgniter\CodeIgniter->run()
#5 {main}
CRITICAL - 2022-10-29 13:23:15 --> Call to a member function query() on null
#0 /var/www/html/app/Controllers/ProductController.php(81): App\Models\ProductModel->getAll(Array, '', '', '1')
#1 /var/www/html/system/CodeIgniter.php(918): App\Controllers\ProductController->index()
#2 /var/www/html/system/CodeIgniter.php(404): CodeIgniter\CodeIgniter->runController(Object(App\Controllers\ProductController))
#3 /var/www/html/system/CodeIgniter.php(312): CodeIgniter\CodeIgniter->handleRequest(NULL, Object(Config\Cache), false)
#4 /var/www/html/public/index.php(45): CodeIgniter\CodeIgniter->run()
#5 {main}
CRITICAL - 2022-10-29 13:23:19 --> Call to a member function query() on null
#0 /var/www/html/app/Controllers/ProductController.php(81): App\Models\ProductModel->getAll(Array, '', '', '1')
#1 /var/www/html/system/CodeIgniter.php(918): App\Controllers\ProductController->index()
#2 /var/www/html/system/CodeIgniter.php(404): CodeIgniter\CodeIgniter->runController(Object(App\Controllers\ProductController))
#3 /var/www/html/system/CodeIgniter.php(312): CodeIgniter\CodeIgniter->handleRequest(NULL, Object(Config\Cache), false)
#4 /var/www/html/public/index.php(45): CodeIgniter\CodeIgniter->run()
#5 {main}
CRITICAL - 2022-10-29 13:23:53 --> Call to a member function get() on null
#0 /var/www/html/app/Controllers/ProductController.php(81): App\Models\ProductModel->getAll(Array, '', '', '1')
#1 /var/www/html/system/CodeIgniter.php(918): App\Controllers\ProductController->index()
#2 /var/www/html/system/CodeIgniter.php(404): CodeIgniter\CodeIgniter->runController(Object(App\Controllers\ProductController))
#3 /var/www/html/system/CodeIgniter.php(312): CodeIgniter\CodeIgniter->handleRequest(NULL, Object(Config\Cache), false)
#4 /var/www/html/public/index.php(45): CodeIgniter\CodeIgniter->run()
#5 {main}
CRITICAL - 2022-10-29 13:25:48 --> Call to a member function get() on null
#0 /var/www/html/app/Controllers/ProductController.php(81): App\Models\ProductModel->getAll(Array, '', '', '1')
#1 /var/www/html/system/CodeIgniter.php(918): App\Controllers\ProductController->index()
#2 /var/www/html/system/CodeIgniter.php(404): CodeIgniter\CodeIgniter->runController(Object(App\Controllers\ProductController))
#3 /var/www/html/system/CodeIgniter.php(312): CodeIgniter\CodeIgniter->handleRequest(NULL, Object(Config\Cache), false)
#4 /var/www/html/public/index.php(45): CodeIgniter\CodeIgniter->run()
#5 {main}
CRITICAL - 2022-10-29 13:25:50 --> Call to a member function get() on null
#0 /var/www/html/app/Controllers/ProductController.php(81): App\Models\ProductModel->getAll(Array, '', '', '1')
#1 /var/www/html/system/CodeIgniter.php(918): App\Controllers\ProductController->index()
#2 /var/www/html/system/CodeIgniter.php(404): CodeIgniter\CodeIgniter->runController(Object(App\Controllers\ProductController))
#3 /var/www/html/system/CodeIgniter.php(312): CodeIgniter\CodeIgniter->handleRequest(NULL, Object(Config\Cache), false)
#4 /var/www/html/public/index.php(45): CodeIgniter\CodeIgniter->run()
#5 {main}
CRITICAL - 2022-10-29 13:25:53 --> syntax error, unexpected ','
#0 /var/www/html/system/Autoloader/Autoloader.php(296): CodeIgniter\Autoloader\Autoloader->requireFile('/var/www/html/a...')
#1 /var/www/html/system/Autoloader/Autoloader.php(258): CodeIgniter\Autoloader\Autoloader->loadInNamespace('App\\Controllers...')
#2 [internal function]: CodeIgniter\Autoloader\Autoloader->loadClass('App\\Controllers...')
#3 [internal function]: spl_autoload_call('App\\Controllers...')
#4 /var/www/html/system/CodeIgniter.php(869): class_exists('\\App\\Controller...', true)
#5 /var/www/html/system/CodeIgniter.php(394): CodeIgniter\CodeIgniter->startController()
#6 /var/www/html/system/CodeIgniter.php(312): CodeIgniter\CodeIgniter->handleRequest(NULL, Object(Config\Cache), false)
#7 /var/www/html/public/index.php(45): CodeIgniter\CodeIgniter->run()
#8 {main}
CRITICAL - 2022-10-29 13:27:13 --> syntax error, unexpected ','
#0 /var/www/html/system/Autoloader/Autoloader.php(296): CodeIgniter\Autoloader\Autoloader->requireFile('/var/www/html/a...')
#1 /var/www/html/system/Autoloader/Autoloader.php(258): CodeIgniter\Autoloader\Autoloader->loadInNamespace('App\\Controllers...')
#2 [internal function]: CodeIgniter\Autoloader\Autoloader->loadClass('App\\Controllers...')
#3 [internal function]: spl_autoload_call('App\\Controllers...')
#4 /var/www/html/system/CodeIgniter.php(869): class_exists('\\App\\Controller...', true)
#5 /var/www/html/system/CodeIgniter.php(394): CodeIgniter\CodeIgniter->startController()
#6 /var/www/html/system/CodeIgniter.php(312): CodeIgniter\CodeIgniter->handleRequest(NULL, Object(Config\Cache), false)
#7 /var/www/html/public/index.php(45): CodeIgniter\CodeIgniter->run()
#8 {main}
CRITICAL - 2022-10-29 13:28:30 --> Cannot use isset() on the result of an expression (you can use "null !== expression" instead)
#0 [internal function]: CodeIgniter\Debug\Exceptions->shutdownHandler()
#1 {main}
CRITICAL - 2022-10-29 13:29:02 --> Cannot use isset() on the result of an expression (you can use "null !== expression" instead)
#0 [internal function]: CodeIgniter\Debug\Exceptions->shutdownHandler()
#1 {main}
