CRITICAL - 2023-02-20 12:14:27 --> syntax error, unexpected '$data' (T_VARIABLE)
#0 C:\xampp\htdocs\hotott1\system\Autoloader\Autoloader.php(296): CodeIgniter\Autoloader\Autoloader->requireFile('C:\\xampp\\htdocs...')
#1 C:\xampp\htdocs\hotott1\system\Autoloader\Autoloader.php(258): CodeIgniter\Autoloader\Autoloader->loadInNamespace('App\\Controllers...')
#2 [internal function]: CodeIgniter\Autoloader\Autoloader->loadClass('App\\Controllers...')
#3 [internal function]: spl_autoload_call('App\\Controllers...')
#4 C:\xampp\htdocs\hotott1\system\CodeIgniter.php(869): class_exists('\\App\\Controller...', true)
#5 C:\xampp\htdocs\hotott1\system\CodeIgniter.php(394): CodeIgniter\CodeIgniter->startController()
#6 C:\xampp\htdocs\hotott1\system\CodeIgniter.php(312): CodeIgniter\CodeIgniter->handleRequest(NULL, Object(Config\Cache), false)
#7 C:\xampp\htdocs\hotott1\public\index.php(45): CodeIgniter\CodeIgniter->run()
#8 {main}
CRITICAL - 2023-02-20 12:17:15 --> Illegal string offset 'pin'
#0 C:\xampp\htdocs\hotott1\app\Controllers\CustomerController.php(89): CodeIgniter\Debug\Exceptions->errorHandler(2, 'Illegal string ...', 'C:\\xampp\\htdocs...', 89, Array)
#1 C:\xampp\htdocs\hotott1\system\CodeIgniter.php(918): App\Controllers\CustomerController->index()
#2 C:\xampp\htdocs\hotott1\system\CodeIgniter.php(404): CodeIgniter\CodeIgniter->runController(Object(App\Controllers\CustomerController))
#3 C:\xampp\htdocs\hotott1\system\CodeIgniter.php(312): CodeIgniter\CodeIgniter->handleRequest(NULL, Object(Config\Cache), false)
#4 C:\xampp\htdocs\hotott1\public\index.php(45): CodeIgniter\CodeIgniter->run()
#5 {main}
CRITICAL - 2023-02-20 12:17:42 --> Illegal string offset 'pin'
#0 C:\xampp\htdocs\hotott1\app\Controllers\CustomerController.php(89): CodeIgniter\Debug\Exceptions->errorHandler(2, 'Illegal string ...', 'C:\\xampp\\htdocs...', 89, Array)
#1 C:\xampp\htdocs\hotott1\system\CodeIgniter.php(918): App\Controllers\CustomerController->index()
#2 C:\xampp\htdocs\hotott1\system\CodeIgniter.php(404): CodeIgniter\CodeIgniter->runController(Object(App\Controllers\CustomerController))
#3 C:\xampp\htdocs\hotott1\system\CodeIgniter.php(312): CodeIgniter\CodeIgniter->handleRequest(NULL, Object(Config\Cache), false)
#4 C:\xampp\htdocs\hotott1\public\index.php(45): CodeIgniter\CodeIgniter->run()
#5 {main}
CRITICAL - 2023-02-20 12:17:43 --> Illegal string offset 'pin'
#0 C:\xampp\htdocs\hotott1\app\Controllers\CustomerController.php(89): CodeIgniter\Debug\Exceptions->errorHandler(2, 'Illegal string ...', 'C:\\xampp\\htdocs...', 89, Array)
#1 C:\xampp\htdocs\hotott1\system\CodeIgniter.php(918): App\Controllers\CustomerController->index()
#2 C:\xampp\htdocs\hotott1\system\CodeIgniter.php(404): CodeIgniter\CodeIgniter->runController(Object(App\Controllers\CustomerController))
#3 C:\xampp\htdocs\hotott1\system\CodeIgniter.php(312): CodeIgniter\CodeIgniter->handleRequest(NULL, Object(Config\Cache), false)
#4 C:\xampp\htdocs\hotott1\public\index.php(45): CodeIgniter\CodeIgniter->run()
#5 {main}
CRITICAL - 2023-02-20 12:18:30 --> Illegal string offset 'pin'
#0 C:\xampp\htdocs\hotott1\app\Controllers\CustomerController.php(90): CodeIgniter\Debug\Exceptions->errorHandler(2, 'Illegal string ...', 'C:\\xampp\\htdocs...', 90, Array)
#1 C:\xampp\htdocs\hotott1\system\CodeIgniter.php(918): App\Controllers\CustomerController->index()
#2 C:\xampp\htdocs\hotott1\system\CodeIgniter.php(404): CodeIgniter\CodeIgniter->runController(Object(App\Controllers\CustomerController))
#3 C:\xampp\htdocs\hotott1\system\CodeIgniter.php(312): CodeIgniter\CodeIgniter->handleRequest(NULL, Object(Config\Cache), false)
#4 C:\xampp\htdocs\hotott1\public\index.php(45): CodeIgniter\CodeIgniter->run()
#5 {main}
CRITICAL - 2023-02-20 12:18:51 --> Illegal string offset 'pindata'
#0 C:\xampp\htdocs\hotott1\app\Controllers\CustomerController.php(90): CodeIgniter\Debug\Exceptions->errorHandler(2, 'Illegal string ...', 'C:\\xampp\\htdocs...', 90, Array)
#1 C:\xampp\htdocs\hotott1\system\CodeIgniter.php(918): App\Controllers\CustomerController->index()
#2 C:\xampp\htdocs\hotott1\system\CodeIgniter.php(404): CodeIgniter\CodeIgniter->runController(Object(App\Controllers\CustomerController))
#3 C:\xampp\htdocs\hotott1\system\CodeIgniter.php(312): CodeIgniter\CodeIgniter->handleRequest(NULL, Object(Config\Cache), false)
#4 C:\xampp\htdocs\hotott1\public\index.php(45): CodeIgniter\CodeIgniter->run()
#5 {main}
CRITICAL - 2023-02-20 12:20:40 --> Illegal string offset 'inactivepin'
#0 C:\xampp\htdocs\hotott1\app\Controllers\CustomerController.php(89): CodeIgniter\Debug\Exceptions->errorHandler(2, 'Illegal string ...', 'C:\\xampp\\htdocs...', 89, Array)
#1 C:\xampp\htdocs\hotott1\system\CodeIgniter.php(918): App\Controllers\CustomerController->index()
#2 C:\xampp\htdocs\hotott1\system\CodeIgniter.php(404): CodeIgniter\CodeIgniter->runController(Object(App\Controllers\CustomerController))
#3 C:\xampp\htdocs\hotott1\system\CodeIgniter.php(312): CodeIgniter\CodeIgniter->handleRequest(NULL, Object(Config\Cache), false)
#4 C:\xampp\htdocs\hotott1\public\index.php(45): CodeIgniter\CodeIgniter->run()
#5 {main}
CRITICAL - 2023-02-20 12:21:43 --> Illegal string offset 'inactivepin'
#0 C:\xampp\htdocs\hotott1\app\Controllers\CustomerController.php(89): CodeIgniter\Debug\Exceptions->errorHandler(2, 'Illegal string ...', 'C:\\xampp\\htdocs...', 89, Array)
#1 C:\xampp\htdocs\hotott1\system\CodeIgniter.php(918): App\Controllers\CustomerController->index()
#2 C:\xampp\htdocs\hotott1\system\CodeIgniter.php(404): CodeIgniter\CodeIgniter->runController(Object(App\Controllers\CustomerController))
#3 C:\xampp\htdocs\hotott1\system\CodeIgniter.php(312): CodeIgniter\CodeIgniter->handleRequest(NULL, Object(Config\Cache), false)
#4 C:\xampp\htdocs\hotott1\public\index.php(45): CodeIgniter\CodeIgniter->run()
#5 {main}
CRITICAL - 2023-02-20 12:22:05 --> Illegal string offset 'inactivepin'
#0 C:\xampp\htdocs\hotott1\app\Controllers\CustomerController.php(89): CodeIgniter\Debug\Exceptions->errorHandler(2, 'Illegal string ...', 'C:\\xampp\\htdocs...', 89, Array)
#1 C:\xampp\htdocs\hotott1\system\CodeIgniter.php(918): App\Controllers\CustomerController->index()
#2 C:\xampp\htdocs\hotott1\system\CodeIgniter.php(404): CodeIgniter\CodeIgniter->runController(Object(App\Controllers\CustomerController))
#3 C:\xampp\htdocs\hotott1\system\CodeIgniter.php(312): CodeIgniter\CodeIgniter->handleRequest(NULL, Object(Config\Cache), false)
#4 C:\xampp\htdocs\hotott1\public\index.php(45): CodeIgniter\CodeIgniter->run()
#5 {main}
CRITICAL - 2023-02-20 12:23:20 --> syntax error, unexpected '<'
#0 C:\xampp\htdocs\hotott1\system\Autoloader\Autoloader.php(296): CodeIgniter\Autoloader\Autoloader->requireFile('C:\\xampp\\htdocs...')
#1 C:\xampp\htdocs\hotott1\system\Autoloader\Autoloader.php(258): CodeIgniter\Autoloader\Autoloader->loadInNamespace('App\\Controllers...')
#2 [internal function]: CodeIgniter\Autoloader\Autoloader->loadClass('App\\Controllers...')
#3 [internal function]: spl_autoload_call('App\\Controllers...')
#4 C:\xampp\htdocs\hotott1\system\CodeIgniter.php(869): class_exists('\\App\\Controller...', true)
#5 C:\xampp\htdocs\hotott1\system\CodeIgniter.php(394): CodeIgniter\CodeIgniter->startController()
#6 C:\xampp\htdocs\hotott1\system\CodeIgniter.php(312): CodeIgniter\CodeIgniter->handleRequest(NULL, Object(Config\Cache), false)
#7 C:\xampp\htdocs\hotott1\public\index.php(45): CodeIgniter\CodeIgniter->run()
#8 {main}
CRITICAL - 2023-02-20 12:25:32 --> Illegal string offset 'pindata'
#0 C:\xampp\htdocs\hotott1\app\Controllers\CustomerController.php(89): CodeIgniter\Debug\Exceptions->errorHandler(2, 'Illegal string ...', 'C:\\xampp\\htdocs...', 89, Array)
#1 C:\xampp\htdocs\hotott1\system\CodeIgniter.php(918): App\Controllers\CustomerController->index()
#2 C:\xampp\htdocs\hotott1\system\CodeIgniter.php(404): CodeIgniter\CodeIgniter->runController(Object(App\Controllers\CustomerController))
#3 C:\xampp\htdocs\hotott1\system\CodeIgniter.php(312): CodeIgniter\CodeIgniter->handleRequest(NULL, Object(Config\Cache), false)
#4 C:\xampp\htdocs\hotott1\public\index.php(45): CodeIgniter\CodeIgniter->run()
#5 {main}
CRITICAL - 2023-02-20 12:27:56 --> Call to undefined method App\Models\PinModel::getResultArray
#0 C:\xampp\htdocs\hotott1\app\Controllers\CustomerController.php(89): CodeIgniter\Model->__call('getResultArray', Array)
#1 C:\xampp\htdocs\hotott1\system\CodeIgniter.php(918): App\Controllers\CustomerController->index()
#2 C:\xampp\htdocs\hotott1\system\CodeIgniter.php(404): CodeIgniter\CodeIgniter->runController(Object(App\Controllers\CustomerController))
#3 C:\xampp\htdocs\hotott1\system\CodeIgniter.php(312): CodeIgniter\CodeIgniter->handleRequest(NULL, Object(Config\Cache), false)
#4 C:\xampp\htdocs\hotott1\public\index.php(45): CodeIgniter\CodeIgniter->run()
#5 {main}
CRITICAL - 2023-02-20 12:28:16 --> Illegal string offset 'pindata'
#0 C:\xampp\htdocs\hotott1\app\Controllers\CustomerController.php(89): CodeIgniter\Debug\Exceptions->errorHandler(2, 'Illegal string ...', 'C:\\xampp\\htdocs...', 89, Array)
#1 C:\xampp\htdocs\hotott1\system\CodeIgniter.php(918): App\Controllers\CustomerController->index()
#2 C:\xampp\htdocs\hotott1\system\CodeIgniter.php(404): CodeIgniter\CodeIgniter->runController(Object(App\Controllers\CustomerController))
#3 C:\xampp\htdocs\hotott1\system\CodeIgniter.php(312): CodeIgniter\CodeIgniter->handleRequest(NULL, Object(Config\Cache), false)
#4 C:\xampp\htdocs\hotott1\public\index.php(45): CodeIgniter\CodeIgniter->run()
#5 {main}
CRITICAL - 2023-02-20 12:28:31 --> Illegal string offset 'pindata'
#0 C:\xampp\htdocs\hotott1\app\Controllers\CustomerController.php(89): CodeIgniter\Debug\Exceptions->errorHandler(2, 'Illegal string ...', 'C:\\xampp\\htdocs...', 89, Array)
#1 C:\xampp\htdocs\hotott1\system\CodeIgniter.php(918): App\Controllers\CustomerController->index()
#2 C:\xampp\htdocs\hotott1\system\CodeIgniter.php(404): CodeIgniter\CodeIgniter->runController(Object(App\Controllers\CustomerController))
#3 C:\xampp\htdocs\hotott1\system\CodeIgniter.php(312): CodeIgniter\CodeIgniter->handleRequest(NULL, Object(Config\Cache), false)
#4 C:\xampp\htdocs\hotott1\public\index.php(45): CodeIgniter\CodeIgniter->run()
#5 {main}
CRITICAL - 2023-02-20 12:28:43 --> Illegal string offset 'pindata'
#0 C:\xampp\htdocs\hotott1\app\Controllers\CustomerController.php(89): CodeIgniter\Debug\Exceptions->errorHandler(2, 'Illegal string ...', 'C:\\xampp\\htdocs...', 89, Array)
#1 C:\xampp\htdocs\hotott1\system\CodeIgniter.php(918): App\Controllers\CustomerController->index()
#2 C:\xampp\htdocs\hotott1\system\CodeIgniter.php(404): CodeIgniter\CodeIgniter->runController(Object(App\Controllers\CustomerController))
#3 C:\xampp\htdocs\hotott1\system\CodeIgniter.php(312): CodeIgniter\CodeIgniter->handleRequest(NULL, Object(Config\Cache), false)
#4 C:\xampp\htdocs\hotott1\public\index.php(45): CodeIgniter\CodeIgniter->run()
#5 {main}
CRITICAL - 2023-02-20 12:28:50 --> Illegal string offset 'pindata'
#0 C:\xampp\htdocs\hotott1\app\Controllers\CustomerController.php(89): CodeIgniter\Debug\Exceptions->errorHandler(2, 'Illegal string ...', 'C:\\xampp\\htdocs...', 89, Array)
#1 C:\xampp\htdocs\hotott1\system\CodeIgniter.php(918): App\Controllers\CustomerController->index()
#2 C:\xampp\htdocs\hotott1\system\CodeIgniter.php(404): CodeIgniter\CodeIgniter->runController(Object(App\Controllers\CustomerController))
#3 C:\xampp\htdocs\hotott1\system\CodeIgniter.php(312): CodeIgniter\CodeIgniter->handleRequest(NULL, Object(Config\Cache), false)
#4 C:\xampp\htdocs\hotott1\public\index.php(45): CodeIgniter\CodeIgniter->run()
#5 {main}
CRITICAL - 2023-02-20 12:30:06 --> Illegal string offset 'country'
#0 C:\xampp\htdocs\hotott1\app\Controllers\CustomerController.php(93): CodeIgniter\Debug\Exceptions->errorHandler(2, 'Illegal string ...', 'C:\\xampp\\htdocs...', 93, Array)
#1 C:\xampp\htdocs\hotott1\system\CodeIgniter.php(918): App\Controllers\CustomerController->index()
#2 C:\xampp\htdocs\hotott1\system\CodeIgniter.php(404): CodeIgniter\CodeIgniter->runController(Object(App\Controllers\CustomerController))
#3 C:\xampp\htdocs\hotott1\system\CodeIgniter.php(312): CodeIgniter\CodeIgniter->handleRequest(NULL, Object(Config\Cache), false)
#4 C:\xampp\htdocs\hotott1\public\index.php(45): CodeIgniter\CodeIgniter->run()
#5 {main}
CRITICAL - 2023-02-20 12:30:21 --> Illegal string offset 'country'
#0 C:\xampp\htdocs\hotott1\app\Controllers\CustomerController.php(93): CodeIgniter\Debug\Exceptions->errorHandler(2, 'Illegal string ...', 'C:\\xampp\\htdocs...', 93, Array)
#1 C:\xampp\htdocs\hotott1\system\CodeIgniter.php(918): App\Controllers\CustomerController->index()
#2 C:\xampp\htdocs\hotott1\system\CodeIgniter.php(404): CodeIgniter\CodeIgniter->runController(Object(App\Controllers\CustomerController))
#3 C:\xampp\htdocs\hotott1\system\CodeIgniter.php(312): CodeIgniter\CodeIgniter->handleRequest(NULL, Object(Config\Cache), false)
#4 C:\xampp\htdocs\hotott1\public\index.php(45): CodeIgniter\CodeIgniter->run()
#5 {main}
CRITICAL - 2023-02-20 12:30:37 --> Illegal string offset 'country'
#0 C:\xampp\htdocs\hotott1\app\Controllers\CustomerController.php(93): CodeIgniter\Debug\Exceptions->errorHandler(2, 'Illegal string ...', 'C:\\xampp\\htdocs...', 93, Array)
#1 C:\xampp\htdocs\hotott1\system\CodeIgniter.php(918): App\Controllers\CustomerController->index()
#2 C:\xampp\htdocs\hotott1\system\CodeIgniter.php(404): CodeIgniter\CodeIgniter->runController(Object(App\Controllers\CustomerController))
#3 C:\xampp\htdocs\hotott1\system\CodeIgniter.php(312): CodeIgniter\CodeIgniter->handleRequest(NULL, Object(Config\Cache), false)
#4 C:\xampp\htdocs\hotott1\public\index.php(45): CodeIgniter\CodeIgniter->run()
#5 {main}
CRITICAL - 2023-02-20 12:31:36 --> Illegal string offset 'country'
#0 C:\xampp\htdocs\hotott1\app\Controllers\CustomerController.php(93): CodeIgniter\Debug\Exceptions->errorHandler(2, 'Illegal string ...', 'C:\\xampp\\htdocs...', 93, Array)
#1 C:\xampp\htdocs\hotott1\system\CodeIgniter.php(918): App\Controllers\CustomerController->index()
#2 C:\xampp\htdocs\hotott1\system\CodeIgniter.php(404): CodeIgniter\CodeIgniter->runController(Object(App\Controllers\CustomerController))
#3 C:\xampp\htdocs\hotott1\system\CodeIgniter.php(312): CodeIgniter\CodeIgniter->handleRequest(NULL, Object(Config\Cache), false)
#4 C:\xampp\htdocs\hotott1\public\index.php(45): CodeIgniter\CodeIgniter->run()
#5 {main}
CRITICAL - 2023-02-20 12:31:38 --> Illegal string offset 'country'
#0 C:\xampp\htdocs\hotott1\app\Controllers\CustomerController.php(93): CodeIgniter\Debug\Exceptions->errorHandler(2, 'Illegal string ...', 'C:\\xampp\\htdocs...', 93, Array)
#1 C:\xampp\htdocs\hotott1\system\CodeIgniter.php(918): App\Controllers\CustomerController->index()
#2 C:\xampp\htdocs\hotott1\system\CodeIgniter.php(404): CodeIgniter\CodeIgniter->runController(Object(App\Controllers\CustomerController))
#3 C:\xampp\htdocs\hotott1\system\CodeIgniter.php(312): CodeIgniter\CodeIgniter->handleRequest(NULL, Object(Config\Cache), false)
#4 C:\xampp\htdocs\hotott1\public\index.php(45): CodeIgniter\CodeIgniter->run()
#5 {main}
