CRITICAL - 2023-02-13 13:35:26 --> syntax error, unexpected '=>' (T_DOUBLE_ARROW)
#0 C:\xampp\htdocs\hotott1\system\Autoloader\Autoloader.php(296): CodeIgniter\Autoloader\Autoloader->requireFile('C:\\xampp\\htdocs...')
#1 C:\xampp\htdocs\hotott1\system\Autoloader\Autoloader.php(258): CodeIgniter\Autoloader\Autoloader->loadInNamespace('App\\Libraries\\E...')
#2 [internal function]: CodeIgniter\Autoloader\Autoloader->loadClass('App\\Libraries\\E...')
#3 C:\xampp\htdocs\hotott1\app\Controllers\CustomerController.php(190): spl_autoload_call('App\\Libraries\\E...')
#4 C:\xampp\htdocs\hotott1\system\CodeIgniter.php(918): App\Controllers\CustomerController->newUserSave()
#5 C:\xampp\htdocs\hotott1\system\CodeIgniter.php(404): CodeIgniter\CodeIgniter->runController(Object(App\Controllers\CustomerController))
#6 C:\xampp\htdocs\hotott1\system\CodeIgniter.php(312): CodeIgniter\CodeIgniter->handleRequest(NULL, Object(Config\Cache), false)
#7 C:\xampp\htdocs\hotott1\public\index.php(45): CodeIgniter\CodeIgniter->run()
#8 {main}
CRITICAL - 2023-02-13 13:59:57 --> Call to a member function last_query() on null
#0 C:\xampp\htdocs\hotott1\system\CodeIgniter.php(918): App\Controllers\CustomerController->newUserSave()
#1 C:\xampp\htdocs\hotott1\system\CodeIgniter.php(404): CodeIgniter\CodeIgniter->runController(Object(App\Controllers\CustomerController))
#2 C:\xampp\htdocs\hotott1\system\CodeIgniter.php(312): CodeIgniter\CodeIgniter->handleRequest(NULL, Object(Config\Cache), false)
#3 C:\xampp\htdocs\hotott1\public\index.php(45): CodeIgniter\CodeIgniter->run()
#4 {main}
CRITICAL - 2023-02-13 14:00:05 --> Call to a member function last_query() on null
#0 C:\xampp\htdocs\hotott1\system\CodeIgniter.php(918): App\Controllers\CustomerController->newUserSave()
#1 C:\xampp\htdocs\hotott1\system\CodeIgniter.php(404): CodeIgniter\CodeIgniter->runController(Object(App\Controllers\CustomerController))
#2 C:\xampp\htdocs\hotott1\system\CodeIgniter.php(312): CodeIgniter\CodeIgniter->handleRequest(NULL, Object(Config\Cache), false)
#3 C:\xampp\htdocs\hotott1\public\index.php(45): CodeIgniter\CodeIgniter->run()
#4 {main}
CRITICAL - 2023-02-13 14:00:16 --> Call to a member function last_query() on null
#0 C:\xampp\htdocs\hotott1\system\CodeIgniter.php(918): App\Controllers\CustomerController->newUserSave()
#1 C:\xampp\htdocs\hotott1\system\CodeIgniter.php(404): CodeIgniter\CodeIgniter->runController(Object(App\Controllers\CustomerController))
#2 C:\xampp\htdocs\hotott1\system\CodeIgniter.php(312): CodeIgniter\CodeIgniter->handleRequest(NULL, Object(Config\Cache), false)
#3 C:\xampp\htdocs\hotott1\public\index.php(45): CodeIgniter\CodeIgniter->run()
#4 {main}
CRITICAL - 2023-02-13 14:00:38 --> Call to a member function getLastQuery() on null
#0 C:\xampp\htdocs\hotott1\system\CodeIgniter.php(918): App\Controllers\CustomerController->newUserSave()
#1 C:\xampp\htdocs\hotott1\system\CodeIgniter.php(404): CodeIgniter\CodeIgniter->runController(Object(App\Controllers\CustomerController))
#2 C:\xampp\htdocs\hotott1\system\CodeIgniter.php(312): CodeIgniter\CodeIgniter->handleRequest(NULL, Object(Config\Cache), false)
#3 C:\xampp\htdocs\hotott1\public\index.php(45): CodeIgniter\CodeIgniter->run()
#4 {main}
CRITICAL - 2023-02-13 14:00:49 --> Call to a member function getLastQuery() on null
#0 C:\xampp\htdocs\hotott1\system\CodeIgniter.php(918): App\Controllers\CustomerController->newUserSave()
#1 C:\xampp\htdocs\hotott1\system\CodeIgniter.php(404): CodeIgniter\CodeIgniter->runController(Object(App\Controllers\CustomerController))
#2 C:\xampp\htdocs\hotott1\system\CodeIgniter.php(312): CodeIgniter\CodeIgniter->handleRequest(NULL, Object(Config\Cache), false)
#3 C:\xampp\htdocs\hotott1\public\index.php(45): CodeIgniter\CodeIgniter->run()
#4 {main}
CRITICAL - 2023-02-13 14:00:57 --> Call to a member function getLastQuery() on null
#0 C:\xampp\htdocs\hotott1\system\CodeIgniter.php(918): App\Controllers\CustomerController->newUserSave()
#1 C:\xampp\htdocs\hotott1\system\CodeIgniter.php(404): CodeIgniter\CodeIgniter->runController(Object(App\Controllers\CustomerController))
#2 C:\xampp\htdocs\hotott1\system\CodeIgniter.php(312): CodeIgniter\CodeIgniter->handleRequest(NULL, Object(Config\Cache), false)
#3 C:\xampp\htdocs\hotott1\public\index.php(45): CodeIgniter\CodeIgniter->run()
#4 {main}
CRITICAL - 2023-02-13 14:01:37 --> syntax error, unexpected 'echo' (T_ECHO), expecting ';' or ','
#0 C:\xampp\htdocs\hotott1\system\Router\Router.php(195): CodeIgniter\Router\Router->autoRoute('CustomerControl...')
#1 C:\xampp\htdocs\hotott1\system\CodeIgniter.php(793): CodeIgniter\Router\Router->handle('CustomerControl...')
#2 C:\xampp\htdocs\hotott1\system\CodeIgniter.php(364): CodeIgniter\CodeIgniter->tryToRouteIt(Object(CodeIgniter\Router\RouteCollection))
#3 C:\xampp\htdocs\hotott1\system\CodeIgniter.php(312): CodeIgniter\CodeIgniter->handleRequest(NULL, Object(Config\Cache), false)
#4 C:\xampp\htdocs\hotott1\public\index.php(45): CodeIgniter\CodeIgniter->run()
#5 {main}
CRITICAL - 2023-02-13 17:27:31 --> Invalid file: admin/change_password.php
#0 C:\xampp\htdocs\hotott1\system\View\View.php(228): CodeIgniter\Exceptions\FrameworkException::forInvalidFile('admin/change_pa...')
#1 C:\xampp\htdocs\hotott1\system\Common.php(1119): CodeIgniter\View\View->render('admin/change_pa...', Array, true)
#2 C:\xampp\htdocs\hotott1\app\Libraries\Template.php(15): view('admin/change_pa...', Array)
#3 C:\xampp\htdocs\hotott1\app\Controllers\Admin.php(149): App\Libraries\Template->render('admintemplate', 'contents', 'admin/change_pa...')
#4 C:\xampp\htdocs\hotott1\system\CodeIgniter.php(918): App\Controllers\Admin->edit_password()
#5 C:\xampp\htdocs\hotott1\system\CodeIgniter.php(404): CodeIgniter\CodeIgniter->runController(Object(App\Controllers\Admin))
#6 C:\xampp\htdocs\hotott1\system\CodeIgniter.php(312): CodeIgniter\CodeIgniter->handleRequest(NULL, Object(Config\Cache), false)
#7 C:\xampp\htdocs\hotott1\public\index.php(45): CodeIgniter\CodeIgniter->run()
#8 {main}
CRITICAL - 2023-02-13 17:52:23 --> Class 'App\Controllers\CustomerModel' not found
#0 C:\xampp\htdocs\hotott1\system\CodeIgniter.php(918): App\Controllers\CustomerController->Allcustomerlist()
#1 C:\xampp\htdocs\hotott1\system\CodeIgniter.php(404): CodeIgniter\CodeIgniter->runController(Object(App\Controllers\CustomerController))
#2 C:\xampp\htdocs\hotott1\system\CodeIgniter.php(312): CodeIgniter\CodeIgniter->handleRequest(NULL, Object(Config\Cache), false)
#3 C:\xampp\htdocs\hotott1\public\index.php(45): CodeIgniter\CodeIgniter->run()
#4 {main}
CRITICAL - 2023-02-13 17:54:52 --> Invalid argument supplied for foreach()
#0 C:\xampp\htdocs\hotott1\app\Views\admin\customer\customerlist.php(85): CodeIgniter\Debug\Exceptions->errorHandler(2, 'Invalid argumen...', 'C:\\xampp\\htdocs...', 85, Array)
#1 C:\xampp\htdocs\hotott1\system\View\View.php(246): include('C:\\xampp\\htdocs...')
#2 C:\xampp\htdocs\hotott1\system\Common.php(1119): CodeIgniter\View\View->render('admin/customer/...', Array, true)
#3 C:\xampp\htdocs\hotott1\app\Libraries\Template.php(15): view('admin/customer/...', Array)
#4 C:\xampp\htdocs\hotott1\app\Controllers\CustomerController.php(66): App\Libraries\Template->render('admintemplate', 'contents', 'admin/customer/...', Array)
#5 C:\xampp\htdocs\hotott1\system\CodeIgniter.php(918): App\Controllers\CustomerController->Allcustomerlist()
#6 C:\xampp\htdocs\hotott1\system\CodeIgniter.php(404): CodeIgniter\CodeIgniter->runController(Object(App\Controllers\CustomerController))
#7 C:\xampp\htdocs\hotott1\system\CodeIgniter.php(312): CodeIgniter\CodeIgniter->handleRequest(NULL, Object(Config\Cache), false)
#8 C:\xampp\htdocs\hotott1\public\index.php(45): CodeIgniter\CodeIgniter->run()
#9 {main}
CRITICAL - 2023-02-13 18:03:05 --> Invalid argument supplied for foreach()
#0 C:\xampp\htdocs\hotott1\app\Views\admin\customer\customerlist.php(85): CodeIgniter\Debug\Exceptions->errorHandler(2, 'Invalid argumen...', 'C:\\xampp\\htdocs...', 85, Array)
#1 C:\xampp\htdocs\hotott1\system\View\View.php(246): include('C:\\xampp\\htdocs...')
#2 C:\xampp\htdocs\hotott1\system\Common.php(1119): CodeIgniter\View\View->render('admin/customer/...', Array, true)
#3 C:\xampp\htdocs\hotott1\app\Libraries\Template.php(15): view('admin/customer/...', Array)
#4 C:\xampp\htdocs\hotott1\app\Controllers\CustomerController.php(67): App\Libraries\Template->render('admintemplate', 'contents', 'admin/customer/...', Array)
#5 C:\xampp\htdocs\hotott1\system\CodeIgniter.php(918): App\Controllers\CustomerController->Allcustomerlist()
#6 C:\xampp\htdocs\hotott1\system\CodeIgniter.php(404): CodeIgniter\CodeIgniter->runController(Object(App\Controllers\CustomerController))
#7 C:\xampp\htdocs\hotott1\system\CodeIgniter.php(312): CodeIgniter\CodeIgniter->handleRequest(NULL, Object(Config\Cache), false)
#8 C:\xampp\htdocs\hotott1\public\index.php(45): CodeIgniter\CodeIgniter->run()
#9 {main}
CRITICAL - 2023-02-13 18:11:09 --> Class 'App\Controllers\CustomerModel' not found
#0 C:\xampp\htdocs\hotott1\system\CodeIgniter.php(918): App\Controllers\CustomerController->edit_customer()
#1 C:\xampp\htdocs\hotott1\system\CodeIgniter.php(404): CodeIgniter\CodeIgniter->runController(Object(App\Controllers\CustomerController))
#2 C:\xampp\htdocs\hotott1\system\CodeIgniter.php(312): CodeIgniter\CodeIgniter->handleRequest(NULL, Object(Config\Cache), false)
#3 C:\xampp\htdocs\hotott1\public\index.php(45): CodeIgniter\CodeIgniter->run()
#4 {main}
CRITICAL - 2023-02-13 19:18:59 --> Class 'App\Controllers\CustomerModel' not found
#0 C:\xampp\htdocs\hotott1\system\CodeIgniter.php(918): App\Controllers\CustomerController->edit_customer()
#1 C:\xampp\htdocs\hotott1\system\CodeIgniter.php(404): CodeIgniter\CodeIgniter->runController(Object(App\Controllers\CustomerController))
#2 C:\xampp\htdocs\hotott1\system\CodeIgniter.php(312): CodeIgniter\CodeIgniter->handleRequest(NULL, Object(Config\Cache), false)
#3 C:\xampp\htdocs\hotott1\public\index.php(45): CodeIgniter\CodeIgniter->run()
#4 {main}
CRITICAL - 2023-02-13 19:19:03 --> Class 'App\Controllers\CustomerModel' not found
#0 C:\xampp\htdocs\hotott1\system\CodeIgniter.php(918): App\Controllers\CustomerController->delete_customer()
#1 C:\xampp\htdocs\hotott1\system\CodeIgniter.php(404): CodeIgniter\CodeIgniter->runController(Object(App\Controllers\CustomerController))
#2 C:\xampp\htdocs\hotott1\system\CodeIgniter.php(312): CodeIgniter\CodeIgniter->handleRequest(NULL, Object(Config\Cache), false)
#3 C:\xampp\htdocs\hotott1\public\index.php(45): CodeIgniter\CodeIgniter->run()
#4 {main}
