CRITICAL - 2022-11-11 11:28:20 --> syntax error, unexpected end of file
#0 /var/www/html/system/Common.php(1119): CodeIgniter\View\View->render('admin/Transacti...', Array, true)
#1 /var/www/html/app/Libraries/Template.php(15): view('admin/Transacti...', Array)
#2 /var/www/html/app/Controllers/TransactionController.php(212): App\Libraries\Template->render('admintemplate', 'contents', 'admin/Transacti...', Array)
#3 /var/www/html/system/CodeIgniter.php(918): App\Controllers\TransactionController->balanceAmount()
#4 /var/www/html/system/CodeIgniter.php(404): CodeIgniter\CodeIgniter->runController(Object(App\Controllers\TransactionController))
#5 /var/www/html/system/CodeIgniter.php(312): CodeIgniter\CodeIgniter->handleRequest(NULL, Object(Config\Cache), false)
#6 /var/www/html/public/index.php(45): CodeIgniter\CodeIgniter->run()
#7 {main}
CRITICAL - 2022-11-11 11:28:50 --> syntax error, unexpected end of file
#0 /var/www/html/system/Common.php(1119): CodeIgniter\View\View->render('admin/Transacti...', Array, true)
#1 /var/www/html/app/Libraries/Template.php(15): view('admin/Transacti...', Array)
#2 /var/www/html/app/Controllers/TransactionController.php(212): App\Libraries\Template->render('admintemplate', 'contents', 'admin/Transacti...', Array)
#3 /var/www/html/system/CodeIgniter.php(918): App\Controllers\TransactionController->balanceAmount()
#4 /var/www/html/system/CodeIgniter.php(404): CodeIgniter\CodeIgniter->runController(Object(App\Controllers\TransactionController))
#5 /var/www/html/system/CodeIgniter.php(312): CodeIgniter\CodeIgniter->handleRequest(NULL, Object(Config\Cache), false)
#6 /var/www/html/public/index.php(45): CodeIgniter\CodeIgniter->run()
#7 {main}
CRITICAL - 2022-11-11 11:34:49 --> syntax error, unexpected end of file
#0 /var/www/html/system/Common.php(1119): CodeIgniter\View\View->render('admin/Transacti...', Array, true)
#1 /var/www/html/app/Libraries/Template.php(15): view('admin/Transacti...', Array)
#2 /var/www/html/app/Controllers/TransactionController.php(116): App\Libraries\Template->render('admintemplate', 'contents', 'admin/Transacti...', Array)
#3 /var/www/html/system/CodeIgniter.php(918): App\Controllers\TransactionController->index()
#4 /var/www/html/system/CodeIgniter.php(404): CodeIgniter\CodeIgniter->runController(Object(App\Controllers\TransactionController))
#5 /var/www/html/system/CodeIgniter.php(312): CodeIgniter\CodeIgniter->handleRequest(NULL, Object(Config\Cache), false)
#6 /var/www/html/public/index.php(45): CodeIgniter\CodeIgniter->run()
#7 {main}
CRITICAL - 2022-11-11 11:52:14 --> syntax error, unexpected end of file
#0 /var/www/html/system/Common.php(1119): CodeIgniter\View\View->render('admin/Transacti...', Array, true)
#1 /var/www/html/app/Libraries/Template.php(15): view('admin/Transacti...', Array)
#2 /var/www/html/app/Controllers/TransactionController.php(212): App\Libraries\Template->render('admintemplate', 'contents', 'admin/Transacti...', Array)
#3 /var/www/html/system/CodeIgniter.php(918): App\Controllers\TransactionController->balanceAmount()
#4 /var/www/html/system/CodeIgniter.php(404): CodeIgniter\CodeIgniter->runController(Object(App\Controllers\TransactionController))
#5 /var/www/html/system/CodeIgniter.php(312): CodeIgniter\CodeIgniter->handleRequest(NULL, Object(Config\Cache), false)
#6 /var/www/html/public/index.php(45): CodeIgniter\CodeIgniter->run()
#7 {main}
CRITICAL - 2022-11-11 11:52:17 --> syntax error, unexpected end of file
#0 /var/www/html/system/Common.php(1119): CodeIgniter\View\View->render('admin/Transacti...', Array, true)
#1 /var/www/html/app/Libraries/Template.php(15): view('admin/Transacti...', Array)
#2 /var/www/html/app/Controllers/TransactionController.php(212): App\Libraries\Template->render('admintemplate', 'contents', 'admin/Transacti...', Array)
#3 /var/www/html/system/CodeIgniter.php(918): App\Controllers\TransactionController->balanceAmount()
#4 /var/www/html/system/CodeIgniter.php(404): CodeIgniter\CodeIgniter->runController(Object(App\Controllers\TransactionController))
#5 /var/www/html/system/CodeIgniter.php(312): CodeIgniter\CodeIgniter->handleRequest(NULL, Object(Config\Cache), false)
#6 /var/www/html/public/index.php(45): CodeIgniter\CodeIgniter->run()
#7 {main}
CRITICAL - 2022-11-11 12:18:58 --> syntax error, unexpected '<'
#0 /var/www/html/system/Common.php(1119): CodeIgniter\View\View->render('admin/Transacti...', Array, true)
#1 /var/www/html/app/Libraries/Template.php(15): view('admin/Transacti...', Array)
#2 /var/www/html/app/Controllers/TransactionController.php(209): App\Libraries\Template->render('admintemplate', 'contents', 'admin/Transacti...', Array)
#3 /var/www/html/system/CodeIgniter.php(918): App\Controllers\TransactionController->balanceAmount()
#4 /var/www/html/system/CodeIgniter.php(404): CodeIgniter\CodeIgniter->runController(Object(App\Controllers\TransactionController))
#5 /var/www/html/system/CodeIgniter.php(312): CodeIgniter\CodeIgniter->handleRequest(NULL, Object(Config\Cache), false)
#6 /var/www/html/public/index.php(45): CodeIgniter\CodeIgniter->run()
#7 {main}
CRITICAL - 2022-11-11 12:19:01 --> syntax error, unexpected '<'
#0 /var/www/html/system/Common.php(1119): CodeIgniter\View\View->render('admin/Transacti...', Array, true)
#1 /var/www/html/app/Libraries/Template.php(15): view('admin/Transacti...', Array)
#2 /var/www/html/app/Controllers/TransactionController.php(209): App\Libraries\Template->render('admintemplate', 'contents', 'admin/Transacti...', Array)
#3 /var/www/html/system/CodeIgniter.php(918): App\Controllers\TransactionController->balanceAmount()
#4 /var/www/html/system/CodeIgniter.php(404): CodeIgniter\CodeIgniter->runController(Object(App\Controllers\TransactionController))
#5 /var/www/html/system/CodeIgniter.php(312): CodeIgniter\CodeIgniter->handleRequest(NULL, Object(Config\Cache), false)
#6 /var/www/html/public/index.php(45): CodeIgniter\CodeIgniter->run()
#7 {main}
CRITICAL - 2022-11-11 12:19:48 --> syntax error, unexpected end of file
#0 /var/www/html/system/Common.php(1119): CodeIgniter\View\View->render('admin/Transacti...', Array, true)
#1 /var/www/html/app/Libraries/Template.php(15): view('admin/Transacti...', Array)
#2 /var/www/html/app/Controllers/TransactionController.php(209): App\Libraries\Template->render('admintemplate', 'contents', 'admin/Transacti...', Array)
#3 /var/www/html/system/CodeIgniter.php(918): App\Controllers\TransactionController->balanceAmount()
#4 /var/www/html/system/CodeIgniter.php(404): CodeIgniter\CodeIgniter->runController(Object(App\Controllers\TransactionController))
#5 /var/www/html/system/CodeIgniter.php(312): CodeIgniter\CodeIgniter->handleRequest(NULL, Object(Config\Cache), false)
#6 /var/www/html/public/index.php(45): CodeIgniter\CodeIgniter->run()
#7 {main}
CRITICAL - 2022-11-11 12:31:46 --> Unsupported operand types
#0 /var/www/html/system/CodeIgniter.php(918): App\Controllers\TransactionController->index()
#1 /var/www/html/system/CodeIgniter.php(404): CodeIgniter\CodeIgniter->runController(Object(App\Controllers\TransactionController))
#2 /var/www/html/system/CodeIgniter.php(312): CodeIgniter\CodeIgniter->handleRequest(NULL, Object(Config\Cache), false)
#3 /var/www/html/public/index.php(45): CodeIgniter\CodeIgniter->run()
#4 {main}
CRITICAL - 2022-11-11 12:33:59 --> Unsupported operand types
#0 /var/www/html/system/CodeIgniter.php(918): App\Controllers\TransactionController->index()
#1 /var/www/html/system/CodeIgniter.php(404): CodeIgniter\CodeIgniter->runController(Object(App\Controllers\TransactionController))
#2 /var/www/html/system/CodeIgniter.php(312): CodeIgniter\CodeIgniter->handleRequest(NULL, Object(Config\Cache), false)
#3 /var/www/html/public/index.php(45): CodeIgniter\CodeIgniter->run()
#4 {main}
CRITICAL - 2022-11-11 13:31:47 --> Call to a member function get() on null
#0 /var/www/html/system/View/View.php(246): include()
#1 /var/www/html/system/Common.php(1119): CodeIgniter\View\View->render('admin/Transacti...', Array, true)
#2 /var/www/html/app/Libraries/Template.php(15): view('admin/Transacti...', Array)
#3 /var/www/html/app/Controllers/TransactionController.php(202): App\Libraries\Template->render('admintemplate', 'contents', 'admin/Transacti...', Array)
#4 /var/www/html/system/CodeIgniter.php(918): App\Controllers\TransactionController->balanceAmount()
#5 /var/www/html/system/CodeIgniter.php(404): CodeIgniter\CodeIgniter->runController(Object(App\Controllers\TransactionController))
#6 /var/www/html/system/CodeIgniter.php(312): CodeIgniter\CodeIgniter->handleRequest(NULL, Object(Config\Cache), false)
#7 /var/www/html/public/index.php(45): CodeIgniter\CodeIgniter->run()
#8 {main}
CRITICAL - 2022-11-11 15:37:16 --> syntax error, unexpected ','
#0 /var/www/html/system/Common.php(1119): CodeIgniter\View\View->render('admin/Transacti...', Array, true)
#1 /var/www/html/app/Libraries/Template.php(15): view('admin/Transacti...', Array)
#2 /var/www/html/app/Controllers/TransactionController.php(203): App\Libraries\Template->render('admintemplate', 'contents', 'admin/Transacti...', Array)
#3 /var/www/html/system/CodeIgniter.php(918): App\Controllers\TransactionController->balanceAmount()
#4 /var/www/html/system/CodeIgniter.php(404): CodeIgniter\CodeIgniter->runController(Object(App\Controllers\TransactionController))
#5 /var/www/html/system/CodeIgniter.php(312): CodeIgniter\CodeIgniter->handleRequest(NULL, Object(Config\Cache), false)
#6 /var/www/html/public/index.php(45): CodeIgniter\CodeIgniter->run()
#7 {main}
CRITICAL - 2022-11-11 15:48:26 --> Class 'App\Models\OnlineShoppingTransactionModel' not found
#0 /var/www/html/system/CodeIgniter.php(918): App\Controllers\TransactionController->ViewRecord()
#1 /var/www/html/system/CodeIgniter.php(404): CodeIgniter\CodeIgniter->runController(Object(App\Controllers\TransactionController))
#2 /var/www/html/system/CodeIgniter.php(312): CodeIgniter\CodeIgniter->handleRequest(NULL, Object(Config\Cache), false)
#3 /var/www/html/public/index.php(45): CodeIgniter\CodeIgniter->run()
#4 {main}
CRITICAL - 2022-11-11 16:07:00 --> syntax error, unexpected ''payment_status'' (T_CONSTANT_ENCAPSED_STRING), expecting ']'
#0 /var/www/html/system/Autoloader/Autoloader.php(296): CodeIgniter\Autoloader\Autoloader->requireFile('/var/www/html/a...')
#1 /var/www/html/system/Autoloader/Autoloader.php(258): CodeIgniter\Autoloader\Autoloader->loadInNamespace('App\\Models\\Onli...')
#2 [internal function]: CodeIgniter\Autoloader\Autoloader->loadClass('App\\Models\\Onli...')
#3 /var/www/html/app/Controllers/TransactionController.php(301): spl_autoload_call('App\\Models\\Onli...')
#4 /var/www/html/system/CodeIgniter.php(918): App\Controllers\TransactionController->ViewRecord()
#5 /var/www/html/system/CodeIgniter.php(404): CodeIgniter\CodeIgniter->runController(Object(App\Controllers\TransactionController))
#6 /var/www/html/system/CodeIgniter.php(312): CodeIgniter\CodeIgniter->handleRequest(NULL, Object(Config\Cache), false)
#7 /var/www/html/public/index.php(45): CodeIgniter\CodeIgniter->run()
#8 {main}
CRITICAL - 2022-11-11 16:07:03 --> syntax error, unexpected ''payment_status'' (T_CONSTANT_ENCAPSED_STRING), expecting ']'
#0 /var/www/html/system/Autoloader/Autoloader.php(296): CodeIgniter\Autoloader\Autoloader->requireFile('/var/www/html/a...')
#1 /var/www/html/system/Autoloader/Autoloader.php(258): CodeIgniter\Autoloader\Autoloader->loadInNamespace('App\\Models\\Onli...')
#2 [internal function]: CodeIgniter\Autoloader\Autoloader->loadClass('App\\Models\\Onli...')
#3 /var/www/html/app/Controllers/TransactionController.php(301): spl_autoload_call('App\\Models\\Onli...')
#4 /var/www/html/system/CodeIgniter.php(918): App\Controllers\TransactionController->ViewRecord()
#5 /var/www/html/system/CodeIgniter.php(404): CodeIgniter\CodeIgniter->runController(Object(App\Controllers\TransactionController))
#6 /var/www/html/system/CodeIgniter.php(312): CodeIgniter\CodeIgniter->handleRequest(NULL, Object(Config\Cache), false)
#7 /var/www/html/public/index.php(45): CodeIgniter\CodeIgniter->run()
#8 {main}
CRITICAL - 2022-11-11 16:07:18 --> syntax error, unexpected ''payment_status'' (T_CONSTANT_ENCAPSED_STRING), expecting ']'
#0 /var/www/html/system/Autoloader/Autoloader.php(296): CodeIgniter\Autoloader\Autoloader->requireFile('/var/www/html/a...')
#1 /var/www/html/system/Autoloader/Autoloader.php(258): CodeIgniter\Autoloader\Autoloader->loadInNamespace('App\\Models\\Onli...')
#2 [internal function]: CodeIgniter\Autoloader\Autoloader->loadClass('App\\Models\\Onli...')
#3 /var/www/html/app/Controllers/TransactionController.php(301): spl_autoload_call('App\\Models\\Onli...')
#4 /var/www/html/system/CodeIgniter.php(918): App\Controllers\TransactionController->ViewRecord()
#5 /var/www/html/system/CodeIgniter.php(404): CodeIgniter\CodeIgniter->runController(Object(App\Controllers\TransactionController))
#6 /var/www/html/system/CodeIgniter.php(312): CodeIgniter\CodeIgniter->handleRequest(NULL, Object(Config\Cache), false)
#7 /var/www/html/public/index.php(45): CodeIgniter\CodeIgniter->run()
#8 {main}
CRITICAL - 2022-11-11 16:59:08 --> syntax error, unexpected end of file
#0 /var/www/html/system/Autoloader/Autoloader.php(296): CodeIgniter\Autoloader\Autoloader->requireFile('/var/www/html/a...')
#1 /var/www/html/system/Autoloader/Autoloader.php(258): CodeIgniter\Autoloader\Autoloader->loadInNamespace('App\\Controllers...')
#2 [internal function]: CodeIgniter\Autoloader\Autoloader->loadClass('App\\Controllers...')
#3 [internal function]: spl_autoload_call('App\\Controllers...')
#4 /var/www/html/system/CodeIgniter.php(869): class_exists('\\App\\Controller...', true)
#5 /var/www/html/system/CodeIgniter.php(394): CodeIgniter\CodeIgniter->startController()
#6 /var/www/html/system/CodeIgniter.php(312): CodeIgniter\CodeIgniter->handleRequest(NULL, Object(Config\Cache), false)
#7 /var/www/html/public/index.php(45): CodeIgniter\CodeIgniter->run()
#8 {main}
CRITICAL - 2022-11-11 17:09:33 --> syntax error, unexpected end of file
#0 /var/www/html/system/Autoloader/Autoloader.php(296): CodeIgniter\Autoloader\Autoloader->requireFile('/var/www/html/a...')
#1 /var/www/html/system/Autoloader/Autoloader.php(258): CodeIgniter\Autoloader\Autoloader->loadInNamespace('App\\Controllers...')
#2 [internal function]: CodeIgniter\Autoloader\Autoloader->loadClass('App\\Controllers...')
#3 [internal function]: spl_autoload_call('App\\Controllers...')
#4 /var/www/html/system/CodeIgniter.php(869): class_exists('\\App\\Controller...', true)
#5 /var/www/html/system/CodeIgniter.php(394): CodeIgniter\CodeIgniter->startController()
#6 /var/www/html/system/CodeIgniter.php(312): CodeIgniter\CodeIgniter->handleRequest(NULL, Object(Config\Cache), false)
#7 /var/www/html/public/index.php(45): CodeIgniter\CodeIgniter->run()
#8 {main}
CRITICAL - 2022-11-11 17:12:01 --> syntax error, unexpected end of file
#0 /var/www/html/system/Autoloader/Autoloader.php(296): CodeIgniter\Autoloader\Autoloader->requireFile('/var/www/html/a...')
#1 /var/www/html/system/Autoloader/Autoloader.php(258): CodeIgniter\Autoloader\Autoloader->loadInNamespace('App\\Controllers...')
#2 [internal function]: CodeIgniter\Autoloader\Autoloader->loadClass('App\\Controllers...')
#3 [internal function]: spl_autoload_call('App\\Controllers...')
#4 /var/www/html/system/CodeIgniter.php(869): class_exists('\\App\\Controller...', true)
#5 /var/www/html/system/CodeIgniter.php(394): CodeIgniter\CodeIgniter->startController()
#6 /var/www/html/system/CodeIgniter.php(312): CodeIgniter\CodeIgniter->handleRequest(NULL, Object(Config\Cache), false)
#7 /var/www/html/public/index.php(45): CodeIgniter\CodeIgniter->run()
#8 {main}
CRITICAL - 2022-11-11 17:24:13 --> syntax error, unexpected end of file
#0 /var/www/html/system/Autoloader/Autoloader.php(296): CodeIgniter\Autoloader\Autoloader->requireFile('/var/www/html/a...')
#1 /var/www/html/system/Autoloader/Autoloader.php(258): CodeIgniter\Autoloader\Autoloader->loadInNamespace('App\\Controllers...')
#2 [internal function]: CodeIgniter\Autoloader\Autoloader->loadClass('App\\Controllers...')
#3 [internal function]: spl_autoload_call('App\\Controllers...')
#4 /var/www/html/system/CodeIgniter.php(869): class_exists('\\App\\Controller...', true)
#5 /var/www/html/system/CodeIgniter.php(394): CodeIgniter\CodeIgniter->startController()
#6 /var/www/html/system/CodeIgniter.php(312): CodeIgniter\CodeIgniter->handleRequest(NULL, Object(Config\Cache), false)
#7 /var/www/html/public/index.php(45): CodeIgniter\CodeIgniter->run()
#8 {main}
CRITICAL - 2022-11-11 17:33:23 --> syntax error, unexpected end of file
#0 /var/www/html/system/Autoloader/Autoloader.php(296): CodeIgniter\Autoloader\Autoloader->requireFile('/var/www/html/a...')
#1 /var/www/html/system/Autoloader/Autoloader.php(258): CodeIgniter\Autoloader\Autoloader->loadInNamespace('App\\Controllers...')
#2 [internal function]: CodeIgniter\Autoloader\Autoloader->loadClass('App\\Controllers...')
#3 [internal function]: spl_autoload_call('App\\Controllers...')
#4 /var/www/html/system/CodeIgniter.php(869): class_exists('\\App\\Controller...', true)
#5 /var/www/html/system/CodeIgniter.php(394): CodeIgniter\CodeIgniter->startController()
#6 /var/www/html/system/CodeIgniter.php(312): CodeIgniter\CodeIgniter->handleRequest(NULL, Object(Config\Cache), false)
#7 /var/www/html/public/index.php(45): CodeIgniter\CodeIgniter->run()
#8 {main}
