CRITICAL - 2023-04-12 11:26:01 --> Maximum execution time of 120 seconds exceeded
#0 [internal function]: CodeIgniter\Debug\Exceptions->shutdownHandler()
#1 {main}
CRITICAL - 2023-04-12 11:58:56 --> Cannot use isset() on the result of an expression (you can use "null !== expression" instead)
#0 [internal function]: CodeIgniter\Debug\Exceptions->shutdownHandler()
#1 {main}
CRITICAL - 2023-04-12 11:58:57 --> Cannot use isset() on the result of an expression (you can use "null !== expression" instead)
#0 [internal function]: CodeIgniter\Debug\Exceptions->shutdownHandler()
#1 {main}
CRITICAL - 2023-04-12 11:58:57 --> Cannot use isset() on the result of an expression (you can use "null !== expression" instead)
#0 [internal function]: CodeIgniter\Debug\Exceptions->shutdownHandler()
#1 {main}
CRITICAL - 2023-04-12 11:58:58 --> Cannot use isset() on the result of an expression (you can use "null !== expression" instead)
#0 [internal function]: CodeIgniter\Debug\Exceptions->shutdownHandler()
#1 {main}
CRITICAL - 2023-04-12 12:24:26 --> syntax error, unexpected '$data' (T_VARIABLE)
#0 C:\xampp\htdocs\hotott\system\Autoloader\Autoloader.php(296): CodeIgniter\Autoloader\Autoloader->requireFile('C:\\xampp\\htdocs...')
#1 C:\xampp\htdocs\hotott\system\Autoloader\Autoloader.php(258): CodeIgniter\Autoloader\Autoloader->loadInNamespace('App\\Controllers...')
#2 [internal function]: CodeIgniter\Autoloader\Autoloader->loadClass('App\\Controllers...')
#3 [internal function]: spl_autoload_call('App\\Controllers...')
#4 C:\xampp\htdocs\hotott\system\CodeIgniter.php(869): class_exists('\\App\\Controller...', true)
#5 C:\xampp\htdocs\hotott\system\CodeIgniter.php(394): CodeIgniter\CodeIgniter->startController()
#6 C:\xampp\htdocs\hotott\system\CodeIgniter.php(312): CodeIgniter\CodeIgniter->handleRequest(NULL, Object(Config\Cache), false)
#7 C:\xampp\htdocs\hotott\public\index.php(45): CodeIgniter\CodeIgniter->run()
#8 {main}
CRITICAL - 2023-04-12 12:24:28 --> syntax error, unexpected '$data' (T_VARIABLE)
#0 C:\xampp\htdocs\hotott\system\Autoloader\Autoloader.php(296): CodeIgniter\Autoloader\Autoloader->requireFile('C:\\xampp\\htdocs...')
#1 C:\xampp\htdocs\hotott\system\Autoloader\Autoloader.php(258): CodeIgniter\Autoloader\Autoloader->loadInNamespace('App\\Controllers...')
#2 [internal function]: CodeIgniter\Autoloader\Autoloader->loadClass('App\\Controllers...')
#3 [internal function]: spl_autoload_call('App\\Controllers...')
#4 C:\xampp\htdocs\hotott\system\CodeIgniter.php(869): class_exists('\\App\\Controller...', true)
#5 C:\xampp\htdocs\hotott\system\CodeIgniter.php(394): CodeIgniter\CodeIgniter->startController()
#6 C:\xampp\htdocs\hotott\system\CodeIgniter.php(312): CodeIgniter\CodeIgniter->handleRequest(NULL, Object(Config\Cache), false)
#7 C:\xampp\htdocs\hotott\public\index.php(45): CodeIgniter\CodeIgniter->run()
#8 {main}
CRITICAL - 2023-04-12 12:24:36 --> syntax error, unexpected '$data' (T_VARIABLE)
#0 C:\xampp\htdocs\hotott\system\Autoloader\Autoloader.php(296): CodeIgniter\Autoloader\Autoloader->requireFile('C:\\xampp\\htdocs...')
#1 C:\xampp\htdocs\hotott\system\Autoloader\Autoloader.php(258): CodeIgniter\Autoloader\Autoloader->loadInNamespace('App\\Controllers...')
#2 [internal function]: CodeIgniter\Autoloader\Autoloader->loadClass('App\\Controllers...')
#3 [internal function]: spl_autoload_call('App\\Controllers...')
#4 C:\xampp\htdocs\hotott\system\CodeIgniter.php(869): class_exists('\\App\\Controller...', true)
#5 C:\xampp\htdocs\hotott\system\CodeIgniter.php(394): CodeIgniter\CodeIgniter->startController()
#6 C:\xampp\htdocs\hotott\system\CodeIgniter.php(312): CodeIgniter\CodeIgniter->handleRequest(NULL, Object(Config\Cache), false)
#7 C:\xampp\htdocs\hotott\public\index.php(45): CodeIgniter\CodeIgniter->run()
#8 {main}
CRITICAL - 2023-04-12 16:22:45 --> syntax error, unexpected 'where' (T_STRING)
#0 C:\xampp\htdocs\hotott\system\Autoloader\Autoloader.php(296): CodeIgniter\Autoloader\Autoloader->requireFile('C:\\xampp\\htdocs...')
#1 C:\xampp\htdocs\hotott\system\Autoloader\Autoloader.php(258): CodeIgniter\Autoloader\Autoloader->loadInNamespace('App\\Controllers...')
#2 [internal function]: CodeIgniter\Autoloader\Autoloader->loadClass('App\\Controllers...')
#3 [internal function]: spl_autoload_call('App\\Controllers...')
#4 C:\xampp\htdocs\hotott\system\CodeIgniter.php(869): class_exists('\\App\\Controller...', true)
#5 C:\xampp\htdocs\hotott\system\CodeIgniter.php(394): CodeIgniter\CodeIgniter->startController()
#6 C:\xampp\htdocs\hotott\system\CodeIgniter.php(312): CodeIgniter\CodeIgniter->handleRequest(NULL, Object(Config\Cache), false)
#7 C:\xampp\htdocs\hotott\public\index.php(45): CodeIgniter\CodeIgniter->run()
#8 {main}
CRITICAL - 2023-04-12 16:22:46 --> syntax error, unexpected 'where' (T_STRING)
#0 C:\xampp\htdocs\hotott\system\Autoloader\Autoloader.php(296): CodeIgniter\Autoloader\Autoloader->requireFile('C:\\xampp\\htdocs...')
#1 C:\xampp\htdocs\hotott\system\Autoloader\Autoloader.php(258): CodeIgniter\Autoloader\Autoloader->loadInNamespace('App\\Controllers...')
#2 [internal function]: CodeIgniter\Autoloader\Autoloader->loadClass('App\\Controllers...')
#3 [internal function]: spl_autoload_call('App\\Controllers...')
#4 C:\xampp\htdocs\hotott\system\CodeIgniter.php(869): class_exists('\\App\\Controller...', true)
#5 C:\xampp\htdocs\hotott\system\CodeIgniter.php(394): CodeIgniter\CodeIgniter->startController()
#6 C:\xampp\htdocs\hotott\system\CodeIgniter.php(312): CodeIgniter\CodeIgniter->handleRequest(NULL, Object(Config\Cache), false)
#7 C:\xampp\htdocs\hotott\public\index.php(45): CodeIgniter\CodeIgniter->run()
#8 {main}
CRITICAL - 2023-04-12 16:30:31 --> Call to undefined method CodeIgniter\Session\Session::hasFlashdata()
#0 C:\xampp\htdocs\hotott\system\View\View.php(246): include()
#1 C:\xampp\htdocs\hotott\system\Common.php(1119): CodeIgniter\View\View->render('socialLink', Array, true)
#2 C:\xampp\htdocs\hotott\app\Controllers\Invite.php(258): view('socialLink', Array)
#3 C:\xampp\htdocs\hotott\system\CodeIgniter.php(918): App\Controllers\Invite->socialLink('643659b052873OT...')
#4 C:\xampp\htdocs\hotott\system\CodeIgniter.php(404): CodeIgniter\CodeIgniter->runController(Object(App\Controllers\Invite))
#5 C:\xampp\htdocs\hotott\system\CodeIgniter.php(312): CodeIgniter\CodeIgniter->handleRequest(NULL, Object(Config\Cache), false)
#6 C:\xampp\htdocs\hotott\public\index.php(45): CodeIgniter\CodeIgniter->run()
#7 {main}
CRITICAL - 2023-04-12 16:30:32 --> Call to undefined method CodeIgniter\Session\Session::hasFlashdata()
#0 C:\xampp\htdocs\hotott\system\View\View.php(246): include()
#1 C:\xampp\htdocs\hotott\system\Common.php(1119): CodeIgniter\View\View->render('socialLink', Array, true)
#2 C:\xampp\htdocs\hotott\app\Controllers\Invite.php(258): view('socialLink', Array)
#3 C:\xampp\htdocs\hotott\system\CodeIgniter.php(918): App\Controllers\Invite->socialLink('643659b052873OT...')
#4 C:\xampp\htdocs\hotott\system\CodeIgniter.php(404): CodeIgniter\CodeIgniter->runController(Object(App\Controllers\Invite))
#5 C:\xampp\htdocs\hotott\system\CodeIgniter.php(312): CodeIgniter\CodeIgniter->handleRequest(NULL, Object(Config\Cache), false)
#6 C:\xampp\htdocs\hotott\public\index.php(45): CodeIgniter\CodeIgniter->run()
#7 {main}
CRITICAL - 2023-04-12 16:30:34 --> Call to undefined method CodeIgniter\Session\Session::hasFlashdata()
#0 C:\xampp\htdocs\hotott\system\View\View.php(246): include()
#1 C:\xampp\htdocs\hotott\system\Common.php(1119): CodeIgniter\View\View->render('socialLink', Array, true)
#2 C:\xampp\htdocs\hotott\app\Controllers\Invite.php(258): view('socialLink', Array)
#3 C:\xampp\htdocs\hotott\system\CodeIgniter.php(918): App\Controllers\Invite->socialLink('643659b052873OT...')
#4 C:\xampp\htdocs\hotott\system\CodeIgniter.php(404): CodeIgniter\CodeIgniter->runController(Object(App\Controllers\Invite))
#5 C:\xampp\htdocs\hotott\system\CodeIgniter.php(312): CodeIgniter\CodeIgniter->handleRequest(NULL, Object(Config\Cache), false)
#6 C:\xampp\htdocs\hotott\public\index.php(45): CodeIgniter\CodeIgniter->run()
#7 {main}
CRITICAL - 2023-04-12 16:30:36 --> Call to undefined method CodeIgniter\Session\Session::hasFlashdata()
#0 C:\xampp\htdocs\hotott\system\View\View.php(246): include()
#1 C:\xampp\htdocs\hotott\system\Common.php(1119): CodeIgniter\View\View->render('socialLink', Array, true)
#2 C:\xampp\htdocs\hotott\app\Controllers\Invite.php(258): view('socialLink', Array)
#3 C:\xampp\htdocs\hotott\system\CodeIgniter.php(918): App\Controllers\Invite->socialLink('643659b052873OT...')
#4 C:\xampp\htdocs\hotott\system\CodeIgniter.php(404): CodeIgniter\CodeIgniter->runController(Object(App\Controllers\Invite))
#5 C:\xampp\htdocs\hotott\system\CodeIgniter.php(312): CodeIgniter\CodeIgniter->handleRequest(NULL, Object(Config\Cache), false)
#6 C:\xampp\htdocs\hotott\public\index.php(45): CodeIgniter\CodeIgniter->run()
#7 {main}
CRITICAL - 2023-04-12 16:36:02 --> Call to undefined method CodeIgniter\Session\Session::hasFlashdata()
#0 C:\xampp\htdocs\hotott\system\View\View.php(246): include()
#1 C:\xampp\htdocs\hotott\system\Common.php(1119): CodeIgniter\View\View->render('socialLink', Array, true)
#2 C:\xampp\htdocs\hotott\app\Controllers\Invite.php(258): view('socialLink', Array)
#3 C:\xampp\htdocs\hotott\system\CodeIgniter.php(918): App\Controllers\Invite->socialLink('643659b052873OT...')
#4 C:\xampp\htdocs\hotott\system\CodeIgniter.php(404): CodeIgniter\CodeIgniter->runController(Object(App\Controllers\Invite))
#5 C:\xampp\htdocs\hotott\system\CodeIgniter.php(312): CodeIgniter\CodeIgniter->handleRequest(NULL, Object(Config\Cache), false)
#6 C:\xampp\htdocs\hotott\public\index.php(45): CodeIgniter\CodeIgniter->run()
#7 {main}
CRITICAL - 2023-04-12 16:36:03 --> Call to undefined method CodeIgniter\Session\Session::hasFlashdata()
#0 C:\xampp\htdocs\hotott\system\View\View.php(246): include()
#1 C:\xampp\htdocs\hotott\system\Common.php(1119): CodeIgniter\View\View->render('socialLink', Array, true)
#2 C:\xampp\htdocs\hotott\app\Controllers\Invite.php(258): view('socialLink', Array)
#3 C:\xampp\htdocs\hotott\system\CodeIgniter.php(918): App\Controllers\Invite->socialLink('643659b052873OT...')
#4 C:\xampp\htdocs\hotott\system\CodeIgniter.php(404): CodeIgniter\CodeIgniter->runController(Object(App\Controllers\Invite))
#5 C:\xampp\htdocs\hotott\system\CodeIgniter.php(312): CodeIgniter\CodeIgniter->handleRequest(NULL, Object(Config\Cache), false)
#6 C:\xampp\htdocs\hotott\public\index.php(45): CodeIgniter\CodeIgniter->run()
#7 {main}
CRITICAL - 2023-04-12 16:36:03 --> Call to undefined method CodeIgniter\Session\Session::hasFlashdata()
#0 C:\xampp\htdocs\hotott\system\View\View.php(246): include()
#1 C:\xampp\htdocs\hotott\system\Common.php(1119): CodeIgniter\View\View->render('socialLink', Array, true)
#2 C:\xampp\htdocs\hotott\app\Controllers\Invite.php(258): view('socialLink', Array)
#3 C:\xampp\htdocs\hotott\system\CodeIgniter.php(918): App\Controllers\Invite->socialLink('643659b052873OT...')
#4 C:\xampp\htdocs\hotott\system\CodeIgniter.php(404): CodeIgniter\CodeIgniter->runController(Object(App\Controllers\Invite))
#5 C:\xampp\htdocs\hotott\system\CodeIgniter.php(312): CodeIgniter\CodeIgniter->handleRequest(NULL, Object(Config\Cache), false)
#6 C:\xampp\htdocs\hotott\public\index.php(45): CodeIgniter\CodeIgniter->run()
#7 {main}
CRITICAL - 2023-04-12 16:36:04 --> Call to undefined method CodeIgniter\Session\Session::hasFlashdata()
#0 C:\xampp\htdocs\hotott\system\View\View.php(246): include()
#1 C:\xampp\htdocs\hotott\system\Common.php(1119): CodeIgniter\View\View->render('socialLink', Array, true)
#2 C:\xampp\htdocs\hotott\app\Controllers\Invite.php(258): view('socialLink', Array)
#3 C:\xampp\htdocs\hotott\system\CodeIgniter.php(918): App\Controllers\Invite->socialLink('643659b052873OT...')
#4 C:\xampp\htdocs\hotott\system\CodeIgniter.php(404): CodeIgniter\CodeIgniter->runController(Object(App\Controllers\Invite))
#5 C:\xampp\htdocs\hotott\system\CodeIgniter.php(312): CodeIgniter\CodeIgniter->handleRequest(NULL, Object(Config\Cache), false)
#6 C:\xampp\htdocs\hotott\public\index.php(45): CodeIgniter\CodeIgniter->run()
#7 {main}
CRITICAL - 2023-04-12 16:41:49 --> syntax error, unexpected '}', expecting end of file
#0 C:\xampp\htdocs\hotott\system\Common.php(1119): CodeIgniter\View\View->render('socialLink', Array, true)
#1 C:\xampp\htdocs\hotott\app\Controllers\Invite.php(258): view('socialLink', Array)
#2 C:\xampp\htdocs\hotott\system\CodeIgniter.php(918): App\Controllers\Invite->socialLink('643659b052873OT...')
#3 C:\xampp\htdocs\hotott\system\CodeIgniter.php(404): CodeIgniter\CodeIgniter->runController(Object(App\Controllers\Invite))
#4 C:\xampp\htdocs\hotott\system\CodeIgniter.php(312): CodeIgniter\CodeIgniter->handleRequest(NULL, Object(Config\Cache), false)
#5 C:\xampp\htdocs\hotott\public\index.php(45): CodeIgniter\CodeIgniter->run()
#6 {main}
CRITICAL - 2023-04-12 16:41:51 --> syntax error, unexpected '}', expecting end of file
#0 C:\xampp\htdocs\hotott\system\Common.php(1119): CodeIgniter\View\View->render('socialLink', Array, true)
#1 C:\xampp\htdocs\hotott\app\Controllers\Invite.php(258): view('socialLink', Array)
#2 C:\xampp\htdocs\hotott\system\CodeIgniter.php(918): App\Controllers\Invite->socialLink('643659b052873OT...')
#3 C:\xampp\htdocs\hotott\system\CodeIgniter.php(404): CodeIgniter\CodeIgniter->runController(Object(App\Controllers\Invite))
#4 C:\xampp\htdocs\hotott\system\CodeIgniter.php(312): CodeIgniter\CodeIgniter->handleRequest(NULL, Object(Config\Cache), false)
#5 C:\xampp\htdocs\hotott\public\index.php(45): CodeIgniter\CodeIgniter->run()
#6 {main}
CRITICAL - 2023-04-12 17:03:01 --> Argument 1 passed to CodeIgniter\HTTP\RedirectResponse::to() must be of the type string, null given, called in C:\xampp\htdocs\hotott\app\Controllers\Invite.php on line 532
#0 C:\xampp\htdocs\hotott\app\Controllers\Invite.php(532): CodeIgniter\HTTP\RedirectResponse->to(NULL)
#1 C:\xampp\htdocs\hotott\system\CodeIgniter.php(918): App\Controllers\Invite->newUsersocialSave()
#2 C:\xampp\htdocs\hotott\system\CodeIgniter.php(404): CodeIgniter\CodeIgniter->runController(Object(App\Controllers\Invite))
#3 C:\xampp\htdocs\hotott\system\CodeIgniter.php(312): CodeIgniter\CodeIgniter->handleRequest(NULL, Object(Config\Cache), false)
#4 C:\xampp\htdocs\hotott\public\index.php(45): CodeIgniter\CodeIgniter->run()
#5 {main}
CRITICAL - 2023-04-12 17:06:33 --> Argument 1 passed to CodeIgniter\HTTP\RedirectResponse::to() must be of the type string, null given, called in C:\xampp\htdocs\hotott\app\Controllers\Invite.php on line 534
#0 C:\xampp\htdocs\hotott\app\Controllers\Invite.php(534): CodeIgniter\HTTP\RedirectResponse->to(NULL)
#1 C:\xampp\htdocs\hotott\system\CodeIgniter.php(918): App\Controllers\Invite->newUsersocialSave()
#2 C:\xampp\htdocs\hotott\system\CodeIgniter.php(404): CodeIgniter\CodeIgniter->runController(Object(App\Controllers\Invite))
#3 C:\xampp\htdocs\hotott\system\CodeIgniter.php(312): CodeIgniter\CodeIgniter->handleRequest(NULL, Object(Config\Cache), false)
#4 C:\xampp\htdocs\hotott\public\index.php(45): CodeIgniter\CodeIgniter->run()
#5 {main}
CRITICAL - 2023-04-12 17:08:59 --> Argument 1 passed to CodeIgniter\HTTP\RedirectResponse::to() must be of the type string, null given, called in C:\xampp\htdocs\hotott\app\Controllers\Invite.php on line 533
#0 C:\xampp\htdocs\hotott\app\Controllers\Invite.php(533): CodeIgniter\HTTP\RedirectResponse->to(NULL)
#1 C:\xampp\htdocs\hotott\system\CodeIgniter.php(918): App\Controllers\Invite->newUsersocialSave()
#2 C:\xampp\htdocs\hotott\system\CodeIgniter.php(404): CodeIgniter\CodeIgniter->runController(Object(App\Controllers\Invite))
#3 C:\xampp\htdocs\hotott\system\CodeIgniter.php(312): CodeIgniter\CodeIgniter->handleRequest(NULL, Object(Config\Cache), false)
#4 C:\xampp\htdocs\hotott\public\index.php(45): CodeIgniter\CodeIgniter->run()
#5 {main}
CRITICAL - 2023-04-12 17:13:54 --> syntax error, unexpected '$checklink' (T_VARIABLE)
#0 C:\xampp\htdocs\hotott\system\Autoloader\Autoloader.php(296): CodeIgniter\Autoloader\Autoloader->requireFile('C:\\xampp\\htdocs...')
#1 C:\xampp\htdocs\hotott\system\Autoloader\Autoloader.php(258): CodeIgniter\Autoloader\Autoloader->loadInNamespace('App\\Controllers...')
#2 [internal function]: CodeIgniter\Autoloader\Autoloader->loadClass('App\\Controllers...')
#3 [internal function]: spl_autoload_call('App\\Controllers...')
#4 C:\xampp\htdocs\hotott\system\CodeIgniter.php(869): class_exists('\\App\\Controller...', true)
#5 C:\xampp\htdocs\hotott\system\CodeIgniter.php(394): CodeIgniter\CodeIgniter->startController()
#6 C:\xampp\htdocs\hotott\system\CodeIgniter.php(312): CodeIgniter\CodeIgniter->handleRequest(NULL, Object(Config\Cache), false)
#7 C:\xampp\htdocs\hotott\public\index.php(45): CodeIgniter\CodeIgniter->run()
#8 {main}
CRITICAL - 2023-04-12 17:13:55 --> syntax error, unexpected '$checklink' (T_VARIABLE)
#0 C:\xampp\htdocs\hotott\system\Autoloader\Autoloader.php(296): CodeIgniter\Autoloader\Autoloader->requireFile('C:\\xampp\\htdocs...')
#1 C:\xampp\htdocs\hotott\system\Autoloader\Autoloader.php(258): CodeIgniter\Autoloader\Autoloader->loadInNamespace('App\\Controllers...')
#2 [internal function]: CodeIgniter\Autoloader\Autoloader->loadClass('App\\Controllers...')
#3 [internal function]: spl_autoload_call('App\\Controllers...')
#4 C:\xampp\htdocs\hotott\system\CodeIgniter.php(869): class_exists('\\App\\Controller...', true)
#5 C:\xampp\htdocs\hotott\system\CodeIgniter.php(394): CodeIgniter\CodeIgniter->startController()
#6 C:\xampp\htdocs\hotott\system\CodeIgniter.php(312): CodeIgniter\CodeIgniter->handleRequest(NULL, Object(Config\Cache), false)
#7 C:\xampp\htdocs\hotott\public\index.php(45): CodeIgniter\CodeIgniter->run()
#8 {main}
CRITICAL - 2023-04-12 17:13:56 --> syntax error, unexpected '$checklink' (T_VARIABLE)
#0 C:\xampp\htdocs\hotott\system\Autoloader\Autoloader.php(296): CodeIgniter\Autoloader\Autoloader->requireFile('C:\\xampp\\htdocs...')
#1 C:\xampp\htdocs\hotott\system\Autoloader\Autoloader.php(258): CodeIgniter\Autoloader\Autoloader->loadInNamespace('App\\Controllers...')
#2 [internal function]: CodeIgniter\Autoloader\Autoloader->loadClass('App\\Controllers...')
#3 [internal function]: spl_autoload_call('App\\Controllers...')
#4 C:\xampp\htdocs\hotott\system\CodeIgniter.php(869): class_exists('\\App\\Controller...', true)
#5 C:\xampp\htdocs\hotott\system\CodeIgniter.php(394): CodeIgniter\CodeIgniter->startController()
#6 C:\xampp\htdocs\hotott\system\CodeIgniter.php(312): CodeIgniter\CodeIgniter->handleRequest(NULL, Object(Config\Cache), false)
#7 C:\xampp\htdocs\hotott\public\index.php(45): CodeIgniter\CodeIgniter->run()
#8 {main}
CRITICAL - 2023-04-12 17:13:56 --> syntax error, unexpected '$checklink' (T_VARIABLE)
#0 C:\xampp\htdocs\hotott\system\Autoloader\Autoloader.php(296): CodeIgniter\Autoloader\Autoloader->requireFile('C:\\xampp\\htdocs...')
#1 C:\xampp\htdocs\hotott\system\Autoloader\Autoloader.php(258): CodeIgniter\Autoloader\Autoloader->loadInNamespace('App\\Controllers...')
#2 [internal function]: CodeIgniter\Autoloader\Autoloader->loadClass('App\\Controllers...')
#3 [internal function]: spl_autoload_call('App\\Controllers...')
#4 C:\xampp\htdocs\hotott\system\CodeIgniter.php(869): class_exists('\\App\\Controller...', true)
#5 C:\xampp\htdocs\hotott\system\CodeIgniter.php(394): CodeIgniter\CodeIgniter->startController()
#6 C:\xampp\htdocs\hotott\system\CodeIgniter.php(312): CodeIgniter\CodeIgniter->handleRequest(NULL, Object(Config\Cache), false)
#7 C:\xampp\htdocs\hotott\public\index.php(45): CodeIgniter\CodeIgniter->run()
#8 {main}
