CRITICAL - 2023-03-17 11:34:54 --> Access denied for user 'genie'@'localhost' (using password: YES)
#0 C:\xampp\htdocs\hotott\app\Views\admin\transaction\transactionlist.php(167): mysqli_connect('localhost', 'genie', 'Genie@20', 'ott_mlm')
#1 C:\xampp\htdocs\hotott\system\View\View.php(246): include('C:\\xampp\\htdocs...')
#2 C:\xampp\htdocs\hotott\system\Common.php(1119): CodeIgniter\View\View->render('admin/transacti...', Array, true)
#3 C:\xampp\htdocs\hotott\app\Libraries\Template.php(15): view('admin/transacti...', Array)
#4 C:\xampp\htdocs\hotott\app\Controllers\TransactionController.php(77): App\Libraries\Template->render('admintemplate', 'contents', 'admin/transacti...', Array)
#5 C:\xampp\htdocs\hotott\system\CodeIgniter.php(918): App\Controllers\TransactionController->index()
#6 C:\xampp\htdocs\hotott\system\CodeIgniter.php(404): CodeIgniter\CodeIgniter->runController(Object(App\Controllers\TransactionController))
#7 C:\xampp\htdocs\hotott\system\CodeIgniter.php(312): CodeIgniter\CodeIgniter->handleRequest(NULL, Object(Config\Cache), false)
#8 C:\xampp\htdocs\hotott\public\index.php(45): CodeIgniter\CodeIgniter->run()
#9 {main}
CRITICAL - 2023-03-17 11:34:54 --> Access denied for user 'genie'@'localhost' (using password: YES)
#0 C:\xampp\htdocs\hotott\app\Views\admin\transaction\transactionlist.php(167): mysqli_connect('localhost', 'genie', 'Genie@20', 'ott_mlm')
#1 C:\xampp\htdocs\hotott\system\View\View.php(246): include('C:\\xampp\\htdocs...')
#2 C:\xampp\htdocs\hotott\system\Common.php(1119): CodeIgniter\View\View->render('admin/transacti...', Array, true)
#3 C:\xampp\htdocs\hotott\app\Libraries\Template.php(15): view('admin/transacti...', Array)
#4 C:\xampp\htdocs\hotott\app\Controllers\TransactionController.php(77): App\Libraries\Template->render('admintemplate', 'contents', 'admin/transacti...', Array)
#5 C:\xampp\htdocs\hotott\system\CodeIgniter.php(918): App\Controllers\TransactionController->index()
#6 C:\xampp\htdocs\hotott\system\CodeIgniter.php(404): CodeIgniter\CodeIgniter->runController(Object(App\Controllers\TransactionController))
#7 C:\xampp\htdocs\hotott\system\CodeIgniter.php(312): CodeIgniter\CodeIgniter->handleRequest(NULL, Object(Config\Cache), false)
#8 C:\xampp\htdocs\hotott\public\index.php(45): CodeIgniter\CodeIgniter->run()
#9 {main}
CRITICAL - 2023-03-17 12:38:03 --> syntax error, unexpected 'ORDER' (T_STRING)
#0 C:\xampp\htdocs\hotott\system\Autoloader\Autoloader.php(296): CodeIgniter\Autoloader\Autoloader->requireFile('C:\\xampp\\htdocs...')
#1 C:\xampp\htdocs\hotott\system\Autoloader\Autoloader.php(258): CodeIgniter\Autoloader\Autoloader->loadInNamespace('App\\Models\\PinM...')
#2 [internal function]: CodeIgniter\Autoloader\Autoloader->loadClass('App\\Models\\PinM...')
#3 C:\xampp\htdocs\hotott\app\Controllers\PinController.php(875): spl_autoload_call('App\\Models\\PinM...')
#4 C:\xampp\htdocs\hotott\system\CodeIgniter.php(918): App\Controllers\PinController->purchasePinList()
#5 C:\xampp\htdocs\hotott\system\CodeIgniter.php(404): CodeIgniter\CodeIgniter->runController(Object(App\Controllers\PinController))
#6 C:\xampp\htdocs\hotott\system\CodeIgniter.php(312): CodeIgniter\CodeIgniter->handleRequest(NULL, Object(Config\Cache), false)
#7 C:\xampp\htdocs\hotott\public\index.php(45): CodeIgniter\CodeIgniter->run()
#8 {main}
CRITICAL - 2023-03-17 12:38:05 --> syntax error, unexpected 'ORDER' (T_STRING)
#0 C:\xampp\htdocs\hotott\system\Autoloader\Autoloader.php(296): CodeIgniter\Autoloader\Autoloader->requireFile('C:\\xampp\\htdocs...')
#1 C:\xampp\htdocs\hotott\system\Autoloader\Autoloader.php(258): CodeIgniter\Autoloader\Autoloader->loadInNamespace('App\\Models\\PinM...')
#2 [internal function]: CodeIgniter\Autoloader\Autoloader->loadClass('App\\Models\\PinM...')
#3 C:\xampp\htdocs\hotott\app\Controllers\PinController.php(875): spl_autoload_call('App\\Models\\PinM...')
#4 C:\xampp\htdocs\hotott\system\CodeIgniter.php(918): App\Controllers\PinController->purchasePinList()
#5 C:\xampp\htdocs\hotott\system\CodeIgniter.php(404): CodeIgniter\CodeIgniter->runController(Object(App\Controllers\PinController))
#6 C:\xampp\htdocs\hotott\system\CodeIgniter.php(312): CodeIgniter\CodeIgniter->handleRequest(NULL, Object(Config\Cache), false)
#7 C:\xampp\htdocs\hotott\public\index.php(45): CodeIgniter\CodeIgniter->run()
#8 {main}
CRITICAL - 2023-03-17 12:44:33 --> Cannot use object of type stdClass as array
#0 C:\xampp\htdocs\hotott\system\View\View.php(246): include()
#1 C:\xampp\htdocs\hotott\system\Common.php(1119): CodeIgniter\View\View->render('admin/Pin/purch...', Array, true)
#2 C:\xampp\htdocs\hotott\app\Libraries\Template.php(15): view('admin/Pin/purch...', Array)
#3 C:\xampp\htdocs\hotott\app\Controllers\PinController.php(921): App\Libraries\Template->render('admintemplate', 'contents', 'admin/Pin/purch...', Array)
#4 C:\xampp\htdocs\hotott\system\CodeIgniter.php(918): App\Controllers\PinController->purchasePinList()
#5 C:\xampp\htdocs\hotott\system\CodeIgniter.php(404): CodeIgniter\CodeIgniter->runController(Object(App\Controllers\PinController))
#6 C:\xampp\htdocs\hotott\system\CodeIgniter.php(312): CodeIgniter\CodeIgniter->handleRequest(NULL, Object(Config\Cache), false)
#7 C:\xampp\htdocs\hotott\public\index.php(45): CodeIgniter\CodeIgniter->run()
#8 {main}
CRITICAL - 2023-03-17 12:44:34 --> Cannot use object of type stdClass as array
#0 C:\xampp\htdocs\hotott\system\View\View.php(246): include()
#1 C:\xampp\htdocs\hotott\system\Common.php(1119): CodeIgniter\View\View->render('admin/Pin/purch...', Array, true)
#2 C:\xampp\htdocs\hotott\app\Libraries\Template.php(15): view('admin/Pin/purch...', Array)
#3 C:\xampp\htdocs\hotott\app\Controllers\PinController.php(921): App\Libraries\Template->render('admintemplate', 'contents', 'admin/Pin/purch...', Array)
#4 C:\xampp\htdocs\hotott\system\CodeIgniter.php(918): App\Controllers\PinController->purchasePinList()
#5 C:\xampp\htdocs\hotott\system\CodeIgniter.php(404): CodeIgniter\CodeIgniter->runController(Object(App\Controllers\PinController))
#6 C:\xampp\htdocs\hotott\system\CodeIgniter.php(312): CodeIgniter\CodeIgniter->handleRequest(NULL, Object(Config\Cache), false)
#7 C:\xampp\htdocs\hotott\public\index.php(45): CodeIgniter\CodeIgniter->run()
#8 {main}
CRITICAL - 2023-03-17 12:44:34 --> Cannot use object of type stdClass as array
#0 C:\xampp\htdocs\hotott\system\View\View.php(246): include()
#1 C:\xampp\htdocs\hotott\system\Common.php(1119): CodeIgniter\View\View->render('admin/Pin/purch...', Array, true)
#2 C:\xampp\htdocs\hotott\app\Libraries\Template.php(15): view('admin/Pin/purch...', Array)
#3 C:\xampp\htdocs\hotott\app\Controllers\PinController.php(921): App\Libraries\Template->render('admintemplate', 'contents', 'admin/Pin/purch...', Array)
#4 C:\xampp\htdocs\hotott\system\CodeIgniter.php(918): App\Controllers\PinController->purchasePinList()
#5 C:\xampp\htdocs\hotott\system\CodeIgniter.php(404): CodeIgniter\CodeIgniter->runController(Object(App\Controllers\PinController))
#6 C:\xampp\htdocs\hotott\system\CodeIgniter.php(312): CodeIgniter\CodeIgniter->handleRequest(NULL, Object(Config\Cache), false)
#7 C:\xampp\htdocs\hotott\public\index.php(45): CodeIgniter\CodeIgniter->run()
#8 {main}
CRITICAL - 2023-03-17 12:44:35 --> Cannot use object of type stdClass as array
#0 C:\xampp\htdocs\hotott\system\View\View.php(246): include()
#1 C:\xampp\htdocs\hotott\system\Common.php(1119): CodeIgniter\View\View->render('admin/Pin/purch...', Array, true)
#2 C:\xampp\htdocs\hotott\app\Libraries\Template.php(15): view('admin/Pin/purch...', Array)
#3 C:\xampp\htdocs\hotott\app\Controllers\PinController.php(921): App\Libraries\Template->render('admintemplate', 'contents', 'admin/Pin/purch...', Array)
#4 C:\xampp\htdocs\hotott\system\CodeIgniter.php(918): App\Controllers\PinController->purchasePinList()
#5 C:\xampp\htdocs\hotott\system\CodeIgniter.php(404): CodeIgniter\CodeIgniter->runController(Object(App\Controllers\PinController))
#6 C:\xampp\htdocs\hotott\system\CodeIgniter.php(312): CodeIgniter\CodeIgniter->handleRequest(NULL, Object(Config\Cache), false)
#7 C:\xampp\htdocs\hotott\public\index.php(45): CodeIgniter\CodeIgniter->run()
#8 {main}
