CRITICAL - 2023-04-28 15:58:16 --> Cannot redeclare App\Controllers\Admin::edditgstlist()
#0 [internal function]: CodeIgniter\Debug\Exceptions->shutdownHandler()
#1 {main}
CRITICAL - 2023-04-28 15:58:24 --> Cannot redeclare App\Controllers\Admin::edditgstlist()
#0 [internal function]: CodeIgniter\Debug\Exceptions->shutdownHandler()
#1 {main}
CRITICAL - 2023-04-28 16:59:47 --> Invalid argument supplied for foreach()
#0 C:\xampp\htdocs\hotott\app\Views\admin\staff\stafflist.php(125): CodeIgniter\Debug\Exceptions->errorHandler(2, 'Invalid argumen...', 'C:\\xampp\\htdocs...', 125, Array)
#1 C:\xampp\htdocs\hotott\system\View\View.php(246): include('C:\\xampp\\htdocs...')
#2 C:\xampp\htdocs\hotott\system\Common.php(1119): CodeIgniter\View\View->render('admin/staff/sta...', Array, true)
#3 C:\xampp\htdocs\hotott\app\Libraries\Template.php(15): view('admin/staff/sta...', Array)
#4 C:\xampp\htdocs\hotott\app\Controllers\StaffController.php(57): App\Libraries\Template->render('admintemplate', 'contents', 'admin/staff/sta...', Array)
#5 C:\xampp\htdocs\hotott\system\CodeIgniter.php(918): App\Controllers\StaffController->index()
#6 C:\xampp\htdocs\hotott\system\CodeIgniter.php(404): CodeIgniter\CodeIgniter->runController(Object(App\Controllers\StaffController))
#7 C:\xampp\htdocs\hotott\system\CodeIgniter.php(312): CodeIgniter\CodeIgniter->handleRequest(NULL, Object(Config\Cache), false)
#8 C:\xampp\htdocs\hotott\public\index.php(45): CodeIgniter\CodeIgniter->run()
#9 {main}
CRITICAL - 2023-04-28 16:59:49 --> Invalid argument supplied for foreach()
#0 C:\xampp\htdocs\hotott\app\Views\admin\staff\stafflist.php(125): CodeIgniter\Debug\Exceptions->errorHandler(2, 'Invalid argumen...', 'C:\\xampp\\htdocs...', 125, Array)
#1 C:\xampp\htdocs\hotott\system\View\View.php(246): include('C:\\xampp\\htdocs...')
#2 C:\xampp\htdocs\hotott\system\Common.php(1119): CodeIgniter\View\View->render('admin/staff/sta...', Array, true)
#3 C:\xampp\htdocs\hotott\app\Libraries\Template.php(15): view('admin/staff/sta...', Array)
#4 C:\xampp\htdocs\hotott\app\Controllers\StaffController.php(57): App\Libraries\Template->render('admintemplate', 'contents', 'admin/staff/sta...', Array)
#5 C:\xampp\htdocs\hotott\system\CodeIgniter.php(918): App\Controllers\StaffController->index()
#6 C:\xampp\htdocs\hotott\system\CodeIgniter.php(404): CodeIgniter\CodeIgniter->runController(Object(App\Controllers\StaffController))
#7 C:\xampp\htdocs\hotott\system\CodeIgniter.php(312): CodeIgniter\CodeIgniter->handleRequest(NULL, Object(Config\Cache), false)
#8 C:\xampp\htdocs\hotott\public\index.php(45): CodeIgniter\CodeIgniter->run()
#9 {main}
CRITICAL - 2023-04-28 17:06:23 --> Invalid argument supplied for foreach()
#0 C:\xampp\htdocs\hotott\app\Views\admin\staff\stafflist.php(125): CodeIgniter\Debug\Exceptions->errorHandler(2, 'Invalid argumen...', 'C:\\xampp\\htdocs...', 125, Array)
#1 C:\xampp\htdocs\hotott\system\View\View.php(246): include('C:\\xampp\\htdocs...')
#2 C:\xampp\htdocs\hotott\system\Common.php(1119): CodeIgniter\View\View->render('admin/staff/sta...', Array, true)
#3 C:\xampp\htdocs\hotott\app\Libraries\Template.php(15): view('admin/staff/sta...', Array)
#4 C:\xampp\htdocs\hotott\app\Controllers\StaffController.php(57): App\Libraries\Template->render('admintemplate', 'contents', 'admin/staff/sta...', Array)
#5 C:\xampp\htdocs\hotott\system\CodeIgniter.php(918): App\Controllers\StaffController->index()
#6 C:\xampp\htdocs\hotott\system\CodeIgniter.php(404): CodeIgniter\CodeIgniter->runController(Object(App\Controllers\StaffController))
#7 C:\xampp\htdocs\hotott\system\CodeIgniter.php(312): CodeIgniter\CodeIgniter->handleRequest(NULL, Object(Config\Cache), false)
#8 C:\xampp\htdocs\hotott\public\index.php(45): CodeIgniter\CodeIgniter->run()
#9 {main}
CRITICAL - 2023-04-28 17:06:24 --> Invalid argument supplied for foreach()
#0 C:\xampp\htdocs\hotott\app\Views\admin\staff\stafflist.php(125): CodeIgniter\Debug\Exceptions->errorHandler(2, 'Invalid argumen...', 'C:\\xampp\\htdocs...', 125, Array)
#1 C:\xampp\htdocs\hotott\system\View\View.php(246): include('C:\\xampp\\htdocs...')
#2 C:\xampp\htdocs\hotott\system\Common.php(1119): CodeIgniter\View\View->render('admin/staff/sta...', Array, true)
#3 C:\xampp\htdocs\hotott\app\Libraries\Template.php(15): view('admin/staff/sta...', Array)
#4 C:\xampp\htdocs\hotott\app\Controllers\StaffController.php(57): App\Libraries\Template->render('admintemplate', 'contents', 'admin/staff/sta...', Array)
#5 C:\xampp\htdocs\hotott\system\CodeIgniter.php(918): App\Controllers\StaffController->index()
#6 C:\xampp\htdocs\hotott\system\CodeIgniter.php(404): CodeIgniter\CodeIgniter->runController(Object(App\Controllers\StaffController))
#7 C:\xampp\htdocs\hotott\system\CodeIgniter.php(312): CodeIgniter\CodeIgniter->handleRequest(NULL, Object(Config\Cache), false)
#8 C:\xampp\htdocs\hotott\public\index.php(45): CodeIgniter\CodeIgniter->run()
#9 {main}
CRITICAL - 2023-04-28 17:06:42 --> Invalid argument supplied for foreach()
#0 C:\xampp\htdocs\hotott\app\Views\admin\staff\stafflist.php(125): CodeIgniter\Debug\Exceptions->errorHandler(2, 'Invalid argumen...', 'C:\\xampp\\htdocs...', 125, Array)
#1 C:\xampp\htdocs\hotott\system\View\View.php(246): include('C:\\xampp\\htdocs...')
#2 C:\xampp\htdocs\hotott\system\Common.php(1119): CodeIgniter\View\View->render('admin/staff/sta...', Array, true)
#3 C:\xampp\htdocs\hotott\app\Libraries\Template.php(15): view('admin/staff/sta...', Array)
#4 C:\xampp\htdocs\hotott\app\Controllers\StaffController.php(57): App\Libraries\Template->render('admintemplate', 'contents', 'admin/staff/sta...', Array)
#5 C:\xampp\htdocs\hotott\system\CodeIgniter.php(918): App\Controllers\StaffController->index()
#6 C:\xampp\htdocs\hotott\system\CodeIgniter.php(404): CodeIgniter\CodeIgniter->runController(Object(App\Controllers\StaffController))
#7 C:\xampp\htdocs\hotott\system\CodeIgniter.php(312): CodeIgniter\CodeIgniter->handleRequest(NULL, Object(Config\Cache), false)
#8 C:\xampp\htdocs\hotott\public\index.php(45): CodeIgniter\CodeIgniter->run()
#9 {main}
CRITICAL - 2023-04-28 17:06:45 --> Invalid argument supplied for foreach()
#0 C:\xampp\htdocs\hotott\app\Views\admin\staff\stafflist.php(125): CodeIgniter\Debug\Exceptions->errorHandler(2, 'Invalid argumen...', 'C:\\xampp\\htdocs...', 125, Array)
#1 C:\xampp\htdocs\hotott\system\View\View.php(246): include('C:\\xampp\\htdocs...')
#2 C:\xampp\htdocs\hotott\system\Common.php(1119): CodeIgniter\View\View->render('admin/staff/sta...', Array, true)
#3 C:\xampp\htdocs\hotott\app\Libraries\Template.php(15): view('admin/staff/sta...', Array)
#4 C:\xampp\htdocs\hotott\app\Controllers\StaffController.php(57): App\Libraries\Template->render('admintemplate', 'contents', 'admin/staff/sta...', Array)
#5 C:\xampp\htdocs\hotott\system\CodeIgniter.php(918): App\Controllers\StaffController->index()
#6 C:\xampp\htdocs\hotott\system\CodeIgniter.php(404): CodeIgniter\CodeIgniter->runController(Object(App\Controllers\StaffController))
#7 C:\xampp\htdocs\hotott\system\CodeIgniter.php(312): CodeIgniter\CodeIgniter->handleRequest(NULL, Object(Config\Cache), false)
#8 C:\xampp\htdocs\hotott\public\index.php(45): CodeIgniter\CodeIgniter->run()
#9 {main}
CRITICAL - 2023-04-28 17:24:09 --> syntax error, unexpected '[', expecting identifier (T_STRING) or variable (T_VARIABLE) or '{' or '$'
#0 C:\xampp\htdocs\hotott\system\Common.php(1119): CodeIgniter\View\View->render('admin/staff/sta...', Array, true)
#1 C:\xampp\htdocs\hotott\app\Libraries\Template.php(15): view('admin/staff/sta...', Array)
#2 C:\xampp\htdocs\hotott\app\Controllers\StaffController.php(90): App\Libraries\Template->render('admintemplate', 'contents', 'admin/staff/sta...', Array)
#3 C:\xampp\htdocs\hotott\system\CodeIgniter.php(918): App\Controllers\StaffController->add()
#4 C:\xampp\htdocs\hotott\system\CodeIgniter.php(404): CodeIgniter\CodeIgniter->runController(Object(App\Controllers\StaffController))
#5 C:\xampp\htdocs\hotott\system\CodeIgniter.php(312): CodeIgniter\CodeIgniter->handleRequest(NULL, Object(Config\Cache), false)
#6 C:\xampp\htdocs\hotott\public\index.php(45): CodeIgniter\CodeIgniter->run()
#7 {main}
CRITICAL - 2023-04-28 17:24:12 --> syntax error, unexpected '[', expecting identifier (T_STRING) or variable (T_VARIABLE) or '{' or '$'
#0 C:\xampp\htdocs\hotott\system\Common.php(1119): CodeIgniter\View\View->render('admin/staff/sta...', Array, true)
#1 C:\xampp\htdocs\hotott\app\Libraries\Template.php(15): view('admin/staff/sta...', Array)
#2 C:\xampp\htdocs\hotott\app\Controllers\StaffController.php(90): App\Libraries\Template->render('admintemplate', 'contents', 'admin/staff/sta...', Array)
#3 C:\xampp\htdocs\hotott\system\CodeIgniter.php(918): App\Controllers\StaffController->add()
#4 C:\xampp\htdocs\hotott\system\CodeIgniter.php(404): CodeIgniter\CodeIgniter->runController(Object(App\Controllers\StaffController))
#5 C:\xampp\htdocs\hotott\system\CodeIgniter.php(312): CodeIgniter\CodeIgniter->handleRequest(NULL, Object(Config\Cache), false)
#6 C:\xampp\htdocs\hotott\public\index.php(45): CodeIgniter\CodeIgniter->run()
#7 {main}
CRITICAL - 2023-04-28 17:35:10 --> syntax error, unexpected end of file
#0 C:\xampp\htdocs\hotott\system\Common.php(1119): CodeIgniter\View\View->render('admin/staff/sta...', Array, true)
#1 C:\xampp\htdocs\hotott\app\Libraries\Template.php(15): view('admin/staff/sta...', Array)
#2 C:\xampp\htdocs\hotott\app\Controllers\StaffController.php(90): App\Libraries\Template->render('admintemplate', 'contents', 'admin/staff/sta...', Array)
#3 C:\xampp\htdocs\hotott\system\CodeIgniter.php(918): App\Controllers\StaffController->add()
#4 C:\xampp\htdocs\hotott\system\CodeIgniter.php(404): CodeIgniter\CodeIgniter->runController(Object(App\Controllers\StaffController))
#5 C:\xampp\htdocs\hotott\system\CodeIgniter.php(312): CodeIgniter\CodeIgniter->handleRequest(NULL, Object(Config\Cache), false)
#6 C:\xampp\htdocs\hotott\public\index.php(45): CodeIgniter\CodeIgniter->run()
#7 {main}
CRITICAL - 2023-04-28 17:35:13 --> syntax error, unexpected end of file
#0 C:\xampp\htdocs\hotott\system\Common.php(1119): CodeIgniter\View\View->render('admin/staff/sta...', Array, true)
#1 C:\xampp\htdocs\hotott\app\Libraries\Template.php(15): view('admin/staff/sta...', Array)
#2 C:\xampp\htdocs\hotott\app\Controllers\StaffController.php(90): App\Libraries\Template->render('admintemplate', 'contents', 'admin/staff/sta...', Array)
#3 C:\xampp\htdocs\hotott\system\CodeIgniter.php(918): App\Controllers\StaffController->add()
#4 C:\xampp\htdocs\hotott\system\CodeIgniter.php(404): CodeIgniter\CodeIgniter->runController(Object(App\Controllers\StaffController))
#5 C:\xampp\htdocs\hotott\system\CodeIgniter.php(312): CodeIgniter\CodeIgniter->handleRequest(NULL, Object(Config\Cache), false)
#6 C:\xampp\htdocs\hotott\public\index.php(45): CodeIgniter\CodeIgniter->run()
#7 {main}
CRITICAL - 2023-04-28 19:09:14 --> syntax error, unexpected 'if' (T_IF)
#0 C:\xampp\htdocs\hotott\system\Common.php(1119): CodeIgniter\View\View->render('admin/leftpanel', Array, true)
#1 C:\xampp\htdocs\hotott\app\Views\admin\header.php(61): view('admin/leftpanel')
#2 C:\xampp\htdocs\hotott\system\View\View.php(246): include('C:\\xampp\\htdocs...')
#3 C:\xampp\htdocs\hotott\system\Common.php(1119): CodeIgniter\View\View->render('admin/header', Array, true)
#4 C:\xampp\htdocs\hotott\app\Views\admintemplate.php(1): view('admin/header')
#5 C:\xampp\htdocs\hotott\system\View\View.php(246): include('C:\\xampp\\htdocs...')
#6 C:\xampp\htdocs\hotott\system\Common.php(1119): CodeIgniter\View\View->render('admintemplate', Array, true)
#7 C:\xampp\htdocs\hotott\app\Libraries\Template.php(17): view('admintemplate', Array)
#8 C:\xampp\htdocs\hotott\app\Controllers\Admin.php(509): App\Libraries\Template->render('admintemplate', 'contents', 'admin/dashboard', Array)
#9 C:\xampp\htdocs\hotott\system\CodeIgniter.php(918): App\Controllers\Admin->dashboard()
#10 C:\xampp\htdocs\hotott\system\CodeIgniter.php(404): CodeIgniter\CodeIgniter->runController(Object(App\Controllers\Admin))
#11 C:\xampp\htdocs\hotott\system\CodeIgniter.php(312): CodeIgniter\CodeIgniter->handleRequest(NULL, Object(Config\Cache), false)
#12 C:\xampp\htdocs\hotott\public\index.php(45): CodeIgniter\CodeIgniter->run()
#13 {main}
CRITICAL - 2023-04-28 19:09:19 --> syntax error, unexpected 'if' (T_IF)
#0 C:\xampp\htdocs\hotott\system\Common.php(1119): CodeIgniter\View\View->render('admin/leftpanel', Array, true)
#1 C:\xampp\htdocs\hotott\app\Views\admin\header.php(61): view('admin/leftpanel')
#2 C:\xampp\htdocs\hotott\system\View\View.php(246): include('C:\\xampp\\htdocs...')
#3 C:\xampp\htdocs\hotott\system\Common.php(1119): CodeIgniter\View\View->render('admin/header', Array, true)
#4 C:\xampp\htdocs\hotott\app\Views\admintemplate.php(1): view('admin/header')
#5 C:\xampp\htdocs\hotott\system\View\View.php(246): include('C:\\xampp\\htdocs...')
#6 C:\xampp\htdocs\hotott\system\Common.php(1119): CodeIgniter\View\View->render('admintemplate', Array, true)
#7 C:\xampp\htdocs\hotott\app\Libraries\Template.php(17): view('admintemplate', Array)
#8 C:\xampp\htdocs\hotott\app\Controllers\Admin.php(509): App\Libraries\Template->render('admintemplate', 'contents', 'admin/dashboard', Array)
#9 C:\xampp\htdocs\hotott\system\CodeIgniter.php(918): App\Controllers\Admin->dashboard()
#10 C:\xampp\htdocs\hotott\system\CodeIgniter.php(404): CodeIgniter\CodeIgniter->runController(Object(App\Controllers\Admin))
#11 C:\xampp\htdocs\hotott\system\CodeIgniter.php(312): CodeIgniter\CodeIgniter->handleRequest(NULL, Object(Config\Cache), false)
#12 C:\xampp\htdocs\hotott\public\index.php(45): CodeIgniter\CodeIgniter->run()
#13 {main}
