CRITICAL - 2022-10-28 00:04:46 --> Maximum execution time of 30 seconds exceeded
#0 [internal function]: CodeIgniter\Debug\Exceptions->shutdownHandler()
#1 {main}
CRITICAL - 2022-10-28 02:07:37 --> {0} : {1}
#0 /var/www/html/system/HTTP/CURLRequest.php(821): CodeIgniter\HTTP\Exceptions\HTTPException::forCurlError('7', 'Failed to conne...')
#1 /var/www/html/system/HTTP/CURLRequest.php(449): CodeIgniter\HTTP\CURLRequest->sendRequest(Array)
#2 /var/www/html/system/HTTP/CURLRequest.php(158): CodeIgniter\HTTP\CURLRequest->send('GET', 'https://www.ism...')
#3 /var/www/html/app/Libraries/EmailSms.php(115): CodeIgniter\HTTP\CURLRequest->request('GET', 'https://www.ism...')
#4 /var/www/html/app/Controllers/ApiUsers.php(566): App\Libraries\EmailSms->send_sms('96890551155', 'Your verificati...', NULL)
#5 /var/www/html/system/CodeIgniter.php(918): App\Controllers\ApiUsers->getotp()
#6 /var/www/html/system/CodeIgniter.php(404): CodeIgniter\CodeIgniter->runController(Object(App\Controllers\ApiUsers))
#7 /var/www/html/system/CodeIgniter.php(312): CodeIgniter\CodeIgniter->handleRequest(NULL, Object(Config\Cache), false)
#8 /var/www/html/public/index.php(45): CodeIgniter\CodeIgniter->run()
#9 {main}
CRITICAL - 2022-10-28 02:08:14 --> {0} : {1}
#0 /var/www/html/system/HTTP/CURLRequest.php(821): CodeIgniter\HTTP\Exceptions\HTTPException::forCurlError('7', 'Failed to conne...')
#1 /var/www/html/system/HTTP/CURLRequest.php(449): CodeIgniter\HTTP\CURLRequest->sendRequest(Array)
#2 /var/www/html/system/HTTP/CURLRequest.php(158): CodeIgniter\HTTP\CURLRequest->send('GET', 'https://www.ism...')
#3 /var/www/html/app/Libraries/EmailSms.php(115): CodeIgniter\HTTP\CURLRequest->request('GET', 'https://www.ism...')
#4 /var/www/html/app/Controllers/ApiUsers.php(566): App\Libraries\EmailSms->send_sms('96890551155', 'Your verificati...', NULL)
#5 /var/www/html/system/CodeIgniter.php(918): App\Controllers\ApiUsers->getotp()
#6 /var/www/html/system/CodeIgniter.php(404): CodeIgniter\CodeIgniter->runController(Object(App\Controllers\ApiUsers))
#7 /var/www/html/system/CodeIgniter.php(312): CodeIgniter\CodeIgniter->handleRequest(NULL, Object(Config\Cache), false)
#8 /var/www/html/public/index.php(45): CodeIgniter\CodeIgniter->run()
#9 {main}
CRITICAL - 2022-10-28 02:08:14 --> {0} : {1}
#0 /var/www/html/system/HTTP/CURLRequest.php(821): CodeIgniter\HTTP\Exceptions\HTTPException::forCurlError('7', 'Failed to conne...')
#1 /var/www/html/system/HTTP/CURLRequest.php(449): CodeIgniter\HTTP\CURLRequest->sendRequest(Array)
#2 /var/www/html/system/HTTP/CURLRequest.php(158): CodeIgniter\HTTP\CURLRequest->send('GET', 'https://www.ism...')
#3 /var/www/html/app/Libraries/EmailSms.php(115): CodeIgniter\HTTP\CURLRequest->request('GET', 'https://www.ism...')
#4 /var/www/html/app/Controllers/ApiUsers.php(566): App\Libraries\EmailSms->send_sms('96890551155', 'Your verificati...', NULL)
#5 /var/www/html/system/CodeIgniter.php(918): App\Controllers\ApiUsers->getotp()
#6 /var/www/html/system/CodeIgniter.php(404): CodeIgniter\CodeIgniter->runController(Object(App\Controllers\ApiUsers))
#7 /var/www/html/system/CodeIgniter.php(312): CodeIgniter\CodeIgniter->handleRequest(NULL, Object(Config\Cache), false)
#8 /var/www/html/public/index.php(45): CodeIgniter\CodeIgniter->run()
#9 {main}
CRITICAL - 2022-10-28 02:08:43 --> {0} : {1}
#0 /var/www/html/system/HTTP/CURLRequest.php(821): CodeIgniter\HTTP\Exceptions\HTTPException::forCurlError('7', 'Failed to conne...')
#1 /var/www/html/system/HTTP/CURLRequest.php(449): CodeIgniter\HTTP\CURLRequest->sendRequest(Array)
#2 /var/www/html/system/HTTP/CURLRequest.php(158): CodeIgniter\HTTP\CURLRequest->send('GET', 'https://www.ism...')
#3 /var/www/html/app/Libraries/EmailSms.php(115): CodeIgniter\HTTP\CURLRequest->request('GET', 'https://www.ism...')
#4 /var/www/html/app/Controllers/ApiUsers.php(566): App\Libraries\EmailSms->send_sms('96890551155', 'Your verificati...', NULL)
#5 /var/www/html/system/CodeIgniter.php(918): App\Controllers\ApiUsers->getotp()
#6 /var/www/html/system/CodeIgniter.php(404): CodeIgniter\CodeIgniter->runController(Object(App\Controllers\ApiUsers))
#7 /var/www/html/system/CodeIgniter.php(312): CodeIgniter\CodeIgniter->handleRequest(NULL, Object(Config\Cache), false)
#8 /var/www/html/public/index.php(45): CodeIgniter\CodeIgniter->run()
#9 {main}
CRITICAL - 2022-10-28 02:09:25 --> {0} : {1}
#0 /var/www/html/system/HTTP/CURLRequest.php(821): CodeIgniter\HTTP\Exceptions\HTTPException::forCurlError('7', 'Failed to conne...')
#1 /var/www/html/system/HTTP/CURLRequest.php(449): CodeIgniter\HTTP\CURLRequest->sendRequest(Array)
#2 /var/www/html/system/HTTP/CURLRequest.php(158): CodeIgniter\HTTP\CURLRequest->send('GET', 'https://www.ism...')
#3 /var/www/html/app/Libraries/EmailSms.php(115): CodeIgniter\HTTP\CURLRequest->request('GET', 'https://www.ism...')
#4 /var/www/html/app/Controllers/ApiUsers.php(566): App\Libraries\EmailSms->send_sms('96890551155', 'Your verificati...', NULL)
#5 /var/www/html/system/CodeIgniter.php(918): App\Controllers\ApiUsers->getotp()
#6 /var/www/html/system/CodeIgniter.php(404): CodeIgniter\CodeIgniter->runController(Object(App\Controllers\ApiUsers))
#7 /var/www/html/system/CodeIgniter.php(312): CodeIgniter\CodeIgniter->handleRequest(NULL, Object(Config\Cache), false)
#8 /var/www/html/public/index.php(45): CodeIgniter\CodeIgniter->run()
#9 {main}
CRITICAL - 2022-10-28 02:09:49 --> {0} : {1}
#0 /var/www/html/system/HTTP/CURLRequest.php(821): CodeIgniter\HTTP\Exceptions\HTTPException::forCurlError('7', 'Failed to conne...')
#1 /var/www/html/system/HTTP/CURLRequest.php(449): CodeIgniter\HTTP\CURLRequest->sendRequest(Array)
#2 /var/www/html/system/HTTP/CURLRequest.php(158): CodeIgniter\HTTP\CURLRequest->send('GET', 'https://www.ism...')
#3 /var/www/html/app/Libraries/EmailSms.php(115): CodeIgniter\HTTP\CURLRequest->request('GET', 'https://www.ism...')
#4 /var/www/html/app/Controllers/ApiUsers.php(566): App\Libraries\EmailSms->send_sms('96890551155', 'Your verificati...', NULL)
#5 /var/www/html/system/CodeIgniter.php(918): App\Controllers\ApiUsers->getotp()
#6 /var/www/html/system/CodeIgniter.php(404): CodeIgniter\CodeIgniter->runController(Object(App\Controllers\ApiUsers))
#7 /var/www/html/system/CodeIgniter.php(312): CodeIgniter\CodeIgniter->handleRequest(NULL, Object(Config\Cache), false)
#8 /var/www/html/public/index.php(45): CodeIgniter\CodeIgniter->run()
#9 {main}
CRITICAL - 2022-10-28 06:09:32 --> Maximum execution time of 30 seconds exceeded
#0 [internal function]: CodeIgniter\Debug\Exceptions->shutdownHandler()
#1 {main}
CRITICAL - 2022-10-28 06:10:43 --> {0} : {1}
#0 /var/www/html/system/HTTP/CURLRequest.php(821): CodeIgniter\HTTP\Exceptions\HTTPException::forCurlError('7', 'Failed to conne...')
#1 /var/www/html/system/HTTP/CURLRequest.php(449): CodeIgniter\HTTP\CURLRequest->sendRequest(Array)
#2 /var/www/html/system/HTTP/CURLRequest.php(158): CodeIgniter\HTTP\CURLRequest->send('GET', 'https://www.ism...')
#3 /var/www/html/app/Libraries/EmailSms.php(115): CodeIgniter\HTTP\CURLRequest->request('GET', 'https://www.ism...')
#4 /var/www/html/app/Controllers/ApiUsers.php(566): App\Libraries\EmailSms->send_sms('96895766799', 'Your verificati...', NULL)
#5 /var/www/html/system/CodeIgniter.php(918): App\Controllers\ApiUsers->getotp()
#6 /var/www/html/system/CodeIgniter.php(404): CodeIgniter\CodeIgniter->runController(Object(App\Controllers\ApiUsers))
#7 /var/www/html/system/CodeIgniter.php(312): CodeIgniter\CodeIgniter->handleRequest(NULL, Object(Config\Cache), false)
#8 /var/www/html/public/index.php(45): CodeIgniter\CodeIgniter->run()
#9 {main}
CRITICAL - 2022-10-28 06:11:57 --> {0} : {1}
#0 /var/www/html/system/HTTP/CURLRequest.php(821): CodeIgniter\HTTP\Exceptions\HTTPException::forCurlError('7', 'Failed to conne...')
#1 /var/www/html/system/HTTP/CURLRequest.php(449): CodeIgniter\HTTP\CURLRequest->sendRequest(Array)
#2 /var/www/html/system/HTTP/CURLRequest.php(158): CodeIgniter\HTTP\CURLRequest->send('GET', 'https://www.ism...')
#3 /var/www/html/app/Libraries/EmailSms.php(115): CodeIgniter\HTTP\CURLRequest->request('GET', 'https://www.ism...')
#4 /var/www/html/app/Controllers/ApiUsers.php(566): App\Libraries\EmailSms->send_sms('96895766799', 'Your verificati...', NULL)
#5 /var/www/html/system/CodeIgniter.php(918): App\Controllers\ApiUsers->getotp()
#6 /var/www/html/system/CodeIgniter.php(404): CodeIgniter\CodeIgniter->runController(Object(App\Controllers\ApiUsers))
#7 /var/www/html/system/CodeIgniter.php(312): CodeIgniter\CodeIgniter->handleRequest(NULL, Object(Config\Cache), false)
#8 /var/www/html/public/index.php(45): CodeIgniter\CodeIgniter->run()
#9 {main}
CRITICAL - 2022-10-28 06:12:30 --> {0} : {1}
#0 /var/www/html/system/HTTP/CURLRequest.php(821): CodeIgniter\HTTP\Exceptions\HTTPException::forCurlError('7', 'Failed to conne...')
#1 /var/www/html/system/HTTP/CURLRequest.php(449): CodeIgniter\HTTP\CURLRequest->sendRequest(Array)
#2 /var/www/html/system/HTTP/CURLRequest.php(158): CodeIgniter\HTTP\CURLRequest->send('GET', 'https://www.ism...')
#3 /var/www/html/app/Libraries/EmailSms.php(115): CodeIgniter\HTTP\CURLRequest->request('GET', 'https://www.ism...')
#4 /var/www/html/app/Controllers/ApiUsers.php(566): App\Libraries\EmailSms->send_sms('96895766799', 'Your verificati...', NULL)
#5 /var/www/html/system/CodeIgniter.php(918): App\Controllers\ApiUsers->getotp()
#6 /var/www/html/system/CodeIgniter.php(404): CodeIgniter\CodeIgniter->runController(Object(App\Controllers\ApiUsers))
#7 /var/www/html/system/CodeIgniter.php(312): CodeIgniter\CodeIgniter->handleRequest(NULL, Object(Config\Cache), false)
#8 /var/www/html/public/index.php(45): CodeIgniter\CodeIgniter->run()
#9 {main}
CRITICAL - 2022-10-28 06:12:30 --> {0} : {1}
#0 /var/www/html/system/HTTP/CURLRequest.php(821): CodeIgniter\HTTP\Exceptions\HTTPException::forCurlError('7', 'Failed to conne...')
#1 /var/www/html/system/HTTP/CURLRequest.php(449): CodeIgniter\HTTP\CURLRequest->sendRequest(Array)
#2 /var/www/html/system/HTTP/CURLRequest.php(158): CodeIgniter\HTTP\CURLRequest->send('GET', 'https://www.ism...')
#3 /var/www/html/app/Libraries/EmailSms.php(115): CodeIgniter\HTTP\CURLRequest->request('GET', 'https://www.ism...')
#4 /var/www/html/app/Controllers/ApiUsers.php(566): App\Libraries\EmailSms->send_sms('96895766799', 'Your verificati...', NULL)
#5 /var/www/html/system/CodeIgniter.php(918): App\Controllers\ApiUsers->getotp()
#6 /var/www/html/system/CodeIgniter.php(404): CodeIgniter\CodeIgniter->runController(Object(App\Controllers\ApiUsers))
#7 /var/www/html/system/CodeIgniter.php(312): CodeIgniter\CodeIgniter->handleRequest(NULL, Object(Config\Cache), false)
#8 /var/www/html/public/index.php(45): CodeIgniter\CodeIgniter->run()
#9 {main}
CRITICAL - 2022-10-28 06:12:55 --> {0} : {1}
#0 /var/www/html/system/HTTP/CURLRequest.php(821): CodeIgniter\HTTP\Exceptions\HTTPException::forCurlError('7', 'Failed to conne...')
#1 /var/www/html/system/HTTP/CURLRequest.php(449): CodeIgniter\HTTP\CURLRequest->sendRequest(Array)
#2 /var/www/html/system/HTTP/CURLRequest.php(158): CodeIgniter\HTTP\CURLRequest->send('GET', 'https://www.ism...')
#3 /var/www/html/app/Libraries/EmailSms.php(115): CodeIgniter\HTTP\CURLRequest->request('GET', 'https://www.ism...')
#4 /var/www/html/app/Controllers/ApiUsers.php(566): App\Libraries\EmailSms->send_sms('96895766799', 'Your verificati...', NULL)
#5 /var/www/html/system/CodeIgniter.php(918): App\Controllers\ApiUsers->getotp()
#6 /var/www/html/system/CodeIgniter.php(404): CodeIgniter\CodeIgniter->runController(Object(App\Controllers\ApiUsers))
#7 /var/www/html/system/CodeIgniter.php(312): CodeIgniter\CodeIgniter->handleRequest(NULL, Object(Config\Cache), false)
#8 /var/www/html/public/index.php(45): CodeIgniter\CodeIgniter->run()
#9 {main}
CRITICAL - 2022-10-28 06:17:17 --> {0} : {1}
#0 /var/www/html/system/HTTP/CURLRequest.php(821): CodeIgniter\HTTP\Exceptions\HTTPException::forCurlError('7', 'Failed to conne...')
#1 /var/www/html/system/HTTP/CURLRequest.php(449): CodeIgniter\HTTP\CURLRequest->sendRequest(Array)
#2 /var/www/html/system/HTTP/CURLRequest.php(158): CodeIgniter\HTTP\CURLRequest->send('GET', 'https://www.ism...')
#3 /var/www/html/app/Libraries/EmailSms.php(115): CodeIgniter\HTTP\CURLRequest->request('GET', 'https://www.ism...')
#4 /var/www/html/app/Controllers/ApiUsers.php(566): App\Libraries\EmailSms->send_sms('96895766799', 'Your verificati...', NULL)
#5 /var/www/html/system/CodeIgniter.php(918): App\Controllers\ApiUsers->getotp()
#6 /var/www/html/system/CodeIgniter.php(404): CodeIgniter\CodeIgniter->runController(Object(App\Controllers\ApiUsers))
#7 /var/www/html/system/CodeIgniter.php(312): CodeIgniter\CodeIgniter->handleRequest(NULL, Object(Config\Cache), false)
#8 /var/www/html/public/index.php(45): CodeIgniter\CodeIgniter->run()
#9 {main}
CRITICAL - 2022-10-28 18:01:27 --> Maximum execution time of 30 seconds exceeded
#0 [internal function]: CodeIgniter\Debug\Exceptions->shutdownHandler()
#1 {main}
CRITICAL - 2022-10-28 18:24:31 --> Maximum execution time of 30 seconds exceeded
#0 [internal function]: CodeIgniter\Debug\Exceptions->shutdownHandler()
#1 {main}
CRITICAL - 2022-10-28 18:26:16 --> Maximum execution time of 30 seconds exceeded
#0 [internal function]: CodeIgniter\Debug\Exceptions->shutdownHandler()
#1 {main}
CRITICAL - 2022-10-28 18:27:27 --> Maximum execution time of 30 seconds exceeded
#0 [internal function]: CodeIgniter\Debug\Exceptions->shutdownHandler()
#1 {main}
