CRITICAL - 2022-03-28 00:03:08 --> Maximum execution time of 30 seconds exceeded
#0 [internal function]: CodeIgniter\Debug\Exceptions->shutdownHandler()
#1 {main}
CRITICAL - 2022-03-28 00:04:11 --> Maximum execution time of 30 seconds exceeded
#0 [internal function]: CodeIgniter\Debug\Exceptions->shutdownHandler()
#1 {main}
CRITICAL - 2022-03-28 00:05:53 --> Maximum execution time of 30 seconds exceeded
#0 [internal function]: CodeIgniter\Debug\Exceptions->shutdownHandler()
#1 {main}
CRITICAL - 2022-03-28 00:05:59 --> Maximum execution time of 30 seconds exceeded
#0 [internal function]: CodeIgniter\Debug\Exceptions->shutdownHandler()
#1 {main}
CRITICAL - 2022-03-28 00:06:25 --> Maximum execution time of 30 seconds exceeded
#0 [internal function]: CodeIgniter\Debug\Exceptions->shutdownHandler()
#1 {main}
CRITICAL - 2022-03-28 00:19:39 --> Maximum execution time of 30 seconds exceeded
#0 [internal function]: CodeIgniter\Debug\Exceptions->shutdownHandler()
#1 {main}
CRITICAL - 2022-03-28 00:21:00 --> Maximum execution time of 30 seconds exceeded
#0 [internal function]: CodeIgniter\Debug\Exceptions->shutdownHandler()
#1 {main}
CRITICAL - 2022-03-28 00:35:19 --> Maximum execution time of 30 seconds exceeded
#0 [internal function]: CodeIgniter\Debug\Exceptions->shutdownHandler()
#1 {main}
CRITICAL - 2022-03-28 00:37:00 --> Maximum execution time of 30 seconds exceeded
#0 [internal function]: CodeIgniter\Debug\Exceptions->shutdownHandler()
#1 {main}
CRITICAL - 2022-03-28 00:38:04 --> Maximum execution time of 30 seconds exceeded
#0 [internal function]: CodeIgniter\Debug\Exceptions->shutdownHandler()
#1 {main}
CRITICAL - 2022-03-28 00:47:36 --> Maximum execution time of 30 seconds exceeded
#0 [internal function]: CodeIgniter\Debug\Exceptions->shutdownHandler()
#1 {main}
CRITICAL - 2022-03-28 01:03:50 --> Maximum execution time of 30 seconds exceeded
#0 [internal function]: CodeIgniter\Debug\Exceptions->shutdownHandler()
#1 {main}
CRITICAL - 2022-03-28 01:10:58 --> Maximum execution time of 30 seconds exceeded
#0 [internal function]: CodeIgniter\Debug\Exceptions->shutdownHandler()
#1 {main}
CRITICAL - 2022-03-28 01:35:02 --> Maximum execution time of 30 seconds exceeded
#0 [internal function]: CodeIgniter\Debug\Exceptions->shutdownHandler()
#1 {main}
CRITICAL - 2022-03-28 01:50:11 --> Maximum execution time of 30 seconds exceeded
#0 [internal function]: CodeIgniter\Debug\Exceptions->shutdownHandler()
#1 {main}
CRITICAL - 2022-03-28 02:14:09 --> Maximum execution time of 30 seconds exceeded
#0 [internal function]: CodeIgniter\Debug\Exceptions->shutdownHandler()
#1 {main}
CRITICAL - 2022-03-28 02:26:02 --> Maximum execution time of 30 seconds exceeded
#0 [internal function]: CodeIgniter\Debug\Exceptions->shutdownHandler()
#1 {main}
CRITICAL - 2022-03-28 02:27:18 --> Maximum execution time of 30 seconds exceeded
#0 [internal function]: CodeIgniter\Debug\Exceptions->shutdownHandler()
#1 {main}
CRITICAL - 2022-03-28 03:06:43 --> Maximum execution time of 30 seconds exceeded
#0 [internal function]: CodeIgniter\Debug\Exceptions->shutdownHandler()
#1 {main}
CRITICAL - 2022-03-28 03:24:38 --> Maximum execution time of 30 seconds exceeded
#0 [internal function]: CodeIgniter\Debug\Exceptions->shutdownHandler()
#1 {main}
CRITICAL - 2022-03-28 03:25:36 --> Maximum execution time of 30 seconds exceeded
#0 [internal function]: CodeIgniter\Debug\Exceptions->shutdownHandler()
#1 {main}
CRITICAL - 2022-03-28 03:29:04 --> Maximum execution time of 30 seconds exceeded
#0 [internal function]: CodeIgniter\Debug\Exceptions->shutdownHandler()
#1 {main}
CRITICAL - 2022-03-28 03:37:22 --> Maximum execution time of 30 seconds exceeded
#0 [internal function]: CodeIgniter\Debug\Exceptions->shutdownHandler()
#1 {main}
CRITICAL - 2022-03-28 04:32:41 --> Maximum execution time of 30 seconds exceeded
#0 [internal function]: CodeIgniter\Debug\Exceptions->shutdownHandler()
#1 {main}
CRITICAL - 2022-03-28 06:35:36 --> Maximum execution time of 30 seconds exceeded
#0 [internal function]: CodeIgniter\Debug\Exceptions->shutdownHandler()
#1 {main}
CRITICAL - 2022-03-28 07:38:45 --> Maximum execution time of 30 seconds exceeded
#0 [internal function]: CodeIgniter\Debug\Exceptions->shutdownHandler()
#1 {main}
CRITICAL - 2022-03-28 07:57:59 --> Maximum execution time of 30 seconds exceeded
#0 [internal function]: CodeIgniter\Debug\Exceptions->shutdownHandler()
#1 {main}
CRITICAL - 2022-03-28 08:01:23 --> Maximum execution time of 30 seconds exceeded
#0 [internal function]: CodeIgniter\Debug\Exceptions->shutdownHandler()
#1 {main}
CRITICAL - 2022-03-28 08:24:51 --> Maximum execution time of 30 seconds exceeded
#0 [internal function]: CodeIgniter\Debug\Exceptions->shutdownHandler()
#1 {main}
CRITICAL - 2022-03-28 09:11:26 --> Maximum execution time of 30 seconds exceeded
#0 [internal function]: CodeIgniter\Debug\Exceptions->shutdownHandler()
#1 {main}
CRITICAL - 2022-03-28 09:14:15 --> Maximum execution time of 30 seconds exceeded
#0 [internal function]: CodeIgniter\Debug\Exceptions->shutdownHandler()
#1 {main}
CRITICAL - 2022-03-28 10:00:01 --> Maximum execution time of 30 seconds exceeded
#0 [internal function]: CodeIgniter\Debug\Exceptions->shutdownHandler()
#1 {main}
CRITICAL - 2022-03-28 10:06:36 --> Maximum execution time of 30 seconds exceeded
#0 [internal function]: CodeIgniter\Debug\Exceptions->shutdownHandler()
#1 {main}
CRITICAL - 2022-03-28 11:41:57 --> Maximum execution time of 30 seconds exceeded
#0 [internal function]: CodeIgniter\Debug\Exceptions->shutdownHandler()
#1 {main}
CRITICAL - 2022-03-28 11:49:49 --> Maximum execution time of 30 seconds exceeded
#0 [internal function]: CodeIgniter\Debug\Exceptions->shutdownHandler()
#1 {main}
CRITICAL - 2022-03-28 12:04:08 --> Maximum execution time of 30 seconds exceeded
#0 [internal function]: CodeIgniter\Debug\Exceptions->shutdownHandler()
#1 {main}
CRITICAL - 2022-03-28 12:19:01 --> Maximum execution time of 30 seconds exceeded
#0 [internal function]: CodeIgniter\Debug\Exceptions->shutdownHandler()
#1 {main}
CRITICAL - 2022-03-28 12:26:27 --> Maximum execution time of 30 seconds exceeded
#0 [internal function]: CodeIgniter\Debug\Exceptions->shutdownHandler()
#1 {main}
CRITICAL - 2022-03-28 12:47:46 --> Maximum execution time of 30 seconds exceeded
#0 [internal function]: CodeIgniter\Debug\Exceptions->shutdownHandler()
#1 {main}
CRITICAL - 2022-03-28 12:59:56 --> Maximum execution time of 30 seconds exceeded
#0 [internal function]: CodeIgniter\Debug\Exceptions->shutdownHandler()
#1 {main}
CRITICAL - 2022-03-28 13:19:36 --> Maximum execution time of 30 seconds exceeded
#0 [internal function]: CodeIgniter\Debug\Exceptions->shutdownHandler()
#1 {main}
CRITICAL - 2022-03-28 13:26:24 --> Maximum execution time of 30 seconds exceeded
#0 [internal function]: CodeIgniter\Debug\Exceptions->shutdownHandler()
#1 {main}
CRITICAL - 2022-03-28 13:35:22 --> Maximum execution time of 30 seconds exceeded
#0 [internal function]: CodeIgniter\Debug\Exceptions->shutdownHandler()
#1 {main}
CRITICAL - 2022-03-28 14:03:16 --> Maximum execution time of 30 seconds exceeded
#0 [internal function]: CodeIgniter\Debug\Exceptions->shutdownHandler()
#1 {main}
CRITICAL - 2022-03-28 14:03:38 --> Maximum execution time of 30 seconds exceeded
#0 [internal function]: CodeIgniter\Debug\Exceptions->shutdownHandler()
#1 {main}
CRITICAL - 2022-03-28 14:04:49 --> Maximum execution time of 30 seconds exceeded
#0 [internal function]: CodeIgniter\Debug\Exceptions->shutdownHandler()
#1 {main}
CRITICAL - 2022-03-28 14:10:06 --> Maximum execution time of 30 seconds exceeded
#0 [internal function]: CodeIgniter\Debug\Exceptions->shutdownHandler()
#1 {main}
CRITICAL - 2022-03-28 14:35:47 --> Maximum execution time of 30 seconds exceeded
#0 [internal function]: CodeIgniter\Debug\Exceptions->shutdownHandler()
#1 {main}
CRITICAL - 2022-03-28 14:39:08 --> Maximum execution time of 30 seconds exceeded
#0 [internal function]: CodeIgniter\Debug\Exceptions->shutdownHandler()
#1 {main}
CRITICAL - 2022-03-28 14:39:24 --> Maximum execution time of 30 seconds exceeded
#0 [internal function]: CodeIgniter\Debug\Exceptions->shutdownHandler()
#1 {main}
CRITICAL - 2022-03-28 14:46:33 --> Maximum execution time of 30 seconds exceeded
#0 [internal function]: CodeIgniter\Debug\Exceptions->shutdownHandler()
#1 {main}
CRITICAL - 2022-03-28 14:53:27 --> Maximum execution time of 30 seconds exceeded
#0 [internal function]: CodeIgniter\Debug\Exceptions->shutdownHandler()
#1 {main}
CRITICAL - 2022-03-28 14:55:55 --> Maximum execution time of 30 seconds exceeded
#0 [internal function]: CodeIgniter\Debug\Exceptions->shutdownHandler()
#1 {main}
CRITICAL - 2022-03-28 15:03:00 --> Maximum execution time of 30 seconds exceeded
#0 [internal function]: CodeIgniter\Debug\Exceptions->shutdownHandler()
#1 {main}
CRITICAL - 2022-03-28 15:27:07 --> Maximum execution time of 30 seconds exceeded
#0 [internal function]: CodeIgniter\Debug\Exceptions->shutdownHandler()
#1 {main}
CRITICAL - 2022-03-28 15:28:50 --> Maximum execution time of 30 seconds exceeded
#0 [internal function]: CodeIgniter\Debug\Exceptions->shutdownHandler()
#1 {main}
CRITICAL - 2022-03-28 15:33:31 --> Maximum execution time of 30 seconds exceeded
#0 [internal function]: CodeIgniter\Debug\Exceptions->shutdownHandler()
#1 {main}
CRITICAL - 2022-03-28 15:34:01 --> Maximum execution time of 30 seconds exceeded
#0 [internal function]: CodeIgniter\Debug\Exceptions->shutdownHandler()
#1 {main}
CRITICAL - 2022-03-28 16:08:06 --> Maximum execution time of 30 seconds exceeded
#0 [internal function]: CodeIgniter\Debug\Exceptions->shutdownHandler()
#1 {main}
CRITICAL - 2022-03-28 16:52:06 --> Maximum execution time of 30 seconds exceeded
#0 [internal function]: CodeIgniter\Debug\Exceptions->shutdownHandler()
#1 {main}
CRITICAL - 2022-03-28 17:27:16 --> Maximum execution time of 30 seconds exceeded
#0 [internal function]: CodeIgniter\Debug\Exceptions->shutdownHandler()
#1 {main}
CRITICAL - 2022-03-28 17:43:20 --> Maximum execution time of 30 seconds exceeded
#0 [internal function]: CodeIgniter\Debug\Exceptions->shutdownHandler()
#1 {main}
CRITICAL - 2022-03-28 17:47:00 --> Maximum execution time of 30 seconds exceeded
#0 [internal function]: CodeIgniter\Debug\Exceptions->shutdownHandler()
#1 {main}
CRITICAL - 2022-03-28 17:58:14 --> Maximum execution time of 30 seconds exceeded
#0 [internal function]: CodeIgniter\Debug\Exceptions->shutdownHandler()
#1 {main}
CRITICAL - 2022-03-28 17:58:36 --> {0} : {1}
#0 /var/www/html/system/HTTP/CURLRequest.php(821): CodeIgniter\HTTP\Exceptions\HTTPException::forCurlError('22', 'The requested U...')
#1 /var/www/html/system/HTTP/CURLRequest.php(449): CodeIgniter\HTTP\CURLRequest->sendRequest(Array)
#2 /var/www/html/system/HTTP/CURLRequest.php(158): CodeIgniter\HTTP\CURLRequest->send('GET', 'https://www.ism...')
#3 /var/www/html/app/Libraries/EmailSms.php(115): CodeIgniter\HTTP\CURLRequest->request('GET', 'https://www.ism...')
#4 /var/www/html/app/Controllers/ApiUsers.php(540): App\Libraries\EmailSms->send_sms('968 91290290', 'Your verificati...', NULL)
#5 /var/www/html/system/CodeIgniter.php(918): App\Controllers\ApiUsers->getotp()
#6 /var/www/html/system/CodeIgniter.php(404): CodeIgniter\CodeIgniter->runController(Object(App\Controllers\ApiUsers))
#7 /var/www/html/system/CodeIgniter.php(312): CodeIgniter\CodeIgniter->handleRequest(NULL, Object(Config\Cache), false)
#8 /var/www/html/public/index.php(45): CodeIgniter\CodeIgniter->run()
#9 {main}
CRITICAL - 2022-03-28 17:58:41 --> {0} : {1}
#0 /var/www/html/system/HTTP/CURLRequest.php(821): CodeIgniter\HTTP\Exceptions\HTTPException::forCurlError('22', 'The requested U...')
#1 /var/www/html/system/HTTP/CURLRequest.php(449): CodeIgniter\HTTP\CURLRequest->sendRequest(Array)
#2 /var/www/html/system/HTTP/CURLRequest.php(158): CodeIgniter\HTTP\CURLRequest->send('GET', 'https://www.ism...')
#3 /var/www/html/app/Libraries/EmailSms.php(115): CodeIgniter\HTTP\CURLRequest->request('GET', 'https://www.ism...')
#4 /var/www/html/app/Controllers/ApiUsers.php(540): App\Libraries\EmailSms->send_sms('968 91290290', 'Your verificati...', NULL)
#5 /var/www/html/system/CodeIgniter.php(918): App\Controllers\ApiUsers->getotp()
#6 /var/www/html/system/CodeIgniter.php(404): CodeIgniter\CodeIgniter->runController(Object(App\Controllers\ApiUsers))
#7 /var/www/html/system/CodeIgniter.php(312): CodeIgniter\CodeIgniter->handleRequest(NULL, Object(Config\Cache), false)
#8 /var/www/html/public/index.php(45): CodeIgniter\CodeIgniter->run()
#9 {main}
CRITICAL - 2022-03-28 17:58:54 --> {0} : {1}
#0 /var/www/html/system/HTTP/CURLRequest.php(821): CodeIgniter\HTTP\Exceptions\HTTPException::forCurlError('22', 'The requested U...')
#1 /var/www/html/system/HTTP/CURLRequest.php(449): CodeIgniter\HTTP\CURLRequest->sendRequest(Array)
#2 /var/www/html/system/HTTP/CURLRequest.php(158): CodeIgniter\HTTP\CURLRequest->send('GET', 'https://www.ism...')
#3 /var/www/html/app/Libraries/EmailSms.php(115): CodeIgniter\HTTP\CURLRequest->request('GET', 'https://www.ism...')
#4 /var/www/html/app/Controllers/ApiUsers.php(540): App\Libraries\EmailSms->send_sms('968 91290290', 'Your verificati...', NULL)
#5 /var/www/html/system/CodeIgniter.php(918): App\Controllers\ApiUsers->getotp()
#6 /var/www/html/system/CodeIgniter.php(404): CodeIgniter\CodeIgniter->runController(Object(App\Controllers\ApiUsers))
#7 /var/www/html/system/CodeIgniter.php(312): CodeIgniter\CodeIgniter->handleRequest(NULL, Object(Config\Cache), false)
#8 /var/www/html/public/index.php(45): CodeIgniter\CodeIgniter->run()
#9 {main}
CRITICAL - 2022-03-28 17:58:57 --> {0} : {1}
#0 /var/www/html/system/HTTP/CURLRequest.php(821): CodeIgniter\HTTP\Exceptions\HTTPException::forCurlError('22', 'The requested U...')
#1 /var/www/html/system/HTTP/CURLRequest.php(449): CodeIgniter\HTTP\CURLRequest->sendRequest(Array)
#2 /var/www/html/system/HTTP/CURLRequest.php(158): CodeIgniter\HTTP\CURLRequest->send('GET', 'https://www.ism...')
#3 /var/www/html/app/Libraries/EmailSms.php(115): CodeIgniter\HTTP\CURLRequest->request('GET', 'https://www.ism...')
#4 /var/www/html/app/Controllers/ApiUsers.php(540): App\Libraries\EmailSms->send_sms('968 91290290', 'Your verificati...', NULL)
#5 /var/www/html/system/CodeIgniter.php(918): App\Controllers\ApiUsers->getotp()
#6 /var/www/html/system/CodeIgniter.php(404): CodeIgniter\CodeIgniter->runController(Object(App\Controllers\ApiUsers))
#7 /var/www/html/system/CodeIgniter.php(312): CodeIgniter\CodeIgniter->handleRequest(NULL, Object(Config\Cache), false)
#8 /var/www/html/public/index.php(45): CodeIgniter\CodeIgniter->run()
#9 {main}
CRITICAL - 2022-03-28 17:59:23 --> {0} : {1}
#0 /var/www/html/system/HTTP/CURLRequest.php(821): CodeIgniter\HTTP\Exceptions\HTTPException::forCurlError('22', 'The requested U...')
#1 /var/www/html/system/HTTP/CURLRequest.php(449): CodeIgniter\HTTP\CURLRequest->sendRequest(Array)
#2 /var/www/html/system/HTTP/CURLRequest.php(158): CodeIgniter\HTTP\CURLRequest->send('GET', 'https://www.ism...')
#3 /var/www/html/app/Libraries/EmailSms.php(115): CodeIgniter\HTTP\CURLRequest->request('GET', 'https://www.ism...')
#4 /var/www/html/app/Controllers/ApiUsers.php(540): App\Libraries\EmailSms->send_sms('968 91290290', 'Your verificati...', NULL)
#5 /var/www/html/system/CodeIgniter.php(918): App\Controllers\ApiUsers->getotp()
#6 /var/www/html/system/CodeIgniter.php(404): CodeIgniter\CodeIgniter->runController(Object(App\Controllers\ApiUsers))
#7 /var/www/html/system/CodeIgniter.php(312): CodeIgniter\CodeIgniter->handleRequest(NULL, Object(Config\Cache), false)
#8 /var/www/html/public/index.php(45): CodeIgniter\CodeIgniter->run()
#9 {main}
CRITICAL - 2022-03-28 17:59:25 --> {0} : {1}
#0 /var/www/html/system/HTTP/CURLRequest.php(821): CodeIgniter\HTTP\Exceptions\HTTPException::forCurlError('22', 'The requested U...')
#1 /var/www/html/system/HTTP/CURLRequest.php(449): CodeIgniter\HTTP\CURLRequest->sendRequest(Array)
#2 /var/www/html/system/HTTP/CURLRequest.php(158): CodeIgniter\HTTP\CURLRequest->send('GET', 'https://www.ism...')
#3 /var/www/html/app/Libraries/EmailSms.php(115): CodeIgniter\HTTP\CURLRequest->request('GET', 'https://www.ism...')
#4 /var/www/html/app/Controllers/ApiUsers.php(540): App\Libraries\EmailSms->send_sms('968 91290290', 'Your verificati...', NULL)
#5 /var/www/html/system/CodeIgniter.php(918): App\Controllers\ApiUsers->getotp()
#6 /var/www/html/system/CodeIgniter.php(404): CodeIgniter\CodeIgniter->runController(Object(App\Controllers\ApiUsers))
#7 /var/www/html/system/CodeIgniter.php(312): CodeIgniter\CodeIgniter->handleRequest(NULL, Object(Config\Cache), false)
#8 /var/www/html/public/index.php(45): CodeIgniter\CodeIgniter->run()
#9 {main}
CRITICAL - 2022-03-28 17:59:31 --> {0} : {1}
#0 /var/www/html/system/HTTP/CURLRequest.php(821): CodeIgniter\HTTP\Exceptions\HTTPException::forCurlError('22', 'The requested U...')
#1 /var/www/html/system/HTTP/CURLRequest.php(449): CodeIgniter\HTTP\CURLRequest->sendRequest(Array)
#2 /var/www/html/system/HTTP/CURLRequest.php(158): CodeIgniter\HTTP\CURLRequest->send('GET', 'https://www.ism...')
#3 /var/www/html/app/Libraries/EmailSms.php(115): CodeIgniter\HTTP\CURLRequest->request('GET', 'https://www.ism...')
#4 /var/www/html/app/Controllers/ApiUsers.php(540): App\Libraries\EmailSms->send_sms('968 91290290', 'Your verificati...', NULL)
#5 /var/www/html/system/CodeIgniter.php(918): App\Controllers\ApiUsers->getotp()
#6 /var/www/html/system/CodeIgniter.php(404): CodeIgniter\CodeIgniter->runController(Object(App\Controllers\ApiUsers))
#7 /var/www/html/system/CodeIgniter.php(312): CodeIgniter\CodeIgniter->handleRequest(NULL, Object(Config\Cache), false)
#8 /var/www/html/public/index.php(45): CodeIgniter\CodeIgniter->run()
#9 {main}
CRITICAL - 2022-03-28 17:59:44 --> {0} : {1}
#0 /var/www/html/system/HTTP/CURLRequest.php(821): CodeIgniter\HTTP\Exceptions\HTTPException::forCurlError('22', 'The requested U...')
#1 /var/www/html/system/HTTP/CURLRequest.php(449): CodeIgniter\HTTP\CURLRequest->sendRequest(Array)
#2 /var/www/html/system/HTTP/CURLRequest.php(158): CodeIgniter\HTTP\CURLRequest->send('GET', 'https://www.ism...')
#3 /var/www/html/app/Libraries/EmailSms.php(115): CodeIgniter\HTTP\CURLRequest->request('GET', 'https://www.ism...')
#4 /var/www/html/app/Controllers/ApiUsers.php(540): App\Libraries\EmailSms->send_sms('968 91290290', 'Your verificati...', NULL)
#5 /var/www/html/system/CodeIgniter.php(918): App\Controllers\ApiUsers->getotp()
#6 /var/www/html/system/CodeIgniter.php(404): CodeIgniter\CodeIgniter->runController(Object(App\Controllers\ApiUsers))
#7 /var/www/html/system/CodeIgniter.php(312): CodeIgniter\CodeIgniter->handleRequest(NULL, Object(Config\Cache), false)
#8 /var/www/html/public/index.php(45): CodeIgniter\CodeIgniter->run()
#9 {main}
CRITICAL - 2022-03-28 17:59:55 --> {0} : {1}
#0 /var/www/html/system/HTTP/CURLRequest.php(821): CodeIgniter\HTTP\Exceptions\HTTPException::forCurlError('22', 'The requested U...')
#1 /var/www/html/system/HTTP/CURLRequest.php(449): CodeIgniter\HTTP\CURLRequest->sendRequest(Array)
#2 /var/www/html/system/HTTP/CURLRequest.php(158): CodeIgniter\HTTP\CURLRequest->send('GET', 'https://www.ism...')
#3 /var/www/html/app/Libraries/EmailSms.php(115): CodeIgniter\HTTP\CURLRequest->request('GET', 'https://www.ism...')
#4 /var/www/html/app/Controllers/ApiUsers.php(540): App\Libraries\EmailSms->send_sms('968 91290290', 'Your verificati...', NULL)
#5 /var/www/html/system/CodeIgniter.php(918): App\Controllers\ApiUsers->getotp()
#6 /var/www/html/system/CodeIgniter.php(404): CodeIgniter\CodeIgniter->runController(Object(App\Controllers\ApiUsers))
#7 /var/www/html/system/CodeIgniter.php(312): CodeIgniter\CodeIgniter->handleRequest(NULL, Object(Config\Cache), false)
#8 /var/www/html/public/index.php(45): CodeIgniter\CodeIgniter->run()
#9 {main}
CRITICAL - 2022-03-28 18:00:01 --> {0} : {1}
#0 /var/www/html/system/HTTP/CURLRequest.php(821): CodeIgniter\HTTP\Exceptions\HTTPException::forCurlError('22', 'The requested U...')
#1 /var/www/html/system/HTTP/CURLRequest.php(449): CodeIgniter\HTTP\CURLRequest->sendRequest(Array)
#2 /var/www/html/system/HTTP/CURLRequest.php(158): CodeIgniter\HTTP\CURLRequest->send('GET', 'https://www.ism...')
#3 /var/www/html/app/Libraries/EmailSms.php(115): CodeIgniter\HTTP\CURLRequest->request('GET', 'https://www.ism...')
#4 /var/www/html/app/Controllers/ApiUsers.php(540): App\Libraries\EmailSms->send_sms('968 91290290', 'Your verificati...', NULL)
#5 /var/www/html/system/CodeIgniter.php(918): App\Controllers\ApiUsers->getotp()
#6 /var/www/html/system/CodeIgniter.php(404): CodeIgniter\CodeIgniter->runController(Object(App\Controllers\ApiUsers))
#7 /var/www/html/system/CodeIgniter.php(312): CodeIgniter\CodeIgniter->handleRequest(NULL, Object(Config\Cache), false)
#8 /var/www/html/public/index.php(45): CodeIgniter\CodeIgniter->run()
#9 {main}
CRITICAL - 2022-03-28 18:01:59 --> {0} : {1}
#0 /var/www/html/system/HTTP/CURLRequest.php(821): CodeIgniter\HTTP\Exceptions\HTTPException::forCurlError('22', 'The requested U...')
#1 /var/www/html/system/HTTP/CURLRequest.php(449): CodeIgniter\HTTP\CURLRequest->sendRequest(Array)
#2 /var/www/html/system/HTTP/CURLRequest.php(158): CodeIgniter\HTTP\CURLRequest->send('GET', 'https://www.ism...')
#3 /var/www/html/app/Libraries/EmailSms.php(115): CodeIgniter\HTTP\CURLRequest->request('GET', 'https://www.ism...')
#4 /var/www/html/app/Controllers/ApiUsers.php(540): App\Libraries\EmailSms->send_sms('968 91290290', 'Your verificati...', NULL)
#5 /var/www/html/system/CodeIgniter.php(918): App\Controllers\ApiUsers->getotp()
#6 /var/www/html/system/CodeIgniter.php(404): CodeIgniter\CodeIgniter->runController(Object(App\Controllers\ApiUsers))
#7 /var/www/html/system/CodeIgniter.php(312): CodeIgniter\CodeIgniter->handleRequest(NULL, Object(Config\Cache), false)
#8 /var/www/html/public/index.php(45): CodeIgniter\CodeIgniter->run()
#9 {main}
CRITICAL - 2022-03-28 18:02:02 --> {0} : {1}
#0 /var/www/html/system/HTTP/CURLRequest.php(821): CodeIgniter\HTTP\Exceptions\HTTPException::forCurlError('22', 'The requested U...')
#1 /var/www/html/system/HTTP/CURLRequest.php(449): CodeIgniter\HTTP\CURLRequest->sendRequest(Array)
#2 /var/www/html/system/HTTP/CURLRequest.php(158): CodeIgniter\HTTP\CURLRequest->send('GET', 'https://www.ism...')
#3 /var/www/html/app/Libraries/EmailSms.php(115): CodeIgniter\HTTP\CURLRequest->request('GET', 'https://www.ism...')
#4 /var/www/html/app/Controllers/ApiUsers.php(540): App\Libraries\EmailSms->send_sms('968 91290290', 'Your verificati...', NULL)
#5 /var/www/html/system/CodeIgniter.php(918): App\Controllers\ApiUsers->getotp()
#6 /var/www/html/system/CodeIgniter.php(404): CodeIgniter\CodeIgniter->runController(Object(App\Controllers\ApiUsers))
#7 /var/www/html/system/CodeIgniter.php(312): CodeIgniter\CodeIgniter->handleRequest(NULL, Object(Config\Cache), false)
#8 /var/www/html/public/index.php(45): CodeIgniter\CodeIgniter->run()
#9 {main}
CRITICAL - 2022-03-28 18:02:06 --> {0} : {1}
#0 /var/www/html/system/HTTP/CURLRequest.php(821): CodeIgniter\HTTP\Exceptions\HTTPException::forCurlError('22', 'The requested U...')
#1 /var/www/html/system/HTTP/CURLRequest.php(449): CodeIgniter\HTTP\CURLRequest->sendRequest(Array)
#2 /var/www/html/system/HTTP/CURLRequest.php(158): CodeIgniter\HTTP\CURLRequest->send('GET', 'https://www.ism...')
#3 /var/www/html/app/Libraries/EmailSms.php(115): CodeIgniter\HTTP\CURLRequest->request('GET', 'https://www.ism...')
#4 /var/www/html/app/Controllers/ApiUsers.php(540): App\Libraries\EmailSms->send_sms('968 91290290', 'Your verificati...', NULL)
#5 /var/www/html/system/CodeIgniter.php(918): App\Controllers\ApiUsers->getotp()
#6 /var/www/html/system/CodeIgniter.php(404): CodeIgniter\CodeIgniter->runController(Object(App\Controllers\ApiUsers))
#7 /var/www/html/system/CodeIgniter.php(312): CodeIgniter\CodeIgniter->handleRequest(NULL, Object(Config\Cache), false)
#8 /var/www/html/public/index.php(45): CodeIgniter\CodeIgniter->run()
#9 {main}
CRITICAL - 2022-03-28 18:02:12 --> {0} : {1}
#0 /var/www/html/system/HTTP/CURLRequest.php(821): CodeIgniter\HTTP\Exceptions\HTTPException::forCurlError('22', 'The requested U...')
#1 /var/www/html/system/HTTP/CURLRequest.php(449): CodeIgniter\HTTP\CURLRequest->sendRequest(Array)
#2 /var/www/html/system/HTTP/CURLRequest.php(158): CodeIgniter\HTTP\CURLRequest->send('GET', 'https://www.ism...')
#3 /var/www/html/app/Libraries/EmailSms.php(115): CodeIgniter\HTTP\CURLRequest->request('GET', 'https://www.ism...')
#4 /var/www/html/app/Controllers/ApiUsers.php(540): App\Libraries\EmailSms->send_sms('968 91290290', 'Your verificati...', NULL)
#5 /var/www/html/system/CodeIgniter.php(918): App\Controllers\ApiUsers->getotp()
#6 /var/www/html/system/CodeIgniter.php(404): CodeIgniter\CodeIgniter->runController(Object(App\Controllers\ApiUsers))
#7 /var/www/html/system/CodeIgniter.php(312): CodeIgniter\CodeIgniter->handleRequest(NULL, Object(Config\Cache), false)
#8 /var/www/html/public/index.php(45): CodeIgniter\CodeIgniter->run()
#9 {main}
CRITICAL - 2022-03-28 18:04:11 --> {0} : {1}
#0 /var/www/html/system/HTTP/CURLRequest.php(821): CodeIgniter\HTTP\Exceptions\HTTPException::forCurlError('22', 'The requested U...')
#1 /var/www/html/system/HTTP/CURLRequest.php(449): CodeIgniter\HTTP\CURLRequest->sendRequest(Array)
#2 /var/www/html/system/HTTP/CURLRequest.php(158): CodeIgniter\HTTP\CURLRequest->send('GET', 'https://www.ism...')
#3 /var/www/html/app/Libraries/EmailSms.php(115): CodeIgniter\HTTP\CURLRequest->request('GET', 'https://www.ism...')
#4 /var/www/html/app/Controllers/ApiUsers.php(540): App\Libraries\EmailSms->send_sms('968 91290290', 'Your verificati...', NULL)
#5 /var/www/html/system/CodeIgniter.php(918): App\Controllers\ApiUsers->getotp()
#6 /var/www/html/system/CodeIgniter.php(404): CodeIgniter\CodeIgniter->runController(Object(App\Controllers\ApiUsers))
#7 /var/www/html/system/CodeIgniter.php(312): CodeIgniter\CodeIgniter->handleRequest(NULL, Object(Config\Cache), false)
#8 /var/www/html/public/index.php(45): CodeIgniter\CodeIgniter->run()
#9 {main}
CRITICAL - 2022-03-28 18:05:27 --> {0} : {1}
#0 /var/www/html/system/HTTP/CURLRequest.php(821): CodeIgniter\HTTP\Exceptions\HTTPException::forCurlError('22', 'The requested U...')
#1 /var/www/html/system/HTTP/CURLRequest.php(449): CodeIgniter\HTTP\CURLRequest->sendRequest(Array)
#2 /var/www/html/system/HTTP/CURLRequest.php(158): CodeIgniter\HTTP\CURLRequest->send('GET', 'https://www.ism...')
#3 /var/www/html/app/Libraries/EmailSms.php(115): CodeIgniter\HTTP\CURLRequest->request('GET', 'https://www.ism...')
#4 /var/www/html/app/Controllers/ApiUsers.php(540): App\Libraries\EmailSms->send_sms('968 91290290', 'Your verificati...', NULL)
#5 /var/www/html/system/CodeIgniter.php(918): App\Controllers\ApiUsers->getotp()
#6 /var/www/html/system/CodeIgniter.php(404): CodeIgniter\CodeIgniter->runController(Object(App\Controllers\ApiUsers))
#7 /var/www/html/system/CodeIgniter.php(312): CodeIgniter\CodeIgniter->handleRequest(NULL, Object(Config\Cache), false)
#8 /var/www/html/public/index.php(45): CodeIgniter\CodeIgniter->run()
#9 {main}
CRITICAL - 2022-03-28 18:08:04 --> {0} : {1}
#0 /var/www/html/system/HTTP/CURLRequest.php(821): CodeIgniter\HTTP\Exceptions\HTTPException::forCurlError('22', 'The requested U...')
#1 /var/www/html/system/HTTP/CURLRequest.php(449): CodeIgniter\HTTP\CURLRequest->sendRequest(Array)
#2 /var/www/html/system/HTTP/CURLRequest.php(158): CodeIgniter\HTTP\CURLRequest->send('GET', 'https://www.ism...')
#3 /var/www/html/app/Libraries/EmailSms.php(115): CodeIgniter\HTTP\CURLRequest->request('GET', 'https://www.ism...')
#4 /var/www/html/app/Controllers/ApiUsers.php(540): App\Libraries\EmailSms->send_sms('968 91290290', 'Your verificati...', NULL)
#5 /var/www/html/system/CodeIgniter.php(918): App\Controllers\ApiUsers->getotp()
#6 /var/www/html/system/CodeIgniter.php(404): CodeIgniter\CodeIgniter->runController(Object(App\Controllers\ApiUsers))
#7 /var/www/html/system/CodeIgniter.php(312): CodeIgniter\CodeIgniter->handleRequest(NULL, Object(Config\Cache), false)
#8 /var/www/html/public/index.php(45): CodeIgniter\CodeIgniter->run()
#9 {main}
CRITICAL - 2022-03-28 18:09:14 --> {0} : {1}
#0 /var/www/html/system/HTTP/CURLRequest.php(821): CodeIgniter\HTTP\Exceptions\HTTPException::forCurlError('22', 'The requested U...')
#1 /var/www/html/system/HTTP/CURLRequest.php(449): CodeIgniter\HTTP\CURLRequest->sendRequest(Array)
#2 /var/www/html/system/HTTP/CURLRequest.php(158): CodeIgniter\HTTP\CURLRequest->send('GET', 'https://www.ism...')
#3 /var/www/html/app/Libraries/EmailSms.php(115): CodeIgniter\HTTP\CURLRequest->request('GET', 'https://www.ism...')
#4 /var/www/html/app/Controllers/ApiUsers.php(540): App\Libraries\EmailSms->send_sms('968 91290290', 'Your verificati...', NULL)
#5 /var/www/html/system/CodeIgniter.php(918): App\Controllers\ApiUsers->getotp()
#6 /var/www/html/system/CodeIgniter.php(404): CodeIgniter\CodeIgniter->runController(Object(App\Controllers\ApiUsers))
#7 /var/www/html/system/CodeIgniter.php(312): CodeIgniter\CodeIgniter->handleRequest(NULL, Object(Config\Cache), false)
#8 /var/www/html/public/index.php(45): CodeIgniter\CodeIgniter->run()
#9 {main}
CRITICAL - 2022-03-28 18:24:20 --> {0} : {1}
#0 /var/www/html/system/HTTP/CURLRequest.php(821): CodeIgniter\HTTP\Exceptions\HTTPException::forCurlError('22', 'The requested U...')
#1 /var/www/html/system/HTTP/CURLRequest.php(449): CodeIgniter\HTTP\CURLRequest->sendRequest(Array)
#2 /var/www/html/system/HTTP/CURLRequest.php(158): CodeIgniter\HTTP\CURLRequest->send('GET', 'https://www.ism...')
#3 /var/www/html/app/Libraries/EmailSms.php(115): CodeIgniter\HTTP\CURLRequest->request('GET', 'https://www.ism...')
#4 /var/www/html/app/Controllers/ApiUsers.php(540): App\Libraries\EmailSms->send_sms('968 91290290', 'Your verificati...', NULL)
#5 /var/www/html/system/CodeIgniter.php(918): App\Controllers\ApiUsers->getotp()
#6 /var/www/html/system/CodeIgniter.php(404): CodeIgniter\CodeIgniter->runController(Object(App\Controllers\ApiUsers))
#7 /var/www/html/system/CodeIgniter.php(312): CodeIgniter\CodeIgniter->handleRequest(NULL, Object(Config\Cache), false)
#8 /var/www/html/public/index.php(45): CodeIgniter\CodeIgniter->run()
#9 {main}
CRITICAL - 2022-03-28 18:24:36 --> {0} : {1}
#0 /var/www/html/system/HTTP/CURLRequest.php(821): CodeIgniter\HTTP\Exceptions\HTTPException::forCurlError('22', 'The requested U...')
#1 /var/www/html/system/HTTP/CURLRequest.php(449): CodeIgniter\HTTP\CURLRequest->sendRequest(Array)
#2 /var/www/html/system/HTTP/CURLRequest.php(158): CodeIgniter\HTTP\CURLRequest->send('GET', 'https://www.ism...')
#3 /var/www/html/app/Libraries/EmailSms.php(115): CodeIgniter\HTTP\CURLRequest->request('GET', 'https://www.ism...')
#4 /var/www/html/app/Controllers/ApiUsers.php(540): App\Libraries\EmailSms->send_sms('968 91290290', 'Your verificati...', NULL)
#5 /var/www/html/system/CodeIgniter.php(918): App\Controllers\ApiUsers->getotp()
#6 /var/www/html/system/CodeIgniter.php(404): CodeIgniter\CodeIgniter->runController(Object(App\Controllers\ApiUsers))
#7 /var/www/html/system/CodeIgniter.php(312): CodeIgniter\CodeIgniter->handleRequest(NULL, Object(Config\Cache), false)
#8 /var/www/html/public/index.php(45): CodeIgniter\CodeIgniter->run()
#9 {main}
CRITICAL - 2022-03-28 18:25:09 --> {0} : {1}
#0 /var/www/html/system/HTTP/CURLRequest.php(821): CodeIgniter\HTTP\Exceptions\HTTPException::forCurlError('22', 'The requested U...')
#1 /var/www/html/system/HTTP/CURLRequest.php(449): CodeIgniter\HTTP\CURLRequest->sendRequest(Array)
#2 /var/www/html/system/HTTP/CURLRequest.php(158): CodeIgniter\HTTP\CURLRequest->send('GET', 'https://www.ism...')
#3 /var/www/html/app/Libraries/EmailSms.php(115): CodeIgniter\HTTP\CURLRequest->request('GET', 'https://www.ism...')
#4 /var/www/html/app/Controllers/ApiUsers.php(540): App\Libraries\EmailSms->send_sms('968 91290290', 'Your verificati...', NULL)
#5 /var/www/html/system/CodeIgniter.php(918): App\Controllers\ApiUsers->getotp()
#6 /var/www/html/system/CodeIgniter.php(404): CodeIgniter\CodeIgniter->runController(Object(App\Controllers\ApiUsers))
#7 /var/www/html/system/CodeIgniter.php(312): CodeIgniter\CodeIgniter->handleRequest(NULL, Object(Config\Cache), false)
#8 /var/www/html/public/index.php(45): CodeIgniter\CodeIgniter->run()
#9 {main}
CRITICAL - 2022-03-28 18:25:44 --> {0} : {1}
#0 /var/www/html/system/HTTP/CURLRequest.php(821): CodeIgniter\HTTP\Exceptions\HTTPException::forCurlError('22', 'The requested U...')
#1 /var/www/html/system/HTTP/CURLRequest.php(449): CodeIgniter\HTTP\CURLRequest->sendRequest(Array)
#2 /var/www/html/system/HTTP/CURLRequest.php(158): CodeIgniter\HTTP\CURLRequest->send('GET', 'https://www.ism...')
#3 /var/www/html/app/Libraries/EmailSms.php(115): CodeIgniter\HTTP\CURLRequest->request('GET', 'https://www.ism...')
#4 /var/www/html/app/Controllers/ApiUsers.php(540): App\Libraries\EmailSms->send_sms('968 91290290', 'Your verificati...', NULL)
#5 /var/www/html/system/CodeIgniter.php(918): App\Controllers\ApiUsers->getotp()
#6 /var/www/html/system/CodeIgniter.php(404): CodeIgniter\CodeIgniter->runController(Object(App\Controllers\ApiUsers))
#7 /var/www/html/system/CodeIgniter.php(312): CodeIgniter\CodeIgniter->handleRequest(NULL, Object(Config\Cache), false)
#8 /var/www/html/public/index.php(45): CodeIgniter\CodeIgniter->run()
#9 {main}
CRITICAL - 2022-03-28 18:26:25 --> {0} : {1}
#0 /var/www/html/system/HTTP/CURLRequest.php(821): CodeIgniter\HTTP\Exceptions\HTTPException::forCurlError('22', 'The requested U...')
#1 /var/www/html/system/HTTP/CURLRequest.php(449): CodeIgniter\HTTP\CURLRequest->sendRequest(Array)
#2 /var/www/html/system/HTTP/CURLRequest.php(158): CodeIgniter\HTTP\CURLRequest->send('GET', 'https://www.ism...')
#3 /var/www/html/app/Libraries/EmailSms.php(115): CodeIgniter\HTTP\CURLRequest->request('GET', 'https://www.ism...')
#4 /var/www/html/app/Controllers/ApiUsers.php(540): App\Libraries\EmailSms->send_sms('968 91290290', 'Your verificati...', NULL)
#5 /var/www/html/system/CodeIgniter.php(918): App\Controllers\ApiUsers->getotp()
#6 /var/www/html/system/CodeIgniter.php(404): CodeIgniter\CodeIgniter->runController(Object(App\Controllers\ApiUsers))
#7 /var/www/html/system/CodeIgniter.php(312): CodeIgniter\CodeIgniter->handleRequest(NULL, Object(Config\Cache), false)
#8 /var/www/html/public/index.php(45): CodeIgniter\CodeIgniter->run()
#9 {main}
CRITICAL - 2022-03-28 18:27:24 --> {0} : {1}
#0 /var/www/html/system/HTTP/CURLRequest.php(821): CodeIgniter\HTTP\Exceptions\HTTPException::forCurlError('22', 'The requested U...')
#1 /var/www/html/system/HTTP/CURLRequest.php(449): CodeIgniter\HTTP\CURLRequest->sendRequest(Array)
#2 /var/www/html/system/HTTP/CURLRequest.php(158): CodeIgniter\HTTP\CURLRequest->send('GET', 'https://www.ism...')
#3 /var/www/html/app/Libraries/EmailSms.php(115): CodeIgniter\HTTP\CURLRequest->request('GET', 'https://www.ism...')
#4 /var/www/html/app/Controllers/ApiUsers.php(540): App\Libraries\EmailSms->send_sms('968 91290290', 'Your verificati...', NULL)
#5 /var/www/html/system/CodeIgniter.php(918): App\Controllers\ApiUsers->getotp()
#6 /var/www/html/system/CodeIgniter.php(404): CodeIgniter\CodeIgniter->runController(Object(App\Controllers\ApiUsers))
#7 /var/www/html/system/CodeIgniter.php(312): CodeIgniter\CodeIgniter->handleRequest(NULL, Object(Config\Cache), false)
#8 /var/www/html/public/index.php(45): CodeIgniter\CodeIgniter->run()
#9 {main}
CRITICAL - 2022-03-28 18:28:57 --> {0} : {1}
#0 /var/www/html/system/HTTP/CURLRequest.php(821): CodeIgniter\HTTP\Exceptions\HTTPException::forCurlError('22', 'The requested U...')
#1 /var/www/html/system/HTTP/CURLRequest.php(449): CodeIgniter\HTTP\CURLRequest->sendRequest(Array)
#2 /var/www/html/system/HTTP/CURLRequest.php(158): CodeIgniter\HTTP\CURLRequest->send('GET', 'https://www.ism...')
#3 /var/www/html/app/Libraries/EmailSms.php(115): CodeIgniter\HTTP\CURLRequest->request('GET', 'https://www.ism...')
#4 /var/www/html/app/Controllers/ApiUsers.php(540): App\Libraries\EmailSms->send_sms('968 91290290', 'Your verificati...', NULL)
#5 /var/www/html/system/CodeIgniter.php(918): App\Controllers\ApiUsers->getotp()
#6 /var/www/html/system/CodeIgniter.php(404): CodeIgniter\CodeIgniter->runController(Object(App\Controllers\ApiUsers))
#7 /var/www/html/system/CodeIgniter.php(312): CodeIgniter\CodeIgniter->handleRequest(NULL, Object(Config\Cache), false)
#8 /var/www/html/public/index.php(45): CodeIgniter\CodeIgniter->run()
#9 {main}
CRITICAL - 2022-03-28 18:31:05 --> Maximum execution time of 30 seconds exceeded
#0 [internal function]: CodeIgniter\Debug\Exceptions->shutdownHandler()
#1 {main}
CRITICAL - 2022-03-28 18:41:12 --> {0} : {1}
#0 /var/www/html/system/HTTP/CURLRequest.php(821): CodeIgniter\HTTP\Exceptions\HTTPException::forCurlError('22', 'The requested U...')
#1 /var/www/html/system/HTTP/CURLRequest.php(449): CodeIgniter\HTTP\CURLRequest->sendRequest(Array)
#2 /var/www/html/system/HTTP/CURLRequest.php(158): CodeIgniter\HTTP\CURLRequest->send('GET', 'https://www.ism...')
#3 /var/www/html/app/Libraries/EmailSms.php(115): CodeIgniter\HTTP\CURLRequest->request('GET', 'https://www.ism...')
#4 /var/www/html/app/Controllers/ApiUsers.php(540): App\Libraries\EmailSms->send_sms('968 91290290', 'Your verificati...', NULL)
#5 /var/www/html/system/CodeIgniter.php(918): App\Controllers\ApiUsers->getotp()
#6 /var/www/html/system/CodeIgniter.php(404): CodeIgniter\CodeIgniter->runController(Object(App\Controllers\ApiUsers))
#7 /var/www/html/system/CodeIgniter.php(312): CodeIgniter\CodeIgniter->handleRequest(NULL, Object(Config\Cache), false)
#8 /var/www/html/public/index.php(45): CodeIgniter\CodeIgniter->run()
#9 {main}
CRITICAL - 2022-03-28 18:52:28 --> Maximum execution time of 30 seconds exceeded
#0 [internal function]: CodeIgniter\Debug\Exceptions->shutdownHandler()
#1 {main}
CRITICAL - 2022-03-28 20:06:26 --> Maximum execution time of 30 seconds exceeded
#0 [internal function]: CodeIgniter\Debug\Exceptions->shutdownHandler()
#1 {main}
CRITICAL - 2022-03-28 20:19:25 --> Maximum execution time of 30 seconds exceeded
#0 [internal function]: CodeIgniter\Debug\Exceptions->shutdownHandler()
#1 {main}
CRITICAL - 2022-03-28 20:31:04 --> Class 'App\Models\OrdersModel' not found
#0 /var/www/html/system/View/View.php(246): include()
#1 /var/www/html/system/Common.php(1119): CodeIgniter\View\View->render('admin/topmenu', Array, true)
#2 /var/www/html/app/Views/admin/header.php(55): view('admin/topmenu')
#3 /var/www/html/system/View/View.php(246): include('/var/www/html/a...')
#4 /var/www/html/system/Common.php(1119): CodeIgniter\View\View->render('admin/header', Array, true)
#5 /var/www/html/app/Views/admintemplate.php(1): view('admin/header')
#6 /var/www/html/system/View/View.php(246): include('/var/www/html/a...')
#7 /var/www/html/system/Common.php(1119): CodeIgniter\View\View->render('admintemplate', Array, true)
#8 /var/www/html/app/Libraries/Template.php(17): view('admintemplate', Array)
#9 /var/www/html/app/Controllers/CompanyController.php(92): App\Libraries\Template->render('admintemplate', 'contents', 'admin/companyli...', Array)
#10 /var/www/html/system/CodeIgniter.php(918): App\Controllers\CompanyController->index()
#11 /var/www/html/system/CodeIgniter.php(404): CodeIgniter\CodeIgniter->runController(Object(App\Controllers\CompanyController))
#12 /var/www/html/system/CodeIgniter.php(312): CodeIgniter\CodeIgniter->handleRequest(NULL, Object(Config\Cache), false)
#13 /var/www/html/public/index.php(45): CodeIgniter\CodeIgniter->run()
#14 {main}
CRITICAL - 2022-03-28 20:31:05 --> Class 'App\Models\OrdersModel' not found
#0 /var/www/html/system/CodeIgniter.php(918): App\Controllers\NotificationController->send_Notification()
#1 /var/www/html/system/CodeIgniter.php(404): CodeIgniter\CodeIgniter->runController(Object(App\Controllers\NotificationController))
#2 /var/www/html/system/CodeIgniter.php(312): CodeIgniter\CodeIgniter->handleRequest(NULL, Object(Config\Cache), false)
#3 /var/www/html/public/index.php(45): CodeIgniter\CodeIgniter->run()
#4 {main}
CRITICAL - 2022-03-28 20:51:41 --> Maximum execution time of 30 seconds exceeded
#0 [internal function]: CodeIgniter\Debug\Exceptions->shutdownHandler()
#1 {main}
CRITICAL - 2022-03-28 21:09:55 --> Maximum execution time of 30 seconds exceeded
#0 [internal function]: CodeIgniter\Debug\Exceptions->shutdownHandler()
#1 {main}
CRITICAL - 2022-03-28 21:12:43 --> Maximum execution time of 30 seconds exceeded
#0 [internal function]: CodeIgniter\Debug\Exceptions->shutdownHandler()
#1 {main}
CRITICAL - 2022-03-28 21:14:31 --> Maximum execution time of 30 seconds exceeded
#0 [internal function]: CodeIgniter\Debug\Exceptions->shutdownHandler()
#1 {main}
CRITICAL - 2022-03-28 21:18:41 --> Maximum execution time of 30 seconds exceeded
#0 [internal function]: CodeIgniter\Debug\Exceptions->shutdownHandler()
#1 {main}
CRITICAL - 2022-03-28 21:19:00 --> Maximum execution time of 30 seconds exceeded
#0 [internal function]: CodeIgniter\Debug\Exceptions->shutdownHandler()
#1 {main}
CRITICAL - 2022-03-28 22:07:26 --> Maximum execution time of 30 seconds exceeded
#0 [internal function]: CodeIgniter\Debug\Exceptions->shutdownHandler()
#1 {main}
CRITICAL - 2022-03-28 22:38:30 --> Maximum execution time of 30 seconds exceeded
#0 [internal function]: CodeIgniter\Debug\Exceptions->shutdownHandler()
#1 {main}
CRITICAL - 2022-03-28 23:05:48 --> Maximum execution time of 30 seconds exceeded
#0 [internal function]: CodeIgniter\Debug\Exceptions->shutdownHandler()
#1 {main}
CRITICAL - 2022-03-28 23:07:15 --> Maximum execution time of 30 seconds exceeded
#0 [internal function]: CodeIgniter\Debug\Exceptions->shutdownHandler()
#1 {main}
CRITICAL - 2022-03-28 23:08:36 --> Maximum execution time of 30 seconds exceeded
#0 [internal function]: CodeIgniter\Debug\Exceptions->shutdownHandler()
#1 {main}
CRITICAL - 2022-03-28 23:18:43 --> Maximum execution time of 30 seconds exceeded
#0 [internal function]: CodeIgniter\Debug\Exceptions->shutdownHandler()
#1 {main}
CRITICAL - 2022-03-28 23:19:27 --> Maximum execution time of 30 seconds exceeded
#0 [internal function]: CodeIgniter\Debug\Exceptions->shutdownHandler()
#1 {main}
CRITICAL - 2022-03-28 23:27:58 --> Maximum execution time of 30 seconds exceeded
#0 [internal function]: CodeIgniter\Debug\Exceptions->shutdownHandler()
#1 {main}
CRITICAL - 2022-03-28 23:50:52 --> Maximum execution time of 30 seconds exceeded
#0 [internal function]: CodeIgniter\Debug\Exceptions->shutdownHandler()
#1 {main}
