CRITICAL - 2023-02-17 11:41:26 --> A non-numeric value encountered
#0 C:\xampp\htdocs\hotott1\app\Controllers\PinController.php(338): CodeIgniter\Debug\Exceptions->errorHandler(2, 'A non-numeric v...', 'C:\\xampp\\htdocs...', 338, Array)
#1 C:\xampp\htdocs\hotott1\system\CodeIgniter.php(918): App\Controllers\PinController->charges()
#2 C:\xampp\htdocs\hotott1\system\CodeIgniter.php(404): CodeIgniter\CodeIgniter->runController(Object(App\Controllers\PinController))
#3 C:\xampp\htdocs\hotott1\system\CodeIgniter.php(312): CodeIgniter\CodeIgniter->handleRequest(NULL, Object(Config\Cache), false)
#4 C:\xampp\htdocs\hotott1\public\index.php(45): CodeIgniter\CodeIgniter->run()
#5 {main}
CRITICAL - 2023-02-17 11:41:32 --> A non-numeric value encountered
#0 C:\xampp\htdocs\hotott1\app\Controllers\PinController.php(338): CodeIgniter\Debug\Exceptions->errorHandler(2, 'A non-numeric v...', 'C:\\xampp\\htdocs...', 338, Array)
#1 C:\xampp\htdocs\hotott1\system\CodeIgniter.php(918): App\Controllers\PinController->charges()
#2 C:\xampp\htdocs\hotott1\system\CodeIgniter.php(404): CodeIgniter\CodeIgniter->runController(Object(App\Controllers\PinController))
#3 C:\xampp\htdocs\hotott1\system\CodeIgniter.php(312): CodeIgniter\CodeIgniter->handleRequest(NULL, Object(Config\Cache), false)
#4 C:\xampp\htdocs\hotott1\public\index.php(45): CodeIgniter\CodeIgniter->run()
#5 {main}
CRITICAL - 2023-02-17 11:41:32 --> A non-numeric value encountered
#0 C:\xampp\htdocs\hotott1\app\Controllers\PinController.php(338): CodeIgniter\Debug\Exceptions->errorHandler(2, 'A non-numeric v...', 'C:\\xampp\\htdocs...', 338, Array)
#1 C:\xampp\htdocs\hotott1\system\CodeIgniter.php(918): App\Controllers\PinController->charges()
#2 C:\xampp\htdocs\hotott1\system\CodeIgniter.php(404): CodeIgniter\CodeIgniter->runController(Object(App\Controllers\PinController))
#3 C:\xampp\htdocs\hotott1\system\CodeIgniter.php(312): CodeIgniter\CodeIgniter->handleRequest(NULL, Object(Config\Cache), false)
#4 C:\xampp\htdocs\hotott1\public\index.php(45): CodeIgniter\CodeIgniter->run()
#5 {main}
CRITICAL - 2023-02-17 11:41:32 --> A non-numeric value encountered
#0 C:\xampp\htdocs\hotott1\app\Controllers\PinController.php(338): CodeIgniter\Debug\Exceptions->errorHandler(2, 'A non-numeric v...', 'C:\\xampp\\htdocs...', 338, Array)
#1 C:\xampp\htdocs\hotott1\system\CodeIgniter.php(918): App\Controllers\PinController->charges()
#2 C:\xampp\htdocs\hotott1\system\CodeIgniter.php(404): CodeIgniter\CodeIgniter->runController(Object(App\Controllers\PinController))
#3 C:\xampp\htdocs\hotott1\system\CodeIgniter.php(312): CodeIgniter\CodeIgniter->handleRequest(NULL, Object(Config\Cache), false)
#4 C:\xampp\htdocs\hotott1\public\index.php(45): CodeIgniter\CodeIgniter->run()
#5 {main}
CRITICAL - 2023-02-17 11:41:32 --> A non-numeric value encountered
#0 C:\xampp\htdocs\hotott1\app\Controllers\PinController.php(338): CodeIgniter\Debug\Exceptions->errorHandler(2, 'A non-numeric v...', 'C:\\xampp\\htdocs...', 338, Array)
#1 C:\xampp\htdocs\hotott1\system\CodeIgniter.php(918): App\Controllers\PinController->charges()
#2 C:\xampp\htdocs\hotott1\system\CodeIgniter.php(404): CodeIgniter\CodeIgniter->runController(Object(App\Controllers\PinController))
#3 C:\xampp\htdocs\hotott1\system\CodeIgniter.php(312): CodeIgniter\CodeIgniter->handleRequest(NULL, Object(Config\Cache), false)
#4 C:\xampp\htdocs\hotott1\public\index.php(45): CodeIgniter\CodeIgniter->run()
#5 {main}
CRITICAL - 2023-02-17 11:41:32 --> A non-numeric value encountered
#0 C:\xampp\htdocs\hotott1\app\Controllers\PinController.php(338): CodeIgniter\Debug\Exceptions->errorHandler(2, 'A non-numeric v...', 'C:\\xampp\\htdocs...', 338, Array)
#1 C:\xampp\htdocs\hotott1\system\CodeIgniter.php(918): App\Controllers\PinController->charges()
#2 C:\xampp\htdocs\hotott1\system\CodeIgniter.php(404): CodeIgniter\CodeIgniter->runController(Object(App\Controllers\PinController))
#3 C:\xampp\htdocs\hotott1\system\CodeIgniter.php(312): CodeIgniter\CodeIgniter->handleRequest(NULL, Object(Config\Cache), false)
#4 C:\xampp\htdocs\hotott1\public\index.php(45): CodeIgniter\CodeIgniter->run()
#5 {main}
CRITICAL - 2023-02-17 11:41:33 --> A non-numeric value encountered
#0 C:\xampp\htdocs\hotott1\app\Controllers\PinController.php(338): CodeIgniter\Debug\Exceptions->errorHandler(2, 'A non-numeric v...', 'C:\\xampp\\htdocs...', 338, Array)
#1 C:\xampp\htdocs\hotott1\system\CodeIgniter.php(918): App\Controllers\PinController->charges()
#2 C:\xampp\htdocs\hotott1\system\CodeIgniter.php(404): CodeIgniter\CodeIgniter->runController(Object(App\Controllers\PinController))
#3 C:\xampp\htdocs\hotott1\system\CodeIgniter.php(312): CodeIgniter\CodeIgniter->handleRequest(NULL, Object(Config\Cache), false)
#4 C:\xampp\htdocs\hotott1\public\index.php(45): CodeIgniter\CodeIgniter->run()
#5 {main}
CRITICAL - 2023-02-17 11:41:33 --> A non-numeric value encountered
#0 C:\xampp\htdocs\hotott1\app\Controllers\PinController.php(338): CodeIgniter\Debug\Exceptions->errorHandler(2, 'A non-numeric v...', 'C:\\xampp\\htdocs...', 338, Array)
#1 C:\xampp\htdocs\hotott1\system\CodeIgniter.php(918): App\Controllers\PinController->charges()
#2 C:\xampp\htdocs\hotott1\system\CodeIgniter.php(404): CodeIgniter\CodeIgniter->runController(Object(App\Controllers\PinController))
#3 C:\xampp\htdocs\hotott1\system\CodeIgniter.php(312): CodeIgniter\CodeIgniter->handleRequest(NULL, Object(Config\Cache), false)
#4 C:\xampp\htdocs\hotott1\public\index.php(45): CodeIgniter\CodeIgniter->run()
#5 {main}
CRITICAL - 2023-02-17 11:41:33 --> A non-numeric value encountered
#0 C:\xampp\htdocs\hotott1\app\Controllers\PinController.php(338): CodeIgniter\Debug\Exceptions->errorHandler(2, 'A non-numeric v...', 'C:\\xampp\\htdocs...', 338, Array)
#1 C:\xampp\htdocs\hotott1\system\CodeIgniter.php(918): App\Controllers\PinController->charges()
#2 C:\xampp\htdocs\hotott1\system\CodeIgniter.php(404): CodeIgniter\CodeIgniter->runController(Object(App\Controllers\PinController))
#3 C:\xampp\htdocs\hotott1\system\CodeIgniter.php(312): CodeIgniter\CodeIgniter->handleRequest(NULL, Object(Config\Cache), false)
#4 C:\xampp\htdocs\hotott1\public\index.php(45): CodeIgniter\CodeIgniter->run()
#5 {main}
CRITICAL - 2023-02-17 11:41:33 --> A non-numeric value encountered
#0 C:\xampp\htdocs\hotott1\app\Controllers\PinController.php(338): CodeIgniter\Debug\Exceptions->errorHandler(2, 'A non-numeric v...', 'C:\\xampp\\htdocs...', 338, Array)
#1 C:\xampp\htdocs\hotott1\system\CodeIgniter.php(918): App\Controllers\PinController->charges()
#2 C:\xampp\htdocs\hotott1\system\CodeIgniter.php(404): CodeIgniter\CodeIgniter->runController(Object(App\Controllers\PinController))
#3 C:\xampp\htdocs\hotott1\system\CodeIgniter.php(312): CodeIgniter\CodeIgniter->handleRequest(NULL, Object(Config\Cache), false)
#4 C:\xampp\htdocs\hotott1\public\index.php(45): CodeIgniter\CodeIgniter->run()
#5 {main}
CRITICAL - 2023-02-17 11:41:33 --> A non-numeric value encountered
#0 C:\xampp\htdocs\hotott1\app\Controllers\PinController.php(338): CodeIgniter\Debug\Exceptions->errorHandler(2, 'A non-numeric v...', 'C:\\xampp\\htdocs...', 338, Array)
#1 C:\xampp\htdocs\hotott1\system\CodeIgniter.php(918): App\Controllers\PinController->charges()
#2 C:\xampp\htdocs\hotott1\system\CodeIgniter.php(404): CodeIgniter\CodeIgniter->runController(Object(App\Controllers\PinController))
#3 C:\xampp\htdocs\hotott1\system\CodeIgniter.php(312): CodeIgniter\CodeIgniter->handleRequest(NULL, Object(Config\Cache), false)
#4 C:\xampp\htdocs\hotott1\public\index.php(45): CodeIgniter\CodeIgniter->run()
#5 {main}
CRITICAL - 2023-02-17 11:41:33 --> A non-numeric value encountered
#0 C:\xampp\htdocs\hotott1\app\Controllers\PinController.php(338): CodeIgniter\Debug\Exceptions->errorHandler(2, 'A non-numeric v...', 'C:\\xampp\\htdocs...', 338, Array)
#1 C:\xampp\htdocs\hotott1\system\CodeIgniter.php(918): App\Controllers\PinController->charges()
#2 C:\xampp\htdocs\hotott1\system\CodeIgniter.php(404): CodeIgniter\CodeIgniter->runController(Object(App\Controllers\PinController))
#3 C:\xampp\htdocs\hotott1\system\CodeIgniter.php(312): CodeIgniter\CodeIgniter->handleRequest(NULL, Object(Config\Cache), false)
#4 C:\xampp\htdocs\hotott1\public\index.php(45): CodeIgniter\CodeIgniter->run()
#5 {main}
CRITICAL - 2023-02-17 11:41:33 --> A non-numeric value encountered
#0 C:\xampp\htdocs\hotott1\app\Controllers\PinController.php(338): CodeIgniter\Debug\Exceptions->errorHandler(2, 'A non-numeric v...', 'C:\\xampp\\htdocs...', 338, Array)
#1 C:\xampp\htdocs\hotott1\system\CodeIgniter.php(918): App\Controllers\PinController->charges()
#2 C:\xampp\htdocs\hotott1\system\CodeIgniter.php(404): CodeIgniter\CodeIgniter->runController(Object(App\Controllers\PinController))
#3 C:\xampp\htdocs\hotott1\system\CodeIgniter.php(312): CodeIgniter\CodeIgniter->handleRequest(NULL, Object(Config\Cache), false)
#4 C:\xampp\htdocs\hotott1\public\index.php(45): CodeIgniter\CodeIgniter->run()
#5 {main}
CRITICAL - 2023-02-17 11:41:45 --> A non-numeric value encountered
#0 C:\xampp\htdocs\hotott1\app\Controllers\PinController.php(338): CodeIgniter\Debug\Exceptions->errorHandler(2, 'A non-numeric v...', 'C:\\xampp\\htdocs...', 338, Array)
#1 C:\xampp\htdocs\hotott1\system\CodeIgniter.php(918): App\Controllers\PinController->charges()
#2 C:\xampp\htdocs\hotott1\system\CodeIgniter.php(404): CodeIgniter\CodeIgniter->runController(Object(App\Controllers\PinController))
#3 C:\xampp\htdocs\hotott1\system\CodeIgniter.php(312): CodeIgniter\CodeIgniter->handleRequest(NULL, Object(Config\Cache), false)
#4 C:\xampp\htdocs\hotott1\public\index.php(45): CodeIgniter\CodeIgniter->run()
#5 {main}
CRITICAL - 2023-02-17 11:41:45 --> A non-numeric value encountered
#0 C:\xampp\htdocs\hotott1\app\Controllers\PinController.php(338): CodeIgniter\Debug\Exceptions->errorHandler(2, 'A non-numeric v...', 'C:\\xampp\\htdocs...', 338, Array)
#1 C:\xampp\htdocs\hotott1\system\CodeIgniter.php(918): App\Controllers\PinController->charges()
#2 C:\xampp\htdocs\hotott1\system\CodeIgniter.php(404): CodeIgniter\CodeIgniter->runController(Object(App\Controllers\PinController))
#3 C:\xampp\htdocs\hotott1\system\CodeIgniter.php(312): CodeIgniter\CodeIgniter->handleRequest(NULL, Object(Config\Cache), false)
#4 C:\xampp\htdocs\hotott1\public\index.php(45): CodeIgniter\CodeIgniter->run()
#5 {main}
CRITICAL - 2023-02-17 11:41:46 --> A non-numeric value encountered
#0 C:\xampp\htdocs\hotott1\app\Controllers\PinController.php(338): CodeIgniter\Debug\Exceptions->errorHandler(2, 'A non-numeric v...', 'C:\\xampp\\htdocs...', 338, Array)
#1 C:\xampp\htdocs\hotott1\system\CodeIgniter.php(918): App\Controllers\PinController->charges()
#2 C:\xampp\htdocs\hotott1\system\CodeIgniter.php(404): CodeIgniter\CodeIgniter->runController(Object(App\Controllers\PinController))
#3 C:\xampp\htdocs\hotott1\system\CodeIgniter.php(312): CodeIgniter\CodeIgniter->handleRequest(NULL, Object(Config\Cache), false)
#4 C:\xampp\htdocs\hotott1\public\index.php(45): CodeIgniter\CodeIgniter->run()
#5 {main}
CRITICAL - 2023-02-17 16:35:19 --> Unable to connect to the database.
#0 C:\xampp\htdocs\hotott1\system\Database\BaseConnection.php(646): CodeIgniter\Database\BaseConnection->initialize()
#1 C:\xampp\htdocs\hotott1\system\Database\BaseBuilder.php(1860): CodeIgniter\Database\BaseConnection->query('SELECT *\nFROM `...', Array, false)
#2 C:\xampp\htdocs\hotott1\system\Model.php(404): CodeIgniter\Database\BaseBuilder->get()
#3 C:\xampp\htdocs\hotott1\app\Controllers\PinController.php(372): CodeIgniter\Model->find()
#4 C:\xampp\htdocs\hotott1\system\CodeIgniter.php(918): App\Controllers\PinController->purchasepinTransaction()
#5 C:\xampp\htdocs\hotott1\system\CodeIgniter.php(404): CodeIgniter\CodeIgniter->runController(Object(App\Controllers\PinController))
#6 C:\xampp\htdocs\hotott1\system\CodeIgniter.php(312): CodeIgniter\CodeIgniter->handleRequest(NULL, Object(Config\Cache), false)
#7 C:\xampp\htdocs\hotott1\public\index.php(45): CodeIgniter\CodeIgniter->run()
#8 {main}
CRITICAL - 2023-02-17 16:35:23 --> Unable to connect to the database.
#0 C:\xampp\htdocs\hotott1\system\Database\BaseConnection.php(646): CodeIgniter\Database\BaseConnection->initialize()
#1 C:\xampp\htdocs\hotott1\system\Database\BaseBuilder.php(1860): CodeIgniter\Database\BaseConnection->query('SELECT *\nFROM `...', Array, false)
#2 C:\xampp\htdocs\hotott1\system\Model.php(404): CodeIgniter\Database\BaseBuilder->get()
#3 C:\xampp\htdocs\hotott1\app\Controllers\PinController.php(372): CodeIgniter\Model->find()
#4 C:\xampp\htdocs\hotott1\system\CodeIgniter.php(918): App\Controllers\PinController->purchasepinTransaction()
#5 C:\xampp\htdocs\hotott1\system\CodeIgniter.php(404): CodeIgniter\CodeIgniter->runController(Object(App\Controllers\PinController))
#6 C:\xampp\htdocs\hotott1\system\CodeIgniter.php(312): CodeIgniter\CodeIgniter->handleRequest(NULL, Object(Config\Cache), false)
#7 C:\xampp\htdocs\hotott1\public\index.php(45): CodeIgniter\CodeIgniter->run()
#8 {main}
CRITICAL - 2023-02-17 16:35:34 --> Unable to connect to the database.
#0 C:\xampp\htdocs\hotott1\system\Database\BaseConnection.php(646): CodeIgniter\Database\BaseConnection->initialize()
#1 C:\xampp\htdocs\hotott1\system\Database\BaseBuilder.php(1860): CodeIgniter\Database\BaseConnection->query('SELECT *\nFROM `...', Array, false)
#2 C:\xampp\htdocs\hotott1\system\Model.php(404): CodeIgniter\Database\BaseBuilder->get()
#3 C:\xampp\htdocs\hotott1\app\Controllers\PinController.php(372): CodeIgniter\Model->find()
#4 C:\xampp\htdocs\hotott1\system\CodeIgniter.php(918): App\Controllers\PinController->purchasepinTransaction()
#5 C:\xampp\htdocs\hotott1\system\CodeIgniter.php(404): CodeIgniter\CodeIgniter->runController(Object(App\Controllers\PinController))
#6 C:\xampp\htdocs\hotott1\system\CodeIgniter.php(312): CodeIgniter\CodeIgniter->handleRequest(NULL, Object(Config\Cache), false)
#7 C:\xampp\htdocs\hotott1\public\index.php(45): CodeIgniter\CodeIgniter->run()
#8 {main}
CRITICAL - 2023-02-17 16:35:41 --> Unable to connect to the database.
#0 C:\xampp\htdocs\hotott1\system\Database\BaseConnection.php(646): CodeIgniter\Database\BaseConnection->initialize()
#1 C:\xampp\htdocs\hotott1\system\Database\BaseBuilder.php(1860): CodeIgniter\Database\BaseConnection->query('SELECT *\nFROM `...', Array, false)
#2 C:\xampp\htdocs\hotott1\system\Model.php(404): CodeIgniter\Database\BaseBuilder->get()
#3 C:\xampp\htdocs\hotott1\app\Controllers\PinController.php(322): CodeIgniter\Model->find()
#4 C:\xampp\htdocs\hotott1\system\CodeIgniter.php(918): App\Controllers\PinController->purchasePin()
#5 C:\xampp\htdocs\hotott1\system\CodeIgniter.php(404): CodeIgniter\CodeIgniter->runController(Object(App\Controllers\PinController))
#6 C:\xampp\htdocs\hotott1\system\CodeIgniter.php(312): CodeIgniter\CodeIgniter->handleRequest(NULL, Object(Config\Cache), false)
#7 C:\xampp\htdocs\hotott1\public\index.php(45): CodeIgniter\CodeIgniter->run()
#8 {main}
CRITICAL - 2023-02-17 16:35:47 --> Unable to connect to the database.
#0 C:\xampp\htdocs\hotott1\system\Database\BaseConnection.php(646): CodeIgniter\Database\BaseConnection->initialize()
#1 C:\xampp\htdocs\hotott1\system\Database\BaseBuilder.php(1860): CodeIgniter\Database\BaseConnection->query('SELECT *\nFROM `...', Array, false)
#2 C:\xampp\htdocs\hotott1\system\Model.php(404): CodeIgniter\Database\BaseBuilder->get()
#3 C:\xampp\htdocs\hotott1\app\Controllers\PinController.php(322): CodeIgniter\Model->find()
#4 C:\xampp\htdocs\hotott1\system\CodeIgniter.php(918): App\Controllers\PinController->purchasePin()
#5 C:\xampp\htdocs\hotott1\system\CodeIgniter.php(404): CodeIgniter\CodeIgniter->runController(Object(App\Controllers\PinController))
#6 C:\xampp\htdocs\hotott1\system\CodeIgniter.php(312): CodeIgniter\CodeIgniter->handleRequest(NULL, Object(Config\Cache), false)
#7 C:\xampp\htdocs\hotott1\public\index.php(45): CodeIgniter\CodeIgniter->run()
#8 {main}
