CRITICAL - 2023-03-03 17:22:38 --> Invalid argument supplied for foreach()
#0 C:\xampp\htdocs\jewelnet\app\Views\admin\Necklace\imagelist.php(137): CodeIgniter\Debug\Exceptions->errorHandler(2, 'Invalid argumen...', 'C:\\xampp\\htdocs...', 137, Array)
#1 C:\xampp\htdocs\jewelnet\system\View\View.php(246): include('C:\\xampp\\htdocs...')
#2 C:\xampp\htdocs\jewelnet\system\Common.php(1119): CodeIgniter\View\View->render(Array, Array, true)
#3 C:\xampp\htdocs\jewelnet\app\Libraries\Template.php(15): view('admin/Necklace/...', Array)
#4 C:\xampp\htdocs\jewelnet\app\Controllers\NecklaceController.php(56): App\Libraries\Template->render('admintemplate', 'contents', 'admin/Necklace/...', Array)
#5 C:\xampp\htdocs\jewelnet\system\CodeIgniter.php(920): App\Controllers\NecklaceController->necklacelist()
#6 C:\xampp\htdocs\jewelnet\system\CodeIgniter.php(406): CodeIgniter\CodeIgniter->runController(Object(App\Controllers\NecklaceController))
#7 C:\xampp\htdocs\jewelnet\system\CodeIgniter.php(314): CodeIgniter\CodeIgniter->handleRequest(NULL, Object(Config\Cache), false)
#8 C:\xampp\htdocs\jewelnet\public\index.php(50): CodeIgniter\CodeIgniter->run()
#9 {main}
CRITICAL - 2023-03-03 17:22:39 --> Invalid argument supplied for foreach()
#0 C:\xampp\htdocs\jewelnet\app\Views\admin\Necklace\imagelist.php(137): CodeIgniter\Debug\Exceptions->errorHandler(2, 'Invalid argumen...', 'C:\\xampp\\htdocs...', 137, Array)
#1 C:\xampp\htdocs\jewelnet\system\View\View.php(246): include('C:\\xampp\\htdocs...')
#2 C:\xampp\htdocs\jewelnet\system\Common.php(1119): CodeIgniter\View\View->render(Array, Array, true)
#3 C:\xampp\htdocs\jewelnet\app\Libraries\Template.php(15): view('admin/Necklace/...', Array)
#4 C:\xampp\htdocs\jewelnet\app\Controllers\NecklaceController.php(56): App\Libraries\Template->render('admintemplate', 'contents', 'admin/Necklace/...', Array)
#5 C:\xampp\htdocs\jewelnet\system\CodeIgniter.php(920): App\Controllers\NecklaceController->necklacelist()
#6 C:\xampp\htdocs\jewelnet\system\CodeIgniter.php(406): CodeIgniter\CodeIgniter->runController(Object(App\Controllers\NecklaceController))
#7 C:\xampp\htdocs\jewelnet\system\CodeIgniter.php(314): CodeIgniter\CodeIgniter->handleRequest(NULL, Object(Config\Cache), false)
#8 C:\xampp\htdocs\jewelnet\public\index.php(50): CodeIgniter\CodeIgniter->run()
#9 {main}
CRITICAL - 2023-03-03 17:24:29 --> Invalid argument supplied for foreach()
#0 C:\xampp\htdocs\jewelnet\app\Views\admin\Necklace\imagelist.php(137): CodeIgniter\Debug\Exceptions->errorHandler(2, 'Invalid argumen...', 'C:\\xampp\\htdocs...', 137, Array)
#1 C:\xampp\htdocs\jewelnet\system\View\View.php(246): include('C:\\xampp\\htdocs...')
#2 C:\xampp\htdocs\jewelnet\system\Common.php(1119): CodeIgniter\View\View->render(Array, Array, true)
#3 C:\xampp\htdocs\jewelnet\app\Libraries\Template.php(15): view('admin/Necklace/...', Array)
#4 C:\xampp\htdocs\jewelnet\app\Controllers\NecklaceController.php(56): App\Libraries\Template->render('admintemplate', 'contents', 'admin/Necklace/...', Array)
#5 C:\xampp\htdocs\jewelnet\system\CodeIgniter.php(920): App\Controllers\NecklaceController->necklacelist()
#6 C:\xampp\htdocs\jewelnet\system\CodeIgniter.php(406): CodeIgniter\CodeIgniter->runController(Object(App\Controllers\NecklaceController))
#7 C:\xampp\htdocs\jewelnet\system\CodeIgniter.php(314): CodeIgniter\CodeIgniter->handleRequest(NULL, Object(Config\Cache), false)
#8 C:\xampp\htdocs\jewelnet\public\index.php(50): CodeIgniter\CodeIgniter->run()
#9 {main}
CRITICAL - 2023-03-03 17:24:30 --> Invalid argument supplied for foreach()
#0 C:\xampp\htdocs\jewelnet\app\Views\admin\Necklace\imagelist.php(137): CodeIgniter\Debug\Exceptions->errorHandler(2, 'Invalid argumen...', 'C:\\xampp\\htdocs...', 137, Array)
#1 C:\xampp\htdocs\jewelnet\system\View\View.php(246): include('C:\\xampp\\htdocs...')
#2 C:\xampp\htdocs\jewelnet\system\Common.php(1119): CodeIgniter\View\View->render(Array, Array, true)
#3 C:\xampp\htdocs\jewelnet\app\Libraries\Template.php(15): view('admin/Necklace/...', Array)
#4 C:\xampp\htdocs\jewelnet\app\Controllers\NecklaceController.php(56): App\Libraries\Template->render('admintemplate', 'contents', 'admin/Necklace/...', Array)
#5 C:\xampp\htdocs\jewelnet\system\CodeIgniter.php(920): App\Controllers\NecklaceController->necklacelist()
#6 C:\xampp\htdocs\jewelnet\system\CodeIgniter.php(406): CodeIgniter\CodeIgniter->runController(Object(App\Controllers\NecklaceController))
#7 C:\xampp\htdocs\jewelnet\system\CodeIgniter.php(314): CodeIgniter\CodeIgniter->handleRequest(NULL, Object(Config\Cache), false)
#8 C:\xampp\htdocs\jewelnet\public\index.php(50): CodeIgniter\CodeIgniter->run()
#9 {main}
CRITICAL - 2023-03-03 19:43:47 --> Argument 1 passed to CodeIgniter\HTTP\RedirectResponse::to() must be of the type string, null given, called in C:\xampp\htdocs\jewelnet\app\Controllers\NecklaceController.php on line 316
#0 C:\xampp\htdocs\jewelnet\app\Controllers\NecklaceController.php(316): CodeIgniter\HTTP\RedirectResponse->to(NULL)
#1 C:\xampp\htdocs\jewelnet\system\CodeIgniter.php(920): App\Controllers\NecklaceController->saveDataImg()
#2 C:\xampp\htdocs\jewelnet\system\CodeIgniter.php(406): CodeIgniter\CodeIgniter->runController(Object(App\Controllers\NecklaceController))
#3 C:\xampp\htdocs\jewelnet\system\CodeIgniter.php(314): CodeIgniter\CodeIgniter->handleRequest(NULL, Object(Config\Cache), false)
#4 C:\xampp\htdocs\jewelnet\public\index.php(50): CodeIgniter\CodeIgniter->run()
#5 {main}
CRITICAL - 2023-03-03 19:52:50 --> syntax error, unexpected 'btn' (T_STRING)
#0 C:\xampp\htdocs\jewelnet\system\Common.php(1119): CodeIgniter\View\View->render(Array, Array, true)
#1 C:\xampp\htdocs\jewelnet\app\Libraries\Template.php(15): view('admin/Necklace/...', Array)
#2 C:\xampp\htdocs\jewelnet\app\Controllers\NecklaceController.php(56): App\Libraries\Template->render('admintemplate', 'contents', 'admin/Necklace/...', Array)
#3 C:\xampp\htdocs\jewelnet\system\CodeIgniter.php(920): App\Controllers\NecklaceController->necklacelist()
#4 C:\xampp\htdocs\jewelnet\system\CodeIgniter.php(406): CodeIgniter\CodeIgniter->runController(Object(App\Controllers\NecklaceController))
#5 C:\xampp\htdocs\jewelnet\system\CodeIgniter.php(314): CodeIgniter\CodeIgniter->handleRequest(NULL, Object(Config\Cache), false)
#6 C:\xampp\htdocs\jewelnet\public\index.php(50): CodeIgniter\CodeIgniter->run()
#7 {main}
CRITICAL - 2023-03-03 19:52:51 --> syntax error, unexpected 'btn' (T_STRING)
#0 C:\xampp\htdocs\jewelnet\system\Common.php(1119): CodeIgniter\View\View->render(Array, Array, true)
#1 C:\xampp\htdocs\jewelnet\app\Libraries\Template.php(15): view('admin/Necklace/...', Array)
#2 C:\xampp\htdocs\jewelnet\app\Controllers\NecklaceController.php(56): App\Libraries\Template->render('admintemplate', 'contents', 'admin/Necklace/...', Array)
#3 C:\xampp\htdocs\jewelnet\system\CodeIgniter.php(920): App\Controllers\NecklaceController->necklacelist()
#4 C:\xampp\htdocs\jewelnet\system\CodeIgniter.php(406): CodeIgniter\CodeIgniter->runController(Object(App\Controllers\NecklaceController))
#5 C:\xampp\htdocs\jewelnet\system\CodeIgniter.php(314): CodeIgniter\CodeIgniter->handleRequest(NULL, Object(Config\Cache), false)
#6 C:\xampp\htdocs\jewelnet\public\index.php(50): CodeIgniter\CodeIgniter->run()
#7 {main}
