CRITICAL - 2023-03-13 12:59:37 --> Argument 1 passed to CodeIgniter\HTTP\RedirectResponse::to() must be of the type string, null given, called in C:\xampp\htdocs\hotott\app\Controllers\PinController.php on line 319
#0 C:\xampp\htdocs\hotott\app\Controllers\PinController.php(319): CodeIgniter\HTTP\RedirectResponse->to(NULL)
#1 C:\xampp\htdocs\hotott\system\CodeIgniter.php(918): App\Controllers\PinController->redeenPinActive()
#2 C:\xampp\htdocs\hotott\system\CodeIgniter.php(404): CodeIgniter\CodeIgniter->runController(Object(App\Controllers\PinController))
#3 C:\xampp\htdocs\hotott\system\CodeIgniter.php(312): CodeIgniter\CodeIgniter->handleRequest(NULL, Object(Config\Cache), false)
#4 C:\xampp\htdocs\hotott\public\index.php(45): CodeIgniter\CodeIgniter->run()
#5 {main}
CRITICAL - 2023-03-13 13:05:32 --> Argument 1 passed to CodeIgniter\HTTP\RedirectResponse::to() must be of the type string, null given, called in C:\xampp\htdocs\hotott\app\Controllers\PinController.php on line 335
#0 C:\xampp\htdocs\hotott\app\Controllers\PinController.php(335): CodeIgniter\HTTP\RedirectResponse->to(NULL)
#1 C:\xampp\htdocs\hotott\system\CodeIgniter.php(918): App\Controllers\PinController->redeenPinActive()
#2 C:\xampp\htdocs\hotott\system\CodeIgniter.php(404): CodeIgniter\CodeIgniter->runController(Object(App\Controllers\PinController))
#3 C:\xampp\htdocs\hotott\system\CodeIgniter.php(312): CodeIgniter\CodeIgniter->handleRequest(NULL, Object(Config\Cache), false)
#4 C:\xampp\htdocs\hotott\public\index.php(45): CodeIgniter\CodeIgniter->run()
#5 {main}
CRITICAL - 2023-03-13 13:08:10 --> Argument 1 passed to CodeIgniter\HTTP\RedirectResponse::to() must be of the type string, null given, called in C:\xampp\htdocs\hotott\app\Controllers\PinController.php on line 336
#0 C:\xampp\htdocs\hotott\app\Controllers\PinController.php(336): CodeIgniter\HTTP\RedirectResponse->to(NULL)
#1 C:\xampp\htdocs\hotott\system\CodeIgniter.php(918): App\Controllers\PinController->redeenPinActive()
#2 C:\xampp\htdocs\hotott\system\CodeIgniter.php(404): CodeIgniter\CodeIgniter->runController(Object(App\Controllers\PinController))
#3 C:\xampp\htdocs\hotott\system\CodeIgniter.php(312): CodeIgniter\CodeIgniter->handleRequest(NULL, Object(Config\Cache), false)
#4 C:\xampp\htdocs\hotott\public\index.php(45): CodeIgniter\CodeIgniter->run()
#5 {main}
CRITICAL - 2023-03-13 13:10:59 --> Argument 1 passed to CodeIgniter\HTTP\RedirectResponse::to() must be of the type string, null given, called in C:\xampp\htdocs\hotott\app\Controllers\PinController.php on line 336
#0 C:\xampp\htdocs\hotott\app\Controllers\PinController.php(336): CodeIgniter\HTTP\RedirectResponse->to(NULL)
#1 C:\xampp\htdocs\hotott\system\CodeIgniter.php(918): App\Controllers\PinController->redeenPinActive()
#2 C:\xampp\htdocs\hotott\system\CodeIgniter.php(404): CodeIgniter\CodeIgniter->runController(Object(App\Controllers\PinController))
#3 C:\xampp\htdocs\hotott\system\CodeIgniter.php(312): CodeIgniter\CodeIgniter->handleRequest(NULL, Object(Config\Cache), false)
#4 C:\xampp\htdocs\hotott\public\index.php(45): CodeIgniter\CodeIgniter->run()
#5 {main}
CRITICAL - 2023-03-13 13:12:22 --> Argument 1 passed to CodeIgniter\HTTP\RedirectResponse::to() must be of the type string, null given, called in C:\xampp\htdocs\hotott\app\Controllers\PinController.php on line 336
#0 C:\xampp\htdocs\hotott\app\Controllers\PinController.php(336): CodeIgniter\HTTP\RedirectResponse->to(NULL)
#1 C:\xampp\htdocs\hotott\system\CodeIgniter.php(918): App\Controllers\PinController->redeenPinActive()
#2 C:\xampp\htdocs\hotott\system\CodeIgniter.php(404): CodeIgniter\CodeIgniter->runController(Object(App\Controllers\PinController))
#3 C:\xampp\htdocs\hotott\system\CodeIgniter.php(312): CodeIgniter\CodeIgniter->handleRequest(NULL, Object(Config\Cache), false)
#4 C:\xampp\htdocs\hotott\public\index.php(45): CodeIgniter\CodeIgniter->run()
#5 {main}
CRITICAL - 2023-03-13 13:15:28 --> Argument 1 passed to CodeIgniter\HTTP\RedirectResponse::to() must be of the type string, null given, called in C:\xampp\htdocs\hotott\app\Controllers\PinController.php on line 348
#0 C:\xampp\htdocs\hotott\app\Controllers\PinController.php(348): CodeIgniter\HTTP\RedirectResponse->to(NULL)
#1 C:\xampp\htdocs\hotott\system\CodeIgniter.php(918): App\Controllers\PinController->redeenPinActive()
#2 C:\xampp\htdocs\hotott\system\CodeIgniter.php(404): CodeIgniter\CodeIgniter->runController(Object(App\Controllers\PinController))
#3 C:\xampp\htdocs\hotott\system\CodeIgniter.php(312): CodeIgniter\CodeIgniter->handleRequest(NULL, Object(Config\Cache), false)
#4 C:\xampp\htdocs\hotott\public\index.php(45): CodeIgniter\CodeIgniter->run()
#5 {main}
CRITICAL - 2023-03-13 13:17:14 --> Argument 1 passed to CodeIgniter\HTTP\RedirectResponse::to() must be of the type string, null given, called in C:\xampp\htdocs\hotott\app\Controllers\PinController.php on line 348
#0 C:\xampp\htdocs\hotott\app\Controllers\PinController.php(348): CodeIgniter\HTTP\RedirectResponse->to(NULL)
#1 C:\xampp\htdocs\hotott\system\CodeIgniter.php(918): App\Controllers\PinController->redeenPinActive()
#2 C:\xampp\htdocs\hotott\system\CodeIgniter.php(404): CodeIgniter\CodeIgniter->runController(Object(App\Controllers\PinController))
#3 C:\xampp\htdocs\hotott\system\CodeIgniter.php(312): CodeIgniter\CodeIgniter->handleRequest(NULL, Object(Config\Cache), false)
#4 C:\xampp\htdocs\hotott\public\index.php(45): CodeIgniter\CodeIgniter->run()
#5 {main}
CRITICAL - 2023-03-13 13:18:51 --> Argument 1 passed to CodeIgniter\HTTP\RedirectResponse::to() must be of the type string, null given, called in C:\xampp\htdocs\hotott\app\Controllers\PinController.php on line 348
#0 C:\xampp\htdocs\hotott\app\Controllers\PinController.php(348): CodeIgniter\HTTP\RedirectResponse->to(NULL)
#1 C:\xampp\htdocs\hotott\system\CodeIgniter.php(918): App\Controllers\PinController->redeenPinActive()
#2 C:\xampp\htdocs\hotott\system\CodeIgniter.php(404): CodeIgniter\CodeIgniter->runController(Object(App\Controllers\PinController))
#3 C:\xampp\htdocs\hotott\system\CodeIgniter.php(312): CodeIgniter\CodeIgniter->handleRequest(NULL, Object(Config\Cache), false)
#4 C:\xampp\htdocs\hotott\public\index.php(45): CodeIgniter\CodeIgniter->run()
#5 {main}
CRITICAL - 2023-03-13 13:18:58 --> Argument 1 passed to CodeIgniter\HTTP\RedirectResponse::to() must be of the type string, null given, called in C:\xampp\htdocs\hotott\app\Controllers\PinController.php on line 348
#0 C:\xampp\htdocs\hotott\app\Controllers\PinController.php(348): CodeIgniter\HTTP\RedirectResponse->to(NULL)
#1 C:\xampp\htdocs\hotott\system\CodeIgniter.php(918): App\Controllers\PinController->redeenPinActive()
#2 C:\xampp\htdocs\hotott\system\CodeIgniter.php(404): CodeIgniter\CodeIgniter->runController(Object(App\Controllers\PinController))
#3 C:\xampp\htdocs\hotott\system\CodeIgniter.php(312): CodeIgniter\CodeIgniter->handleRequest(NULL, Object(Config\Cache), false)
#4 C:\xampp\htdocs\hotott\public\index.php(45): CodeIgniter\CodeIgniter->run()
#5 {main}
CRITICAL - 2023-03-13 13:20:27 --> Argument 1 passed to CodeIgniter\HTTP\RedirectResponse::to() must be of the type string, null given, called in C:\xampp\htdocs\hotott\app\Controllers\PinController.php on line 348
#0 C:\xampp\htdocs\hotott\app\Controllers\PinController.php(348): CodeIgniter\HTTP\RedirectResponse->to(NULL)
#1 C:\xampp\htdocs\hotott\system\CodeIgniter.php(918): App\Controllers\PinController->redeenPinActive()
#2 C:\xampp\htdocs\hotott\system\CodeIgniter.php(404): CodeIgniter\CodeIgniter->runController(Object(App\Controllers\PinController))
#3 C:\xampp\htdocs\hotott\system\CodeIgniter.php(312): CodeIgniter\CodeIgniter->handleRequest(NULL, Object(Config\Cache), false)
#4 C:\xampp\htdocs\hotott\public\index.php(45): CodeIgniter\CodeIgniter->run()
#5 {main}
CRITICAL - 2023-03-13 13:23:04 --> Argument 1 passed to CodeIgniter\HTTP\RedirectResponse::to() must be of the type string, null given, called in C:\xampp\htdocs\hotott\app\Controllers\PinController.php on line 348
#0 C:\xampp\htdocs\hotott\app\Controllers\PinController.php(348): CodeIgniter\HTTP\RedirectResponse->to(NULL)
#1 C:\xampp\htdocs\hotott\system\CodeIgniter.php(918): App\Controllers\PinController->redeenPinActive()
#2 C:\xampp\htdocs\hotott\system\CodeIgniter.php(404): CodeIgniter\CodeIgniter->runController(Object(App\Controllers\PinController))
#3 C:\xampp\htdocs\hotott\system\CodeIgniter.php(312): CodeIgniter\CodeIgniter->handleRequest(NULL, Object(Config\Cache), false)
#4 C:\xampp\htdocs\hotott\public\index.php(45): CodeIgniter\CodeIgniter->run()
#5 {main}
CRITICAL - 2023-03-13 13:24:46 --> Argument 1 passed to CodeIgniter\HTTP\RedirectResponse::to() must be of the type string, null given, called in C:\xampp\htdocs\hotott\app\Controllers\PinController.php on line 348
#0 C:\xampp\htdocs\hotott\app\Controllers\PinController.php(348): CodeIgniter\HTTP\RedirectResponse->to(NULL)
#1 C:\xampp\htdocs\hotott\system\CodeIgniter.php(918): App\Controllers\PinController->redeenPinActive()
#2 C:\xampp\htdocs\hotott\system\CodeIgniter.php(404): CodeIgniter\CodeIgniter->runController(Object(App\Controllers\PinController))
#3 C:\xampp\htdocs\hotott\system\CodeIgniter.php(312): CodeIgniter\CodeIgniter->handleRequest(NULL, Object(Config\Cache), false)
#4 C:\xampp\htdocs\hotott\public\index.php(45): CodeIgniter\CodeIgniter->run()
#5 {main}
CRITICAL - 2023-03-13 13:27:33 --> Argument 1 passed to CodeIgniter\HTTP\RedirectResponse::to() must be of the type string, null given, called in C:\xampp\htdocs\hotott\app\Controllers\PinController.php on line 336
#0 C:\xampp\htdocs\hotott\app\Controllers\PinController.php(336): CodeIgniter\HTTP\RedirectResponse->to(NULL)
#1 C:\xampp\htdocs\hotott\system\CodeIgniter.php(918): App\Controllers\PinController->redeenPinActive()
#2 C:\xampp\htdocs\hotott\system\CodeIgniter.php(404): CodeIgniter\CodeIgniter->runController(Object(App\Controllers\PinController))
#3 C:\xampp\htdocs\hotott\system\CodeIgniter.php(312): CodeIgniter\CodeIgniter->handleRequest(NULL, Object(Config\Cache), false)
#4 C:\xampp\htdocs\hotott\public\index.php(45): CodeIgniter\CodeIgniter->run()
#5 {main}
CRITICAL - 2023-03-13 13:29:29 --> Argument 1 passed to CodeIgniter\HTTP\RedirectResponse::to() must be of the type string, null given, called in C:\xampp\htdocs\hotott\app\Controllers\PinController.php on line 334
#0 C:\xampp\htdocs\hotott\app\Controllers\PinController.php(334): CodeIgniter\HTTP\RedirectResponse->to(NULL)
#1 C:\xampp\htdocs\hotott\system\CodeIgniter.php(918): App\Controllers\PinController->redeenPinActive()
#2 C:\xampp\htdocs\hotott\system\CodeIgniter.php(404): CodeIgniter\CodeIgniter->runController(Object(App\Controllers\PinController))
#3 C:\xampp\htdocs\hotott\system\CodeIgniter.php(312): CodeIgniter\CodeIgniter->handleRequest(NULL, Object(Config\Cache), false)
#4 C:\xampp\htdocs\hotott\public\index.php(45): CodeIgniter\CodeIgniter->run()
#5 {main}
CRITICAL - 2023-03-13 13:32:06 --> Call to a member function query() on null
#0 C:\xampp\htdocs\hotott\system\CodeIgniter.php(918): App\Controllers\PinController->redeenPinActive()
#1 C:\xampp\htdocs\hotott\system\CodeIgniter.php(404): CodeIgniter\CodeIgniter->runController(Object(App\Controllers\PinController))
#2 C:\xampp\htdocs\hotott\system\CodeIgniter.php(312): CodeIgniter\CodeIgniter->handleRequest(NULL, Object(Config\Cache), false)
#3 C:\xampp\htdocs\hotott\public\index.php(45): CodeIgniter\CodeIgniter->run()
#4 {main}
CRITICAL - 2023-03-13 13:32:07 --> Argument 1 passed to CodeIgniter\HTTP\RedirectResponse::to() must be of the type string, null given, called in C:\xampp\htdocs\hotott\app\Controllers\PinController.php on line 335
#0 C:\xampp\htdocs\hotott\app\Controllers\PinController.php(335): CodeIgniter\HTTP\RedirectResponse->to(NULL)
#1 C:\xampp\htdocs\hotott\system\CodeIgniter.php(918): App\Controllers\PinController->redeenPinActive()
#2 C:\xampp\htdocs\hotott\system\CodeIgniter.php(404): CodeIgniter\CodeIgniter->runController(Object(App\Controllers\PinController))
#3 C:\xampp\htdocs\hotott\system\CodeIgniter.php(312): CodeIgniter\CodeIgniter->handleRequest(NULL, Object(Config\Cache), false)
#4 C:\xampp\htdocs\hotott\public\index.php(45): CodeIgniter\CodeIgniter->run()
#5 {main}
CRITICAL - 2023-03-13 13:32:20 --> Argument 1 passed to CodeIgniter\Database\BaseConnection::query() must be of the type string, null given, called in C:\xampp\htdocs\hotott\app\Controllers\PinController.php on line 270
#0 C:\xampp\htdocs\hotott\app\Controllers\PinController.php(270): CodeIgniter\Database\BaseConnection->query(NULL)
#1 C:\xampp\htdocs\hotott\system\CodeIgniter.php(918): App\Controllers\PinController->redeenPinActive()
#2 C:\xampp\htdocs\hotott\system\CodeIgniter.php(404): CodeIgniter\CodeIgniter->runController(Object(App\Controllers\PinController))
#3 C:\xampp\htdocs\hotott\system\CodeIgniter.php(312): CodeIgniter\CodeIgniter->handleRequest(NULL, Object(Config\Cache), false)
#4 C:\xampp\htdocs\hotott\public\index.php(45): CodeIgniter\CodeIgniter->run()
#5 {main}
CRITICAL - 2023-03-13 13:32:21 --> Argument 1 passed to CodeIgniter\HTTP\RedirectResponse::to() must be of the type string, null given, called in C:\xampp\htdocs\hotott\app\Controllers\PinController.php on line 335
#0 C:\xampp\htdocs\hotott\app\Controllers\PinController.php(335): CodeIgniter\HTTP\RedirectResponse->to(NULL)
#1 C:\xampp\htdocs\hotott\system\CodeIgniter.php(918): App\Controllers\PinController->redeenPinActive()
#2 C:\xampp\htdocs\hotott\system\CodeIgniter.php(404): CodeIgniter\CodeIgniter->runController(Object(App\Controllers\PinController))
#3 C:\xampp\htdocs\hotott\system\CodeIgniter.php(312): CodeIgniter\CodeIgniter->handleRequest(NULL, Object(Config\Cache), false)
#4 C:\xampp\htdocs\hotott\public\index.php(45): CodeIgniter\CodeIgniter->run()
#5 {main}
CRITICAL - 2023-03-13 13:32:44 --> Argument 1 passed to CodeIgniter\HTTP\RedirectResponse::to() must be of the type string, null given, called in C:\xampp\htdocs\hotott\app\Controllers\PinController.php on line 335
#0 C:\xampp\htdocs\hotott\app\Controllers\PinController.php(335): CodeIgniter\HTTP\RedirectResponse->to(NULL)
#1 C:\xampp\htdocs\hotott\system\CodeIgniter.php(918): App\Controllers\PinController->redeenPinActive()
#2 C:\xampp\htdocs\hotott\system\CodeIgniter.php(404): CodeIgniter\CodeIgniter->runController(Object(App\Controllers\PinController))
#3 C:\xampp\htdocs\hotott\system\CodeIgniter.php(312): CodeIgniter\CodeIgniter->handleRequest(NULL, Object(Config\Cache), false)
#4 C:\xampp\htdocs\hotott\public\index.php(45): CodeIgniter\CodeIgniter->run()
#5 {main}
CRITICAL - 2023-03-13 13:33:36 --> Argument 1 passed to CodeIgniter\HTTP\RedirectResponse::to() must be of the type string, null given, called in C:\xampp\htdocs\hotott\app\Controllers\PinController.php on line 337
#0 C:\xampp\htdocs\hotott\app\Controllers\PinController.php(337): CodeIgniter\HTTP\RedirectResponse->to(NULL)
#1 C:\xampp\htdocs\hotott\system\CodeIgniter.php(918): App\Controllers\PinController->redeenPinActive()
#2 C:\xampp\htdocs\hotott\system\CodeIgniter.php(404): CodeIgniter\CodeIgniter->runController(Object(App\Controllers\PinController))
#3 C:\xampp\htdocs\hotott\system\CodeIgniter.php(312): CodeIgniter\CodeIgniter->handleRequest(NULL, Object(Config\Cache), false)
#4 C:\xampp\htdocs\hotott\public\index.php(45): CodeIgniter\CodeIgniter->run()
#5 {main}
CRITICAL - 2023-03-13 13:36:57 --> Argument 1 passed to CodeIgniter\HTTP\RedirectResponse::to() must be of the type string, null given, called in C:\xampp\htdocs\hotott\app\Controllers\PinController.php on line 338
#0 C:\xampp\htdocs\hotott\app\Controllers\PinController.php(338): CodeIgniter\HTTP\RedirectResponse->to(NULL)
#1 C:\xampp\htdocs\hotott\system\CodeIgniter.php(918): App\Controllers\PinController->redeenPinActive()
#2 C:\xampp\htdocs\hotott\system\CodeIgniter.php(404): CodeIgniter\CodeIgniter->runController(Object(App\Controllers\PinController))
#3 C:\xampp\htdocs\hotott\system\CodeIgniter.php(312): CodeIgniter\CodeIgniter->handleRequest(NULL, Object(Config\Cache), false)
#4 C:\xampp\htdocs\hotott\public\index.php(45): CodeIgniter\CodeIgniter->run()
#5 {main}
CRITICAL - 2023-03-13 13:37:17 --> Argument 1 passed to CodeIgniter\HTTP\RedirectResponse::to() must be of the type string, null given, called in C:\xampp\htdocs\hotott\app\Controllers\PinController.php on line 338
#0 C:\xampp\htdocs\hotott\app\Controllers\PinController.php(338): CodeIgniter\HTTP\RedirectResponse->to(NULL)
#1 C:\xampp\htdocs\hotott\system\CodeIgniter.php(918): App\Controllers\PinController->redeenPinActive()
#2 C:\xampp\htdocs\hotott\system\CodeIgniter.php(404): CodeIgniter\CodeIgniter->runController(Object(App\Controllers\PinController))
#3 C:\xampp\htdocs\hotott\system\CodeIgniter.php(312): CodeIgniter\CodeIgniter->handleRequest(NULL, Object(Config\Cache), false)
#4 C:\xampp\htdocs\hotott\public\index.php(45): CodeIgniter\CodeIgniter->run()
#5 {main}
CRITICAL - 2023-03-13 13:38:47 --> syntax error, unexpected 'echo' (T_ECHO)
#0 C:\xampp\htdocs\hotott\system\Router\Router.php(195): CodeIgniter\Router\Router->autoRoute('PinController/r...')
#1 C:\xampp\htdocs\hotott\system\CodeIgniter.php(793): CodeIgniter\Router\Router->handle('PinController/r...')
#2 C:\xampp\htdocs\hotott\system\CodeIgniter.php(364): CodeIgniter\CodeIgniter->tryToRouteIt(Object(CodeIgniter\Router\RouteCollection))
#3 C:\xampp\htdocs\hotott\system\CodeIgniter.php(312): CodeIgniter\CodeIgniter->handleRequest(NULL, Object(Config\Cache), false)
#4 C:\xampp\htdocs\hotott\public\index.php(45): CodeIgniter\CodeIgniter->run()
#5 {main}
CRITICAL - 2023-03-13 13:38:48 --> syntax error, unexpected 'echo' (T_ECHO)
#0 C:\xampp\htdocs\hotott\system\Router\Router.php(195): CodeIgniter\Router\Router->autoRoute('PinController/r...')
#1 C:\xampp\htdocs\hotott\system\CodeIgniter.php(793): CodeIgniter\Router\Router->handle('PinController/r...')
#2 C:\xampp\htdocs\hotott\system\CodeIgniter.php(364): CodeIgniter\CodeIgniter->tryToRouteIt(Object(CodeIgniter\Router\RouteCollection))
#3 C:\xampp\htdocs\hotott\system\CodeIgniter.php(312): CodeIgniter\CodeIgniter->handleRequest(NULL, Object(Config\Cache), false)
#4 C:\xampp\htdocs\hotott\public\index.php(45): CodeIgniter\CodeIgniter->run()
#5 {main}
CRITICAL - 2023-03-13 13:39:19 --> Argument 1 passed to CodeIgniter\HTTP\RedirectResponse::to() must be of the type string, null given, called in C:\xampp\htdocs\hotott\app\Controllers\PinController.php on line 339
#0 C:\xampp\htdocs\hotott\app\Controllers\PinController.php(339): CodeIgniter\HTTP\RedirectResponse->to(NULL)
#1 C:\xampp\htdocs\hotott\system\CodeIgniter.php(918): App\Controllers\PinController->redeenPinActive()
#2 C:\xampp\htdocs\hotott\system\CodeIgniter.php(404): CodeIgniter\CodeIgniter->runController(Object(App\Controllers\PinController))
#3 C:\xampp\htdocs\hotott\system\CodeIgniter.php(312): CodeIgniter\CodeIgniter->handleRequest(NULL, Object(Config\Cache), false)
#4 C:\xampp\htdocs\hotott\public\index.php(45): CodeIgniter\CodeIgniter->run()
#5 {main}
CRITICAL - 2023-03-13 13:41:10 --> Argument 1 passed to CodeIgniter\HTTP\RedirectResponse::to() must be of the type string, null given, called in C:\xampp\htdocs\hotott\app\Controllers\PinController.php on line 343
#0 C:\xampp\htdocs\hotott\app\Controllers\PinController.php(343): CodeIgniter\HTTP\RedirectResponse->to(NULL)
#1 C:\xampp\htdocs\hotott\system\CodeIgniter.php(918): App\Controllers\PinController->redeenPinActive()
#2 C:\xampp\htdocs\hotott\system\CodeIgniter.php(404): CodeIgniter\CodeIgniter->runController(Object(App\Controllers\PinController))
#3 C:\xampp\htdocs\hotott\system\CodeIgniter.php(312): CodeIgniter\CodeIgniter->handleRequest(NULL, Object(Config\Cache), false)
#4 C:\xampp\htdocs\hotott\public\index.php(45): CodeIgniter\CodeIgniter->run()
#5 {main}
CRITICAL - 2023-03-13 13:41:12 --> Argument 1 passed to CodeIgniter\HTTP\RedirectResponse::to() must be of the type string, null given, called in C:\xampp\htdocs\hotott\app\Controllers\PinController.php on line 343
#0 C:\xampp\htdocs\hotott\app\Controllers\PinController.php(343): CodeIgniter\HTTP\RedirectResponse->to(NULL)
#1 C:\xampp\htdocs\hotott\system\CodeIgniter.php(918): App\Controllers\PinController->redeenPinActive()
#2 C:\xampp\htdocs\hotott\system\CodeIgniter.php(404): CodeIgniter\CodeIgniter->runController(Object(App\Controllers\PinController))
#3 C:\xampp\htdocs\hotott\system\CodeIgniter.php(312): CodeIgniter\CodeIgniter->handleRequest(NULL, Object(Config\Cache), false)
#4 C:\xampp\htdocs\hotott\public\index.php(45): CodeIgniter\CodeIgniter->run()
#5 {main}
CRITICAL - 2023-03-13 13:41:40 --> syntax error, unexpected 'unset' (T_UNSET)
#0 C:\xampp\htdocs\hotott\system\Router\Router.php(195): CodeIgniter\Router\Router->autoRoute('PinController/r...')
#1 C:\xampp\htdocs\hotott\system\CodeIgniter.php(793): CodeIgniter\Router\Router->handle('PinController/r...')
#2 C:\xampp\htdocs\hotott\system\CodeIgniter.php(364): CodeIgniter\CodeIgniter->tryToRouteIt(Object(CodeIgniter\Router\RouteCollection))
#3 C:\xampp\htdocs\hotott\system\CodeIgniter.php(312): CodeIgniter\CodeIgniter->handleRequest(NULL, Object(Config\Cache), false)
#4 C:\xampp\htdocs\hotott\public\index.php(45): CodeIgniter\CodeIgniter->run()
#5 {main}
CRITICAL - 2023-03-13 13:41:42 --> syntax error, unexpected 'unset' (T_UNSET)
#0 C:\xampp\htdocs\hotott\system\Router\Router.php(195): CodeIgniter\Router\Router->autoRoute('PinController/r...')
#1 C:\xampp\htdocs\hotott\system\CodeIgniter.php(793): CodeIgniter\Router\Router->handle('PinController/r...')
#2 C:\xampp\htdocs\hotott\system\CodeIgniter.php(364): CodeIgniter\CodeIgniter->tryToRouteIt(Object(CodeIgniter\Router\RouteCollection))
#3 C:\xampp\htdocs\hotott\system\CodeIgniter.php(312): CodeIgniter\CodeIgniter->handleRequest(NULL, Object(Config\Cache), false)
#4 C:\xampp\htdocs\hotott\public\index.php(45): CodeIgniter\CodeIgniter->run()
#5 {main}
CRITICAL - 2023-03-13 13:41:56 --> syntax error, unexpected ';', expecting ')'
#0 C:\xampp\htdocs\hotott\system\Router\Router.php(195): CodeIgniter\Router\Router->autoRoute('PinController/r...')
#1 C:\xampp\htdocs\hotott\system\CodeIgniter.php(793): CodeIgniter\Router\Router->handle('PinController/r...')
#2 C:\xampp\htdocs\hotott\system\CodeIgniter.php(364): CodeIgniter\CodeIgniter->tryToRouteIt(Object(CodeIgniter\Router\RouteCollection))
#3 C:\xampp\htdocs\hotott\system\CodeIgniter.php(312): CodeIgniter\CodeIgniter->handleRequest(NULL, Object(Config\Cache), false)
#4 C:\xampp\htdocs\hotott\public\index.php(45): CodeIgniter\CodeIgniter->run()
#5 {main}
CRITICAL - 2023-03-13 13:41:56 --> syntax error, unexpected ';', expecting ')'
#0 C:\xampp\htdocs\hotott\system\Router\Router.php(195): CodeIgniter\Router\Router->autoRoute('PinController/r...')
#1 C:\xampp\htdocs\hotott\system\CodeIgniter.php(793): CodeIgniter\Router\Router->handle('PinController/r...')
#2 C:\xampp\htdocs\hotott\system\CodeIgniter.php(364): CodeIgniter\CodeIgniter->tryToRouteIt(Object(CodeIgniter\Router\RouteCollection))
#3 C:\xampp\htdocs\hotott\system\CodeIgniter.php(312): CodeIgniter\CodeIgniter->handleRequest(NULL, Object(Config\Cache), false)
#4 C:\xampp\htdocs\hotott\public\index.php(45): CodeIgniter\CodeIgniter->run()
#5 {main}
CRITICAL - 2023-03-13 13:42:47 --> syntax error, unexpected 'unset' (T_UNSET)
#0 C:\xampp\htdocs\hotott\system\Router\Router.php(195): CodeIgniter\Router\Router->autoRoute('PinController/r...')
#1 C:\xampp\htdocs\hotott\system\CodeIgniter.php(793): CodeIgniter\Router\Router->handle('PinController/r...')
#2 C:\xampp\htdocs\hotott\system\CodeIgniter.php(364): CodeIgniter\CodeIgniter->tryToRouteIt(Object(CodeIgniter\Router\RouteCollection))
#3 C:\xampp\htdocs\hotott\system\CodeIgniter.php(312): CodeIgniter\CodeIgniter->handleRequest(NULL, Object(Config\Cache), false)
#4 C:\xampp\htdocs\hotott\public\index.php(45): CodeIgniter\CodeIgniter->run()
#5 {main}
CRITICAL - 2023-03-13 13:42:49 --> syntax error, unexpected 'unset' (T_UNSET)
#0 C:\xampp\htdocs\hotott\system\Router\Router.php(195): CodeIgniter\Router\Router->autoRoute('PinController/r...')
#1 C:\xampp\htdocs\hotott\system\CodeIgniter.php(793): CodeIgniter\Router\Router->handle('PinController/r...')
#2 C:\xampp\htdocs\hotott\system\CodeIgniter.php(364): CodeIgniter\CodeIgniter->tryToRouteIt(Object(CodeIgniter\Router\RouteCollection))
#3 C:\xampp\htdocs\hotott\system\CodeIgniter.php(312): CodeIgniter\CodeIgniter->handleRequest(NULL, Object(Config\Cache), false)
#4 C:\xampp\htdocs\hotott\public\index.php(45): CodeIgniter\CodeIgniter->run()
#5 {main}
CRITICAL - 2023-03-13 13:44:12 --> Argument 1 passed to CodeIgniter\HTTP\RedirectResponse::to() must be of the type string, null given, called in C:\xampp\htdocs\hotott\app\Controllers\PinController.php on line 342
#0 C:\xampp\htdocs\hotott\app\Controllers\PinController.php(342): CodeIgniter\HTTP\RedirectResponse->to(NULL)
#1 C:\xampp\htdocs\hotott\system\CodeIgniter.php(918): App\Controllers\PinController->redeenPinActive()
#2 C:\xampp\htdocs\hotott\system\CodeIgniter.php(404): CodeIgniter\CodeIgniter->runController(Object(App\Controllers\PinController))
#3 C:\xampp\htdocs\hotott\system\CodeIgniter.php(312): CodeIgniter\CodeIgniter->handleRequest(NULL, Object(Config\Cache), false)
#4 C:\xampp\htdocs\hotott\public\index.php(45): CodeIgniter\CodeIgniter->run()
#5 {main}
CRITICAL - 2023-03-13 13:46:33 --> Argument 1 passed to CodeIgniter\HTTP\RedirectResponse::to() must be of the type string, null given, called in C:\xampp\htdocs\hotott\app\Controllers\PinController.php on line 342
#0 C:\xampp\htdocs\hotott\app\Controllers\PinController.php(342): CodeIgniter\HTTP\RedirectResponse->to(NULL)
#1 C:\xampp\htdocs\hotott\system\CodeIgniter.php(918): App\Controllers\PinController->redeenPinActive()
#2 C:\xampp\htdocs\hotott\system\CodeIgniter.php(404): CodeIgniter\CodeIgniter->runController(Object(App\Controllers\PinController))
#3 C:\xampp\htdocs\hotott\system\CodeIgniter.php(312): CodeIgniter\CodeIgniter->handleRequest(NULL, Object(Config\Cache), false)
#4 C:\xampp\htdocs\hotott\public\index.php(45): CodeIgniter\CodeIgniter->run()
#5 {main}
CRITICAL - 2023-03-13 13:46:36 --> Argument 1 passed to CodeIgniter\HTTP\RedirectResponse::to() must be of the type string, null given, called in C:\xampp\htdocs\hotott\app\Controllers\PinController.php on line 342
#0 C:\xampp\htdocs\hotott\app\Controllers\PinController.php(342): CodeIgniter\HTTP\RedirectResponse->to(NULL)
#1 C:\xampp\htdocs\hotott\system\CodeIgniter.php(918): App\Controllers\PinController->redeenPinActive()
#2 C:\xampp\htdocs\hotott\system\CodeIgniter.php(404): CodeIgniter\CodeIgniter->runController(Object(App\Controllers\PinController))
#3 C:\xampp\htdocs\hotott\system\CodeIgniter.php(312): CodeIgniter\CodeIgniter->handleRequest(NULL, Object(Config\Cache), false)
#4 C:\xampp\htdocs\hotott\public\index.php(45): CodeIgniter\CodeIgniter->run()
#5 {main}
CRITICAL - 2023-03-13 13:47:47 --> Object of class stdClass could not be converted to string
#0 C:\xampp\htdocs\hotott\app\Controllers\PinController.php(274): array_diff(Array, Array)
#1 C:\xampp\htdocs\hotott\system\CodeIgniter.php(918): App\Controllers\PinController->redeenPinActive()
#2 C:\xampp\htdocs\hotott\system\CodeIgniter.php(404): CodeIgniter\CodeIgniter->runController(Object(App\Controllers\PinController))
#3 C:\xampp\htdocs\hotott\system\CodeIgniter.php(312): CodeIgniter\CodeIgniter->handleRequest(NULL, Object(Config\Cache), false)
#4 C:\xampp\htdocs\hotott\public\index.php(45): CodeIgniter\CodeIgniter->run()
#5 {main}
CRITICAL - 2023-03-13 13:47:48 --> Argument 1 passed to CodeIgniter\HTTP\RedirectResponse::to() must be of the type string, null given, called in C:\xampp\htdocs\hotott\app\Controllers\PinController.php on line 341
#0 C:\xampp\htdocs\hotott\app\Controllers\PinController.php(341): CodeIgniter\HTTP\RedirectResponse->to(NULL)
#1 C:\xampp\htdocs\hotott\system\CodeIgniter.php(918): App\Controllers\PinController->redeenPinActive()
#2 C:\xampp\htdocs\hotott\system\CodeIgniter.php(404): CodeIgniter\CodeIgniter->runController(Object(App\Controllers\PinController))
#3 C:\xampp\htdocs\hotott\system\CodeIgniter.php(312): CodeIgniter\CodeIgniter->handleRequest(NULL, Object(Config\Cache), false)
#4 C:\xampp\htdocs\hotott\public\index.php(45): CodeIgniter\CodeIgniter->run()
#5 {main}
CRITICAL - 2023-03-13 13:47:50 --> Object of class stdClass could not be converted to string
#0 C:\xampp\htdocs\hotott\app\Controllers\PinController.php(274): array_diff(Array, Array)
#1 C:\xampp\htdocs\hotott\system\CodeIgniter.php(918): App\Controllers\PinController->redeenPinActive()
#2 C:\xampp\htdocs\hotott\system\CodeIgniter.php(404): CodeIgniter\CodeIgniter->runController(Object(App\Controllers\PinController))
#3 C:\xampp\htdocs\hotott\system\CodeIgniter.php(312): CodeIgniter\CodeIgniter->handleRequest(NULL, Object(Config\Cache), false)
#4 C:\xampp\htdocs\hotott\public\index.php(45): CodeIgniter\CodeIgniter->run()
#5 {main}
CRITICAL - 2023-03-13 13:47:51 --> Argument 1 passed to CodeIgniter\HTTP\RedirectResponse::to() must be of the type string, null given, called in C:\xampp\htdocs\hotott\app\Controllers\PinController.php on line 341
#0 C:\xampp\htdocs\hotott\app\Controllers\PinController.php(341): CodeIgniter\HTTP\RedirectResponse->to(NULL)
#1 C:\xampp\htdocs\hotott\system\CodeIgniter.php(918): App\Controllers\PinController->redeenPinActive()
#2 C:\xampp\htdocs\hotott\system\CodeIgniter.php(404): CodeIgniter\CodeIgniter->runController(Object(App\Controllers\PinController))
#3 C:\xampp\htdocs\hotott\system\CodeIgniter.php(312): CodeIgniter\CodeIgniter->handleRequest(NULL, Object(Config\Cache), false)
#4 C:\xampp\htdocs\hotott\public\index.php(45): CodeIgniter\CodeIgniter->run()
#5 {main}
CRITICAL - 2023-03-13 13:50:27 --> Call to undefined function App\Controllers\array_remove_by_value()
#0 C:\xampp\htdocs\hotott\system\CodeIgniter.php(918): App\Controllers\PinController->redeenPinActive()
#1 C:\xampp\htdocs\hotott\system\CodeIgniter.php(404): CodeIgniter\CodeIgniter->runController(Object(App\Controllers\PinController))
#2 C:\xampp\htdocs\hotott\system\CodeIgniter.php(312): CodeIgniter\CodeIgniter->handleRequest(NULL, Object(Config\Cache), false)
#3 C:\xampp\htdocs\hotott\public\index.php(45): CodeIgniter\CodeIgniter->run()
#4 {main}
CRITICAL - 2023-03-13 13:50:28 --> Argument 1 passed to CodeIgniter\HTTP\RedirectResponse::to() must be of the type string, null given, called in C:\xampp\htdocs\hotott\app\Controllers\PinController.php on line 342
#0 C:\xampp\htdocs\hotott\app\Controllers\PinController.php(342): CodeIgniter\HTTP\RedirectResponse->to(NULL)
#1 C:\xampp\htdocs\hotott\system\CodeIgniter.php(918): App\Controllers\PinController->redeenPinActive()
#2 C:\xampp\htdocs\hotott\system\CodeIgniter.php(404): CodeIgniter\CodeIgniter->runController(Object(App\Controllers\PinController))
#3 C:\xampp\htdocs\hotott\system\CodeIgniter.php(312): CodeIgniter\CodeIgniter->handleRequest(NULL, Object(Config\Cache), false)
#4 C:\xampp\htdocs\hotott\public\index.php(45): CodeIgniter\CodeIgniter->run()
#5 {main}
CRITICAL - 2023-03-13 13:50:53 --> Call to undefined function App\Controllers\array_remove_by_value()
#0 C:\xampp\htdocs\hotott\system\CodeIgniter.php(918): App\Controllers\PinController->redeenPinActive()
#1 C:\xampp\htdocs\hotott\system\CodeIgniter.php(404): CodeIgniter\CodeIgniter->runController(Object(App\Controllers\PinController))
#2 C:\xampp\htdocs\hotott\system\CodeIgniter.php(312): CodeIgniter\CodeIgniter->handleRequest(NULL, Object(Config\Cache), false)
#3 C:\xampp\htdocs\hotott\public\index.php(45): CodeIgniter\CodeIgniter->run()
#4 {main}
CRITICAL - 2023-03-13 13:50:54 --> Argument 1 passed to CodeIgniter\HTTP\RedirectResponse::to() must be of the type string, null given, called in C:\xampp\htdocs\hotott\app\Controllers\PinController.php on line 342
#0 C:\xampp\htdocs\hotott\app\Controllers\PinController.php(342): CodeIgniter\HTTP\RedirectResponse->to(NULL)
#1 C:\xampp\htdocs\hotott\system\CodeIgniter.php(918): App\Controllers\PinController->redeenPinActive()
#2 C:\xampp\htdocs\hotott\system\CodeIgniter.php(404): CodeIgniter\CodeIgniter->runController(Object(App\Controllers\PinController))
#3 C:\xampp\htdocs\hotott\system\CodeIgniter.php(312): CodeIgniter\CodeIgniter->handleRequest(NULL, Object(Config\Cache), false)
#4 C:\xampp\htdocs\hotott\public\index.php(45): CodeIgniter\CodeIgniter->run()
#5 {main}
CRITICAL - 2023-03-13 13:50:56 --> Call to undefined function App\Controllers\array_remove_by_value()
#0 C:\xampp\htdocs\hotott\system\CodeIgniter.php(918): App\Controllers\PinController->redeenPinActive()
#1 C:\xampp\htdocs\hotott\system\CodeIgniter.php(404): CodeIgniter\CodeIgniter->runController(Object(App\Controllers\PinController))
#2 C:\xampp\htdocs\hotott\system\CodeIgniter.php(312): CodeIgniter\CodeIgniter->handleRequest(NULL, Object(Config\Cache), false)
#3 C:\xampp\htdocs\hotott\public\index.php(45): CodeIgniter\CodeIgniter->run()
#4 {main}
CRITICAL - 2023-03-13 13:50:56 --> Argument 1 passed to CodeIgniter\HTTP\RedirectResponse::to() must be of the type string, null given, called in C:\xampp\htdocs\hotott\app\Controllers\PinController.php on line 342
#0 C:\xampp\htdocs\hotott\app\Controllers\PinController.php(342): CodeIgniter\HTTP\RedirectResponse->to(NULL)
#1 C:\xampp\htdocs\hotott\system\CodeIgniter.php(918): App\Controllers\PinController->redeenPinActive()
#2 C:\xampp\htdocs\hotott\system\CodeIgniter.php(404): CodeIgniter\CodeIgniter->runController(Object(App\Controllers\PinController))
#3 C:\xampp\htdocs\hotott\system\CodeIgniter.php(312): CodeIgniter\CodeIgniter->handleRequest(NULL, Object(Config\Cache), false)
#4 C:\xampp\htdocs\hotott\public\index.php(45): CodeIgniter\CodeIgniter->run()
#5 {main}
CRITICAL - 2023-03-13 13:51:35 --> Argument 1 passed to CodeIgniter\HTTP\RedirectResponse::to() must be of the type string, null given, called in C:\xampp\htdocs\hotott\app\Controllers\PinController.php on line 342
#0 C:\xampp\htdocs\hotott\app\Controllers\PinController.php(342): CodeIgniter\HTTP\RedirectResponse->to(NULL)
#1 C:\xampp\htdocs\hotott\system\CodeIgniter.php(918): App\Controllers\PinController->redeenPinActive()
#2 C:\xampp\htdocs\hotott\system\CodeIgniter.php(404): CodeIgniter\CodeIgniter->runController(Object(App\Controllers\PinController))
#3 C:\xampp\htdocs\hotott\system\CodeIgniter.php(312): CodeIgniter\CodeIgniter->handleRequest(NULL, Object(Config\Cache), false)
#4 C:\xampp\htdocs\hotott\public\index.php(45): CodeIgniter\CodeIgniter->run()
#5 {main}
CRITICAL - 2023-03-13 13:52:01 --> Argument 1 passed to CodeIgniter\HTTP\RedirectResponse::to() must be of the type string, null given, called in C:\xampp\htdocs\hotott\app\Controllers\PinController.php on line 342
#0 C:\xampp\htdocs\hotott\app\Controllers\PinController.php(342): CodeIgniter\HTTP\RedirectResponse->to(NULL)
#1 C:\xampp\htdocs\hotott\system\CodeIgniter.php(918): App\Controllers\PinController->redeenPinActive()
#2 C:\xampp\htdocs\hotott\system\CodeIgniter.php(404): CodeIgniter\CodeIgniter->runController(Object(App\Controllers\PinController))
#3 C:\xampp\htdocs\hotott\system\CodeIgniter.php(312): CodeIgniter\CodeIgniter->handleRequest(NULL, Object(Config\Cache), false)
#4 C:\xampp\htdocs\hotott\public\index.php(45): CodeIgniter\CodeIgniter->run()
#5 {main}
CRITICAL - 2023-03-13 13:52:03 --> Argument 1 passed to CodeIgniter\HTTP\RedirectResponse::to() must be of the type string, null given, called in C:\xampp\htdocs\hotott\app\Controllers\PinController.php on line 342
#0 C:\xampp\htdocs\hotott\app\Controllers\PinController.php(342): CodeIgniter\HTTP\RedirectResponse->to(NULL)
#1 C:\xampp\htdocs\hotott\system\CodeIgniter.php(918): App\Controllers\PinController->redeenPinActive()
#2 C:\xampp\htdocs\hotott\system\CodeIgniter.php(404): CodeIgniter\CodeIgniter->runController(Object(App\Controllers\PinController))
#3 C:\xampp\htdocs\hotott\system\CodeIgniter.php(312): CodeIgniter\CodeIgniter->handleRequest(NULL, Object(Config\Cache), false)
#4 C:\xampp\htdocs\hotott\public\index.php(45): CodeIgniter\CodeIgniter->run()
#5 {main}
CRITICAL - 2023-03-13 13:52:54 --> Argument 1 passed to CodeIgniter\HTTP\RedirectResponse::to() must be of the type string, null given, called in C:\xampp\htdocs\hotott\app\Controllers\PinController.php on line 345
#0 C:\xampp\htdocs\hotott\app\Controllers\PinController.php(345): CodeIgniter\HTTP\RedirectResponse->to(NULL)
#1 C:\xampp\htdocs\hotott\system\CodeIgniter.php(918): App\Controllers\PinController->redeenPinActive()
#2 C:\xampp\htdocs\hotott\system\CodeIgniter.php(404): CodeIgniter\CodeIgniter->runController(Object(App\Controllers\PinController))
#3 C:\xampp\htdocs\hotott\system\CodeIgniter.php(312): CodeIgniter\CodeIgniter->handleRequest(NULL, Object(Config\Cache), false)
#4 C:\xampp\htdocs\hotott\public\index.php(45): CodeIgniter\CodeIgniter->run()
#5 {main}
CRITICAL - 2023-03-13 13:53:34 --> Argument 1 passed to CodeIgniter\HTTP\RedirectResponse::to() must be of the type string, null given, called in C:\xampp\htdocs\hotott\app\Controllers\PinController.php on line 345
#0 C:\xampp\htdocs\hotott\app\Controllers\PinController.php(345): CodeIgniter\HTTP\RedirectResponse->to(NULL)
#1 C:\xampp\htdocs\hotott\system\CodeIgniter.php(918): App\Controllers\PinController->redeenPinActive()
#2 C:\xampp\htdocs\hotott\system\CodeIgniter.php(404): CodeIgniter\CodeIgniter->runController(Object(App\Controllers\PinController))
#3 C:\xampp\htdocs\hotott\system\CodeIgniter.php(312): CodeIgniter\CodeIgniter->handleRequest(NULL, Object(Config\Cache), false)
#4 C:\xampp\htdocs\hotott\public\index.php(45): CodeIgniter\CodeIgniter->run()
#5 {main}
CRITICAL - 2023-03-13 13:54:08 --> Argument 1 passed to CodeIgniter\HTTP\RedirectResponse::to() must be of the type string, null given, called in C:\xampp\htdocs\hotott\app\Controllers\PinController.php on line 345
#0 C:\xampp\htdocs\hotott\app\Controllers\PinController.php(345): CodeIgniter\HTTP\RedirectResponse->to(NULL)
#1 C:\xampp\htdocs\hotott\system\CodeIgniter.php(918): App\Controllers\PinController->redeenPinActive()
#2 C:\xampp\htdocs\hotott\system\CodeIgniter.php(404): CodeIgniter\CodeIgniter->runController(Object(App\Controllers\PinController))
#3 C:\xampp\htdocs\hotott\system\CodeIgniter.php(312): CodeIgniter\CodeIgniter->handleRequest(NULL, Object(Config\Cache), false)
#4 C:\xampp\htdocs\hotott\public\index.php(45): CodeIgniter\CodeIgniter->run()
#5 {main}
CRITICAL - 2023-03-13 13:55:35 --> Argument 1 passed to CodeIgniter\HTTP\RedirectResponse::to() must be of the type string, null given, called in C:\xampp\htdocs\hotott\app\Controllers\PinController.php on line 341
#0 C:\xampp\htdocs\hotott\app\Controllers\PinController.php(341): CodeIgniter\HTTP\RedirectResponse->to(NULL)
#1 C:\xampp\htdocs\hotott\system\CodeIgniter.php(918): App\Controllers\PinController->redeenPinActive()
#2 C:\xampp\htdocs\hotott\system\CodeIgniter.php(404): CodeIgniter\CodeIgniter->runController(Object(App\Controllers\PinController))
#3 C:\xampp\htdocs\hotott\system\CodeIgniter.php(312): CodeIgniter\CodeIgniter->handleRequest(NULL, Object(Config\Cache), false)
#4 C:\xampp\htdocs\hotott\public\index.php(45): CodeIgniter\CodeIgniter->run()
#5 {main}
CRITICAL - 2023-03-13 14:00:25 --> Argument 1 passed to CodeIgniter\HTTP\RedirectResponse::to() must be of the type string, null given, called in C:\xampp\htdocs\hotott\app\Controllers\PinController.php on line 342
#0 C:\xampp\htdocs\hotott\app\Controllers\PinController.php(342): CodeIgniter\HTTP\RedirectResponse->to(NULL)
#1 C:\xampp\htdocs\hotott\system\CodeIgniter.php(918): App\Controllers\PinController->redeenPinActive()
#2 C:\xampp\htdocs\hotott\system\CodeIgniter.php(404): CodeIgniter\CodeIgniter->runController(Object(App\Controllers\PinController))
#3 C:\xampp\htdocs\hotott\system\CodeIgniter.php(312): CodeIgniter\CodeIgniter->handleRequest(NULL, Object(Config\Cache), false)
#4 C:\xampp\htdocs\hotott\public\index.php(45): CodeIgniter\CodeIgniter->run()
#5 {main}
CRITICAL - 2023-03-13 14:01:14 --> Argument 1 passed to CodeIgniter\HTTP\RedirectResponse::to() must be of the type string, null given, called in C:\xampp\htdocs\hotott\app\Controllers\PinController.php on line 342
#0 C:\xampp\htdocs\hotott\app\Controllers\PinController.php(342): CodeIgniter\HTTP\RedirectResponse->to(NULL)
#1 C:\xampp\htdocs\hotott\system\CodeIgniter.php(918): App\Controllers\PinController->redeenPinActive()
#2 C:\xampp\htdocs\hotott\system\CodeIgniter.php(404): CodeIgniter\CodeIgniter->runController(Object(App\Controllers\PinController))
#3 C:\xampp\htdocs\hotott\system\CodeIgniter.php(312): CodeIgniter\CodeIgniter->handleRequest(NULL, Object(Config\Cache), false)
#4 C:\xampp\htdocs\hotott\public\index.php(45): CodeIgniter\CodeIgniter->run()
#5 {main}
CRITICAL - 2023-03-13 15:10:03 --> Argument 1 passed to CodeIgniter\HTTP\RedirectResponse::to() must be of the type string, null given, called in C:\xampp\htdocs\hotott\app\Controllers\PinController.php on line 346
#0 C:\xampp\htdocs\hotott\app\Controllers\PinController.php(346): CodeIgniter\HTTP\RedirectResponse->to(NULL)
#1 C:\xampp\htdocs\hotott\system\CodeIgniter.php(918): App\Controllers\PinController->redeenPinActive()
#2 C:\xampp\htdocs\hotott\system\CodeIgniter.php(404): CodeIgniter\CodeIgniter->runController(Object(App\Controllers\PinController))
#3 C:\xampp\htdocs\hotott\system\CodeIgniter.php(312): CodeIgniter\CodeIgniter->handleRequest(NULL, Object(Config\Cache), false)
#4 C:\xampp\htdocs\hotott\public\index.php(45): CodeIgniter\CodeIgniter->run()
#5 {main}
CRITICAL - 2023-03-13 15:10:38 --> Argument 1 passed to CodeIgniter\HTTP\RedirectResponse::to() must be of the type string, null given, called in C:\xampp\htdocs\hotott\app\Controllers\PinController.php on line 346
#0 C:\xampp\htdocs\hotott\app\Controllers\PinController.php(346): CodeIgniter\HTTP\RedirectResponse->to(NULL)
#1 C:\xampp\htdocs\hotott\system\CodeIgniter.php(918): App\Controllers\PinController->redeenPinActive()
#2 C:\xampp\htdocs\hotott\system\CodeIgniter.php(404): CodeIgniter\CodeIgniter->runController(Object(App\Controllers\PinController))
#3 C:\xampp\htdocs\hotott\system\CodeIgniter.php(312): CodeIgniter\CodeIgniter->handleRequest(NULL, Object(Config\Cache), false)
#4 C:\xampp\htdocs\hotott\public\index.php(45): CodeIgniter\CodeIgniter->run()
#5 {main}
CRITICAL - 2023-03-13 15:30:33 --> Argument 1 passed to CodeIgniter\HTTP\RedirectResponse::to() must be of the type string, null given, called in C:\xampp\htdocs\hotott\app\Controllers\PinController.php on line 346
#0 C:\xampp\htdocs\hotott\app\Controllers\PinController.php(346): CodeIgniter\HTTP\RedirectResponse->to(NULL)
#1 C:\xampp\htdocs\hotott\system\CodeIgniter.php(918): App\Controllers\PinController->redeenPinActive()
#2 C:\xampp\htdocs\hotott\system\CodeIgniter.php(404): CodeIgniter\CodeIgniter->runController(Object(App\Controllers\PinController))
#3 C:\xampp\htdocs\hotott\system\CodeIgniter.php(312): CodeIgniter\CodeIgniter->handleRequest(NULL, Object(Config\Cache), false)
#4 C:\xampp\htdocs\hotott\public\index.php(45): CodeIgniter\CodeIgniter->run()
#5 {main}
CRITICAL - 2023-03-13 15:52:58 --> mysqli_fetch_assoc() expects parameter 1 to be mysqli_result, object given
#0 [internal function]: CodeIgniter\Debug\Exceptions->errorHandler(2, 'mysqli_fetch_as...', 'C:\\xampp\\htdocs...', 282, Array)
#1 C:\xampp\htdocs\hotott\app\Controllers\PinController.php(282): mysqli_fetch_assoc(Object(CodeIgniter\Database\MySQLi\Result))
#2 C:\xampp\htdocs\hotott\system\CodeIgniter.php(918): App\Controllers\PinController->redeenPinActive()
#3 C:\xampp\htdocs\hotott\system\CodeIgniter.php(404): CodeIgniter\CodeIgniter->runController(Object(App\Controllers\PinController))
#4 C:\xampp\htdocs\hotott\system\CodeIgniter.php(312): CodeIgniter\CodeIgniter->handleRequest(NULL, Object(Config\Cache), false)
#5 C:\xampp\htdocs\hotott\public\index.php(45): CodeIgniter\CodeIgniter->run()
#6 {main}
CRITICAL - 2023-03-13 15:52:59 --> Argument 1 passed to CodeIgniter\HTTP\RedirectResponse::to() must be of the type string, null given, called in C:\xampp\htdocs\hotott\app\Controllers\PinController.php on line 368
#0 C:\xampp\htdocs\hotott\app\Controllers\PinController.php(368): CodeIgniter\HTTP\RedirectResponse->to(NULL)
#1 C:\xampp\htdocs\hotott\system\CodeIgniter.php(918): App\Controllers\PinController->redeenPinActive()
#2 C:\xampp\htdocs\hotott\system\CodeIgniter.php(404): CodeIgniter\CodeIgniter->runController(Object(App\Controllers\PinController))
#3 C:\xampp\htdocs\hotott\system\CodeIgniter.php(312): CodeIgniter\CodeIgniter->handleRequest(NULL, Object(Config\Cache), false)
#4 C:\xampp\htdocs\hotott\public\index.php(45): CodeIgniter\CodeIgniter->run()
#5 {main}
CRITICAL - 2023-03-13 15:53:35 --> mysqli_fetch_assoc() expects parameter 1 to be mysqli_result, array given
#0 [internal function]: CodeIgniter\Debug\Exceptions->errorHandler(2, 'mysqli_fetch_as...', 'C:\\xampp\\htdocs...', 282, Array)
#1 C:\xampp\htdocs\hotott\app\Controllers\PinController.php(282): mysqli_fetch_assoc(Array)
#2 C:\xampp\htdocs\hotott\system\CodeIgniter.php(918): App\Controllers\PinController->redeenPinActive()
#3 C:\xampp\htdocs\hotott\system\CodeIgniter.php(404): CodeIgniter\CodeIgniter->runController(Object(App\Controllers\PinController))
#4 C:\xampp\htdocs\hotott\system\CodeIgniter.php(312): CodeIgniter\CodeIgniter->handleRequest(NULL, Object(Config\Cache), false)
#5 C:\xampp\htdocs\hotott\public\index.php(45): CodeIgniter\CodeIgniter->run()
#6 {main}
CRITICAL - 2023-03-13 15:53:37 --> Argument 1 passed to CodeIgniter\HTTP\RedirectResponse::to() must be of the type string, null given, called in C:\xampp\htdocs\hotott\app\Controllers\PinController.php on line 368
#0 C:\xampp\htdocs\hotott\app\Controllers\PinController.php(368): CodeIgniter\HTTP\RedirectResponse->to(NULL)
#1 C:\xampp\htdocs\hotott\system\CodeIgniter.php(918): App\Controllers\PinController->redeenPinActive()
#2 C:\xampp\htdocs\hotott\system\CodeIgniter.php(404): CodeIgniter\CodeIgniter->runController(Object(App\Controllers\PinController))
#3 C:\xampp\htdocs\hotott\system\CodeIgniter.php(312): CodeIgniter\CodeIgniter->handleRequest(NULL, Object(Config\Cache), false)
#4 C:\xampp\htdocs\hotott\public\index.php(45): CodeIgniter\CodeIgniter->run()
#5 {main}
CRITICAL - 2023-03-13 15:56:15 --> Maximum execution time of 120 seconds exceeded
#0 [internal function]: CodeIgniter\Debug\Exceptions->shutdownHandler()
#1 {main}
CRITICAL - 2023-03-13 15:58:36 --> Maximum execution time of 120 seconds exceeded
#0 [internal function]: CodeIgniter\Debug\Exceptions->shutdownHandler()
#1 {main}
CRITICAL - 2023-03-13 15:59:15 --> Maximum execution time of 120 seconds exceeded
#0 [internal function]: CodeIgniter\Debug\Exceptions->shutdownHandler()
#1 {main}
CRITICAL - 2023-03-13 16:00:51 --> Maximum execution time of 120 seconds exceeded
#0 [internal function]: CodeIgniter\Debug\Exceptions->shutdownHandler()
#1 {main}
CRITICAL - 2023-03-13 16:00:53 --> Argument 1 passed to CodeIgniter\HTTP\RedirectResponse::to() must be of the type string, null given, called in C:\xampp\htdocs\hotott\app\Controllers\PinController.php on line 368
#0 C:\xampp\htdocs\hotott\app\Controllers\PinController.php(368): CodeIgniter\HTTP\RedirectResponse->to(NULL)
#1 C:\xampp\htdocs\hotott\system\CodeIgniter.php(918): App\Controllers\PinController->redeenPinActive()
#2 C:\xampp\htdocs\hotott\system\CodeIgniter.php(404): CodeIgniter\CodeIgniter->runController(Object(App\Controllers\PinController))
#3 C:\xampp\htdocs\hotott\system\CodeIgniter.php(312): CodeIgniter\CodeIgniter->handleRequest(NULL, Object(Config\Cache), false)
#4 C:\xampp\htdocs\hotott\public\index.php(45): CodeIgniter\CodeIgniter->run()
#5 {main}
CRITICAL - 2023-03-13 16:31:38 --> Maximum execution time of 120 seconds exceeded
#0 [internal function]: CodeIgniter\Debug\Exceptions->shutdownHandler()
#1 {main}
CRITICAL - 2023-03-13 16:31:40 --> Argument 1 passed to CodeIgniter\HTTP\RedirectResponse::to() must be of the type string, null given, called in C:\xampp\htdocs\hotott\app\Controllers\PinController.php on line 368
#0 C:\xampp\htdocs\hotott\app\Controllers\PinController.php(368): CodeIgniter\HTTP\RedirectResponse->to(NULL)
#1 C:\xampp\htdocs\hotott\system\CodeIgniter.php(918): App\Controllers\PinController->redeenPinActive()
#2 C:\xampp\htdocs\hotott\system\CodeIgniter.php(404): CodeIgniter\CodeIgniter->runController(Object(App\Controllers\PinController))
#3 C:\xampp\htdocs\hotott\system\CodeIgniter.php(312): CodeIgniter\CodeIgniter->handleRequest(NULL, Object(Config\Cache), false)
#4 C:\xampp\htdocs\hotott\public\index.php(45): CodeIgniter\CodeIgniter->run()
#5 {main}
CRITICAL - 2023-03-13 16:36:29 --> Maximum execution time of 120 seconds exceeded
#0 [internal function]: CodeIgniter\Debug\Exceptions->shutdownHandler()
#1 {main}
CRITICAL - 2023-03-13 16:36:30 --> Argument 1 passed to CodeIgniter\HTTP\RedirectResponse::to() must be of the type string, null given, called in C:\xampp\htdocs\hotott\app\Controllers\PinController.php on line 368
#0 C:\xampp\htdocs\hotott\app\Controllers\PinController.php(368): CodeIgniter\HTTP\RedirectResponse->to(NULL)
#1 C:\xampp\htdocs\hotott\system\CodeIgniter.php(918): App\Controllers\PinController->redeenPinActive()
#2 C:\xampp\htdocs\hotott\system\CodeIgniter.php(404): CodeIgniter\CodeIgniter->runController(Object(App\Controllers\PinController))
#3 C:\xampp\htdocs\hotott\system\CodeIgniter.php(312): CodeIgniter\CodeIgniter->handleRequest(NULL, Object(Config\Cache), false)
#4 C:\xampp\htdocs\hotott\public\index.php(45): CodeIgniter\CodeIgniter->run()
#5 {main}
CRITICAL - 2023-03-13 16:38:58 --> Argument 1 passed to CodeIgniter\HTTP\RedirectResponse::to() must be of the type string, null given, called in C:\xampp\htdocs\hotott\app\Controllers\PinController.php on line 344
#0 C:\xampp\htdocs\hotott\app\Controllers\PinController.php(344): CodeIgniter\HTTP\RedirectResponse->to(NULL)
#1 C:\xampp\htdocs\hotott\system\CodeIgniter.php(918): App\Controllers\PinController->redeenPinActive()
#2 C:\xampp\htdocs\hotott\system\CodeIgniter.php(404): CodeIgniter\CodeIgniter->runController(Object(App\Controllers\PinController))
#3 C:\xampp\htdocs\hotott\system\CodeIgniter.php(312): CodeIgniter\CodeIgniter->handleRequest(NULL, Object(Config\Cache), false)
#4 C:\xampp\htdocs\hotott\public\index.php(45): CodeIgniter\CodeIgniter->run()
#5 {main}
CRITICAL - 2023-03-13 16:39:17 --> Argument 1 passed to CodeIgniter\HTTP\RedirectResponse::to() must be of the type string, null given, called in C:\xampp\htdocs\hotott\app\Controllers\PinController.php on line 344
#0 C:\xampp\htdocs\hotott\app\Controllers\PinController.php(344): CodeIgniter\HTTP\RedirectResponse->to(NULL)
#1 C:\xampp\htdocs\hotott\system\CodeIgniter.php(918): App\Controllers\PinController->redeenPinActive()
#2 C:\xampp\htdocs\hotott\system\CodeIgniter.php(404): CodeIgniter\CodeIgniter->runController(Object(App\Controllers\PinController))
#3 C:\xampp\htdocs\hotott\system\CodeIgniter.php(312): CodeIgniter\CodeIgniter->handleRequest(NULL, Object(Config\Cache), false)
#4 C:\xampp\htdocs\hotott\public\index.php(45): CodeIgniter\CodeIgniter->run()
#5 {main}
CRITICAL - 2023-03-13 16:39:19 --> Maximum execution time of 120 seconds exceeded
#0 [internal function]: CodeIgniter\Debug\Exceptions->shutdownHandler()
#1 {main}
CRITICAL - 2023-03-13 16:42:33 --> Maximum execution time of 120 seconds exceeded
#0 [internal function]: CodeIgniter\Debug\Exceptions->shutdownHandler()
#1 {main}
CRITICAL - 2023-03-13 16:43:22 --> Maximum execution time of 120 seconds exceeded
#0 [internal function]: CodeIgniter\Debug\Exceptions->shutdownHandler()
#1 {main}
CRITICAL - 2023-03-13 16:44:10 --> Argument 1 passed to CodeIgniter\HTTP\RedirectResponse::to() must be of the type string, null given, called in C:\xampp\htdocs\hotott\app\Controllers\PinController.php on line 344
#0 C:\xampp\htdocs\hotott\app\Controllers\PinController.php(344): CodeIgniter\HTTP\RedirectResponse->to(NULL)
#1 C:\xampp\htdocs\hotott\system\CodeIgniter.php(918): App\Controllers\PinController->redeenPinActive()
#2 C:\xampp\htdocs\hotott\system\CodeIgniter.php(404): CodeIgniter\CodeIgniter->runController(Object(App\Controllers\PinController))
#3 C:\xampp\htdocs\hotott\system\CodeIgniter.php(312): CodeIgniter\CodeIgniter->handleRequest(NULL, Object(Config\Cache), false)
#4 C:\xampp\htdocs\hotott\public\index.php(45): CodeIgniter\CodeIgniter->run()
#5 {main}
CRITICAL - 2023-03-13 16:44:42 --> Argument 1 passed to CodeIgniter\HTTP\RedirectResponse::to() must be of the type string, null given, called in C:\xampp\htdocs\hotott\app\Controllers\PinController.php on line 344
#0 C:\xampp\htdocs\hotott\app\Controllers\PinController.php(344): CodeIgniter\HTTP\RedirectResponse->to(NULL)
#1 C:\xampp\htdocs\hotott\system\CodeIgniter.php(918): App\Controllers\PinController->redeenPinActive()
#2 C:\xampp\htdocs\hotott\system\CodeIgniter.php(404): CodeIgniter\CodeIgniter->runController(Object(App\Controllers\PinController))
#3 C:\xampp\htdocs\hotott\system\CodeIgniter.php(312): CodeIgniter\CodeIgniter->handleRequest(NULL, Object(Config\Cache), false)
#4 C:\xampp\htdocs\hotott\public\index.php(45): CodeIgniter\CodeIgniter->run()
#5 {main}
CRITICAL - 2023-03-13 17:04:45 --> Argument 1 passed to CodeIgniter\HTTP\RedirectResponse::to() must be of the type string, null given, called in C:\xampp\htdocs\hotott\app\Controllers\PinController.php on line 344
#0 C:\xampp\htdocs\hotott\app\Controllers\PinController.php(344): CodeIgniter\HTTP\RedirectResponse->to(NULL)
#1 C:\xampp\htdocs\hotott\system\CodeIgniter.php(918): App\Controllers\PinController->redeenPinActive()
#2 C:\xampp\htdocs\hotott\system\CodeIgniter.php(404): CodeIgniter\CodeIgniter->runController(Object(App\Controllers\PinController))
#3 C:\xampp\htdocs\hotott\system\CodeIgniter.php(312): CodeIgniter\CodeIgniter->handleRequest(NULL, Object(Config\Cache), false)
#4 C:\xampp\htdocs\hotott\public\index.php(45): CodeIgniter\CodeIgniter->run()
#5 {main}
CRITICAL - 2023-03-13 17:07:24 --> Cannot use object of type stdClass as array
#0 C:\xampp\htdocs\hotott\system\CodeIgniter.php(918): App\Controllers\PinController->redeenPinActive()
#1 C:\xampp\htdocs\hotott\system\CodeIgniter.php(404): CodeIgniter\CodeIgniter->runController(Object(App\Controllers\PinController))
#2 C:\xampp\htdocs\hotott\system\CodeIgniter.php(312): CodeIgniter\CodeIgniter->handleRequest(NULL, Object(Config\Cache), false)
#3 C:\xampp\htdocs\hotott\public\index.php(45): CodeIgniter\CodeIgniter->run()
#4 {main}
CRITICAL - 2023-03-13 17:07:25 --> Argument 1 passed to CodeIgniter\HTTP\RedirectResponse::to() must be of the type string, null given, called in C:\xampp\htdocs\hotott\app\Controllers\PinController.php on line 346
#0 C:\xampp\htdocs\hotott\app\Controllers\PinController.php(346): CodeIgniter\HTTP\RedirectResponse->to(NULL)
#1 C:\xampp\htdocs\hotott\system\CodeIgniter.php(918): App\Controllers\PinController->redeenPinActive()
#2 C:\xampp\htdocs\hotott\system\CodeIgniter.php(404): CodeIgniter\CodeIgniter->runController(Object(App\Controllers\PinController))
#3 C:\xampp\htdocs\hotott\system\CodeIgniter.php(312): CodeIgniter\CodeIgniter->handleRequest(NULL, Object(Config\Cache), false)
#4 C:\xampp\htdocs\hotott\public\index.php(45): CodeIgniter\CodeIgniter->run()
#5 {main}
CRITICAL - 2023-03-13 17:07:39 --> Argument 1 passed to CodeIgniter\HTTP\RedirectResponse::to() must be of the type string, null given, called in C:\xampp\htdocs\hotott\app\Controllers\PinController.php on line 346
#0 C:\xampp\htdocs\hotott\app\Controllers\PinController.php(346): CodeIgniter\HTTP\RedirectResponse->to(NULL)
#1 C:\xampp\htdocs\hotott\system\CodeIgniter.php(918): App\Controllers\PinController->redeenPinActive()
#2 C:\xampp\htdocs\hotott\system\CodeIgniter.php(404): CodeIgniter\CodeIgniter->runController(Object(App\Controllers\PinController))
#3 C:\xampp\htdocs\hotott\system\CodeIgniter.php(312): CodeIgniter\CodeIgniter->handleRequest(NULL, Object(Config\Cache), false)
#4 C:\xampp\htdocs\hotott\public\index.php(45): CodeIgniter\CodeIgniter->run()
#5 {main}
CRITICAL - 2023-03-13 17:08:09 --> Argument 1 passed to CodeIgniter\HTTP\RedirectResponse::to() must be of the type string, null given, called in C:\xampp\htdocs\hotott\app\Controllers\PinController.php on line 346
#0 C:\xampp\htdocs\hotott\app\Controllers\PinController.php(346): CodeIgniter\HTTP\RedirectResponse->to(NULL)
#1 C:\xampp\htdocs\hotott\system\CodeIgniter.php(918): App\Controllers\PinController->redeenPinActive()
#2 C:\xampp\htdocs\hotott\system\CodeIgniter.php(404): CodeIgniter\CodeIgniter->runController(Object(App\Controllers\PinController))
#3 C:\xampp\htdocs\hotott\system\CodeIgniter.php(312): CodeIgniter\CodeIgniter->handleRequest(NULL, Object(Config\Cache), false)
#4 C:\xampp\htdocs\hotott\public\index.php(45): CodeIgniter\CodeIgniter->run()
#5 {main}
CRITICAL - 2023-03-13 17:30:31 --> Access denied for user 'genie'@'localhost' (using password: YES)
#0 C:\xampp\htdocs\hotott\app\Views\admin\transaction\transactionlist.php(167): mysqli_connect('localhost', 'genie', 'Genie@20', 'ott_mlm')
#1 C:\xampp\htdocs\hotott\system\View\View.php(246): include('C:\\xampp\\htdocs...')
#2 C:\xampp\htdocs\hotott\system\Common.php(1119): CodeIgniter\View\View->render('admin/transacti...', Array, true)
#3 C:\xampp\htdocs\hotott\app\Libraries\Template.php(15): view('admin/transacti...', Array)
#4 C:\xampp\htdocs\hotott\app\Controllers\TransactionController.php(77): App\Libraries\Template->render('admintemplate', 'contents', 'admin/transacti...', Array)
#5 C:\xampp\htdocs\hotott\system\CodeIgniter.php(918): App\Controllers\TransactionController->index()
#6 C:\xampp\htdocs\hotott\system\CodeIgniter.php(404): CodeIgniter\CodeIgniter->runController(Object(App\Controllers\TransactionController))
#7 C:\xampp\htdocs\hotott\system\CodeIgniter.php(312): CodeIgniter\CodeIgniter->handleRequest(NULL, Object(Config\Cache), false)
#8 C:\xampp\htdocs\hotott\public\index.php(45): CodeIgniter\CodeIgniter->run()
#9 {main}
CRITICAL - 2023-03-13 17:30:32 --> Access denied for user 'genie'@'localhost' (using password: YES)
#0 C:\xampp\htdocs\hotott\app\Views\admin\transaction\transactionlist.php(167): mysqli_connect('localhost', 'genie', 'Genie@20', 'ott_mlm')
#1 C:\xampp\htdocs\hotott\system\View\View.php(246): include('C:\\xampp\\htdocs...')
#2 C:\xampp\htdocs\hotott\system\Common.php(1119): CodeIgniter\View\View->render('admin/transacti...', Array, true)
#3 C:\xampp\htdocs\hotott\app\Libraries\Template.php(15): view('admin/transacti...', Array)
#4 C:\xampp\htdocs\hotott\app\Controllers\TransactionController.php(77): App\Libraries\Template->render('admintemplate', 'contents', 'admin/transacti...', Array)
#5 C:\xampp\htdocs\hotott\system\CodeIgniter.php(918): App\Controllers\TransactionController->index()
#6 C:\xampp\htdocs\hotott\system\CodeIgniter.php(404): CodeIgniter\CodeIgniter->runController(Object(App\Controllers\TransactionController))
#7 C:\xampp\htdocs\hotott\system\CodeIgniter.php(312): CodeIgniter\CodeIgniter->handleRequest(NULL, Object(Config\Cache), false)
#8 C:\xampp\htdocs\hotott\public\index.php(45): CodeIgniter\CodeIgniter->run()
#9 {main}
