CRITICAL - 2023-02-15 11:37:57 --> Invalid file: admin/package/packageedit.php
#0 C:\xampp\htdocs\hotott1\system\View\View.php(228): CodeIgniter\Exceptions\FrameworkException::forInvalidFile('admin/package/p...')
#1 C:\xampp\htdocs\hotott1\system\Common.php(1119): CodeIgniter\View\View->render('admin/package/p...', Array, true)
#2 C:\xampp\htdocs\hotott1\app\Libraries\Template.php(15): view('admin/package/p...', Array)
#3 C:\xampp\htdocs\hotott1\app\Controllers\Admin.php(207): App\Libraries\Template->render('admintemplate', 'contents', 'admin/package/p...', Array)
#4 C:\xampp\htdocs\hotott1\system\CodeIgniter.php(918): App\Controllers\Admin->edditpackage()
#5 C:\xampp\htdocs\hotott1\system\CodeIgniter.php(404): CodeIgniter\CodeIgniter->runController(Object(App\Controllers\Admin))
#6 C:\xampp\htdocs\hotott1\system\CodeIgniter.php(312): CodeIgniter\CodeIgniter->handleRequest(NULL, Object(Config\Cache), false)
#7 C:\xampp\htdocs\hotott1\public\index.php(45): CodeIgniter\CodeIgniter->run()
#8 {main}
CRITICAL - 2023-02-15 12:01:55 --> date() expects at least 1 parameter, 0 given
#0 [internal function]: CodeIgniter\Debug\Exceptions->errorHandler(2, 'date() expects ...', 'C:\\xampp\\htdocs...', 212, Array)
#1 C:\xampp\htdocs\hotott1\app\Controllers\Admin.php(212): date()
#2 C:\xampp\htdocs\hotott1\system\CodeIgniter.php(918): App\Controllers\Admin->savePackage()
#3 C:\xampp\htdocs\hotott1\system\CodeIgniter.php(404): CodeIgniter\CodeIgniter->runController(Object(App\Controllers\Admin))
#4 C:\xampp\htdocs\hotott1\system\CodeIgniter.php(312): CodeIgniter\CodeIgniter->handleRequest(NULL, Object(Config\Cache), false)
#5 C:\xampp\htdocs\hotott1\public\index.php(45): CodeIgniter\CodeIgniter->run()
#6 {main}
CRITICAL - 2023-02-15 12:02:21 --> date() expects at least 1 parameter, 0 given
#0 [internal function]: CodeIgniter\Debug\Exceptions->errorHandler(2, 'date() expects ...', 'C:\\xampp\\htdocs...', 212, Array)
#1 C:\xampp\htdocs\hotott1\app\Controllers\Admin.php(212): date()
#2 C:\xampp\htdocs\hotott1\system\CodeIgniter.php(918): App\Controllers\Admin->savePackage()
#3 C:\xampp\htdocs\hotott1\system\CodeIgniter.php(404): CodeIgniter\CodeIgniter->runController(Object(App\Controllers\Admin))
#4 C:\xampp\htdocs\hotott1\system\CodeIgniter.php(312): CodeIgniter\CodeIgniter->handleRequest(NULL, Object(Config\Cache), false)
#5 C:\xampp\htdocs\hotott1\public\index.php(45): CodeIgniter\CodeIgniter->run()
#6 {main}
CRITICAL - 2023-02-15 12:17:40 --> Argument 2 passed to view() must be of the type array, null given, called in C:\xampp\htdocs\hotott1\app\Libraries\Template.php on line 15
#0 C:\xampp\htdocs\hotott1\app\Libraries\Template.php(15): view('admin/Pin/genra...', NULL)
#1 C:\xampp\htdocs\hotott1\app\Controllers\PinController.php(74): App\Libraries\Template->render('admintemplate', 'contents', 'admin/Pin/genra...', NULL)
#2 C:\xampp\htdocs\hotott1\system\CodeIgniter.php(918): App\Controllers\PinController->genratePin()
#3 C:\xampp\htdocs\hotott1\system\CodeIgniter.php(404): CodeIgniter\CodeIgniter->runController(Object(App\Controllers\PinController))
#4 C:\xampp\htdocs\hotott1\system\CodeIgniter.php(312): CodeIgniter\CodeIgniter->handleRequest(NULL, Object(Config\Cache), false)
#5 C:\xampp\htdocs\hotott1\public\index.php(45): CodeIgniter\CodeIgniter->run()
#6 {main}
CRITICAL - 2023-02-15 15:33:33 --> Class 'App\Controllers\StateModel' not found
#0 C:\xampp\htdocs\hotott1\system\CodeIgniter.php(918): App\Controllers\PinController->index()
#1 C:\xampp\htdocs\hotott1\system\CodeIgniter.php(404): CodeIgniter\CodeIgniter->runController(Object(App\Controllers\PinController))
#2 C:\xampp\htdocs\hotott1\system\CodeIgniter.php(312): CodeIgniter\CodeIgniter->handleRequest(NULL, Object(Config\Cache), false)
#3 C:\xampp\htdocs\hotott1\public\index.php(45): CodeIgniter\CodeIgniter->run()
#4 {main}
CRITICAL - 2023-02-15 16:08:49 --> Cannot use object of type stdClass as array
#0 C:\xampp\htdocs\hotott1\system\View\View.php(246): include()
#1 C:\xampp\htdocs\hotott1\system\Common.php(1119): CodeIgniter\View\View->render('admin/Pin/pinli...', Array, true)
#2 C:\xampp\htdocs\hotott1\app\Libraries\Template.php(15): view('admin/Pin/pinli...', Array)
#3 C:\xampp\htdocs\hotott1\app\Controllers\PinController.php(63): App\Libraries\Template->render('admintemplate', 'contents', 'admin/Pin/pinli...', Array)
#4 C:\xampp\htdocs\hotott1\system\CodeIgniter.php(918): App\Controllers\PinController->index()
#5 C:\xampp\htdocs\hotott1\system\CodeIgniter.php(404): CodeIgniter\CodeIgniter->runController(Object(App\Controllers\PinController))
#6 C:\xampp\htdocs\hotott1\system\CodeIgniter.php(312): CodeIgniter\CodeIgniter->handleRequest(NULL, Object(Config\Cache), false)
#7 C:\xampp\htdocs\hotott1\public\index.php(45): CodeIgniter\CodeIgniter->run()
#8 {main}
CRITICAL - 2023-02-15 16:44:47 --> syntax error, unexpected 'public' (T_PUBLIC)
#0 C:\xampp\htdocs\hotott1\system\Autoloader\Autoloader.php(296): CodeIgniter\Autoloader\Autoloader->requireFile('C:\\xampp\\htdocs...')
#1 C:\xampp\htdocs\hotott1\system\Autoloader\Autoloader.php(258): CodeIgniter\Autoloader\Autoloader->loadInNamespace('App\\Controllers...')
#2 [internal function]: CodeIgniter\Autoloader\Autoloader->loadClass('App\\Controllers...')
#3 [internal function]: spl_autoload_call('App\\Controllers...')
#4 C:\xampp\htdocs\hotott1\system\CodeIgniter.php(869): class_exists('\\App\\Controller...', true)
#5 C:\xampp\htdocs\hotott1\system\CodeIgniter.php(394): CodeIgniter\CodeIgniter->startController()
#6 C:\xampp\htdocs\hotott1\system\CodeIgniter.php(312): CodeIgniter\CodeIgniter->handleRequest(NULL, Object(Config\Cache), false)
#7 C:\xampp\htdocs\hotott1\public\index.php(45): CodeIgniter\CodeIgniter->run()
#8 {main}
CRITICAL - 2023-02-15 18:41:39 --> syntax error, unexpected 'd' (T_STRING), expecting ')'
#0 C:\xampp\htdocs\hotott1\system\Autoloader\Autoloader.php(296): CodeIgniter\Autoloader\Autoloader->requireFile('C:\\xampp\\htdocs...')
#1 C:\xampp\htdocs\hotott1\system\Autoloader\Autoloader.php(258): CodeIgniter\Autoloader\Autoloader->loadInNamespace('App\\Controllers...')
#2 [internal function]: CodeIgniter\Autoloader\Autoloader->loadClass('App\\Controllers...')
#3 [internal function]: spl_autoload_call('App\\Controllers...')
#4 C:\xampp\htdocs\hotott1\system\CodeIgniter.php(869): class_exists('\\App\\Controller...', true)
#5 C:\xampp\htdocs\hotott1\system\CodeIgniter.php(394): CodeIgniter\CodeIgniter->startController()
#6 C:\xampp\htdocs\hotott1\system\CodeIgniter.php(312): CodeIgniter\CodeIgniter->handleRequest(NULL, Object(Config\Cache), false)
#7 C:\xampp\htdocs\hotott1\public\index.php(45): CodeIgniter\CodeIgniter->run()
#8 {main}
CRITICAL - 2023-02-15 18:53:38 --> Cannot use object of type stdClass as array
#0 C:\xampp\htdocs\hotott1\system\View\View.php(246): include()
#1 C:\xampp\htdocs\hotott1\system\Common.php(1119): CodeIgniter\View\View->render('admin/Pin/activ...', Array, true)
#2 C:\xampp\htdocs\hotott1\app\Libraries\Template.php(15): view('admin/Pin/activ...', Array)
#3 C:\xampp\htdocs\hotott1\app\Controllers\PinController.php(146): App\Libraries\Template->render('admintemplate', 'contents', 'admin/Pin/activ...', Array)
#4 C:\xampp\htdocs\hotott1\system\CodeIgniter.php(918): App\Controllers\PinController->activePin()
#5 C:\xampp\htdocs\hotott1\system\CodeIgniter.php(404): CodeIgniter\CodeIgniter->runController(Object(App\Controllers\PinController))
#6 C:\xampp\htdocs\hotott1\system\CodeIgniter.php(312): CodeIgniter\CodeIgniter->handleRequest(NULL, Object(Config\Cache), false)
#7 C:\xampp\htdocs\hotott1\public\index.php(45): CodeIgniter\CodeIgniter->run()
#8 {main}
