CRITICAL - 2022-10-26 01:48:46 --> Maximum execution time of 30 seconds exceeded
#0 [internal function]: CodeIgniter\Debug\Exceptions->shutdownHandler()
#1 {main}
CRITICAL - 2022-10-26 02:07:07 --> Maximum execution time of 30 seconds exceeded
#0 [internal function]: CodeIgniter\Debug\Exceptions->shutdownHandler()
#1 {main}
CRITICAL - 2022-10-26 03:09:55 --> Maximum execution time of 30 seconds exceeded
#0 [internal function]: CodeIgniter\Debug\Exceptions->shutdownHandler()
#1 {main}
CRITICAL - 2022-10-26 13:49:26 --> Call to a member function vip_code() on null
#0 /var/www/html/system/CodeIgniter.php(918): App\Controllers\ApiCompany->companyoffer()
#1 /var/www/html/system/CodeIgniter.php(404): CodeIgniter\CodeIgniter->runController(Object(App\Controllers\ApiCompany))
#2 /var/www/html/system/CodeIgniter.php(312): CodeIgniter\CodeIgniter->handleRequest(NULL, Object(Config\Cache), false)
#3 /var/www/html/public/index.php(45): CodeIgniter\CodeIgniter->run()
#4 {main}
CRITICAL - 2022-10-26 13:49:29 --> Call to a member function vip_code() on null
#0 /var/www/html/system/CodeIgniter.php(918): App\Controllers\ApiCompany->companyoffer()
#1 /var/www/html/system/CodeIgniter.php(404): CodeIgniter\CodeIgniter->runController(Object(App\Controllers\ApiCompany))
#2 /var/www/html/system/CodeIgniter.php(312): CodeIgniter\CodeIgniter->handleRequest(NULL, Object(Config\Cache), false)
#3 /var/www/html/public/index.php(45): CodeIgniter\CodeIgniter->run()
#4 {main}
CRITICAL - 2022-10-26 14:20:57 --> Maximum execution time of 30 seconds exceeded
#0 [internal function]: CodeIgniter\Debug\Exceptions->shutdownHandler()
#1 {main}
CRITICAL - 2022-10-26 15:33:25 --> syntax error, unexpected 'public' (T_PUBLIC)
#0 /var/www/html/system/Autoloader/Autoloader.php(296): CodeIgniter\Autoloader\Autoloader->requireFile('/var/www/html/a...')
#1 /var/www/html/system/Autoloader/Autoloader.php(258): CodeIgniter\Autoloader\Autoloader->loadInNamespace('App\\Controllers...')
#2 [internal function]: CodeIgniter\Autoloader\Autoloader->loadClass('App\\Controllers...')
#3 [internal function]: spl_autoload_call('App\\Controllers...')
#4 /var/www/html/system/CodeIgniter.php(869): class_exists('\\App\\Controller...', true)
#5 /var/www/html/system/CodeIgniter.php(394): CodeIgniter\CodeIgniter->startController()
#6 /var/www/html/system/CodeIgniter.php(312): CodeIgniter\CodeIgniter->handleRequest(NULL, Object(Config\Cache), false)
#7 /var/www/html/public/index.php(45): CodeIgniter\CodeIgniter->run()
#8 {main}
CRITICAL - 2022-10-26 15:33:25 --> syntax error, unexpected 'public' (T_PUBLIC)
#0 /var/www/html/system/Autoloader/Autoloader.php(296): CodeIgniter\Autoloader\Autoloader->requireFile('/var/www/html/a...')
#1 /var/www/html/system/Autoloader/Autoloader.php(258): CodeIgniter\Autoloader\Autoloader->loadInNamespace('App\\Controllers...')
#2 [internal function]: CodeIgniter\Autoloader\Autoloader->loadClass('App\\Controllers...')
#3 [internal function]: spl_autoload_call('App\\Controllers...')
#4 /var/www/html/system/CodeIgniter.php(869): class_exists('\\App\\Controller...', true)
#5 /var/www/html/system/CodeIgniter.php(394): CodeIgniter\CodeIgniter->startController()
#6 /var/www/html/system/CodeIgniter.php(312): CodeIgniter\CodeIgniter->handleRequest(NULL, Object(Config\Cache), false)
#7 /var/www/html/public/index.php(45): CodeIgniter\CodeIgniter->run()
#8 {main}
CRITICAL - 2022-10-26 15:33:54 --> syntax error, unexpected 'public' (T_PUBLIC)
#0 /var/www/html/system/Router/Router.php(195): CodeIgniter\Router\Router->autoRoute('ApiCompany/comp...')
#1 /var/www/html/system/CodeIgniter.php(793): CodeIgniter\Router\Router->handle('ApiCompany/comp...')
#2 /var/www/html/system/CodeIgniter.php(364): CodeIgniter\CodeIgniter->tryToRouteIt(Object(CodeIgniter\Router\RouteCollection))
#3 /var/www/html/system/CodeIgniter.php(312): CodeIgniter\CodeIgniter->handleRequest(NULL, Object(Config\Cache), false)
#4 /var/www/html/public/index.php(45): CodeIgniter\CodeIgniter->run()
#5 {main}
CRITICAL - 2022-10-26 15:33:57 --> syntax error, unexpected 'public' (T_PUBLIC)
#0 /var/www/html/system/Router/Router.php(195): CodeIgniter\Router\Router->autoRoute('ApiCompany/comp...')
#1 /var/www/html/system/CodeIgniter.php(793): CodeIgniter\Router\Router->handle('ApiCompany/comp...')
#2 /var/www/html/system/CodeIgniter.php(364): CodeIgniter\CodeIgniter->tryToRouteIt(Object(CodeIgniter\Router\RouteCollection))
#3 /var/www/html/system/CodeIgniter.php(312): CodeIgniter\CodeIgniter->handleRequest(NULL, Object(Config\Cache), false)
#4 /var/www/html/public/index.php(45): CodeIgniter\CodeIgniter->run()
#5 {main}
CRITICAL - 2022-10-26 15:33:59 --> syntax error, unexpected 'public' (T_PUBLIC)
#0 /var/www/html/system/Router/Router.php(195): CodeIgniter\Router\Router->autoRoute('ApiCompany/comp...')
#1 /var/www/html/system/CodeIgniter.php(793): CodeIgniter\Router\Router->handle('ApiCompany/comp...')
#2 /var/www/html/system/CodeIgniter.php(364): CodeIgniter\CodeIgniter->tryToRouteIt(Object(CodeIgniter\Router\RouteCollection))
#3 /var/www/html/system/CodeIgniter.php(312): CodeIgniter\CodeIgniter->handleRequest(NULL, Object(Config\Cache), false)
#4 /var/www/html/public/index.php(45): CodeIgniter\CodeIgniter->run()
#5 {main}
CRITICAL - 2022-10-26 15:34:03 --> syntax error, unexpected 'public' (T_PUBLIC)
#0 /var/www/html/system/Autoloader/Autoloader.php(296): CodeIgniter\Autoloader\Autoloader->requireFile('/var/www/html/a...')
#1 /var/www/html/system/Autoloader/Autoloader.php(258): CodeIgniter\Autoloader\Autoloader->loadInNamespace('App\\Controllers...')
#2 [internal function]: CodeIgniter\Autoloader\Autoloader->loadClass('App\\Controllers...')
#3 [internal function]: spl_autoload_call('App\\Controllers...')
#4 /var/www/html/system/CodeIgniter.php(869): class_exists('\\App\\Controller...', true)
#5 /var/www/html/system/CodeIgniter.php(394): CodeIgniter\CodeIgniter->startController()
#6 /var/www/html/system/CodeIgniter.php(312): CodeIgniter\CodeIgniter->handleRequest(NULL, Object(Config\Cache), false)
#7 /var/www/html/public/index.php(45): CodeIgniter\CodeIgniter->run()
#8 {main}
CRITICAL - 2022-10-26 15:34:03 --> syntax error, unexpected 'public' (T_PUBLIC)
#0 /var/www/html/system/Autoloader/Autoloader.php(296): CodeIgniter\Autoloader\Autoloader->requireFile('/var/www/html/a...')
#1 /var/www/html/system/Autoloader/Autoloader.php(258): CodeIgniter\Autoloader\Autoloader->loadInNamespace('App\\Controllers...')
#2 [internal function]: CodeIgniter\Autoloader\Autoloader->loadClass('App\\Controllers...')
#3 [internal function]: spl_autoload_call('App\\Controllers...')
#4 /var/www/html/system/CodeIgniter.php(869): class_exists('\\App\\Controller...', true)
#5 /var/www/html/system/CodeIgniter.php(394): CodeIgniter\CodeIgniter->startController()
#6 /var/www/html/system/CodeIgniter.php(312): CodeIgniter\CodeIgniter->handleRequest(NULL, Object(Config\Cache), false)
#7 /var/www/html/public/index.php(45): CodeIgniter\CodeIgniter->run()
#8 {main}
CRITICAL - 2022-10-26 15:34:12 --> syntax error, unexpected 'public' (T_PUBLIC)
#0 /var/www/html/system/Autoloader/Autoloader.php(296): CodeIgniter\Autoloader\Autoloader->requireFile('/var/www/html/a...')
#1 /var/www/html/system/Autoloader/Autoloader.php(258): CodeIgniter\Autoloader\Autoloader->loadInNamespace('App\\Controllers...')
#2 [internal function]: CodeIgniter\Autoloader\Autoloader->loadClass('App\\Controllers...')
#3 [internal function]: spl_autoload_call('App\\Controllers...')
#4 /var/www/html/system/CodeIgniter.php(869): class_exists('\\App\\Controller...', true)
#5 /var/www/html/system/CodeIgniter.php(394): CodeIgniter\CodeIgniter->startController()
#6 /var/www/html/system/CodeIgniter.php(312): CodeIgniter\CodeIgniter->handleRequest(NULL, Object(Config\Cache), false)
#7 /var/www/html/public/index.php(45): CodeIgniter\CodeIgniter->run()
#8 {main}
CRITICAL - 2022-10-26 15:34:12 --> syntax error, unexpected 'public' (T_PUBLIC)
#0 /var/www/html/system/Autoloader/Autoloader.php(296): CodeIgniter\Autoloader\Autoloader->requireFile('/var/www/html/a...')
#1 /var/www/html/system/Autoloader/Autoloader.php(258): CodeIgniter\Autoloader\Autoloader->loadInNamespace('App\\Controllers...')
#2 [internal function]: CodeIgniter\Autoloader\Autoloader->loadClass('App\\Controllers...')
#3 [internal function]: spl_autoload_call('App\\Controllers...')
#4 /var/www/html/system/CodeIgniter.php(869): class_exists('\\App\\Controller...', true)
#5 /var/www/html/system/CodeIgniter.php(394): CodeIgniter\CodeIgniter->startController()
#6 /var/www/html/system/CodeIgniter.php(312): CodeIgniter\CodeIgniter->handleRequest(NULL, Object(Config\Cache), false)
#7 /var/www/html/public/index.php(45): CodeIgniter\CodeIgniter->run()
#8 {main}
CRITICAL - 2022-10-26 15:34:28 --> syntax error, unexpected 'public' (T_PUBLIC)
#0 /var/www/html/system/Autoloader/Autoloader.php(296): CodeIgniter\Autoloader\Autoloader->requireFile('/var/www/html/a...')
#1 /var/www/html/system/Autoloader/Autoloader.php(258): CodeIgniter\Autoloader\Autoloader->loadInNamespace('App\\Controllers...')
#2 [internal function]: CodeIgniter\Autoloader\Autoloader->loadClass('App\\Controllers...')
#3 [internal function]: spl_autoload_call('App\\Controllers...')
#4 /var/www/html/system/CodeIgniter.php(869): class_exists('\\App\\Controller...', true)
#5 /var/www/html/system/CodeIgniter.php(394): CodeIgniter\CodeIgniter->startController()
#6 /var/www/html/system/CodeIgniter.php(312): CodeIgniter\CodeIgniter->handleRequest(NULL, Object(Config\Cache), false)
#7 /var/www/html/public/index.php(45): CodeIgniter\CodeIgniter->run()
#8 {main}
CRITICAL - 2022-10-26 15:34:28 --> syntax error, unexpected 'public' (T_PUBLIC)
#0 /var/www/html/system/Autoloader/Autoloader.php(296): CodeIgniter\Autoloader\Autoloader->requireFile('/var/www/html/a...')
#1 /var/www/html/system/Autoloader/Autoloader.php(258): CodeIgniter\Autoloader\Autoloader->loadInNamespace('App\\Controllers...')
#2 [internal function]: CodeIgniter\Autoloader\Autoloader->loadClass('App\\Controllers...')
#3 [internal function]: spl_autoload_call('App\\Controllers...')
#4 /var/www/html/system/CodeIgniter.php(869): class_exists('\\App\\Controller...', true)
#5 /var/www/html/system/CodeIgniter.php(394): CodeIgniter\CodeIgniter->startController()
#6 /var/www/html/system/CodeIgniter.php(312): CodeIgniter\CodeIgniter->handleRequest(NULL, Object(Config\Cache), false)
#7 /var/www/html/public/index.php(45): CodeIgniter\CodeIgniter->run()
#8 {main}
CRITICAL - 2022-10-26 15:34:31 --> syntax error, unexpected 'public' (T_PUBLIC)
#0 /var/www/html/system/Autoloader/Autoloader.php(296): CodeIgniter\Autoloader\Autoloader->requireFile('/var/www/html/a...')
#1 /var/www/html/system/Autoloader/Autoloader.php(258): CodeIgniter\Autoloader\Autoloader->loadInNamespace('App\\Controllers...')
#2 [internal function]: CodeIgniter\Autoloader\Autoloader->loadClass('App\\Controllers...')
#3 [internal function]: spl_autoload_call('App\\Controllers...')
#4 /var/www/html/system/CodeIgniter.php(869): class_exists('\\App\\Controller...', true)
#5 /var/www/html/system/CodeIgniter.php(394): CodeIgniter\CodeIgniter->startController()
#6 /var/www/html/system/CodeIgniter.php(312): CodeIgniter\CodeIgniter->handleRequest(NULL, Object(Config\Cache), false)
#7 /var/www/html/public/index.php(45): CodeIgniter\CodeIgniter->run()
#8 {main}
CRITICAL - 2022-10-26 15:34:31 --> syntax error, unexpected 'public' (T_PUBLIC)
#0 /var/www/html/system/Autoloader/Autoloader.php(296): CodeIgniter\Autoloader\Autoloader->requireFile('/var/www/html/a...')
#1 /var/www/html/system/Autoloader/Autoloader.php(258): CodeIgniter\Autoloader\Autoloader->loadInNamespace('App\\Controllers...')
#2 [internal function]: CodeIgniter\Autoloader\Autoloader->loadClass('App\\Controllers...')
#3 [internal function]: spl_autoload_call('App\\Controllers...')
#4 /var/www/html/system/CodeIgniter.php(869): class_exists('\\App\\Controller...', true)
#5 /var/www/html/system/CodeIgniter.php(394): CodeIgniter\CodeIgniter->startController()
#6 /var/www/html/system/CodeIgniter.php(312): CodeIgniter\CodeIgniter->handleRequest(NULL, Object(Config\Cache), false)
#7 /var/www/html/public/index.php(45): CodeIgniter\CodeIgniter->run()
#8 {main}
CRITICAL - 2022-10-26 15:34:34 --> syntax error, unexpected 'public' (T_PUBLIC)
#0 /var/www/html/system/Autoloader/Autoloader.php(296): CodeIgniter\Autoloader\Autoloader->requireFile('/var/www/html/a...')
#1 /var/www/html/system/Autoloader/Autoloader.php(258): CodeIgniter\Autoloader\Autoloader->loadInNamespace('App\\Controllers...')
#2 [internal function]: CodeIgniter\Autoloader\Autoloader->loadClass('App\\Controllers...')
#3 [internal function]: spl_autoload_call('App\\Controllers...')
#4 /var/www/html/system/CodeIgniter.php(869): class_exists('\\App\\Controller...', true)
#5 /var/www/html/system/CodeIgniter.php(394): CodeIgniter\CodeIgniter->startController()
#6 /var/www/html/system/CodeIgniter.php(312): CodeIgniter\CodeIgniter->handleRequest(NULL, Object(Config\Cache), false)
#7 /var/www/html/public/index.php(45): CodeIgniter\CodeIgniter->run()
#8 {main}
CRITICAL - 2022-10-26 15:34:34 --> syntax error, unexpected 'public' (T_PUBLIC)
#0 /var/www/html/system/Autoloader/Autoloader.php(296): CodeIgniter\Autoloader\Autoloader->requireFile('/var/www/html/a...')
#1 /var/www/html/system/Autoloader/Autoloader.php(258): CodeIgniter\Autoloader\Autoloader->loadInNamespace('App\\Controllers...')
#2 [internal function]: CodeIgniter\Autoloader\Autoloader->loadClass('App\\Controllers...')
#3 [internal function]: spl_autoload_call('App\\Controllers...')
#4 /var/www/html/system/CodeIgniter.php(869): class_exists('\\App\\Controller...', true)
#5 /var/www/html/system/CodeIgniter.php(394): CodeIgniter\CodeIgniter->startController()
#6 /var/www/html/system/CodeIgniter.php(312): CodeIgniter\CodeIgniter->handleRequest(NULL, Object(Config\Cache), false)
#7 /var/www/html/public/index.php(45): CodeIgniter\CodeIgniter->run()
#8 {main}
CRITICAL - 2022-10-26 15:34:37 --> syntax error, unexpected 'public' (T_PUBLIC)
#0 /var/www/html/system/Autoloader/Autoloader.php(296): CodeIgniter\Autoloader\Autoloader->requireFile('/var/www/html/a...')
#1 /var/www/html/system/Autoloader/Autoloader.php(258): CodeIgniter\Autoloader\Autoloader->loadInNamespace('App\\Controllers...')
#2 [internal function]: CodeIgniter\Autoloader\Autoloader->loadClass('App\\Controllers...')
#3 [internal function]: spl_autoload_call('App\\Controllers...')
#4 /var/www/html/system/CodeIgniter.php(869): class_exists('\\App\\Controller...', true)
#5 /var/www/html/system/CodeIgniter.php(394): CodeIgniter\CodeIgniter->startController()
#6 /var/www/html/system/CodeIgniter.php(312): CodeIgniter\CodeIgniter->handleRequest(NULL, Object(Config\Cache), false)
#7 /var/www/html/public/index.php(45): CodeIgniter\CodeIgniter->run()
#8 {main}
CRITICAL - 2022-10-26 15:34:37 --> syntax error, unexpected 'public' (T_PUBLIC)
#0 /var/www/html/system/Autoloader/Autoloader.php(296): CodeIgniter\Autoloader\Autoloader->requireFile('/var/www/html/a...')
#1 /var/www/html/system/Autoloader/Autoloader.php(258): CodeIgniter\Autoloader\Autoloader->loadInNamespace('App\\Controllers...')
#2 [internal function]: CodeIgniter\Autoloader\Autoloader->loadClass('App\\Controllers...')
#3 [internal function]: spl_autoload_call('App\\Controllers...')
#4 /var/www/html/system/CodeIgniter.php(869): class_exists('\\App\\Controller...', true)
#5 /var/www/html/system/CodeIgniter.php(394): CodeIgniter\CodeIgniter->startController()
#6 /var/www/html/system/CodeIgniter.php(312): CodeIgniter\CodeIgniter->handleRequest(NULL, Object(Config\Cache), false)
#7 /var/www/html/public/index.php(45): CodeIgniter\CodeIgniter->run()
#8 {main}
CRITICAL - 2022-10-26 15:34:42 --> syntax error, unexpected 'public' (T_PUBLIC)
#0 /var/www/html/system/Autoloader/Autoloader.php(296): CodeIgniter\Autoloader\Autoloader->requireFile('/var/www/html/a...')
#1 /var/www/html/system/Autoloader/Autoloader.php(258): CodeIgniter\Autoloader\Autoloader->loadInNamespace('App\\Controllers...')
#2 [internal function]: CodeIgniter\Autoloader\Autoloader->loadClass('App\\Controllers...')
#3 [internal function]: spl_autoload_call('App\\Controllers...')
#4 /var/www/html/system/CodeIgniter.php(869): class_exists('\\App\\Controller...', true)
#5 /var/www/html/system/CodeIgniter.php(394): CodeIgniter\CodeIgniter->startController()
#6 /var/www/html/system/CodeIgniter.php(312): CodeIgniter\CodeIgniter->handleRequest(NULL, Object(Config\Cache), false)
#7 /var/www/html/public/index.php(45): CodeIgniter\CodeIgniter->run()
#8 {main}
CRITICAL - 2022-10-26 15:35:11 --> syntax error, unexpected 'public' (T_PUBLIC)
#0 /var/www/html/system/Autoloader/Autoloader.php(296): CodeIgniter\Autoloader\Autoloader->requireFile('/var/www/html/a...')
#1 /var/www/html/system/Autoloader/Autoloader.php(258): CodeIgniter\Autoloader\Autoloader->loadInNamespace('App\\Controllers...')
#2 [internal function]: CodeIgniter\Autoloader\Autoloader->loadClass('App\\Controllers...')
#3 [internal function]: spl_autoload_call('App\\Controllers...')
#4 /var/www/html/system/CodeIgniter.php(869): class_exists('\\App\\Controller...', true)
#5 /var/www/html/system/CodeIgniter.php(394): CodeIgniter\CodeIgniter->startController()
#6 /var/www/html/system/CodeIgniter.php(312): CodeIgniter\CodeIgniter->handleRequest(NULL, Object(Config\Cache), false)
#7 /var/www/html/public/index.php(45): CodeIgniter\CodeIgniter->run()
#8 {main}
CRITICAL - 2022-10-26 15:35:11 --> syntax error, unexpected 'public' (T_PUBLIC)
#0 /var/www/html/system/Autoloader/Autoloader.php(296): CodeIgniter\Autoloader\Autoloader->requireFile('/var/www/html/a...')
#1 /var/www/html/system/Autoloader/Autoloader.php(258): CodeIgniter\Autoloader\Autoloader->loadInNamespace('App\\Controllers...')
#2 [internal function]: CodeIgniter\Autoloader\Autoloader->loadClass('App\\Controllers...')
#3 [internal function]: spl_autoload_call('App\\Controllers...')
#4 /var/www/html/system/CodeIgniter.php(869): class_exists('\\App\\Controller...', true)
#5 /var/www/html/system/CodeIgniter.php(394): CodeIgniter\CodeIgniter->startController()
#6 /var/www/html/system/CodeIgniter.php(312): CodeIgniter\CodeIgniter->handleRequest(NULL, Object(Config\Cache), false)
#7 /var/www/html/public/index.php(45): CodeIgniter\CodeIgniter->run()
#8 {main}
CRITICAL - 2022-10-26 15:35:15 --> syntax error, unexpected 'public' (T_PUBLIC)
#0 /var/www/html/system/Autoloader/Autoloader.php(296): CodeIgniter\Autoloader\Autoloader->requireFile('/var/www/html/a...')
#1 /var/www/html/system/Autoloader/Autoloader.php(258): CodeIgniter\Autoloader\Autoloader->loadInNamespace('App\\Controllers...')
#2 [internal function]: CodeIgniter\Autoloader\Autoloader->loadClass('App\\Controllers...')
#3 [internal function]: spl_autoload_call('App\\Controllers...')
#4 /var/www/html/system/CodeIgniter.php(869): class_exists('\\App\\Controller...', true)
#5 /var/www/html/system/CodeIgniter.php(394): CodeIgniter\CodeIgniter->startController()
#6 /var/www/html/system/CodeIgniter.php(312): CodeIgniter\CodeIgniter->handleRequest(NULL, Object(Config\Cache), false)
#7 /var/www/html/public/index.php(45): CodeIgniter\CodeIgniter->run()
#8 {main}
CRITICAL - 2022-10-26 15:35:15 --> syntax error, unexpected 'public' (T_PUBLIC)
#0 /var/www/html/system/Autoloader/Autoloader.php(296): CodeIgniter\Autoloader\Autoloader->requireFile('/var/www/html/a...')
#1 /var/www/html/system/Autoloader/Autoloader.php(258): CodeIgniter\Autoloader\Autoloader->loadInNamespace('App\\Controllers...')
#2 [internal function]: CodeIgniter\Autoloader\Autoloader->loadClass('App\\Controllers...')
#3 [internal function]: spl_autoload_call('App\\Controllers...')
#4 /var/www/html/system/CodeIgniter.php(869): class_exists('\\App\\Controller...', true)
#5 /var/www/html/system/CodeIgniter.php(394): CodeIgniter\CodeIgniter->startController()
#6 /var/www/html/system/CodeIgniter.php(312): CodeIgniter\CodeIgniter->handleRequest(NULL, Object(Config\Cache), false)
#7 /var/www/html/public/index.php(45): CodeIgniter\CodeIgniter->run()
#8 {main}
CRITICAL - 2022-10-26 15:35:45 --> syntax error, unexpected 'else' (T_ELSE), expecting function (T_FUNCTION) or const (T_CONST)
#0 /var/www/html/system/Router/Router.php(195): CodeIgniter\Router\Router->autoRoute('ApiCompany/comp...')
#1 /var/www/html/system/CodeIgniter.php(793): CodeIgniter\Router\Router->handle('ApiCompany/comp...')
#2 /var/www/html/system/CodeIgniter.php(364): CodeIgniter\CodeIgniter->tryToRouteIt(Object(CodeIgniter\Router\RouteCollection))
#3 /var/www/html/system/CodeIgniter.php(312): CodeIgniter\CodeIgniter->handleRequest(NULL, Object(Config\Cache), false)
#4 /var/www/html/public/index.php(45): CodeIgniter\CodeIgniter->run()
#5 {main}
CRITICAL - 2022-10-26 15:35:48 --> syntax error, unexpected 'else' (T_ELSE), expecting function (T_FUNCTION) or const (T_CONST)
#0 /var/www/html/system/Router/Router.php(195): CodeIgniter\Router\Router->autoRoute('ApiCompany/comp...')
#1 /var/www/html/system/CodeIgniter.php(793): CodeIgniter\Router\Router->handle('ApiCompany/comp...')
#2 /var/www/html/system/CodeIgniter.php(364): CodeIgniter\CodeIgniter->tryToRouteIt(Object(CodeIgniter\Router\RouteCollection))
#3 /var/www/html/system/CodeIgniter.php(312): CodeIgniter\CodeIgniter->handleRequest(NULL, Object(Config\Cache), false)
#4 /var/www/html/public/index.php(45): CodeIgniter\CodeIgniter->run()
#5 {main}
CRITICAL - 2022-10-26 15:35:50 --> syntax error, unexpected 'else' (T_ELSE), expecting function (T_FUNCTION) or const (T_CONST)
#0 /var/www/html/system/Autoloader/Autoloader.php(296): CodeIgniter\Autoloader\Autoloader->requireFile('/var/www/html/a...')
#1 /var/www/html/system/Autoloader/Autoloader.php(258): CodeIgniter\Autoloader\Autoloader->loadInNamespace('App\\Controllers...')
#2 [internal function]: CodeIgniter\Autoloader\Autoloader->loadClass('App\\Controllers...')
#3 [internal function]: spl_autoload_call('App\\Controllers...')
#4 /var/www/html/system/CodeIgniter.php(869): class_exists('\\App\\Controller...', true)
#5 /var/www/html/system/CodeIgniter.php(394): CodeIgniter\CodeIgniter->startController()
#6 /var/www/html/system/CodeIgniter.php(312): CodeIgniter\CodeIgniter->handleRequest(NULL, Object(Config\Cache), false)
#7 /var/www/html/public/index.php(45): CodeIgniter\CodeIgniter->run()
#8 {main}
CRITICAL - 2022-10-26 15:35:50 --> syntax error, unexpected 'else' (T_ELSE), expecting function (T_FUNCTION) or const (T_CONST)
#0 /var/www/html/system/Autoloader/Autoloader.php(296): CodeIgniter\Autoloader\Autoloader->requireFile('/var/www/html/a...')
#1 /var/www/html/system/Autoloader/Autoloader.php(258): CodeIgniter\Autoloader\Autoloader->loadInNamespace('App\\Controllers...')
#2 [internal function]: CodeIgniter\Autoloader\Autoloader->loadClass('App\\Controllers...')
#3 [internal function]: spl_autoload_call('App\\Controllers...')
#4 /var/www/html/system/CodeIgniter.php(869): class_exists('\\App\\Controller...', true)
#5 /var/www/html/system/CodeIgniter.php(394): CodeIgniter\CodeIgniter->startController()
#6 /var/www/html/system/CodeIgniter.php(312): CodeIgniter\CodeIgniter->handleRequest(NULL, Object(Config\Cache), false)
#7 /var/www/html/public/index.php(45): CodeIgniter\CodeIgniter->run()
#8 {main}
CRITICAL - 2022-10-26 15:36:31 --> syntax error, unexpected 'else' (T_ELSE), expecting function (T_FUNCTION) or const (T_CONST)
#0 /var/www/html/system/Autoloader/Autoloader.php(296): CodeIgniter\Autoloader\Autoloader->requireFile('/var/www/html/a...')
#1 /var/www/html/system/Autoloader/Autoloader.php(258): CodeIgniter\Autoloader\Autoloader->loadInNamespace('App\\Controllers...')
#2 [internal function]: CodeIgniter\Autoloader\Autoloader->loadClass('App\\Controllers...')
#3 [internal function]: spl_autoload_call('App\\Controllers...')
#4 /var/www/html/system/CodeIgniter.php(869): class_exists('\\App\\Controller...', true)
#5 /var/www/html/system/CodeIgniter.php(394): CodeIgniter\CodeIgniter->startController()
#6 /var/www/html/system/CodeIgniter.php(312): CodeIgniter\CodeIgniter->handleRequest(NULL, Object(Config\Cache), false)
#7 /var/www/html/public/index.php(45): CodeIgniter\CodeIgniter->run()
#8 {main}
CRITICAL - 2022-10-26 15:36:31 --> syntax error, unexpected 'else' (T_ELSE), expecting function (T_FUNCTION) or const (T_CONST)
#0 /var/www/html/system/Autoloader/Autoloader.php(296): CodeIgniter\Autoloader\Autoloader->requireFile('/var/www/html/a...')
#1 /var/www/html/system/Autoloader/Autoloader.php(258): CodeIgniter\Autoloader\Autoloader->loadInNamespace('App\\Controllers...')
#2 [internal function]: CodeIgniter\Autoloader\Autoloader->loadClass('App\\Controllers...')
#3 [internal function]: spl_autoload_call('App\\Controllers...')
#4 /var/www/html/system/CodeIgniter.php(869): class_exists('\\App\\Controller...', true)
#5 /var/www/html/system/CodeIgniter.php(394): CodeIgniter\CodeIgniter->startController()
#6 /var/www/html/system/CodeIgniter.php(312): CodeIgniter\CodeIgniter->handleRequest(NULL, Object(Config\Cache), false)
#7 /var/www/html/public/index.php(45): CodeIgniter\CodeIgniter->run()
#8 {main}
CRITICAL - 2022-10-26 15:36:40 --> syntax error, unexpected 'else' (T_ELSE), expecting function (T_FUNCTION) or const (T_CONST)
#0 /var/www/html/system/Autoloader/Autoloader.php(296): CodeIgniter\Autoloader\Autoloader->requireFile('/var/www/html/a...')
#1 /var/www/html/system/Autoloader/Autoloader.php(258): CodeIgniter\Autoloader\Autoloader->loadInNamespace('App\\Controllers...')
#2 [internal function]: CodeIgniter\Autoloader\Autoloader->loadClass('App\\Controllers...')
#3 [internal function]: spl_autoload_call('App\\Controllers...')
#4 /var/www/html/system/CodeIgniter.php(869): class_exists('\\App\\Controller...', true)
#5 /var/www/html/system/CodeIgniter.php(394): CodeIgniter\CodeIgniter->startController()
#6 /var/www/html/system/CodeIgniter.php(312): CodeIgniter\CodeIgniter->handleRequest(NULL, Object(Config\Cache), false)
#7 /var/www/html/public/index.php(45): CodeIgniter\CodeIgniter->run()
#8 {main}
CRITICAL - 2022-10-26 15:36:40 --> syntax error, unexpected 'else' (T_ELSE), expecting function (T_FUNCTION) or const (T_CONST)
#0 /var/www/html/system/Autoloader/Autoloader.php(296): CodeIgniter\Autoloader\Autoloader->requireFile('/var/www/html/a...')
#1 /var/www/html/system/Autoloader/Autoloader.php(258): CodeIgniter\Autoloader\Autoloader->loadInNamespace('App\\Controllers...')
#2 [internal function]: CodeIgniter\Autoloader\Autoloader->loadClass('App\\Controllers...')
#3 [internal function]: spl_autoload_call('App\\Controllers...')
#4 /var/www/html/system/CodeIgniter.php(869): class_exists('\\App\\Controller...', true)
#5 /var/www/html/system/CodeIgniter.php(394): CodeIgniter\CodeIgniter->startController()
#6 /var/www/html/system/CodeIgniter.php(312): CodeIgniter\CodeIgniter->handleRequest(NULL, Object(Config\Cache), false)
#7 /var/www/html/public/index.php(45): CodeIgniter\CodeIgniter->run()
#8 {main}
CRITICAL - 2022-10-26 15:36:47 --> syntax error, unexpected 'else' (T_ELSE), expecting function (T_FUNCTION) or const (T_CONST)
#0 /var/www/html/system/Router/Router.php(195): CodeIgniter\Router\Router->autoRoute('ApiCompany/comp...')
#1 /var/www/html/system/CodeIgniter.php(793): CodeIgniter\Router\Router->handle('ApiCompany/comp...')
#2 /var/www/html/system/CodeIgniter.php(364): CodeIgniter\CodeIgniter->tryToRouteIt(Object(CodeIgniter\Router\RouteCollection))
#3 /var/www/html/system/CodeIgniter.php(312): CodeIgniter\CodeIgniter->handleRequest(NULL, Object(Config\Cache), false)
#4 /var/www/html/public/index.php(45): CodeIgniter\CodeIgniter->run()
#5 {main}
CRITICAL - 2022-10-26 15:37:00 --> syntax error, unexpected 'else' (T_ELSE), expecting function (T_FUNCTION) or const (T_CONST)
#0 /var/www/html/system/Autoloader/Autoloader.php(296): CodeIgniter\Autoloader\Autoloader->requireFile('/var/www/html/a...')
#1 /var/www/html/system/Autoloader/Autoloader.php(258): CodeIgniter\Autoloader\Autoloader->loadInNamespace('App\\Controllers...')
#2 [internal function]: CodeIgniter\Autoloader\Autoloader->loadClass('App\\Controllers...')
#3 [internal function]: spl_autoload_call('App\\Controllers...')
#4 /var/www/html/system/CodeIgniter.php(869): class_exists('\\App\\Controller...', true)
#5 /var/www/html/system/CodeIgniter.php(394): CodeIgniter\CodeIgniter->startController()
#6 /var/www/html/system/CodeIgniter.php(312): CodeIgniter\CodeIgniter->handleRequest(NULL, Object(Config\Cache), false)
#7 /var/www/html/public/index.php(45): CodeIgniter\CodeIgniter->run()
#8 {main}
CRITICAL - 2022-10-26 15:37:00 --> syntax error, unexpected 'else' (T_ELSE), expecting function (T_FUNCTION) or const (T_CONST)
#0 /var/www/html/system/Autoloader/Autoloader.php(296): CodeIgniter\Autoloader\Autoloader->requireFile('/var/www/html/a...')
#1 /var/www/html/system/Autoloader/Autoloader.php(258): CodeIgniter\Autoloader\Autoloader->loadInNamespace('App\\Controllers...')
#2 [internal function]: CodeIgniter\Autoloader\Autoloader->loadClass('App\\Controllers...')
#3 [internal function]: spl_autoload_call('App\\Controllers...')
#4 /var/www/html/system/CodeIgniter.php(869): class_exists('\\App\\Controller...', true)
#5 /var/www/html/system/CodeIgniter.php(394): CodeIgniter\CodeIgniter->startController()
#6 /var/www/html/system/CodeIgniter.php(312): CodeIgniter\CodeIgniter->handleRequest(NULL, Object(Config\Cache), false)
#7 /var/www/html/public/index.php(45): CodeIgniter\CodeIgniter->run()
#8 {main}
CRITICAL - 2022-10-26 15:37:16 --> syntax error, unexpected 'else' (T_ELSE), expecting function (T_FUNCTION) or const (T_CONST)
#0 /var/www/html/system/Autoloader/Autoloader.php(296): CodeIgniter\Autoloader\Autoloader->requireFile('/var/www/html/a...')
#1 /var/www/html/system/Autoloader/Autoloader.php(258): CodeIgniter\Autoloader\Autoloader->loadInNamespace('App\\Controllers...')
#2 [internal function]: CodeIgniter\Autoloader\Autoloader->loadClass('App\\Controllers...')
#3 [internal function]: spl_autoload_call('App\\Controllers...')
#4 /var/www/html/system/CodeIgniter.php(869): class_exists('\\App\\Controller...', true)
#5 /var/www/html/system/CodeIgniter.php(394): CodeIgniter\CodeIgniter->startController()
#6 /var/www/html/system/CodeIgniter.php(312): CodeIgniter\CodeIgniter->handleRequest(NULL, Object(Config\Cache), false)
#7 /var/www/html/public/index.php(45): CodeIgniter\CodeIgniter->run()
#8 {main}
CRITICAL - 2022-10-26 15:37:16 --> syntax error, unexpected 'else' (T_ELSE), expecting function (T_FUNCTION) or const (T_CONST)
#0 /var/www/html/system/Autoloader/Autoloader.php(296): CodeIgniter\Autoloader\Autoloader->requireFile('/var/www/html/a...')
#1 /var/www/html/system/Autoloader/Autoloader.php(258): CodeIgniter\Autoloader\Autoloader->loadInNamespace('App\\Controllers...')
#2 [internal function]: CodeIgniter\Autoloader\Autoloader->loadClass('App\\Controllers...')
#3 [internal function]: spl_autoload_call('App\\Controllers...')
#4 /var/www/html/system/CodeIgniter.php(869): class_exists('\\App\\Controller...', true)
#5 /var/www/html/system/CodeIgniter.php(394): CodeIgniter\CodeIgniter->startController()
#6 /var/www/html/system/CodeIgniter.php(312): CodeIgniter\CodeIgniter->handleRequest(NULL, Object(Config\Cache), false)
#7 /var/www/html/public/index.php(45): CodeIgniter\CodeIgniter->run()
#8 {main}
CRITICAL - 2022-10-26 15:37:19 --> syntax error, unexpected 'else' (T_ELSE), expecting function (T_FUNCTION) or const (T_CONST)
#0 /var/www/html/system/Autoloader/Autoloader.php(296): CodeIgniter\Autoloader\Autoloader->requireFile('/var/www/html/a...')
#1 /var/www/html/system/Autoloader/Autoloader.php(258): CodeIgniter\Autoloader\Autoloader->loadInNamespace('App\\Controllers...')
#2 [internal function]: CodeIgniter\Autoloader\Autoloader->loadClass('App\\Controllers...')
#3 [internal function]: spl_autoload_call('App\\Controllers...')
#4 /var/www/html/system/CodeIgniter.php(869): class_exists('\\App\\Controller...', true)
#5 /var/www/html/system/CodeIgniter.php(394): CodeIgniter\CodeIgniter->startController()
#6 /var/www/html/system/CodeIgniter.php(312): CodeIgniter\CodeIgniter->handleRequest(NULL, Object(Config\Cache), false)
#7 /var/www/html/public/index.php(45): CodeIgniter\CodeIgniter->run()
#8 {main}
CRITICAL - 2022-10-26 15:37:19 --> syntax error, unexpected 'else' (T_ELSE), expecting function (T_FUNCTION) or const (T_CONST)
#0 /var/www/html/system/Autoloader/Autoloader.php(296): CodeIgniter\Autoloader\Autoloader->requireFile('/var/www/html/a...')
#1 /var/www/html/system/Autoloader/Autoloader.php(258): CodeIgniter\Autoloader\Autoloader->loadInNamespace('App\\Controllers...')
#2 [internal function]: CodeIgniter\Autoloader\Autoloader->loadClass('App\\Controllers...')
#3 [internal function]: spl_autoload_call('App\\Controllers...')
#4 /var/www/html/system/CodeIgniter.php(869): class_exists('\\App\\Controller...', true)
#5 /var/www/html/system/CodeIgniter.php(394): CodeIgniter\CodeIgniter->startController()
#6 /var/www/html/system/CodeIgniter.php(312): CodeIgniter\CodeIgniter->handleRequest(NULL, Object(Config\Cache), false)
#7 /var/www/html/public/index.php(45): CodeIgniter\CodeIgniter->run()
#8 {main}
CRITICAL - 2022-10-26 15:37:30 --> syntax error, unexpected 'else' (T_ELSE), expecting function (T_FUNCTION) or const (T_CONST)
#0 /var/www/html/system/Router/Router.php(195): CodeIgniter\Router\Router->autoRoute('ApiCompany/comp...')
#1 /var/www/html/system/CodeIgniter.php(793): CodeIgniter\Router\Router->handle('ApiCompany/comp...')
#2 /var/www/html/system/CodeIgniter.php(364): CodeIgniter\CodeIgniter->tryToRouteIt(Object(CodeIgniter\Router\RouteCollection))
#3 /var/www/html/system/CodeIgniter.php(312): CodeIgniter\CodeIgniter->handleRequest(NULL, Object(Config\Cache), false)
#4 /var/www/html/public/index.php(45): CodeIgniter\CodeIgniter->run()
#5 {main}
CRITICAL - 2022-10-26 15:37:33 --> syntax error, unexpected 'else' (T_ELSE), expecting function (T_FUNCTION) or const (T_CONST)
#0 /var/www/html/system/Router/Router.php(195): CodeIgniter\Router\Router->autoRoute('ApiCompany/comp...')
#1 /var/www/html/system/CodeIgniter.php(793): CodeIgniter\Router\Router->handle('ApiCompany/comp...')
#2 /var/www/html/system/CodeIgniter.php(364): CodeIgniter\CodeIgniter->tryToRouteIt(Object(CodeIgniter\Router\RouteCollection))
#3 /var/www/html/system/CodeIgniter.php(312): CodeIgniter\CodeIgniter->handleRequest(NULL, Object(Config\Cache), false)
#4 /var/www/html/public/index.php(45): CodeIgniter\CodeIgniter->run()
#5 {main}
CRITICAL - 2022-10-26 15:37:35 --> syntax error, unexpected 'else' (T_ELSE), expecting function (T_FUNCTION) or const (T_CONST)
#0 /var/www/html/system/Autoloader/Autoloader.php(296): CodeIgniter\Autoloader\Autoloader->requireFile('/var/www/html/a...')
#1 /var/www/html/system/Autoloader/Autoloader.php(258): CodeIgniter\Autoloader\Autoloader->loadInNamespace('App\\Controllers...')
#2 [internal function]: CodeIgniter\Autoloader\Autoloader->loadClass('App\\Controllers...')
#3 [internal function]: spl_autoload_call('App\\Controllers...')
#4 /var/www/html/system/CodeIgniter.php(869): class_exists('\\App\\Controller...', true)
#5 /var/www/html/system/CodeIgniter.php(394): CodeIgniter\CodeIgniter->startController()
#6 /var/www/html/system/CodeIgniter.php(312): CodeIgniter\CodeIgniter->handleRequest(NULL, Object(Config\Cache), false)
#7 /var/www/html/public/index.php(45): CodeIgniter\CodeIgniter->run()
#8 {main}
CRITICAL - 2022-10-26 15:37:35 --> syntax error, unexpected 'else' (T_ELSE), expecting function (T_FUNCTION) or const (T_CONST)
#0 /var/www/html/system/Autoloader/Autoloader.php(296): CodeIgniter\Autoloader\Autoloader->requireFile('/var/www/html/a...')
#1 /var/www/html/system/Autoloader/Autoloader.php(258): CodeIgniter\Autoloader\Autoloader->loadInNamespace('App\\Controllers...')
#2 [internal function]: CodeIgniter\Autoloader\Autoloader->loadClass('App\\Controllers...')
#3 [internal function]: spl_autoload_call('App\\Controllers...')
#4 /var/www/html/system/CodeIgniter.php(869): class_exists('\\App\\Controller...', true)
#5 /var/www/html/system/CodeIgniter.php(394): CodeIgniter\CodeIgniter->startController()
#6 /var/www/html/system/CodeIgniter.php(312): CodeIgniter\CodeIgniter->handleRequest(NULL, Object(Config\Cache), false)
#7 /var/www/html/public/index.php(45): CodeIgniter\CodeIgniter->run()
#8 {main}
CRITICAL - 2022-10-26 15:37:58 --> syntax error, unexpected 'else' (T_ELSE), expecting function (T_FUNCTION) or const (T_CONST)
#0 /var/www/html/system/Autoloader/Autoloader.php(296): CodeIgniter\Autoloader\Autoloader->requireFile('/var/www/html/a...')
#1 /var/www/html/system/Autoloader/Autoloader.php(258): CodeIgniter\Autoloader\Autoloader->loadInNamespace('App\\Controllers...')
#2 [internal function]: CodeIgniter\Autoloader\Autoloader->loadClass('App\\Controllers...')
#3 [internal function]: spl_autoload_call('App\\Controllers...')
#4 /var/www/html/system/CodeIgniter.php(869): class_exists('\\App\\Controller...', true)
#5 /var/www/html/system/CodeIgniter.php(394): CodeIgniter\CodeIgniter->startController()
#6 /var/www/html/system/CodeIgniter.php(312): CodeIgniter\CodeIgniter->handleRequest(NULL, Object(Config\Cache), false)
#7 /var/www/html/public/index.php(45): CodeIgniter\CodeIgniter->run()
#8 {main}
CRITICAL - 2022-10-26 15:37:58 --> syntax error, unexpected 'else' (T_ELSE), expecting function (T_FUNCTION) or const (T_CONST)
#0 /var/www/html/system/Autoloader/Autoloader.php(296): CodeIgniter\Autoloader\Autoloader->requireFile('/var/www/html/a...')
#1 /var/www/html/system/Autoloader/Autoloader.php(258): CodeIgniter\Autoloader\Autoloader->loadInNamespace('App\\Controllers...')
#2 [internal function]: CodeIgniter\Autoloader\Autoloader->loadClass('App\\Controllers...')
#3 [internal function]: spl_autoload_call('App\\Controllers...')
#4 /var/www/html/system/CodeIgniter.php(869): class_exists('\\App\\Controller...', true)
#5 /var/www/html/system/CodeIgniter.php(394): CodeIgniter\CodeIgniter->startController()
#6 /var/www/html/system/CodeIgniter.php(312): CodeIgniter\CodeIgniter->handleRequest(NULL, Object(Config\Cache), false)
#7 /var/www/html/public/index.php(45): CodeIgniter\CodeIgniter->run()
#8 {main}
CRITICAL - 2022-10-26 15:50:57 --> syntax error, unexpected '$user_code' (T_VARIABLE), expecting ',' or ')'
#0 /var/www/html/system/Router/Router.php(195): CodeIgniter\Router\Router->autoRoute('ApiCompany/comp...')
#1 /var/www/html/system/CodeIgniter.php(793): CodeIgniter\Router\Router->handle('ApiCompany/comp...')
#2 /var/www/html/system/CodeIgniter.php(364): CodeIgniter\CodeIgniter->tryToRouteIt(Object(CodeIgniter\Router\RouteCollection))
#3 /var/www/html/system/CodeIgniter.php(312): CodeIgniter\CodeIgniter->handleRequest(NULL, Object(Config\Cache), false)
#4 /var/www/html/public/index.php(45): CodeIgniter\CodeIgniter->run()
#5 {main}
CRITICAL - 2022-10-26 15:50:59 --> syntax error, unexpected '$user_code' (T_VARIABLE), expecting ',' or ')'
#0 /var/www/html/system/Router/Router.php(195): CodeIgniter\Router\Router->autoRoute('ApiCompany/comp...')
#1 /var/www/html/system/CodeIgniter.php(793): CodeIgniter\Router\Router->handle('ApiCompany/comp...')
#2 /var/www/html/system/CodeIgniter.php(364): CodeIgniter\CodeIgniter->tryToRouteIt(Object(CodeIgniter\Router\RouteCollection))
#3 /var/www/html/system/CodeIgniter.php(312): CodeIgniter\CodeIgniter->handleRequest(NULL, Object(Config\Cache), false)
#4 /var/www/html/public/index.php(45): CodeIgniter\CodeIgniter->run()
#5 {main}
CRITICAL - 2022-10-26 15:51:30 --> syntax error, unexpected '$user_code' (T_VARIABLE), expecting ',' or ')'
#0 /var/www/html/system/Router/Router.php(195): CodeIgniter\Router\Router->autoRoute('ApiCompany/comp...')
#1 /var/www/html/system/CodeIgniter.php(793): CodeIgniter\Router\Router->handle('ApiCompany/comp...')
#2 /var/www/html/system/CodeIgniter.php(364): CodeIgniter\CodeIgniter->tryToRouteIt(Object(CodeIgniter\Router\RouteCollection))
#3 /var/www/html/system/CodeIgniter.php(312): CodeIgniter\CodeIgniter->handleRequest(NULL, Object(Config\Cache), false)
#4 /var/www/html/public/index.php(45): CodeIgniter\CodeIgniter->run()
#5 {main}
CRITICAL - 2022-10-26 15:52:10 --> syntax error, unexpected '$user_code' (T_VARIABLE), expecting ',' or ')'
#0 /var/www/html/system/Router/Router.php(195): CodeIgniter\Router\Router->autoRoute('ApiCompany/comp...')
#1 /var/www/html/system/CodeIgniter.php(793): CodeIgniter\Router\Router->handle('ApiCompany/comp...')
#2 /var/www/html/system/CodeIgniter.php(364): CodeIgniter\CodeIgniter->tryToRouteIt(Object(CodeIgniter\Router\RouteCollection))
#3 /var/www/html/system/CodeIgniter.php(312): CodeIgniter\CodeIgniter->handleRequest(NULL, Object(Config\Cache), false)
#4 /var/www/html/public/index.php(45): CodeIgniter\CodeIgniter->run()
#5 {main}
CRITICAL - 2022-10-26 15:52:13 --> syntax error, unexpected '$user_code' (T_VARIABLE), expecting ',' or ')'
#0 /var/www/html/system/Router/Router.php(195): CodeIgniter\Router\Router->autoRoute('ApiCompany/comp...')
#1 /var/www/html/system/CodeIgniter.php(793): CodeIgniter\Router\Router->handle('ApiCompany/comp...')
#2 /var/www/html/system/CodeIgniter.php(364): CodeIgniter\CodeIgniter->tryToRouteIt(Object(CodeIgniter\Router\RouteCollection))
#3 /var/www/html/system/CodeIgniter.php(312): CodeIgniter\CodeIgniter->handleRequest(NULL, Object(Config\Cache), false)
#4 /var/www/html/public/index.php(45): CodeIgniter\CodeIgniter->run()
#5 {main}
CRITICAL - 2022-10-26 15:52:30 --> syntax error, unexpected '$user_code' (T_VARIABLE), expecting ',' or ')'
#0 /var/www/html/system/Router/Router.php(195): CodeIgniter\Router\Router->autoRoute('ApiCompany/comp...')
#1 /var/www/html/system/CodeIgniter.php(793): CodeIgniter\Router\Router->handle('ApiCompany/comp...')
#2 /var/www/html/system/CodeIgniter.php(364): CodeIgniter\CodeIgniter->tryToRouteIt(Object(CodeIgniter\Router\RouteCollection))
#3 /var/www/html/system/CodeIgniter.php(312): CodeIgniter\CodeIgniter->handleRequest(NULL, Object(Config\Cache), false)
#4 /var/www/html/public/index.php(45): CodeIgniter\CodeIgniter->run()
#5 {main}
CRITICAL - 2022-10-26 15:52:57 --> syntax error, unexpected '$user_code' (T_VARIABLE), expecting ',' or ')'
#0 /var/www/html/system/Router/Router.php(195): CodeIgniter\Router\Router->autoRoute('ApiCompany/comp...')
#1 /var/www/html/system/CodeIgniter.php(793): CodeIgniter\Router\Router->handle('ApiCompany/comp...')
#2 /var/www/html/system/CodeIgniter.php(364): CodeIgniter\CodeIgniter->tryToRouteIt(Object(CodeIgniter\Router\RouteCollection))
#3 /var/www/html/system/CodeIgniter.php(312): CodeIgniter\CodeIgniter->handleRequest(NULL, Object(Config\Cache), false)
#4 /var/www/html/public/index.php(45): CodeIgniter\CodeIgniter->run()
#5 {main}
CRITICAL - 2022-10-26 15:53:00 --> syntax error, unexpected '$user_code' (T_VARIABLE), expecting ',' or ')'
#0 /var/www/html/system/Router/Router.php(195): CodeIgniter\Router\Router->autoRoute('ApiCompany/comp...')
#1 /var/www/html/system/CodeIgniter.php(793): CodeIgniter\Router\Router->handle('ApiCompany/comp...')
#2 /var/www/html/system/CodeIgniter.php(364): CodeIgniter\CodeIgniter->tryToRouteIt(Object(CodeIgniter\Router\RouteCollection))
#3 /var/www/html/system/CodeIgniter.php(312): CodeIgniter\CodeIgniter->handleRequest(NULL, Object(Config\Cache), false)
#4 /var/www/html/public/index.php(45): CodeIgniter\CodeIgniter->run()
#5 {main}
CRITICAL - 2022-10-26 15:53:15 --> syntax error, unexpected '$user_code' (T_VARIABLE), expecting ',' or ')'
#0 /var/www/html/system/Router/Router.php(195): CodeIgniter\Router\Router->autoRoute('ApiCompany/comp...')
#1 /var/www/html/system/CodeIgniter.php(793): CodeIgniter\Router\Router->handle('ApiCompany/comp...')
#2 /var/www/html/system/CodeIgniter.php(364): CodeIgniter\CodeIgniter->tryToRouteIt(Object(CodeIgniter\Router\RouteCollection))
#3 /var/www/html/system/CodeIgniter.php(312): CodeIgniter\CodeIgniter->handleRequest(NULL, Object(Config\Cache), false)
#4 /var/www/html/public/index.php(45): CodeIgniter\CodeIgniter->run()
#5 {main}
CRITICAL - 2022-10-26 15:53:18 --> syntax error, unexpected '$user_code' (T_VARIABLE), expecting ',' or ')'
#0 /var/www/html/system/Router/Router.php(195): CodeIgniter\Router\Router->autoRoute('ApiCompany/comp...')
#1 /var/www/html/system/CodeIgniter.php(793): CodeIgniter\Router\Router->handle('ApiCompany/comp...')
#2 /var/www/html/system/CodeIgniter.php(364): CodeIgniter\CodeIgniter->tryToRouteIt(Object(CodeIgniter\Router\RouteCollection))
#3 /var/www/html/system/CodeIgniter.php(312): CodeIgniter\CodeIgniter->handleRequest(NULL, Object(Config\Cache), false)
#4 /var/www/html/public/index.php(45): CodeIgniter\CodeIgniter->run()
#5 {main}
CRITICAL - 2022-10-26 18:21:41 --> syntax error, unexpected ';', expecting ']'
#0 /var/www/html/system/Router/Router.php(195): CodeIgniter\Router\Router->autoRoute('ApiCompany/comp...')
#1 /var/www/html/system/CodeIgniter.php(793): CodeIgniter\Router\Router->handle('ApiCompany/comp...')
#2 /var/www/html/system/CodeIgniter.php(364): CodeIgniter\CodeIgniter->tryToRouteIt(Object(CodeIgniter\Router\RouteCollection))
#3 /var/www/html/system/CodeIgniter.php(312): CodeIgniter\CodeIgniter->handleRequest(NULL, Object(Config\Cache), false)
#4 /var/www/html/public/index.php(45): CodeIgniter\CodeIgniter->run()
#5 {main}
CRITICAL - 2022-10-26 18:21:45 --> syntax error, unexpected ';', expecting ']'
#0 /var/www/html/system/Router/Router.php(195): CodeIgniter\Router\Router->autoRoute('ApiCompany/comp...')
#1 /var/www/html/system/CodeIgniter.php(793): CodeIgniter\Router\Router->handle('ApiCompany/comp...')
#2 /var/www/html/system/CodeIgniter.php(364): CodeIgniter\CodeIgniter->tryToRouteIt(Object(CodeIgniter\Router\RouteCollection))
#3 /var/www/html/system/CodeIgniter.php(312): CodeIgniter\CodeIgniter->handleRequest(NULL, Object(Config\Cache), false)
#4 /var/www/html/public/index.php(45): CodeIgniter\CodeIgniter->run()
#5 {main}
