CRITICAL - 2022-12-30 18:21:50 --> syntax error, unexpected end of file
#0 /var/www/html/system/Router/Router.php(195): CodeIgniter\Router\Router->autoRoute('ApiCompany/comp...')
#1 /var/www/html/system/CodeIgniter.php(793): CodeIgniter\Router\Router->handle('ApiCompany/comp...')
#2 /var/www/html/system/CodeIgniter.php(364): CodeIgniter\CodeIgniter->tryToRouteIt(Object(CodeIgniter\Router\RouteCollection))
#3 /var/www/html/system/CodeIgniter.php(312): CodeIgniter\CodeIgniter->handleRequest(NULL, Object(Config\Cache), false)
#4 /var/www/html/public/index.php(45): CodeIgniter\CodeIgniter->run()
#5 {main}
CRITICAL - 2022-12-30 18:46:02 --> syntax error, unexpected end of file
#0 /var/www/html/system/Router/Router.php(195): CodeIgniter\Router\Router->autoRoute('ApiCompany/comp...')
#1 /var/www/html/system/CodeIgniter.php(793): CodeIgniter\Router\Router->handle('ApiCompany/comp...')
#2 /var/www/html/system/CodeIgniter.php(364): CodeIgniter\CodeIgniter->tryToRouteIt(Object(CodeIgniter\Router\RouteCollection))
#3 /var/www/html/system/CodeIgniter.php(312): CodeIgniter\CodeIgniter->handleRequest(NULL, Object(Config\Cache), false)
#4 /var/www/html/public/index.php(45): CodeIgniter\CodeIgniter->run()
#5 {main}
CRITICAL - 2022-12-30 18:48:38 --> Maximum execution time of 30 seconds exceeded
#0 [internal function]: CodeIgniter\Debug\Exceptions->shutdownHandler()
#1 {main}
CRITICAL - 2022-12-30 18:49:51 --> Maximum execution time of 30 seconds exceeded
#0 [internal function]: CodeIgniter\Debug\Exceptions->shutdownHandler()
#1 {main}
CRITICAL - 2022-12-30 19:23:16 --> syntax error, unexpected ']'
#0 /var/www/html/system/Router/Router.php(195): CodeIgniter\Router\Router->autoRoute('ApiCompany/comp...')
#1 /var/www/html/system/CodeIgniter.php(793): CodeIgniter\Router\Router->handle('ApiCompany/comp...')
#2 /var/www/html/system/CodeIgniter.php(364): CodeIgniter\CodeIgniter->tryToRouteIt(Object(CodeIgniter\Router\RouteCollection))
#3 /var/www/html/system/CodeIgniter.php(312): CodeIgniter\CodeIgniter->handleRequest(NULL, Object(Config\Cache), false)
#4 /var/www/html/public/index.php(45): CodeIgniter\CodeIgniter->run()
#5 {main}
