CRITICAL - 2023-03-29 15:20:17 --> Argument 2 passed to view() must be of the type array, null given, called in C:\xampp\htdocs\hotott\app\Libraries\Template.php on line 15
#0 C:\xampp\htdocs\hotott\app\Libraries\Template.php(15): view('admin/Reward/re...', NULL)
#1 C:\xampp\htdocs\hotott\app\Controllers\Reward.php(24): App\Libraries\Template->render('admintemplate', 'contents', 'admin/Reward/re...', NULL)
#2 C:\xampp\htdocs\hotott\system\CodeIgniter.php(918): App\Controllers\Reward->index()
#3 C:\xampp\htdocs\hotott\system\CodeIgniter.php(404): CodeIgniter\CodeIgniter->runController(Object(App\Controllers\Reward))
#4 C:\xampp\htdocs\hotott\system\CodeIgniter.php(312): CodeIgniter\CodeIgniter->handleRequest(NULL, Object(Config\Cache), false)
#5 C:\xampp\htdocs\hotott\public\index.php(45): CodeIgniter\CodeIgniter->run()
#6 {main}
CRITICAL - 2023-03-29 15:20:18 --> Argument 2 passed to view() must be of the type array, null given, called in C:\xampp\htdocs\hotott\app\Libraries\Template.php on line 15
#0 C:\xampp\htdocs\hotott\app\Libraries\Template.php(15): view('admin/Reward/re...', NULL)
#1 C:\xampp\htdocs\hotott\app\Controllers\Reward.php(24): App\Libraries\Template->render('admintemplate', 'contents', 'admin/Reward/re...', NULL)
#2 C:\xampp\htdocs\hotott\system\CodeIgniter.php(918): App\Controllers\Reward->index()
#3 C:\xampp\htdocs\hotott\system\CodeIgniter.php(404): CodeIgniter\CodeIgniter->runController(Object(App\Controllers\Reward))
#4 C:\xampp\htdocs\hotott\system\CodeIgniter.php(312): CodeIgniter\CodeIgniter->handleRequest(NULL, Object(Config\Cache), false)
#5 C:\xampp\htdocs\hotott\public\index.php(45): CodeIgniter\CodeIgniter->run()
#6 {main}
CRITICAL - 2023-03-29 15:27:18 --> Class 'App\Controllers\Paginationnew' not found
#0 C:\xampp\htdocs\hotott\system\CodeIgniter.php(918): App\Controllers\Reward->index()
#1 C:\xampp\htdocs\hotott\system\CodeIgniter.php(404): CodeIgniter\CodeIgniter->runController(Object(App\Controllers\Reward))
#2 C:\xampp\htdocs\hotott\system\CodeIgniter.php(312): CodeIgniter\CodeIgniter->handleRequest(NULL, Object(Config\Cache), false)
#3 C:\xampp\htdocs\hotott\public\index.php(45): CodeIgniter\CodeIgniter->run()
#4 {main}
CRITICAL - 2023-03-29 15:27:23 --> Class 'App\Controllers\Paginationnew' not found
#0 C:\xampp\htdocs\hotott\system\CodeIgniter.php(918): App\Controllers\Reward->index()
#1 C:\xampp\htdocs\hotott\system\CodeIgniter.php(404): CodeIgniter\CodeIgniter->runController(Object(App\Controllers\Reward))
#2 C:\xampp\htdocs\hotott\system\CodeIgniter.php(312): CodeIgniter\CodeIgniter->handleRequest(NULL, Object(Config\Cache), false)
#3 C:\xampp\htdocs\hotott\public\index.php(45): CodeIgniter\CodeIgniter->run()
#4 {main}
CRITICAL - 2023-03-29 15:57:42 --> Cannot use object of type stdClass as array
#0 C:\xampp\htdocs\hotott\system\View\View.php(246): include()
#1 C:\xampp\htdocs\hotott\system\Common.php(1119): CodeIgniter\View\View->render('admin/Reward/re...', Array, true)
#2 C:\xampp\htdocs\hotott\app\Libraries\Template.php(15): view('admin/Reward/re...', Array)
#3 C:\xampp\htdocs\hotott\app\Controllers\Reward.php(56): App\Libraries\Template->render('admintemplate', 'contents', 'admin/Reward/re...', Array)
#4 C:\xampp\htdocs\hotott\system\CodeIgniter.php(918): App\Controllers\Reward->index()
#5 C:\xampp\htdocs\hotott\system\CodeIgniter.php(404): CodeIgniter\CodeIgniter->runController(Object(App\Controllers\Reward))
#6 C:\xampp\htdocs\hotott\system\CodeIgniter.php(312): CodeIgniter\CodeIgniter->handleRequest(NULL, Object(Config\Cache), false)
#7 C:\xampp\htdocs\hotott\public\index.php(45): CodeIgniter\CodeIgniter->run()
#8 {main}
CRITICAL - 2023-03-29 15:57:44 --> Cannot use object of type stdClass as array
#0 C:\xampp\htdocs\hotott\system\View\View.php(246): include()
#1 C:\xampp\htdocs\hotott\system\Common.php(1119): CodeIgniter\View\View->render('admin/Reward/re...', Array, true)
#2 C:\xampp\htdocs\hotott\app\Libraries\Template.php(15): view('admin/Reward/re...', Array)
#3 C:\xampp\htdocs\hotott\app\Controllers\Reward.php(56): App\Libraries\Template->render('admintemplate', 'contents', 'admin/Reward/re...', Array)
#4 C:\xampp\htdocs\hotott\system\CodeIgniter.php(918): App\Controllers\Reward->index()
#5 C:\xampp\htdocs\hotott\system\CodeIgniter.php(404): CodeIgniter\CodeIgniter->runController(Object(App\Controllers\Reward))
#6 C:\xampp\htdocs\hotott\system\CodeIgniter.php(312): CodeIgniter\CodeIgniter->handleRequest(NULL, Object(Config\Cache), false)
#7 C:\xampp\htdocs\hotott\public\index.php(45): CodeIgniter\CodeIgniter->run()
#8 {main}
CRITICAL - 2023-03-29 15:57:56 --> Cannot use object of type stdClass as array
#0 C:\xampp\htdocs\hotott\system\View\View.php(246): include()
#1 C:\xampp\htdocs\hotott\system\Common.php(1119): CodeIgniter\View\View->render('admin/Reward/re...', Array, true)
#2 C:\xampp\htdocs\hotott\app\Libraries\Template.php(15): view('admin/Reward/re...', Array)
#3 C:\xampp\htdocs\hotott\app\Controllers\Reward.php(56): App\Libraries\Template->render('admintemplate', 'contents', 'admin/Reward/re...', Array)
#4 C:\xampp\htdocs\hotott\system\CodeIgniter.php(918): App\Controllers\Reward->index()
#5 C:\xampp\htdocs\hotott\system\CodeIgniter.php(404): CodeIgniter\CodeIgniter->runController(Object(App\Controllers\Reward))
#6 C:\xampp\htdocs\hotott\system\CodeIgniter.php(312): CodeIgniter\CodeIgniter->handleRequest(NULL, Object(Config\Cache), false)
#7 C:\xampp\htdocs\hotott\public\index.php(45): CodeIgniter\CodeIgniter->run()
#8 {main}
CRITICAL - 2023-03-29 16:10:47 --> syntax error, unexpected '$kdata' (T_VARIABLE), expecting ')'
#0 C:\xampp\htdocs\hotott\system\Common.php(1119): CodeIgniter\View\View->render('admin/Reward/re...', Array, true)
#1 C:\xampp\htdocs\hotott\app\Libraries\Template.php(15): view('admin/Reward/re...', Array)
#2 C:\xampp\htdocs\hotott\app\Controllers\Reward.php(56): App\Libraries\Template->render('admintemplate', 'contents', 'admin/Reward/re...', Array)
#3 C:\xampp\htdocs\hotott\system\CodeIgniter.php(918): App\Controllers\Reward->index()
#4 C:\xampp\htdocs\hotott\system\CodeIgniter.php(404): CodeIgniter\CodeIgniter->runController(Object(App\Controllers\Reward))
#5 C:\xampp\htdocs\hotott\system\CodeIgniter.php(312): CodeIgniter\CodeIgniter->handleRequest(NULL, Object(Config\Cache), false)
#6 C:\xampp\htdocs\hotott\public\index.php(45): CodeIgniter\CodeIgniter->run()
#7 {main}
CRITICAL - 2023-03-29 16:10:48 --> syntax error, unexpected '$kdata' (T_VARIABLE), expecting ')'
#0 C:\xampp\htdocs\hotott\system\Common.php(1119): CodeIgniter\View\View->render('admin/Reward/re...', Array, true)
#1 C:\xampp\htdocs\hotott\app\Libraries\Template.php(15): view('admin/Reward/re...', Array)
#2 C:\xampp\htdocs\hotott\app\Controllers\Reward.php(56): App\Libraries\Template->render('admintemplate', 'contents', 'admin/Reward/re...', Array)
#3 C:\xampp\htdocs\hotott\system\CodeIgniter.php(918): App\Controllers\Reward->index()
#4 C:\xampp\htdocs\hotott\system\CodeIgniter.php(404): CodeIgniter\CodeIgniter->runController(Object(App\Controllers\Reward))
#5 C:\xampp\htdocs\hotott\system\CodeIgniter.php(312): CodeIgniter\CodeIgniter->handleRequest(NULL, Object(Config\Cache), false)
#6 C:\xampp\htdocs\hotott\public\index.php(45): CodeIgniter\CodeIgniter->run()
#7 {main}
CRITICAL - 2023-03-29 16:10:49 --> syntax error, unexpected '$kdata' (T_VARIABLE), expecting ')'
#0 C:\xampp\htdocs\hotott\system\Common.php(1119): CodeIgniter\View\View->render('admin/Reward/re...', Array, true)
#1 C:\xampp\htdocs\hotott\app\Libraries\Template.php(15): view('admin/Reward/re...', Array)
#2 C:\xampp\htdocs\hotott\app\Controllers\Reward.php(56): App\Libraries\Template->render('admintemplate', 'contents', 'admin/Reward/re...', Array)
#3 C:\xampp\htdocs\hotott\system\CodeIgniter.php(918): App\Controllers\Reward->index()
#4 C:\xampp\htdocs\hotott\system\CodeIgniter.php(404): CodeIgniter\CodeIgniter->runController(Object(App\Controllers\Reward))
#5 C:\xampp\htdocs\hotott\system\CodeIgniter.php(312): CodeIgniter\CodeIgniter->handleRequest(NULL, Object(Config\Cache), false)
#6 C:\xampp\htdocs\hotott\public\index.php(45): CodeIgniter\CodeIgniter->run()
#7 {main}
CRITICAL - 2023-03-29 16:10:49 --> syntax error, unexpected '$kdata' (T_VARIABLE), expecting ')'
#0 C:\xampp\htdocs\hotott\system\Common.php(1119): CodeIgniter\View\View->render('admin/Reward/re...', Array, true)
#1 C:\xampp\htdocs\hotott\app\Libraries\Template.php(15): view('admin/Reward/re...', Array)
#2 C:\xampp\htdocs\hotott\app\Controllers\Reward.php(56): App\Libraries\Template->render('admintemplate', 'contents', 'admin/Reward/re...', Array)
#3 C:\xampp\htdocs\hotott\system\CodeIgniter.php(918): App\Controllers\Reward->index()
#4 C:\xampp\htdocs\hotott\system\CodeIgniter.php(404): CodeIgniter\CodeIgniter->runController(Object(App\Controllers\Reward))
#5 C:\xampp\htdocs\hotott\system\CodeIgniter.php(312): CodeIgniter\CodeIgniter->handleRequest(NULL, Object(Config\Cache), false)
#6 C:\xampp\htdocs\hotott\public\index.php(45): CodeIgniter\CodeIgniter->run()
#7 {main}
CRITICAL - 2023-03-29 16:34:29 --> Call to a member function getStationArr() on null
#0 C:\xampp\htdocs\hotott\system\CodeIgniter.php(918): App\Controllers\Reward->add()
#1 C:\xampp\htdocs\hotott\system\CodeIgniter.php(404): CodeIgniter\CodeIgniter->runController(Object(App\Controllers\Reward))
#2 C:\xampp\htdocs\hotott\system\CodeIgniter.php(312): CodeIgniter\CodeIgniter->handleRequest(NULL, Object(Config\Cache), false)
#3 C:\xampp\htdocs\hotott\public\index.php(45): CodeIgniter\CodeIgniter->run()
#4 {main}
CRITICAL - 2023-03-29 16:34:30 --> Call to a member function getStationArr() on null
#0 C:\xampp\htdocs\hotott\system\CodeIgniter.php(918): App\Controllers\Reward->add()
#1 C:\xampp\htdocs\hotott\system\CodeIgniter.php(404): CodeIgniter\CodeIgniter->runController(Object(App\Controllers\Reward))
#2 C:\xampp\htdocs\hotott\system\CodeIgniter.php(312): CodeIgniter\CodeIgniter->handleRequest(NULL, Object(Config\Cache), false)
#3 C:\xampp\htdocs\hotott\public\index.php(45): CodeIgniter\CodeIgniter->run()
#4 {main}
CRITICAL - 2023-03-29 18:50:32 --> syntax error, unexpected 'else' (T_ELSE), expecting function (T_FUNCTION) or const (T_CONST)
#0 C:\xampp\htdocs\hotott\system\Autoloader\Autoloader.php(296): CodeIgniter\Autoloader\Autoloader->requireFile('C:\\xampp\\htdocs...')
#1 C:\xampp\htdocs\hotott\system\Autoloader\Autoloader.php(258): CodeIgniter\Autoloader\Autoloader->loadInNamespace('App\\Controllers...')
#2 [internal function]: CodeIgniter\Autoloader\Autoloader->loadClass('App\\Controllers...')
#3 [internal function]: spl_autoload_call('App\\Controllers...')
#4 C:\xampp\htdocs\hotott\system\CodeIgniter.php(869): class_exists('\\App\\Controller...', true)
#5 C:\xampp\htdocs\hotott\system\CodeIgniter.php(394): CodeIgniter\CodeIgniter->startController()
#6 C:\xampp\htdocs\hotott\system\CodeIgniter.php(312): CodeIgniter\CodeIgniter->handleRequest(NULL, Object(Config\Cache), false)
#7 C:\xampp\htdocs\hotott\public\index.php(45): CodeIgniter\CodeIgniter->run()
#8 {main}
CRITICAL - 2023-03-29 18:50:32 --> syntax error, unexpected 'else' (T_ELSE), expecting function (T_FUNCTION) or const (T_CONST)
#0 C:\xampp\htdocs\hotott\system\Autoloader\Autoloader.php(296): CodeIgniter\Autoloader\Autoloader->requireFile('C:\\xampp\\htdocs...')
#1 C:\xampp\htdocs\hotott\system\Autoloader\Autoloader.php(258): CodeIgniter\Autoloader\Autoloader->loadInNamespace('App\\Controllers...')
#2 [internal function]: CodeIgniter\Autoloader\Autoloader->loadClass('App\\Controllers...')
#3 [internal function]: spl_autoload_call('App\\Controllers...')
#4 C:\xampp\htdocs\hotott\system\CodeIgniter.php(869): class_exists('\\App\\Controller...', true)
#5 C:\xampp\htdocs\hotott\system\CodeIgniter.php(394): CodeIgniter\CodeIgniter->startController()
#6 C:\xampp\htdocs\hotott\system\CodeIgniter.php(312): CodeIgniter\CodeIgniter->handleRequest(NULL, Object(Config\Cache), false)
#7 C:\xampp\htdocs\hotott\public\index.php(45): CodeIgniter\CodeIgniter->run()
#8 {main}
CRITICAL - 2023-03-29 19:12:52 --> Invalid file: admin/Reward/awardlist.php
#0 C:\xampp\htdocs\hotott\system\View\View.php(228): CodeIgniter\Exceptions\FrameworkException::forInvalidFile('admin/Reward/aw...')
#1 C:\xampp\htdocs\hotott\system\Common.php(1119): CodeIgniter\View\View->render('admin/Reward/aw...', Array, true)
#2 C:\xampp\htdocs\hotott\app\Libraries\Template.php(15): view('admin/Reward/aw...', Array)
#3 C:\xampp\htdocs\hotott\app\Controllers\Award.php(56): App\Libraries\Template->render('admintemplate', 'contents', 'admin/Reward/aw...', Array)
#4 C:\xampp\htdocs\hotott\system\CodeIgniter.php(918): App\Controllers\Award->index()
#5 C:\xampp\htdocs\hotott\system\CodeIgniter.php(404): CodeIgniter\CodeIgniter->runController(Object(App\Controllers\Award))
#6 C:\xampp\htdocs\hotott\system\CodeIgniter.php(312): CodeIgniter\CodeIgniter->handleRequest(NULL, Object(Config\Cache), false)
#7 C:\xampp\htdocs\hotott\public\index.php(45): CodeIgniter\CodeIgniter->run()
#8 {main}
CRITICAL - 2023-03-29 19:12:52 --> Invalid file: admin/Reward/awardlist.php
#0 C:\xampp\htdocs\hotott\system\View\View.php(228): CodeIgniter\Exceptions\FrameworkException::forInvalidFile('admin/Reward/aw...')
#1 C:\xampp\htdocs\hotott\system\Common.php(1119): CodeIgniter\View\View->render('admin/Reward/aw...', Array, true)
#2 C:\xampp\htdocs\hotott\app\Libraries\Template.php(15): view('admin/Reward/aw...', Array)
#3 C:\xampp\htdocs\hotott\app\Controllers\Award.php(56): App\Libraries\Template->render('admintemplate', 'contents', 'admin/Reward/aw...', Array)
#4 C:\xampp\htdocs\hotott\system\CodeIgniter.php(918): App\Controllers\Award->index()
#5 C:\xampp\htdocs\hotott\system\CodeIgniter.php(404): CodeIgniter\CodeIgniter->runController(Object(App\Controllers\Award))
#6 C:\xampp\htdocs\hotott\system\CodeIgniter.php(312): CodeIgniter\CodeIgniter->handleRequest(NULL, Object(Config\Cache), false)
#7 C:\xampp\htdocs\hotott\public\index.php(45): CodeIgniter\CodeIgniter->run()
#8 {main}
