CRITICAL - 2022-09-14 13:06:08 --> A non-numeric value encountered
#0 /var/www/html/app/Controllers/ApiAdvertise.php(169): CodeIgniter\Debug\Exceptions->errorHandler(2, 'A non-numeric v...', '/var/www/html/a...', 169, Array)
#1 /var/www/html/system/CodeIgniter.php(918): App\Controllers\ApiAdvertise->bannerCount()
#2 /var/www/html/system/CodeIgniter.php(404): CodeIgniter\CodeIgniter->runController(Object(App\Controllers\ApiAdvertise))
#3 /var/www/html/system/CodeIgniter.php(312): CodeIgniter\CodeIgniter->handleRequest(NULL, Object(Config\Cache), false)
#4 /var/www/html/public/index.php(45): CodeIgniter\CodeIgniter->run()
#5 {main}
CRITICAL - 2022-09-14 13:54:47 --> Cannot use isset() on the result of an expression (you can use "null !== expression" instead)
#0 [internal function]: CodeIgniter\Debug\Exceptions->shutdownHandler()
#1 {main}
CRITICAL - 2022-09-14 13:56:21 --> Cannot use isset() on the result of an expression (you can use "null !== expression" instead)
#0 [internal function]: CodeIgniter\Debug\Exceptions->shutdownHandler()
#1 {main}
CRITICAL - 2022-09-14 13:56:39 --> syntax error, unexpected ')', expecting ',' or ';'
#0 /var/www/html/system/Common.php(1119): CodeIgniter\View\View->render('admin/products/...', Array, true)
#1 /var/www/html/app/Libraries/Template.php(15): view('admin/products/...', Array)
#2 /var/www/html/app/Controllers/ProductController.php(95): App\Libraries\Template->render('admintemplate', 'contents', 'admin/products/...', Array)
#3 /var/www/html/system/CodeIgniter.php(918): App\Controllers\ProductController->add_new()
#4 /var/www/html/system/CodeIgniter.php(404): CodeIgniter\CodeIgniter->runController(Object(App\Controllers\ProductController))
#5 /var/www/html/system/CodeIgniter.php(312): CodeIgniter\CodeIgniter->handleRequest(NULL, Object(Config\Cache), false)
#6 /var/www/html/public/index.php(45): CodeIgniter\CodeIgniter->run()
#7 {main}
CRITICAL - 2022-09-14 17:05:25 --> Call to a member function get() on null
#0 /var/www/html/system/View/View.php(246): include()
#1 /var/www/html/system/Common.php(1119): CodeIgniter\View\View->render('admin/bannerlis...', Array, true)
#2 /var/www/html/app/Libraries/Template.php(15): view('admin/bannerlis...', Array)
#3 /var/www/html/app/Controllers/AboutCompany.php(124): App\Libraries\Template->render('admintemplate', 'contents', 'admin/bannerlis...', Array)
#4 /var/www/html/system/CodeIgniter.php(918): App\Controllers\AboutCompany->banner_list()
#5 /var/www/html/system/CodeIgniter.php(404): CodeIgniter\CodeIgniter->runController(Object(App\Controllers\AboutCompany))
#6 /var/www/html/system/CodeIgniter.php(312): CodeIgniter\CodeIgniter->handleRequest(NULL, Object(Config\Cache), false)
#7 /var/www/html/public/index.php(45): CodeIgniter\CodeIgniter->run()
#8 {main}
CRITICAL - 2022-09-14 17:05:50 --> Call to a member function get() on null
#0 /var/www/html/system/View/View.php(246): include()
#1 /var/www/html/system/Common.php(1119): CodeIgniter\View\View->render('admin/bannerlis...', Array, true)
#2 /var/www/html/app/Libraries/Template.php(15): view('admin/bannerlis...', Array)
#3 /var/www/html/app/Controllers/AboutCompany.php(124): App\Libraries\Template->render('admintemplate', 'contents', 'admin/bannerlis...', Array)
#4 /var/www/html/system/CodeIgniter.php(918): App\Controllers\AboutCompany->banner_list()
#5 /var/www/html/system/CodeIgniter.php(404): CodeIgniter\CodeIgniter->runController(Object(App\Controllers\AboutCompany))
#6 /var/www/html/system/CodeIgniter.php(312): CodeIgniter\CodeIgniter->handleRequest(NULL, Object(Config\Cache), false)
#7 /var/www/html/public/index.php(45): CodeIgniter\CodeIgniter->run()
#8 {main}
CRITICAL - 2022-09-14 17:07:28 --> Call to a member function get() on null
#0 /var/www/html/system/View/View.php(246): include()
#1 /var/www/html/system/Common.php(1119): CodeIgniter\View\View->render('admin/bannerlis...', Array, true)
#2 /var/www/html/app/Libraries/Template.php(15): view('admin/bannerlis...', Array)
#3 /var/www/html/app/Controllers/AboutCompany.php(124): App\Libraries\Template->render('admintemplate', 'contents', 'admin/bannerlis...', Array)
#4 /var/www/html/system/CodeIgniter.php(918): App\Controllers\AboutCompany->banner_list()
#5 /var/www/html/system/CodeIgniter.php(404): CodeIgniter\CodeIgniter->runController(Object(App\Controllers\AboutCompany))
#6 /var/www/html/system/CodeIgniter.php(312): CodeIgniter\CodeIgniter->handleRequest(NULL, Object(Config\Cache), false)
#7 /var/www/html/public/index.php(45): CodeIgniter\CodeIgniter->run()
#8 {main}
CRITICAL - 2022-09-14 18:36:43 --> A non-numeric value encountered
#0 /var/www/html/app/Controllers/ApiAdvertise.php(169): CodeIgniter\Debug\Exceptions->errorHandler(2, 'A non-numeric v...', '/var/www/html/a...', 169, Array)
#1 /var/www/html/system/CodeIgniter.php(918): App\Controllers\ApiAdvertise->bannerCount()
#2 /var/www/html/system/CodeIgniter.php(404): CodeIgniter\CodeIgniter->runController(Object(App\Controllers\ApiAdvertise))
#3 /var/www/html/system/CodeIgniter.php(312): CodeIgniter\CodeIgniter->handleRequest(NULL, Object(Config\Cache), false)
#4 /var/www/html/public/index.php(45): CodeIgniter\CodeIgniter->run()
#5 {main}
CRITICAL - 2022-09-14 19:36:13 --> Invalid file: {0}
#0 /var/www/html/system/View/View.php(228): CodeIgniter\Exceptions\FrameworkException::forInvalidFile('admin/change_pa...')
#1 /var/www/html/system/Common.php(1119): CodeIgniter\View\View->render('admin/change_pa...', Array, true)
#2 /var/www/html/app/Libraries/Template.php(15): view('admin/change_pa...', Array)
#3 /var/www/html/app/Controllers/Admin.php(316): App\Libraries\Template->render('admintemplate', 'contents', 'admin/change_pa...')
#4 /var/www/html/system/CodeIgniter.php(918): App\Controllers\Admin->edit_password()
#5 /var/www/html/system/CodeIgniter.php(404): CodeIgniter\CodeIgniter->runController(Object(App\Controllers\Admin))
#6 /var/www/html/system/CodeIgniter.php(312): CodeIgniter\CodeIgniter->handleRequest(NULL, Object(Config\Cache), false)
#7 /var/www/html/public/index.php(45): CodeIgniter\CodeIgniter->run()
#8 {main}
CRITICAL - 2022-09-14 19:47:22 --> Maximum execution time of 30 seconds exceeded
#0 [internal function]: CodeIgniter\Debug\Exceptions->shutdownHandler()
#1 {main}
CRITICAL - 2022-09-14 22:10:46 --> Maximum execution time of 30 seconds exceeded
#0 [internal function]: CodeIgniter\Debug\Exceptions->shutdownHandler()
#1 {main}
