CRITICAL - 2023-01-02 12:36:43 --> filesize(): stat failed for /var/www/html/writable/session/ci_sessiono3ntnb9kbb2c8gjuu4pil3p2pjmrh91t
#0 [internal function]: CodeIgniter\Debug\Exceptions->errorHandler(2, 'filesize(): sta...', '/var/www/html/s...', 211, Array)
#1 /var/www/html/system/Session/Handlers/FileHandler.php(211): filesize('/var/www/html/w...')
#2 [internal function]: CodeIgniter\Session\Handlers\FileHandler->read('o3ntnb9kbb2c8gj...')
#3 /var/www/html/system/Session/Session.php(1005): session_start()
#4 /var/www/html/system/Session/Session.php(240): CodeIgniter\Session\Session->startSession()
#5 /var/www/html/system/Config/Services.php(788): CodeIgniter\Session\Session->start()
#6 /var/www/html/system/Config/BaseService.php(123): CodeIgniter\Config\Services::session(Object(Config\App), false)
#7 /var/www/html/system/Config/Services.php(769): CodeIgniter\Config\BaseService::getSharedInstance('session', NULL)
#8 /var/www/html/system/Common.php(926): CodeIgniter\Config\Services::session()
#9 /var/www/html/app/Controllers/Admin.php(34): session()
#10 /var/www/html/system/CodeIgniter.php(890): App\Controllers\Admin->__construct()
#11 /var/www/html/system/CodeIgniter.php(399): CodeIgniter\CodeIgniter->createController()
#12 /var/www/html/system/CodeIgniter.php(312): CodeIgniter\CodeIgniter->handleRequest(NULL, Object(Config\Cache), false)
#13 /var/www/html/public/index.php(45): CodeIgniter\CodeIgniter->run()
#14 {main}
CRITICAL - 2023-01-02 13:23:15 --> syntax error, unexpected end of file, expecting ')'
#0 /var/www/html/system/Autoloader/Autoloader.php(296): CodeIgniter\Autoloader\Autoloader->requireFile('/var/www/html/a...')
#1 /var/www/html/system/Autoloader/Autoloader.php(258): CodeIgniter\Autoloader\Autoloader->loadInNamespace('App\\Controllers...')
#2 [internal function]: CodeIgniter\Autoloader\Autoloader->loadClass('App\\Controllers...')
#3 [internal function]: spl_autoload_call('App\\Controllers...')
#4 /var/www/html/system/CodeIgniter.php(869): class_exists('\\App\\Controller...', true)
#5 /var/www/html/system/CodeIgniter.php(394): CodeIgniter\CodeIgniter->startController()
#6 /var/www/html/system/CodeIgniter.php(312): CodeIgniter\CodeIgniter->handleRequest(NULL, Object(Config\Cache), false)
#7 /var/www/html/public/index.php(45): CodeIgniter\CodeIgniter->run()
#8 {main}
CRITICAL - 2023-01-02 13:23:49 --> Invalid argument supplied for foreach()
#0 /var/www/html/app/Views/admin/Coupon/add.php(104): CodeIgniter\Debug\Exceptions->errorHandler(2, 'Invalid argumen...', '/var/www/html/a...', 104, Array)
#1 /var/www/html/system/View/View.php(246): include('/var/www/html/a...')
#2 /var/www/html/system/Common.php(1119): CodeIgniter\View\View->render('admin/Coupon/ad...', Array, true)
#3 /var/www/html/app/Libraries/Template.php(15): view('admin/Coupon/ad...', Array)
#4 /var/www/html/app/Controllers/Coupon.php(126): App\Libraries\Template->render('admintemplate', 'contents', 'admin/Coupon/ad...', Array)
#5 /var/www/html/system/CodeIgniter.php(918): App\Controllers\Coupon->addCoupon()
#6 /var/www/html/system/CodeIgniter.php(404): CodeIgniter\CodeIgniter->runController(Object(App\Controllers\Coupon))
#7 /var/www/html/system/CodeIgniter.php(312): CodeIgniter\CodeIgniter->handleRequest(NULL, Object(Config\Cache), false)
#8 /var/www/html/public/index.php(45): CodeIgniter\CodeIgniter->run()
#9 {main}
CRITICAL - 2023-01-02 13:23:50 --> Invalid argument supplied for foreach()
#0 /var/www/html/app/Views/admin/Coupon/add.php(104): CodeIgniter\Debug\Exceptions->errorHandler(2, 'Invalid argumen...', '/var/www/html/a...', 104, Array)
#1 /var/www/html/system/View/View.php(246): include('/var/www/html/a...')
#2 /var/www/html/system/Common.php(1119): CodeIgniter\View\View->render('admin/Coupon/ad...', Array, true)
#3 /var/www/html/app/Libraries/Template.php(15): view('admin/Coupon/ad...', Array)
#4 /var/www/html/app/Controllers/Coupon.php(126): App\Libraries\Template->render('admintemplate', 'contents', 'admin/Coupon/ad...', Array)
#5 /var/www/html/system/CodeIgniter.php(918): App\Controllers\Coupon->addCoupon()
#6 /var/www/html/system/CodeIgniter.php(404): CodeIgniter\CodeIgniter->runController(Object(App\Controllers\Coupon))
#7 /var/www/html/system/CodeIgniter.php(312): CodeIgniter\CodeIgniter->handleRequest(NULL, Object(Config\Cache), false)
#8 /var/www/html/public/index.php(45): CodeIgniter\CodeIgniter->run()
#9 {main}
CRITICAL - 2023-01-02 13:23:51 --> Invalid argument supplied for foreach()
#0 /var/www/html/app/Views/admin/Coupon/add.php(104): CodeIgniter\Debug\Exceptions->errorHandler(2, 'Invalid argumen...', '/var/www/html/a...', 104, Array)
#1 /var/www/html/system/View/View.php(246): include('/var/www/html/a...')
#2 /var/www/html/system/Common.php(1119): CodeIgniter\View\View->render('admin/Coupon/ad...', Array, true)
#3 /var/www/html/app/Libraries/Template.php(15): view('admin/Coupon/ad...', Array)
#4 /var/www/html/app/Controllers/Coupon.php(126): App\Libraries\Template->render('admintemplate', 'contents', 'admin/Coupon/ad...', Array)
#5 /var/www/html/system/CodeIgniter.php(918): App\Controllers\Coupon->addCoupon()
#6 /var/www/html/system/CodeIgniter.php(404): CodeIgniter\CodeIgniter->runController(Object(App\Controllers\Coupon))
#7 /var/www/html/system/CodeIgniter.php(312): CodeIgniter\CodeIgniter->handleRequest(NULL, Object(Config\Cache), false)
#8 /var/www/html/public/index.php(45): CodeIgniter\CodeIgniter->run()
#9 {main}
CRITICAL - 2023-01-02 13:24:12 --> Invalid argument supplied for foreach()
#0 /var/www/html/app/Views/admin/Coupon/add.php(104): CodeIgniter\Debug\Exceptions->errorHandler(2, 'Invalid argumen...', '/var/www/html/a...', 104, Array)
#1 /var/www/html/system/View/View.php(246): include('/var/www/html/a...')
#2 /var/www/html/system/Common.php(1119): CodeIgniter\View\View->render('admin/Coupon/ad...', Array, true)
#3 /var/www/html/app/Libraries/Template.php(15): view('admin/Coupon/ad...', Array)
#4 /var/www/html/app/Controllers/Coupon.php(126): App\Libraries\Template->render('admintemplate', 'contents', 'admin/Coupon/ad...', Array)
#5 /var/www/html/system/CodeIgniter.php(918): App\Controllers\Coupon->addCoupon()
#6 /var/www/html/system/CodeIgniter.php(404): CodeIgniter\CodeIgniter->runController(Object(App\Controllers\Coupon))
#7 /var/www/html/system/CodeIgniter.php(312): CodeIgniter\CodeIgniter->handleRequest(NULL, Object(Config\Cache), false)
#8 /var/www/html/public/index.php(45): CodeIgniter\CodeIgniter->run()
#9 {main}
CRITICAL - 2023-01-02 13:24:13 --> Invalid argument supplied for foreach()
#0 /var/www/html/app/Views/admin/Coupon/add.php(104): CodeIgniter\Debug\Exceptions->errorHandler(2, 'Invalid argumen...', '/var/www/html/a...', 104, Array)
#1 /var/www/html/system/View/View.php(246): include('/var/www/html/a...')
#2 /var/www/html/system/Common.php(1119): CodeIgniter\View\View->render('admin/Coupon/ad...', Array, true)
#3 /var/www/html/app/Libraries/Template.php(15): view('admin/Coupon/ad...', Array)
#4 /var/www/html/app/Controllers/Coupon.php(126): App\Libraries\Template->render('admintemplate', 'contents', 'admin/Coupon/ad...', Array)
#5 /var/www/html/system/CodeIgniter.php(918): App\Controllers\Coupon->addCoupon()
#6 /var/www/html/system/CodeIgniter.php(404): CodeIgniter\CodeIgniter->runController(Object(App\Controllers\Coupon))
#7 /var/www/html/system/CodeIgniter.php(312): CodeIgniter\CodeIgniter->handleRequest(NULL, Object(Config\Cache), false)
#8 /var/www/html/public/index.php(45): CodeIgniter\CodeIgniter->run()
#9 {main}
CRITICAL - 2023-01-02 13:34:43 --> Invalid argument supplied for foreach()
#0 /var/www/html/app/Views/admin/Coupon/list.php(135): CodeIgniter\Debug\Exceptions->errorHandler(2, 'Invalid argumen...', '/var/www/html/a...', 135, Array)
#1 /var/www/html/system/View/View.php(246): include('/var/www/html/a...')
#2 /var/www/html/system/Common.php(1119): CodeIgniter\View\View->render('admin/Coupon/li...', Array, true)
#3 /var/www/html/app/Libraries/Template.php(15): view('admin/Coupon/li...', Array)
#4 /var/www/html/app/Controllers/Coupon.php(92): App\Libraries\Template->render('admintemplate', 'contents', 'admin/Coupon/li...', Array)
#5 /var/www/html/system/CodeIgniter.php(918): App\Controllers\Coupon->index()
#6 /var/www/html/system/CodeIgniter.php(404): CodeIgniter\CodeIgniter->runController(Object(App\Controllers\Coupon))
#7 /var/www/html/system/CodeIgniter.php(312): CodeIgniter\CodeIgniter->handleRequest(NULL, Object(Config\Cache), false)
#8 /var/www/html/public/index.php(45): CodeIgniter\CodeIgniter->run()
#9 {main}
CRITICAL - 2023-01-02 13:34:44 --> Invalid argument supplied for foreach()
#0 /var/www/html/app/Views/admin/Coupon/list.php(135): CodeIgniter\Debug\Exceptions->errorHandler(2, 'Invalid argumen...', '/var/www/html/a...', 135, Array)
#1 /var/www/html/system/View/View.php(246): include('/var/www/html/a...')
#2 /var/www/html/system/Common.php(1119): CodeIgniter\View\View->render('admin/Coupon/li...', Array, true)
#3 /var/www/html/app/Libraries/Template.php(15): view('admin/Coupon/li...', Array)
#4 /var/www/html/app/Controllers/Coupon.php(92): App\Libraries\Template->render('admintemplate', 'contents', 'admin/Coupon/li...', Array)
#5 /var/www/html/system/CodeIgniter.php(918): App\Controllers\Coupon->index()
#6 /var/www/html/system/CodeIgniter.php(404): CodeIgniter\CodeIgniter->runController(Object(App\Controllers\Coupon))
#7 /var/www/html/system/CodeIgniter.php(312): CodeIgniter\CodeIgniter->handleRequest(NULL, Object(Config\Cache), false)
#8 /var/www/html/public/index.php(45): CodeIgniter\CodeIgniter->run()
#9 {main}
CRITICAL - 2023-01-02 13:42:56 --> syntax error, unexpected '}', expecting end of file
#0 /var/www/html/system/Common.php(1119): CodeIgniter\View\View->render('admin/Coupon/li...', Array, true)
#1 /var/www/html/app/Libraries/Template.php(15): view('admin/Coupon/li...', Array)
#2 /var/www/html/app/Controllers/Coupon.php(92): App\Libraries\Template->render('admintemplate', 'contents', 'admin/Coupon/li...', Array)
#3 /var/www/html/system/CodeIgniter.php(918): App\Controllers\Coupon->index()
#4 /var/www/html/system/CodeIgniter.php(404): CodeIgniter\CodeIgniter->runController(Object(App\Controllers\Coupon))
#5 /var/www/html/system/CodeIgniter.php(312): CodeIgniter\CodeIgniter->handleRequest(NULL, Object(Config\Cache), false)
#6 /var/www/html/public/index.php(45): CodeIgniter\CodeIgniter->run()
#7 {main}
CRITICAL - 2023-01-02 13:42:57 --> syntax error, unexpected '}', expecting end of file
#0 /var/www/html/system/Common.php(1119): CodeIgniter\View\View->render('admin/Coupon/li...', Array, true)
#1 /var/www/html/app/Libraries/Template.php(15): view('admin/Coupon/li...', Array)
#2 /var/www/html/app/Controllers/Coupon.php(92): App\Libraries\Template->render('admintemplate', 'contents', 'admin/Coupon/li...', Array)
#3 /var/www/html/system/CodeIgniter.php(918): App\Controllers\Coupon->index()
#4 /var/www/html/system/CodeIgniter.php(404): CodeIgniter\CodeIgniter->runController(Object(App\Controllers\Coupon))
#5 /var/www/html/system/CodeIgniter.php(312): CodeIgniter\CodeIgniter->handleRequest(NULL, Object(Config\Cache), false)
#6 /var/www/html/public/index.php(45): CodeIgniter\CodeIgniter->run()
#7 {main}
CRITICAL - 2023-01-02 13:56:53 --> Call to a member function where() on null
#0 /var/www/html/system/CodeIgniter.php(918): App\Controllers\Coupon->list()
#1 /var/www/html/system/CodeIgniter.php(404): CodeIgniter\CodeIgniter->runController(Object(App\Controllers\Coupon))
#2 /var/www/html/system/CodeIgniter.php(312): CodeIgniter\CodeIgniter->handleRequest(NULL, Object(Config\Cache), false)
#3 /var/www/html/public/index.php(45): CodeIgniter\CodeIgniter->run()
#4 {main}
CRITICAL - 2023-01-02 13:56:54 --> Call to a member function where() on null
#0 /var/www/html/system/CodeIgniter.php(918): App\Controllers\Coupon->list()
#1 /var/www/html/system/CodeIgniter.php(404): CodeIgniter\CodeIgniter->runController(Object(App\Controllers\Coupon))
#2 /var/www/html/system/CodeIgniter.php(312): CodeIgniter\CodeIgniter->handleRequest(NULL, Object(Config\Cache), false)
#3 /var/www/html/public/index.php(45): CodeIgniter\CodeIgniter->run()
#4 {main}
CRITICAL - 2023-01-02 13:56:55 --> Call to a member function where() on null
#0 /var/www/html/system/CodeIgniter.php(918): App\Controllers\Coupon->list()
#1 /var/www/html/system/CodeIgniter.php(404): CodeIgniter\CodeIgniter->runController(Object(App\Controllers\Coupon))
#2 /var/www/html/system/CodeIgniter.php(312): CodeIgniter\CodeIgniter->handleRequest(NULL, Object(Config\Cache), false)
#3 /var/www/html/public/index.php(45): CodeIgniter\CodeIgniter->run()
#4 {main}
CRITICAL - 2023-01-02 13:59:04 --> Call to a member function where() on null
#0 /var/www/html/system/CodeIgniter.php(918): App\Controllers\Coupon->index()
#1 /var/www/html/system/CodeIgniter.php(404): CodeIgniter\CodeIgniter->runController(Object(App\Controllers\Coupon))
#2 /var/www/html/system/CodeIgniter.php(312): CodeIgniter\CodeIgniter->handleRequest(NULL, Object(Config\Cache), false)
#3 /var/www/html/public/index.php(45): CodeIgniter\CodeIgniter->run()
#4 {main}
CRITICAL - 2023-01-02 13:59:42 --> Call to a member function where() on null
#0 /var/www/html/system/CodeIgniter.php(918): App\Controllers\Coupon->index()
#1 /var/www/html/system/CodeIgniter.php(404): CodeIgniter\CodeIgniter->runController(Object(App\Controllers\Coupon))
#2 /var/www/html/system/CodeIgniter.php(312): CodeIgniter\CodeIgniter->handleRequest(NULL, Object(Config\Cache), false)
#3 /var/www/html/public/index.php(45): CodeIgniter\CodeIgniter->run()
#4 {main}
CRITICAL - 2023-01-02 14:00:28 --> Call to a member function where() on null
#0 /var/www/html/system/CodeIgniter.php(918): App\Controllers\Coupon->index()
#1 /var/www/html/system/CodeIgniter.php(404): CodeIgniter\CodeIgniter->runController(Object(App\Controllers\Coupon))
#2 /var/www/html/system/CodeIgniter.php(312): CodeIgniter\CodeIgniter->handleRequest(NULL, Object(Config\Cache), false)
#3 /var/www/html/public/index.php(45): CodeIgniter\CodeIgniter->run()
#4 {main}
CRITICAL - 2023-01-02 14:01:41 --> Invalid argument supplied for foreach()
#0 /var/www/html/app/Views/admin/AssignCouponAmount/list.php(119): CodeIgniter\Debug\Exceptions->errorHandler(2, 'Invalid argumen...', '/var/www/html/a...', 119, Array)
#1 /var/www/html/system/View/View.php(246): include('/var/www/html/a...')
#2 /var/www/html/system/Common.php(1119): CodeIgniter\View\View->render('admin/AssignCou...', Array, true)
#3 /var/www/html/app/Libraries/Template.php(15): view('admin/AssignCou...', Array)
#4 /var/www/html/app/Controllers/Coupon.php(404): App\Libraries\Template->render('admintemplate', 'contents', 'admin/AssignCou...', Array)
#5 /var/www/html/system/CodeIgniter.php(918): App\Controllers\Coupon->list()
#6 /var/www/html/system/CodeIgniter.php(404): CodeIgniter\CodeIgniter->runController(Object(App\Controllers\Coupon))
#7 /var/www/html/system/CodeIgniter.php(312): CodeIgniter\CodeIgniter->handleRequest(NULL, Object(Config\Cache), false)
#8 /var/www/html/public/index.php(45): CodeIgniter\CodeIgniter->run()
#9 {main}
CRITICAL - 2023-01-02 14:01:48 --> Invalid argument supplied for foreach()
#0 /var/www/html/app/Views/admin/AssignCouponAmount/list.php(119): CodeIgniter\Debug\Exceptions->errorHandler(2, 'Invalid argumen...', '/var/www/html/a...', 119, Array)
#1 /var/www/html/system/View/View.php(246): include('/var/www/html/a...')
#2 /var/www/html/system/Common.php(1119): CodeIgniter\View\View->render('admin/AssignCou...', Array, true)
#3 /var/www/html/app/Libraries/Template.php(15): view('admin/AssignCou...', Array)
#4 /var/www/html/app/Controllers/Coupon.php(404): App\Libraries\Template->render('admintemplate', 'contents', 'admin/AssignCou...', Array)
#5 /var/www/html/system/CodeIgniter.php(918): App\Controllers\Coupon->list()
#6 /var/www/html/system/CodeIgniter.php(404): CodeIgniter\CodeIgniter->runController(Object(App\Controllers\Coupon))
#7 /var/www/html/system/CodeIgniter.php(312): CodeIgniter\CodeIgniter->handleRequest(NULL, Object(Config\Cache), false)
#8 /var/www/html/public/index.php(45): CodeIgniter\CodeIgniter->run()
#9 {main}
CRITICAL - 2023-01-02 14:02:18 --> Invalid argument supplied for foreach()
#0 /var/www/html/app/Views/admin/Coupon/list.php(136): CodeIgniter\Debug\Exceptions->errorHandler(2, 'Invalid argumen...', '/var/www/html/a...', 136, Array)
#1 /var/www/html/system/View/View.php(246): include('/var/www/html/a...')
#2 /var/www/html/system/Common.php(1119): CodeIgniter\View\View->render('admin/Coupon/li...', Array, true)
#3 /var/www/html/app/Libraries/Template.php(15): view('admin/Coupon/li...', Array)
#4 /var/www/html/app/Controllers/Coupon.php(94): App\Libraries\Template->render('admintemplate', 'contents', 'admin/Coupon/li...', Array)
#5 /var/www/html/system/CodeIgniter.php(918): App\Controllers\Coupon->index()
#6 /var/www/html/system/CodeIgniter.php(404): CodeIgniter\CodeIgniter->runController(Object(App\Controllers\Coupon))
#7 /var/www/html/system/CodeIgniter.php(312): CodeIgniter\CodeIgniter->handleRequest(NULL, Object(Config\Cache), false)
#8 /var/www/html/public/index.php(45): CodeIgniter\CodeIgniter->run()
#9 {main}
CRITICAL - 2023-01-02 14:03:33 --> Invalid argument supplied for foreach()
#0 /var/www/html/app/Views/admin/Coupon/list.php(136): CodeIgniter\Debug\Exceptions->errorHandler(2, 'Invalid argumen...', '/var/www/html/a...', 136, Array)
#1 /var/www/html/system/View/View.php(246): include('/var/www/html/a...')
#2 /var/www/html/system/Common.php(1119): CodeIgniter\View\View->render('admin/Coupon/li...', Array, true)
#3 /var/www/html/app/Libraries/Template.php(15): view('admin/Coupon/li...', Array)
#4 /var/www/html/app/Controllers/Coupon.php(94): App\Libraries\Template->render('admintemplate', 'contents', 'admin/Coupon/li...', Array)
#5 /var/www/html/system/CodeIgniter.php(918): App\Controllers\Coupon->index()
#6 /var/www/html/system/CodeIgniter.php(404): CodeIgniter\CodeIgniter->runController(Object(App\Controllers\Coupon))
#7 /var/www/html/system/CodeIgniter.php(312): CodeIgniter\CodeIgniter->handleRequest(NULL, Object(Config\Cache), false)
#8 /var/www/html/public/index.php(45): CodeIgniter\CodeIgniter->run()
#9 {main}
CRITICAL - 2023-01-02 14:03:34 --> Invalid argument supplied for foreach()
#0 /var/www/html/app/Views/admin/Coupon/list.php(139): CodeIgniter\Debug\Exceptions->errorHandler(2, 'Invalid argumen...', '/var/www/html/a...', 139, Array)
#1 /var/www/html/system/View/View.php(246): include('/var/www/html/a...')
#2 /var/www/html/system/Common.php(1119): CodeIgniter\View\View->render('admin/Coupon/li...', Array, true)
#3 /var/www/html/app/Libraries/Template.php(15): view('admin/Coupon/li...', Array)
#4 /var/www/html/app/Controllers/Coupon.php(94): App\Libraries\Template->render('admintemplate', 'contents', 'admin/Coupon/li...', Array)
#5 /var/www/html/system/CodeIgniter.php(918): App\Controllers\Coupon->index()
#6 /var/www/html/system/CodeIgniter.php(404): CodeIgniter\CodeIgniter->runController(Object(App\Controllers\Coupon))
#7 /var/www/html/system/CodeIgniter.php(312): CodeIgniter\CodeIgniter->handleRequest(NULL, Object(Config\Cache), false)
#8 /var/www/html/public/index.php(45): CodeIgniter\CodeIgniter->run()
#9 {main}
CRITICAL - 2023-01-02 14:03:35 --> Invalid argument supplied for foreach()
#0 /var/www/html/app/Views/admin/Coupon/list.php(139): CodeIgniter\Debug\Exceptions->errorHandler(2, 'Invalid argumen...', '/var/www/html/a...', 139, Array)
#1 /var/www/html/system/View/View.php(246): include('/var/www/html/a...')
#2 /var/www/html/system/Common.php(1119): CodeIgniter\View\View->render('admin/Coupon/li...', Array, true)
#3 /var/www/html/app/Libraries/Template.php(15): view('admin/Coupon/li...', Array)
#4 /var/www/html/app/Controllers/Coupon.php(94): App\Libraries\Template->render('admintemplate', 'contents', 'admin/Coupon/li...', Array)
#5 /var/www/html/system/CodeIgniter.php(918): App\Controllers\Coupon->index()
#6 /var/www/html/system/CodeIgniter.php(404): CodeIgniter\CodeIgniter->runController(Object(App\Controllers\Coupon))
#7 /var/www/html/system/CodeIgniter.php(312): CodeIgniter\CodeIgniter->handleRequest(NULL, Object(Config\Cache), false)
#8 /var/www/html/public/index.php(45): CodeIgniter\CodeIgniter->run()
#9 {main}
CRITICAL - 2023-01-02 14:03:36 --> Invalid argument supplied for foreach()
#0 /var/www/html/app/Views/admin/Coupon/list.php(139): CodeIgniter\Debug\Exceptions->errorHandler(2, 'Invalid argumen...', '/var/www/html/a...', 139, Array)
#1 /var/www/html/system/View/View.php(246): include('/var/www/html/a...')
#2 /var/www/html/system/Common.php(1119): CodeIgniter\View\View->render('admin/Coupon/li...', Array, true)
#3 /var/www/html/app/Libraries/Template.php(15): view('admin/Coupon/li...', Array)
#4 /var/www/html/app/Controllers/Coupon.php(94): App\Libraries\Template->render('admintemplate', 'contents', 'admin/Coupon/li...', Array)
#5 /var/www/html/system/CodeIgniter.php(918): App\Controllers\Coupon->index()
#6 /var/www/html/system/CodeIgniter.php(404): CodeIgniter\CodeIgniter->runController(Object(App\Controllers\Coupon))
#7 /var/www/html/system/CodeIgniter.php(312): CodeIgniter\CodeIgniter->handleRequest(NULL, Object(Config\Cache), false)
#8 /var/www/html/public/index.php(45): CodeIgniter\CodeIgniter->run()
#9 {main}
CRITICAL - 2023-01-02 14:03:55 --> Invalid argument supplied for foreach()
#0 /var/www/html/app/Views/admin/Coupon/list.php(140): CodeIgniter\Debug\Exceptions->errorHandler(2, 'Invalid argumen...', '/var/www/html/a...', 140, Array)
#1 /var/www/html/system/View/View.php(246): include('/var/www/html/a...')
#2 /var/www/html/system/Common.php(1119): CodeIgniter\View\View->render('admin/Coupon/li...', Array, true)
#3 /var/www/html/app/Libraries/Template.php(15): view('admin/Coupon/li...', Array)
#4 /var/www/html/app/Controllers/Coupon.php(94): App\Libraries\Template->render('admintemplate', 'contents', 'admin/Coupon/li...', Array)
#5 /var/www/html/system/CodeIgniter.php(918): App\Controllers\Coupon->index()
#6 /var/www/html/system/CodeIgniter.php(404): CodeIgniter\CodeIgniter->runController(Object(App\Controllers\Coupon))
#7 /var/www/html/system/CodeIgniter.php(312): CodeIgniter\CodeIgniter->handleRequest(NULL, Object(Config\Cache), false)
#8 /var/www/html/public/index.php(45): CodeIgniter\CodeIgniter->run()
#9 {main}
CRITICAL - 2023-01-02 14:03:56 --> Invalid argument supplied for foreach()
#0 /var/www/html/app/Views/admin/Coupon/list.php(140): CodeIgniter\Debug\Exceptions->errorHandler(2, 'Invalid argumen...', '/var/www/html/a...', 140, Array)
#1 /var/www/html/system/View/View.php(246): include('/var/www/html/a...')
#2 /var/www/html/system/Common.php(1119): CodeIgniter\View\View->render('admin/Coupon/li...', Array, true)
#3 /var/www/html/app/Libraries/Template.php(15): view('admin/Coupon/li...', Array)
#4 /var/www/html/app/Controllers/Coupon.php(94): App\Libraries\Template->render('admintemplate', 'contents', 'admin/Coupon/li...', Array)
#5 /var/www/html/system/CodeIgniter.php(918): App\Controllers\Coupon->index()
#6 /var/www/html/system/CodeIgniter.php(404): CodeIgniter\CodeIgniter->runController(Object(App\Controllers\Coupon))
#7 /var/www/html/system/CodeIgniter.php(312): CodeIgniter\CodeIgniter->handleRequest(NULL, Object(Config\Cache), false)
#8 /var/www/html/public/index.php(45): CodeIgniter\CodeIgniter->run()
#9 {main}
CRITICAL - 2023-01-02 14:03:57 --> Invalid argument supplied for foreach()
#0 /var/www/html/app/Views/admin/Coupon/list.php(140): CodeIgniter\Debug\Exceptions->errorHandler(2, 'Invalid argumen...', '/var/www/html/a...', 140, Array)
#1 /var/www/html/system/View/View.php(246): include('/var/www/html/a...')
#2 /var/www/html/system/Common.php(1119): CodeIgniter\View\View->render('admin/Coupon/li...', Array, true)
#3 /var/www/html/app/Libraries/Template.php(15): view('admin/Coupon/li...', Array)
#4 /var/www/html/app/Controllers/Coupon.php(94): App\Libraries\Template->render('admintemplate', 'contents', 'admin/Coupon/li...', Array)
#5 /var/www/html/system/CodeIgniter.php(918): App\Controllers\Coupon->index()
#6 /var/www/html/system/CodeIgniter.php(404): CodeIgniter\CodeIgniter->runController(Object(App\Controllers\Coupon))
#7 /var/www/html/system/CodeIgniter.php(312): CodeIgniter\CodeIgniter->handleRequest(NULL, Object(Config\Cache), false)
#8 /var/www/html/public/index.php(45): CodeIgniter\CodeIgniter->run()
#9 {main}
CRITICAL - 2023-01-02 14:04:30 --> Invalid argument supplied for foreach()
#0 /var/www/html/app/Views/admin/AssignCouponAmount/list.php(119): CodeIgniter\Debug\Exceptions->errorHandler(2, 'Invalid argumen...', '/var/www/html/a...', 119, Array)
#1 /var/www/html/system/View/View.php(246): include('/var/www/html/a...')
#2 /var/www/html/system/Common.php(1119): CodeIgniter\View\View->render('admin/AssignCou...', Array, true)
#3 /var/www/html/app/Libraries/Template.php(15): view('admin/AssignCou...', Array)
#4 /var/www/html/app/Controllers/Coupon.php(404): App\Libraries\Template->render('admintemplate', 'contents', 'admin/AssignCou...', Array)
#5 /var/www/html/system/CodeIgniter.php(918): App\Controllers\Coupon->list()
#6 /var/www/html/system/CodeIgniter.php(404): CodeIgniter\CodeIgniter->runController(Object(App\Controllers\Coupon))
#7 /var/www/html/system/CodeIgniter.php(312): CodeIgniter\CodeIgniter->handleRequest(NULL, Object(Config\Cache), false)
#8 /var/www/html/public/index.php(45): CodeIgniter\CodeIgniter->run()
#9 {main}
CRITICAL - 2023-01-02 18:31:27 --> syntax error, unexpected end of file
#0 /var/www/html/system/Autoloader/Autoloader.php(296): CodeIgniter\Autoloader\Autoloader->requireFile('/var/www/html/a...')
#1 /var/www/html/system/Autoloader/Autoloader.php(258): CodeIgniter\Autoloader\Autoloader->loadInNamespace('App\\Controllers...')
#2 [internal function]: CodeIgniter\Autoloader\Autoloader->loadClass('App\\Controllers...')
#3 [internal function]: spl_autoload_call('App\\Controllers...')
#4 /var/www/html/system/CodeIgniter.php(869): class_exists('\\App\\Controller...', true)
#5 /var/www/html/system/CodeIgniter.php(394): CodeIgniter\CodeIgniter->startController()
#6 /var/www/html/system/CodeIgniter.php(312): CodeIgniter\CodeIgniter->handleRequest(NULL, Object(Config\Cache), false)
#7 /var/www/html/public/index.php(45): CodeIgniter\CodeIgniter->run()
#8 {main}
CRITICAL - 2023-01-02 19:42:44 --> syntax error, unexpected end of file
#0 /var/www/html/system/Common.php(1119): CodeIgniter\View\View->render('admin/report/co...', Array, true)
#1 /var/www/html/app/Libraries/Template.php(15): view('admin/report/co...', Array)
#2 /var/www/html/app/Controllers/ReportController.php(1359): App\Libraries\Template->render('admintemplate', 'contents', 'admin/report/co...', Array)
#3 /var/www/html/system/CodeIgniter.php(918): App\Controllers\ReportController->couponreportsredeem()
#4 /var/www/html/system/CodeIgniter.php(404): CodeIgniter\CodeIgniter->runController(Object(App\Controllers\ReportController))
#5 /var/www/html/system/CodeIgniter.php(312): CodeIgniter\CodeIgniter->handleRequest(NULL, Object(Config\Cache), false)
#6 /var/www/html/public/index.php(45): CodeIgniter\CodeIgniter->run()
#7 {main}
CRITICAL - 2023-01-02 19:43:53 --> Maximum execution time of 30 seconds exceeded
#0 [internal function]: CodeIgniter\Debug\Exceptions->shutdownHandler()
#1 {main}
CRITICAL - 2023-01-02 19:45:46 --> Maximum execution time of 30 seconds exceeded
#0 [internal function]: CodeIgniter\Debug\Exceptions->shutdownHandler()
#1 {main}
CRITICAL - 2023-01-02 22:44:19 --> Maximum execution time of 30 seconds exceeded
#0 [internal function]: CodeIgniter\Debug\Exceptions->shutdownHandler()
#1 {main}
