CRITICAL - 2022-08-10 00:48:00 --> Maximum execution time of 30 seconds exceeded
#0 [internal function]: CodeIgniter\Debug\Exceptions->shutdownHandler()
#1 {main}
CRITICAL - 2022-08-10 12:32:59 --> Maximum execution time of 30 seconds exceeded
#0 [internal function]: CodeIgniter\Debug\Exceptions->shutdownHandler()
#1 {main}
CRITICAL - 2022-08-10 17:58:02 --> Maximum execution time of 30 seconds exceeded
#0 [internal function]: CodeIgniter\Debug\Exceptions->shutdownHandler()
#1 {main}
CRITICAL - 2022-08-10 19:30:24 --> Class 'App\Controllers\orgModel' not found
#0 /var/www/html/system/CodeIgniter.php(918): App\Controllers\VipController->addOrganization()
#1 /var/www/html/system/CodeIgniter.php(404): CodeIgniter\CodeIgniter->runController(Object(App\Controllers\VipController))
#2 /var/www/html/system/CodeIgniter.php(312): CodeIgniter\CodeIgniter->handleRequest(NULL, Object(Config\Cache), false)
#3 /var/www/html/public/index.php(45): CodeIgniter\CodeIgniter->run()
#4 {main}
CRITICAL - 2022-08-10 19:31:26 --> Class 'App\Controllers\orgModel' not found
#0 /var/www/html/system/CodeIgniter.php(918): App\Controllers\VipController->addOrganization()
#1 /var/www/html/system/CodeIgniter.php(404): CodeIgniter\CodeIgniter->runController(Object(App\Controllers\VipController))
#2 /var/www/html/system/CodeIgniter.php(312): CodeIgniter\CodeIgniter->handleRequest(NULL, Object(Config\Cache), false)
#3 /var/www/html/public/index.php(45): CodeIgniter\CodeIgniter->run()
#4 {main}
CRITICAL - 2022-08-10 19:31:40 --> Class 'App\Controllers\orgModel' not found
#0 /var/www/html/system/CodeIgniter.php(918): App\Controllers\VipController->addOrganization()
#1 /var/www/html/system/CodeIgniter.php(404): CodeIgniter\CodeIgniter->runController(Object(App\Controllers\VipController))
#2 /var/www/html/system/CodeIgniter.php(312): CodeIgniter\CodeIgniter->handleRequest(NULL, Object(Config\Cache), false)
#3 /var/www/html/public/index.php(45): CodeIgniter\CodeIgniter->run()
#4 {main}
CRITICAL - 2022-08-10 19:31:43 --> Invalid file: {0}
#0 /var/www/html/system/View/View.php(228): CodeIgniter\Exceptions\FrameworkException::forInvalidFile('admin/addOrgani...')
#1 /var/www/html/system/Common.php(1119): CodeIgniter\View\View->render('admin/addOrgani...', Array, true)
#2 /var/www/html/app/Libraries/Template.php(15): view('admin/addOrgani...', Array)
#3 /var/www/html/app/Controllers/VipController.php(154): App\Libraries\Template->render('admintemplate', 'contents', 'admin/addOrgani...', Array)
#4 /var/www/html/system/CodeIgniter.php(918): App\Controllers\VipController->addOrganization()
#5 /var/www/html/system/CodeIgniter.php(404): CodeIgniter\CodeIgniter->runController(Object(App\Controllers\VipController))
#6 /var/www/html/system/CodeIgniter.php(312): CodeIgniter\CodeIgniter->handleRequest(NULL, Object(Config\Cache), false)
#7 /var/www/html/public/index.php(45): CodeIgniter\CodeIgniter->run()
#8 {main}
CRITICAL - 2022-08-10 19:32:28 --> Invalid file: {0}
#0 /var/www/html/system/View/View.php(228): CodeIgniter\Exceptions\FrameworkException::forInvalidFile('admin/addOrgani...')
#1 /var/www/html/system/Common.php(1119): CodeIgniter\View\View->render('admin/addOrgani...', Array, true)
#2 /var/www/html/app/Libraries/Template.php(15): view('admin/addOrgani...', Array)
#3 /var/www/html/app/Controllers/VipController.php(131): App\Libraries\Template->render('admintemplate', 'contents', 'admin/addOrgani...')
#4 /var/www/html/system/CodeIgniter.php(918): App\Controllers\VipController->addOrganization()
#5 /var/www/html/system/CodeIgniter.php(404): CodeIgniter\CodeIgniter->runController(Object(App\Controllers\VipController))
#6 /var/www/html/system/CodeIgniter.php(312): CodeIgniter\CodeIgniter->handleRequest(NULL, Object(Config\Cache), false)
#7 /var/www/html/public/index.php(45): CodeIgniter\CodeIgniter->run()
#8 {main}
CRITICAL - 2022-08-10 19:32:31 --> Invalid file: {0}
#0 /var/www/html/system/View/View.php(228): CodeIgniter\Exceptions\FrameworkException::forInvalidFile('admin/addOrgani...')
#1 /var/www/html/system/Common.php(1119): CodeIgniter\View\View->render('admin/addOrgani...', Array, true)
#2 /var/www/html/app/Libraries/Template.php(15): view('admin/addOrgani...', Array)
#3 /var/www/html/app/Controllers/VipController.php(131): App\Libraries\Template->render('admintemplate', 'contents', 'admin/addOrgani...')
#4 /var/www/html/system/CodeIgniter.php(918): App\Controllers\VipController->addOrganization()
#5 /var/www/html/system/CodeIgniter.php(404): CodeIgniter\CodeIgniter->runController(Object(App\Controllers\VipController))
#6 /var/www/html/system/CodeIgniter.php(312): CodeIgniter\CodeIgniter->handleRequest(NULL, Object(Config\Cache), false)
#7 /var/www/html/public/index.php(45): CodeIgniter\CodeIgniter->run()
#8 {main}
CRITICAL - 2022-08-10 19:32:35 --> Invalid file: {0}
#0 /var/www/html/system/View/View.php(228): CodeIgniter\Exceptions\FrameworkException::forInvalidFile('admin/addOrgani...')
#1 /var/www/html/system/Common.php(1119): CodeIgniter\View\View->render('admin/addOrgani...', Array, true)
#2 /var/www/html/app/Libraries/Template.php(15): view('admin/addOrgani...', Array)
#3 /var/www/html/app/Controllers/VipController.php(131): App\Libraries\Template->render('admintemplate', 'contents', 'admin/addOrgani...')
#4 /var/www/html/system/CodeIgniter.php(918): App\Controllers\VipController->addOrganization()
#5 /var/www/html/system/CodeIgniter.php(404): CodeIgniter\CodeIgniter->runController(Object(App\Controllers\VipController))
#6 /var/www/html/system/CodeIgniter.php(312): CodeIgniter\CodeIgniter->handleRequest(NULL, Object(Config\Cache), false)
#7 /var/www/html/public/index.php(45): CodeIgniter\CodeIgniter->run()
#8 {main}
CRITICAL - 2022-08-10 19:36:58 --> Call to undefined method App\Models\VipModel::getbyid
#0 /var/www/html/app/Controllers/VipController.php(140): CodeIgniter\Model->__call('getbyid', Array)
#1 /var/www/html/system/CodeIgniter.php(918): App\Controllers\VipController->addAllOrganization()
#2 /var/www/html/system/CodeIgniter.php(404): CodeIgniter\CodeIgniter->runController(Object(App\Controllers\VipController))
#3 /var/www/html/system/CodeIgniter.php(312): CodeIgniter\CodeIgniter->handleRequest(NULL, Object(Config\Cache), false)
#4 /var/www/html/public/index.php(45): CodeIgniter\CodeIgniter->run()
#5 {main}
CRITICAL - 2022-08-10 20:48:40 --> Maximum execution time of 30 seconds exceeded
#0 [internal function]: CodeIgniter\Debug\Exceptions->shutdownHandler()
#1 {main}
