CRITICAL - 2023-03-14 12:02:33 --> Access denied for user 'genie'@'localhost' (using password: YES)
#0 C:\xampp\htdocs\hotott\app\Views\admin\transaction\transactionlist.php(167): mysqli_connect('localhost', 'genie', 'Genie@20', 'ott_mlm')
#1 C:\xampp\htdocs\hotott\system\View\View.php(246): include('C:\\xampp\\htdocs...')
#2 C:\xampp\htdocs\hotott\system\Common.php(1119): CodeIgniter\View\View->render('admin/transacti...', Array, true)
#3 C:\xampp\htdocs\hotott\app\Libraries\Template.php(15): view('admin/transacti...', Array)
#4 C:\xampp\htdocs\hotott\app\Controllers\TransactionController.php(77): App\Libraries\Template->render('admintemplate', 'contents', 'admin/transacti...', Array)
#5 C:\xampp\htdocs\hotott\system\CodeIgniter.php(918): App\Controllers\TransactionController->index()
#6 C:\xampp\htdocs\hotott\system\CodeIgniter.php(404): CodeIgniter\CodeIgniter->runController(Object(App\Controllers\TransactionController))
#7 C:\xampp\htdocs\hotott\system\CodeIgniter.php(312): CodeIgniter\CodeIgniter->handleRequest(NULL, Object(Config\Cache), false)
#8 C:\xampp\htdocs\hotott\public\index.php(45): CodeIgniter\CodeIgniter->run()
#9 {main}
CRITICAL - 2023-03-14 12:26:21 --> syntax error, unexpected 'lexit' (T_STRING)
#0 C:\xampp\htdocs\hotott\system\Autoloader\Autoloader.php(296): CodeIgniter\Autoloader\Autoloader->requireFile('C:\\xampp\\htdocs...')
#1 C:\xampp\htdocs\hotott\system\Autoloader\Autoloader.php(258): CodeIgniter\Autoloader\Autoloader->loadInNamespace('App\\Controllers...')
#2 [internal function]: CodeIgniter\Autoloader\Autoloader->loadClass('App\\Controllers...')
#3 [internal function]: spl_autoload_call('App\\Controllers...')
#4 C:\xampp\htdocs\hotott\system\CodeIgniter.php(869): class_exists('\\App\\Controller...', true)
#5 C:\xampp\htdocs\hotott\system\CodeIgniter.php(394): CodeIgniter\CodeIgniter->startController()
#6 C:\xampp\htdocs\hotott\system\CodeIgniter.php(312): CodeIgniter\CodeIgniter->handleRequest(NULL, Object(Config\Cache), false)
#7 C:\xampp\htdocs\hotott\public\index.php(45): CodeIgniter\CodeIgniter->run()
#8 {main}
CRITICAL - 2023-03-14 13:08:01 --> Invalid argument supplied for foreach()
#0 C:\xampp\htdocs\hotott\app\Views\admin\package\packagelist.php(97): CodeIgniter\Debug\Exceptions->errorHandler(2, 'Invalid argumen...', 'C:\\xampp\\htdocs...', 97, Array)
#1 C:\xampp\htdocs\hotott\system\View\View.php(246): include('C:\\xampp\\htdocs...')
#2 C:\xampp\htdocs\hotott\system\Common.php(1119): CodeIgniter\View\View->render('admin/package/p...', Array, true)
#3 C:\xampp\htdocs\hotott\app\Libraries\Template.php(15): view('admin/package/p...', Array)
#4 C:\xampp\htdocs\hotott\app\Controllers\Admin.php(314): App\Libraries\Template->render('admintemplate', 'contents', 'admin/package/p...', Array)
#5 C:\xampp\htdocs\hotott\system\CodeIgniter.php(918): App\Controllers\Admin->Bounce()
#6 C:\xampp\htdocs\hotott\system\CodeIgniter.php(404): CodeIgniter\CodeIgniter->runController(Object(App\Controllers\Admin))
#7 C:\xampp\htdocs\hotott\system\CodeIgniter.php(312): CodeIgniter\CodeIgniter->handleRequest(NULL, Object(Config\Cache), false)
#8 C:\xampp\htdocs\hotott\public\index.php(45): CodeIgniter\CodeIgniter->run()
#9 {main}
CRITICAL - 2023-03-14 13:08:01 --> Invalid argument supplied for foreach()
#0 C:\xampp\htdocs\hotott\app\Views\admin\package\packagelist.php(97): CodeIgniter\Debug\Exceptions->errorHandler(2, 'Invalid argumen...', 'C:\\xampp\\htdocs...', 97, Array)
#1 C:\xampp\htdocs\hotott\system\View\View.php(246): include('C:\\xampp\\htdocs...')
#2 C:\xampp\htdocs\hotott\system\Common.php(1119): CodeIgniter\View\View->render('admin/package/p...', Array, true)
#3 C:\xampp\htdocs\hotott\app\Libraries\Template.php(15): view('admin/package/p...', Array)
#4 C:\xampp\htdocs\hotott\app\Controllers\Admin.php(314): App\Libraries\Template->render('admintemplate', 'contents', 'admin/package/p...', Array)
#5 C:\xampp\htdocs\hotott\system\CodeIgniter.php(918): App\Controllers\Admin->Bounce()
#6 C:\xampp\htdocs\hotott\system\CodeIgniter.php(404): CodeIgniter\CodeIgniter->runController(Object(App\Controllers\Admin))
#7 C:\xampp\htdocs\hotott\system\CodeIgniter.php(312): CodeIgniter\CodeIgniter->handleRequest(NULL, Object(Config\Cache), false)
#8 C:\xampp\htdocs\hotott\public\index.php(45): CodeIgniter\CodeIgniter->run()
#9 {main}
CRITICAL - 2023-03-14 13:08:27 --> Invalid argument supplied for foreach()
#0 C:\xampp\htdocs\hotott\app\Views\admin\Bounce\bouncelist.php(97): CodeIgniter\Debug\Exceptions->errorHandler(2, 'Invalid argumen...', 'C:\\xampp\\htdocs...', 97, Array)
#1 C:\xampp\htdocs\hotott\system\View\View.php(246): include('C:\\xampp\\htdocs...')
#2 C:\xampp\htdocs\hotott\system\Common.php(1119): CodeIgniter\View\View->render('admin/Bounce/bo...', Array, true)
#3 C:\xampp\htdocs\hotott\app\Libraries\Template.php(15): view('admin/Bounce/bo...', Array)
#4 C:\xampp\htdocs\hotott\app\Controllers\Admin.php(314): App\Libraries\Template->render('admintemplate', 'contents', 'admin/Bounce/bo...', Array)
#5 C:\xampp\htdocs\hotott\system\CodeIgniter.php(918): App\Controllers\Admin->Bounce()
#6 C:\xampp\htdocs\hotott\system\CodeIgniter.php(404): CodeIgniter\CodeIgniter->runController(Object(App\Controllers\Admin))
#7 C:\xampp\htdocs\hotott\system\CodeIgniter.php(312): CodeIgniter\CodeIgniter->handleRequest(NULL, Object(Config\Cache), false)
#8 C:\xampp\htdocs\hotott\public\index.php(45): CodeIgniter\CodeIgniter->run()
#9 {main}
CRITICAL - 2023-03-14 17:25:50 --> Access denied for user 'genie'@'localhost' (using password: YES)
#0 C:\xampp\htdocs\hotott\app\Views\admin\transaction\transactionlist.php(167): mysqli_connect('localhost', 'genie', 'Genie@20', 'ott_mlm')
#1 C:\xampp\htdocs\hotott\system\View\View.php(246): include('C:\\xampp\\htdocs...')
#2 C:\xampp\htdocs\hotott\system\Common.php(1119): CodeIgniter\View\View->render('admin/transacti...', Array, true)
#3 C:\xampp\htdocs\hotott\app\Libraries\Template.php(15): view('admin/transacti...', Array)
#4 C:\xampp\htdocs\hotott\app\Controllers\TransactionController.php(77): App\Libraries\Template->render('admintemplate', 'contents', 'admin/transacti...', Array)
#5 C:\xampp\htdocs\hotott\system\CodeIgniter.php(918): App\Controllers\TransactionController->index()
#6 C:\xampp\htdocs\hotott\system\CodeIgniter.php(404): CodeIgniter\CodeIgniter->runController(Object(App\Controllers\TransactionController))
#7 C:\xampp\htdocs\hotott\system\CodeIgniter.php(312): CodeIgniter\CodeIgniter->handleRequest(NULL, Object(Config\Cache), false)
#8 C:\xampp\htdocs\hotott\public\index.php(45): CodeIgniter\CodeIgniter->run()
#9 {main}
CRITICAL - 2023-03-14 17:25:51 --> Access denied for user 'genie'@'localhost' (using password: YES)
#0 C:\xampp\htdocs\hotott\app\Views\admin\transaction\transactionlist.php(167): mysqli_connect('localhost', 'genie', 'Genie@20', 'ott_mlm')
#1 C:\xampp\htdocs\hotott\system\View\View.php(246): include('C:\\xampp\\htdocs...')
#2 C:\xampp\htdocs\hotott\system\Common.php(1119): CodeIgniter\View\View->render('admin/transacti...', Array, true)
#3 C:\xampp\htdocs\hotott\app\Libraries\Template.php(15): view('admin/transacti...', Array)
#4 C:\xampp\htdocs\hotott\app\Controllers\TransactionController.php(77): App\Libraries\Template->render('admintemplate', 'contents', 'admin/transacti...', Array)
#5 C:\xampp\htdocs\hotott\system\CodeIgniter.php(918): App\Controllers\TransactionController->index()
#6 C:\xampp\htdocs\hotott\system\CodeIgniter.php(404): CodeIgniter\CodeIgniter->runController(Object(App\Controllers\TransactionController))
#7 C:\xampp\htdocs\hotott\system\CodeIgniter.php(312): CodeIgniter\CodeIgniter->handleRequest(NULL, Object(Config\Cache), false)
#8 C:\xampp\htdocs\hotott\public\index.php(45): CodeIgniter\CodeIgniter->run()
#9 {main}
